0001_0011_0019_0068_0068.jpg 1 11 19 68 68
0002_0021_0009_0044_0044.jpg 1 21 9 44 44
0003_0012_0008_0034_0034.jpg 1 12 8 34 34
0004_0048_0023_0043_0043.jpg 1 48 23 43 43
0005_0050_0038_0026_0026.jpg 1 50 38 26 26
0006_0012_0038_0026_0026.jpg 1 12 38 26 26
0007_0029_0013_0064_0064.jpg 1 29 13 64 64
0008_0012_0006_0067_0067.jpg 1 12 6 67 67
0009_0026_0021_0066_0066.jpg 1 26 21 66 66
0010_0011_0020_0024_0024.jpg 1 11 20 24 24
0011_0018_0056_0026_0026.jpg 1 18 56 26 26
0012_0024_0046_0044_0044.jpg 1 24 46 44 44
0013_0023_0021_0041_0041.jpg 1 23 21 41 41
0014_0019_0012_0062_0062.jpg 1 19 12 62 62
0015_0021_0010_0057_0057.jpg 1 21 10 57 57
0016_0014_0012_0062_0062.jpg 1 14 12 62 62
0017_0045_0058_0035_0035.jpg 1 45 58 35 35
0018_0016_0034_0036_0036.jpg 1 16 34 36 36
0019_0028_0035_0055_0055.jpg 1 28 35 55 55
0020_0031_0027_0040_0040.jpg 1 31 27 40 40
0021_0015_0047_0041_0041.jpg 1 15 47 41 41
0022_0029_0016_0030_0030.jpg 1 29 16 30 30
0023_0020_0040_0039_0039.jpg 1 20 40 39 39
0024_0015_0008_0068_0068.jpg 1 15 8 68 68
0025_0006_0033_0057_0057.jpg 1 6 33 57 57
0026_0034_0045_0040_0040.jpg 1 34 45 40 40
0027_0029_0014_0059_0059.jpg 1 29 14 59 59
0028_0043_0021_0038_0038.jpg 1 43 21 38 38
0029_0037_0048_0031_0031.jpg 1 37 48 31 31
0030_0038_0023_0055_0055.jpg 1 38 23 55 55
0031_0040_0026_0051_0051.jpg 1 40 26 51 51
0032_0020_0028_0043_0043.jpg 1 20 28 43 43
0033_0007_0026_0068_0068.jpg 1 7 26 68 68
0034_0018_0011_0042_0042.jpg 1 18 11 42 42
0035_0044_0014_0033_0033.jpg 1 44 14 33 33
0036_0046_0048_0029_0029.jpg 1 46 48 29 29
0037_0015_0020_0057_0057.jpg 1 15 20 57 57
0038_0007_0046_0033_0033.jpg 1 7 46 33 33
0039_0026_0010_0066_0066.jpg 1 26 10 66 66
0040_0055_0049_0024_0024.jpg 1 55 49 24 24
0041_0027_0040_0047_0047.jpg 1 27 40 47 47
0042_0017_0030_0054_0054.jpg 1 17 30 54 54
0043_0030_0033_0055_0055.jpg 1 30 33 55 55
0044_0022_0011_0063_0063.jpg 1 22 11 63 63
0045_0011_0011_0069_0069.jpg 1 11 11 69 69
0046_0028_0055_0033_0033.jpg 1 28 55 33 33
0047_0010_0024_0042_0042.jpg 1 10 24 42 42
0048_0051_0022_0032_0032.jpg 1 51 22 32 32
0049_0016_0022_0042_0042.jpg 1 16 22 42 42
0050_0008_0016_0060_0060.jpg 1 8 16 60 60
0051_0006_0023_0054_0054.jpg 1 6 23 54 54
0052_0040_0028_0053_0053.jpg 1 40 28 53 53
0053_0013_0018_0065_0065.jpg 1 13 18 65 65
0054_0036_0026_0052_0052.jpg 1 36 26 52 52
0055_0007_0004_0063_0063.jpg 1 7 4 63 63
0056_0020_0021_0040_0040.jpg 1 20 21 40 40
0057_0007_0004_0067_0067.jpg 1 7 4 67 67
0058_0022_0017_0069_0069.jpg 1 22 17 69 69
0059_0029_0004_0062_0062.jpg 1 29 4 62 62
0060_0032_0022_0059_0059.jpg 1 32 22 59 59
0061_0034_0046_0047_0047.jpg 1 34 46 47 47
0062_0044_0019_0043_0043.jpg 1 44 19 43 43
0063_0007_0010_0027_0027.jpg 1 7 10 27 27
0064_0041_0037_0047_0047.jpg 1 41 37 47 47
0065_0019_0041_0046_0046.jpg 1 19 41 46 46
0066_0042_0013_0051_0051.jpg 1 42 13 51 51
0067_0029_0008_0050_0050.jpg 1 29 8 50 50
0068_0013_0029_0049_0049.jpg 1 13 29 49 49
0069_0037_0033_0043_0043.jpg 1 37 33 43 43
0070_0040_0021_0046_0046.jpg 1 40 21 46 46
0071_0042_0016_0033_0033.jpg 1 42 16 33 33
0072_0057_0013_0029_0029.jpg 1 57 13 29 29
0073_0029_0016_0029_0029.jpg 1 29 16 29 29
0074_0021_0032_0060_0060.jpg 1 21 32 60 60
0075_0029_0008_0064_0064.jpg 1 29 8 64 64
0076_0017_0049_0038_0038.jpg 1 17 49 38 38
0077_0030_0037_0054_0054.jpg 1 30 37 54 54
0078_0023_0028_0062_0062.jpg 1 23 28 62 62
0079_0014_0022_0059_0059.jpg 1 14 22 59 59
0080_0006_0042_0048_0048.jpg 1 6 42 48 48
0081_0030_0019_0064_0064.jpg 1 30 19 64 64
0082_0008_0020_0046_0046.jpg 1 8 20 46 46
0083_0016_0020_0059_0059.jpg 1 16 20 59 59
0084_0014_0030_0059_0059.jpg 1 14 30 59 59
0085_0022_0041_0033_0033.jpg 1 22 41 33 33
0086_0039_0029_0038_0038.jpg 1 39 29 38 38
0087_0038_0028_0034_0034.jpg 1 38 28 34 34
0088_0028_0039_0053_0053.jpg 1 28 39 53 53
0089_0028_0061_0027_0027.jpg 1 28 61 27 27
0090_0045_0032_0043_0043.jpg 1 45 32 43 43
0091_0005_0027_0064_0064.jpg 1 5 27 64 64
0092_0041_0049_0042_0042.jpg 1 41 49 42 42
0093_0006_0007_0061_0061.jpg 1 6 7 61 61
0094_0031_0019_0045_0045.jpg 1 31 19 45 45
0095_0029_0027_0061_0061.jpg 1 29 27 61 61
0096_0016_0036_0040_0040.jpg 1 16 36 40 40
0097_0027_0018_0063_0063.jpg 1 27 18 63 63
0098_0007_0011_0046_0046.jpg 1 7 11 46 46
0099_0042_0025_0039_0039.jpg 1 42 25 39 39
0100_0028_0008_0058_0058.jpg 1 28 8 58 58
0101_0058_0052_0033_0033.jpg 1 58 52 33 33
0102_0030_0032_0062_0062.jpg 1 30 32 62 62
0103_0061_0035_0029_0029.jpg 1 61 35 29 29
0104_0035_0027_0056_0056.jpg 1 35 27 56 56
0105_0031_0011_0064_0064.jpg 1 31 11 64 64
0106_0009_0021_0062_0062.jpg 1 9 21 62 62
0107_0005_0042_0050_0050.jpg 1 5 42 50 50
0108_0028_0026_0066_0066.jpg 1 28 26 66 66
0109_0010_0045_0040_0040.jpg 1 10 45 40 40
0110_0012_0032_0043_0043.jpg 1 12 32 43 43
0111_0014_0033_0046_0046.jpg 1 14 33 46 46
0112_0020_0022_0062_0062.jpg 1 20 22 62 62
0113_0020_0011_0032_0032.jpg 1 20 11 32 32
0114_0005_0034_0056_0056.jpg 1 5 34 56 56
0115_0013_0035_0042_0042.jpg 1 13 35 42 42
0116_0040_0021_0033_0033.jpg 1 40 21 33 33
0117_0015_0006_0051_0051.jpg 1 15 6 51 51
0118_0033_0030_0052_0052.jpg 1 33 30 52 52
0119_0009_0007_0069_0069.jpg 1 9 7 69 69
0120_0015_0029_0028_0028.jpg 1 15 29 28 28
0121_0052_0063_0025_0025.jpg 1 52 63 25 25
0122_0016_0007_0043_0043.jpg 1 16 7 43 43
0123_0031_0007_0055_0055.jpg 1 31 7 55 55
0124_0035_0010_0050_0050.jpg 1 35 10 50 50
0125_0029_0031_0053_0053.jpg 1 29 31 53 53
0126_0020_0008_0066_0066.jpg 1 20 8 66 66
0127_0029_0014_0051_0051.jpg 1 29 14 51 51
0128_0011_0023_0062_0062.jpg 1 11 23 62 62
0129_0016_0032_0053_0053.jpg 1 16 32 53 53
0130_0005_0042_0051_0051.jpg 1 5 42 51 51
0131_0059_0035_0034_0034.jpg 1 59 35 34 34
0132_0023_0013_0050_0050.jpg 1 23 13 50 50
0133_0014_0010_0064_0064.jpg 1 14 10 64 64
0134_0011_0052_0041_0041.jpg 1 11 52 41 41
0135_0041_0041_0042_0042.jpg 1 41 41 42 42
0136_0009_0011_0057_0057.jpg 1 9 11 57 57
0137_0018_0015_0037_0037.jpg 1 18 15 37 37
0138_0023_0015_0052_0052.jpg 1 23 15 52 52
0139_0022_0054_0036_0036.jpg 1 22 54 36 36
0140_0041_0020_0044_0044.jpg 1 41 20 44 44
0141_0014_0027_0046_0046.jpg 1 14 27 46 46
0142_0039_0036_0041_0041.jpg 1 39 36 41 41
0143_0012_0015_0034_0034.jpg 1 12 15 34 34
0144_0035_0050_0037_0037.jpg 1 35 50 37 37
0145_0006_0012_0034_0034.jpg 1 6 12 34 34
0146_0035_0042_0048_0048.jpg 1 35 42 48 48
0147_0008_0014_0059_0059.jpg 1 8 14 59 59
0148_0031_0013_0058_0058.jpg 1 31 13 58 58
0149_0015_0006_0069_0069.jpg 1 15 6 69 69
0150_0020_0027_0037_0037.jpg 1 20 27 37 37
0151_0006_0023_0066_0066.jpg 1 6 23 66 66
0152_0027_0016_0035_0035.jpg 1 27 16 35 35
0153_0034_0008_0025_0025.jpg 1 34 8 25 25
0154_0011_0054_0024_0024.jpg 1 11 54 24 24
0155_0017_0027_0069_0069.jpg 1 17 27 69 69
0156_0013_0018_0063_0063.jpg 1 13 18 63 63
0157_0061_0025_0030_0030.jpg 1 61 25 30 30
0158_0023_0006_0046_0046.jpg 1 23 6 46 46
0159_0004_0029_0060_0060.jpg 1 4 29 60 60
0160_0006_0009_0057_0057.jpg 1 6 9 57 57
0161_0039_0040_0049_0049.jpg 1 39 40 49 49
0162_0016_0023_0057_0057.jpg 1 16 23 57 57
0163_0006_0018_0064_0064.jpg 1 6 18 64 64
0164_0010_0016_0068_0068.jpg 1 10 16 68 68
0165_0035_0022_0050_0050.jpg 1 35 22 50 50
0166_0034_0017_0061_0061.jpg 1 34 17 61 61
0167_0041_0012_0026_0026.jpg 1 41 12 26 26
0168_0014_0049_0026_0026.jpg 1 14 49 26 26
0169_0012_0030_0038_0038.jpg 1 12 30 38 38
0170_0028_0008_0059_0059.jpg 1 28 8 59 59
0171_0015_0009_0065_0065.jpg 1 15 9 65 65
0172_0028_0020_0062_0062.jpg 1 28 20 62 62
0173_0035_0039_0033_0033.jpg 1 35 39 33 33
0174_0009_0036_0055_0055.jpg 1 9 36 55 55
0175_0050_0017_0035_0035.jpg 1 50 17 35 35
0176_0019_0016_0055_0055.jpg 1 19 16 55 55
0177_0011_0034_0046_0046.jpg 1 11 34 46 46
0178_0007_0009_0049_0049.jpg 1 7 9 49 49
0179_0028_0034_0052_0052.jpg 1 28 34 52 52
0180_0011_0021_0028_0028.jpg 1 11 21 28 28
0181_0010_0056_0024_0024.jpg 1 10 56 24 24
0182_0019_0019_0064_0064.jpg 1 19 19 64 64
0183_0050_0009_0038_0038.jpg 1 50 9 38 38
0184_0008_0017_0045_0045.jpg 1 8 17 45 45
0185_0004_0013_0065_0065.jpg 1 4 13 65 65
0186_0016_0014_0061_0061.jpg 1 16 14 61 61
0187_0024_0047_0036_0036.jpg 1 24 47 36 36
0188_0039_0065_0026_0026.jpg 1 39 65 26 26
0189_0050_0011_0029_0029.jpg 1 50 11 29 29
0190_0031_0019_0056_0056.jpg 1 31 19 56 56
0191_0039_0040_0054_0054.jpg 1 39 40 54 54
0192_0024_0022_0060_0060.jpg 1 24 22 60 60
0193_0025_0011_0042_0042.jpg 1 25 11 42 42
0194_0005_0034_0054_0054.jpg 1 5 34 54 54
0195_0013_0048_0038_0038.jpg 1 13 48 38 38
0196_0035_0053_0030_0030.jpg 1 35 53 30 30
0197_0020_0009_0038_0038.jpg 1 20 9 38 38
0198_0013_0024_0031_0031.jpg 1 13 24 31 31
0199_0026_0022_0064_0064.jpg 1 26 22 64 64
0200_0008_0020_0045_0045.jpg 1 8 20 45 45
0201_0011_0009_0067_0067.jpg 1 11 9 67 67
0202_0036_0047_0030_0030.jpg 1 36 47 30 30
0203_0034_0032_0033_0033.jpg 1 34 32 33 33
0204_0023_0033_0045_0045.jpg 1 23 33 45 45
0205_0035_0049_0041_0041.jpg 1 35 49 41 41
0206_0047_0009_0035_0035.jpg 1 47 9 35 35
0207_0027_0037_0044_0044.jpg 1 27 37 44 44
0208_0035_0024_0060_0060.jpg 1 35 24 60 60
0209_0021_0019_0033_0033.jpg 1 21 19 33 33
0210_0065_0036_0026_0026.jpg 1 65 36 26 26
0211_0014_0009_0027_0027.jpg 1 14 9 27 27
0212_0030_0009_0050_0050.jpg 1 30 9 50 50
0213_0050_0032_0038_0038.jpg 1 50 32 38 38
0214_0007_0027_0049_0049.jpg 1 7 27 49 49
0215_0035_0006_0059_0059.jpg 1 35 6 59 59
0216_0012_0015_0067_0067.jpg 1 12 15 67 67
0217_0029_0035_0055_0055.jpg 1 29 35 55 55
0218_0037_0026_0056_0056.jpg 1 37 26 56 56
0219_0025_0010_0039_0039.jpg 1 25 10 39 39
0220_0015_0014_0052_0052.jpg 1 15 14 52 52
0221_0052_0065_0027_0027.jpg 1 52 65 27 27
0222_0034_0051_0031_0031.jpg 1 34 51 31 31
0223_0008_0026_0068_0068.jpg 1 8 26 68 68
0224_0024_0033_0053_0053.jpg 1 24 33 53 53
0225_0016_0040_0041_0041.jpg 1 16 40 41 41
0226_0041_0045_0043_0043.jpg 1 41 45 43 43
0227_0038_0008_0046_0046.jpg 1 38 8 46 46
0228_0023_0045_0047_0047.jpg 1 23 45 47 47
0229_0032_0027_0042_0042.jpg 1 32 27 42 42
0230_0021_0015_0025_0025.jpg 1 21 15 25 25
0231_0023_0012_0069_0069.jpg 1 23 12 69 69
0232_0046_0053_0030_0030.jpg 1 46 53 30 30
0233_0010_0026_0044_0044.jpg 1 10 26 44 44
0234_0038_0026_0057_0057.jpg 1 38 26 57 57
0235_0015_0049_0035_0035.jpg 1 15 49 35 35
0236_0033_0017_0026_0026.jpg 1 33 17 26 26
0237_0011_0011_0063_0063.jpg 1 11 11 63 63
0238_0027_0039_0037_0037.jpg 1 27 39 37 37
0239_0020_0021_0051_0051.jpg 1 20 21 51 51
0240_0012_0014_0065_0065.jpg 1 12 14 65 65
0241_0029_0013_0053_0053.jpg 1 29 13 53 53
0242_0045_0008_0026_0026.jpg 1 45 8 26 26
0243_0063_0057_0025_0025.jpg 1 63 57 25 25
0244_0023_0054_0028_0028.jpg 1 23 54 28 28
0245_0020_0004_0066_0066.jpg 1 20 4 66 66
0246_0018_0009_0058_0058.jpg 1 18 9 58 58
0247_0015_0009_0053_0053.jpg 1 15 9 53 53
0248_0014_0032_0032_0032.jpg 1 14 32 32 32
0249_0022_0033_0062_0062.jpg 1 22 33 62 62
0250_0025_0011_0063_0063.jpg 1 25 11 63 63
0251_0018_0004_0061_0061.jpg 1 18 4 61 61
0252_0007_0014_0064_0064.jpg 1 7 14 64 64
0253_0004_0005_0069_0069.jpg 1 4 5 69 69
0254_0042_0021_0041_0041.jpg 1 42 21 41 41
0255_0031_0039_0056_0056.jpg 1 31 39 56 56
0256_0022_0051_0024_0024.jpg 1 22 51 24 24
0257_0041_0027_0039_0039.jpg 1 41 27 39 39
0258_0013_0014_0037_0037.jpg 1 13 14 37 37
0259_0005_0031_0058_0058.jpg 1 5 31 58 58
0260_0011_0036_0057_0057.jpg 1 11 36 57 57
0261_0016_0011_0066_0066.jpg 1 16 11 66 66
0262_0027_0037_0056_0056.jpg 1 27 37 56 56
0263_0025_0063_0027_0027.jpg 1 25 63 27 27
0264_0025_0030_0040_0040.jpg 1 25 30 40 40
0265_0055_0055_0033_0033.jpg 1 55 55 33 33
0266_0031_0012_0030_0030.jpg 1 31 12 30 30
0267_0032_0014_0045_0045.jpg 1 32 14 45 45
0268_0025_0024_0047_0047.jpg 1 25 24 47 47
0269_0014_0010_0065_0065.jpg 1 14 10 65 65
0270_0023_0039_0050_0050.jpg 1 23 39 50 50
0271_0050_0060_0026_0026.jpg 1 50 60 26 26
0272_0045_0050_0035_0035.jpg 1 45 50 35 35
0273_0012_0006_0062_0062.jpg 1 12 6 62 62
0274_0014_0038_0025_0025.jpg 1 14 38 25 25
0275_0015_0025_0040_0040.jpg 1 15 25 40 40
0276_0035_0017_0059_0059.jpg 1 35 17 59 59
0277_0043_0052_0032_0032.jpg 1 43 52 32 32
0278_0026_0042_0047_0047.jpg 1 26 42 47 47
0279_0056_0026_0024_0024.jpg 1 56 26 24 24
0280_0019_0016_0051_0051.jpg 1 19 16 51 51
0281_0030_0033_0038_0038.jpg 1 30 33 38 38
0282_0003_0009_0066_0066.jpg 1 3 9 66 66
0283_0025_0020_0040_0040.jpg 1 25 20 40 40
0284_0008_0012_0068_0068.jpg 1 8 12 68 68
0285_0008_0005_0063_0063.jpg 1 8 5 63 63
0286_0011_0020_0027_0027.jpg 1 11 20 27 27
0287_0010_0026_0049_0049.jpg 1 10 26 49 49
0288_0014_0021_0064_0064.jpg 1 14 21 64 64
0289_0020_0024_0037_0037.jpg 1 20 24 37 37
0290_0022_0018_0065_0065.jpg 1 22 18 65 65
0291_0017_0007_0049_0049.jpg 1 17 7 49 49
0292_0019_0022_0065_0065.jpg 1 19 22 65 65
0293_0050_0015_0042_0042.jpg 1 50 15 42 42
0294_0008_0029_0054_0054.jpg 1 8 29 54 54
0295_0011_0006_0052_0052.jpg 1 11 6 52 52
0296_0009_0012_0064_0064.jpg 1 9 12 64 64
0297_0051_0049_0033_0033.jpg 1 51 49 33 33
0298_0010_0018_0035_0035.jpg 1 10 18 35 35
0299_0022_0017_0053_0053.jpg 1 22 17 53 53
0300_0025_0006_0041_0041.jpg 1 25 6 41 41
0301_0024_0017_0046_0046.jpg 1 24 17 46 46
0302_0014_0009_0061_0061.jpg 1 14 9 61 61
0303_0047_0047_0044_0044.jpg 1 47 47 44 44
0304_0011_0011_0064_0064.jpg 1 11 11 64 64
0305_0018_0012_0069_0069.jpg 1 18 12 69 69
0306_0016_0015_0057_0057.jpg 1 16 15 57 57
0307_0015_0018_0064_0064.jpg 1 15 18 64 64
0308_0026_0026_0045_0045.jpg 1 26 26 45 45
0309_0059_0048_0028_0028.jpg 1 59 48 28 28
0310_0050_0036_0038_0038.jpg 1 50 36 38 38
0311_0010_0045_0041_0041.jpg 1 10 45 41 41
0312_0011_0021_0069_0069.jpg 1 11 21 69 69
0313_0016_0026_0052_0052.jpg 1 16 26 52 52
0314_0054_0033_0033_0033.jpg 1 54 33 33 33
0315_0052_0058_0035_0035.jpg 1 52 58 35 35
0316_0021_0031_0064_0064.jpg 1 21 31 64 64
0317_0009_0006_0050_0050.jpg 1 9 6 50 50
0318_0023_0007_0026_0026.jpg 1 23 7 26 26
0319_0048_0046_0043_0043.jpg 1 48 46 43 43
0320_0009_0038_0057_0057.jpg 1 9 38 57 57
0321_0023_0037_0039_0039.jpg 1 23 37 39 39
0322_0030_0027_0066_0066.jpg 1 30 27 66 66
0323_0008_0025_0062_0062.jpg 1 8 25 62 62
0324_0036_0014_0050_0050.jpg 1 36 14 50 50
0325_0022_0013_0068_0068.jpg 1 22 13 68 68
0326_0041_0031_0045_0045.jpg 1 41 31 45 45
0327_0048_0029_0024_0024.jpg 1 48 29 24 24
0328_0007_0014_0066_0066.jpg 1 7 14 66 66
0329_0044_0041_0046_0046.jpg 1 44 41 46 46
0330_0029_0016_0066_0066.jpg 1 29 16 66 66
0331_0015_0015_0058_0058.jpg 1 15 15 58 58
0332_0012_0027_0034_0034.jpg 1 12 27 34 34
0333_0005_0035_0059_0059.jpg 1 5 35 59 59
0334_0016_0028_0041_0041.jpg 1 16 28 41 41
0335_0030_0010_0048_0048.jpg 1 30 10 48 48
0336_0048_0021_0034_0034.jpg 1 48 21 34 34
0337_0030_0010_0048_0048.jpg 1 30 10 48 48
0338_0021_0012_0062_0062.jpg 1 21 12 62 62
0339_0042_0026_0026_0026.jpg 1 42 26 26 26
0340_0019_0051_0038_0038.jpg 1 19 51 38 38
0341_0011_0034_0055_0055.jpg 1 11 34 55 55
0342_0007_0041_0037_0037.jpg 1 7 41 37 37
0343_0031_0038_0050_0050.jpg 1 31 38 50 50
0344_0027_0039_0028_0028.jpg 1 27 39 28 28
0345_0014_0020_0069_0069.jpg 1 14 20 69 69
0346_0028_0035_0046_0046.jpg 1 28 35 46 46
0347_0028_0033_0058_0058.jpg 1 28 33 58 58
0348_0039_0029_0054_0054.jpg 1 39 29 54 54
0349_0033_0022_0049_0049.jpg 1 33 22 49 49
0350_0024_0036_0058_0058.jpg 1 24 36 58 58
0351_0054_0054_0032_0032.jpg 1 54 54 32 32
0352_0007_0027_0050_0050.jpg 1 7 27 50 50
0353_0046_0036_0042_0042.jpg 1 46 36 42 42
0354_0018_0046_0038_0038.jpg 1 18 46 38 38
0355_0018_0050_0026_0026.jpg 1 18 50 26 26
0356_0013_0029_0061_0061.jpg 1 13 29 61 61
0357_0058_0035_0031_0031.jpg 1 58 35 31 31
0358_0025_0005_0069_0069.jpg 1 25 5 69 69
0359_0062_0031_0025_0025.jpg 1 62 31 25 25
0360_0009_0013_0061_0061.jpg 1 9 13 61 61
0361_0017_0014_0062_0062.jpg 1 17 14 62 62
0362_0049_0028_0037_0037.jpg 1 49 28 37 37
0363_0033_0019_0055_0055.jpg 1 33 19 55 55
0364_0014_0023_0039_0039.jpg 1 14 23 39 39
0365_0028_0047_0028_0028.jpg 1 28 47 28 28
0366_0024_0011_0060_0060.jpg 1 24 11 60 60
0367_0013_0019_0064_0064.jpg 1 13 19 64 64
0368_0043_0040_0035_0035.jpg 1 43 40 35 35
0369_0041_0033_0048_0048.jpg 1 41 33 48 48
0370_0026_0030_0059_0059.jpg 1 26 30 59 59
0371_0042_0013_0035_0035.jpg 1 42 13 35 35
0372_0007_0022_0060_0060.jpg 1 7 22 60 60
0373_0014_0011_0067_0067.jpg 1 14 11 67 67
0374_0038_0029_0040_0040.jpg 1 38 29 40 40
0375_0046_0026_0047_0047.jpg 1 46 26 47 47
0376_0011_0023_0039_0039.jpg 1 11 23 39 39
0377_0008_0009_0050_0050.jpg 1 8 9 50 50
0378_0026_0005_0061_0061.jpg 1 26 5 61 61
0379_0030_0034_0046_0046.jpg 1 30 34 46 46
0380_0033_0046_0026_0026.jpg 1 33 46 26 26
0381_0024_0009_0024_0024.jpg 1 24 9 24 24
0382_0036_0008_0053_0053.jpg 1 36 8 53 53
0383_0019_0035_0048_0048.jpg 1 19 35 48 48
0384_0023_0004_0063_0063.jpg 1 23 4 63 63
0385_0022_0006_0061_0061.jpg 1 22 6 61 61
0386_0019_0045_0048_0048.jpg 1 19 45 48 48
0387_0042_0051_0036_0036.jpg 1 42 51 36 36
0388_0024_0010_0038_0038.jpg 1 24 10 38 38
0389_0008_0043_0037_0037.jpg 1 8 43 37 37
0390_0041_0037_0048_0048.jpg 1 41 37 48 48
0391_0009_0063_0029_0029.jpg 1 9 63 29 29
0392_0030_0016_0052_0052.jpg 1 30 16 52 52
0393_0033_0018_0058_0058.jpg 1 33 18 58 58
0394_0014_0038_0039_0039.jpg 1 14 38 39 39
0395_0026_0051_0027_0027.jpg 1 26 51 27 27
0396_0004_0016_0066_0066.jpg 1 4 16 66 66
0397_0027_0027_0066_0066.jpg 1 27 27 66 66
0398_0033_0006_0058_0058.jpg 1 33 6 58 58
0399_0043_0044_0031_0031.jpg 1 43 44 31 31
0400_0024_0029_0051_0051.jpg 1 24 29 51 51
0401_0019_0046_0035_0035.jpg 1 19 46 35 35
0402_0028_0020_0068_0068.jpg 1 28 20 68 68
0403_0017_0019_0044_0044.jpg 1 17 19 44 44
0404_0021_0007_0059_0059.jpg 1 21 7 59 59
0405_0023_0022_0054_0054.jpg 1 23 22 54 54
0406_0025_0011_0028_0028.jpg 1 25 11 28 28
0407_0017_0003_0067_0067.jpg 1 17 3 67 67
0408_0028_0005_0064_0064.jpg 1 28 5 64 64
0409_0021_0018_0034_0034.jpg 1 21 18 34 34
0410_0044_0031_0048_0048.jpg 1 44 31 48 48
0411_0047_0037_0043_0043.jpg 1 47 37 43 43
0412_0029_0055_0028_0028.jpg 1 29 55 28 28
0413_0006_0012_0067_0067.jpg 1 6 12 67 67
0414_0005_0016_0065_0065.jpg 1 5 16 65 65
0415_0023_0031_0058_0058.jpg 1 23 31 58 58
0416_0024_0022_0042_0042.jpg 1 24 22 42 42
0417_0015_0023_0061_0061.jpg 1 15 23 61 61
0418_0020_0035_0054_0054.jpg 1 20 35 54 54
0419_0013_0032_0057_0057.jpg 1 13 32 57 57
0420_0019_0021_0067_0067.jpg 1 19 21 67 67
0421_0062_0026_0028_0028.jpg 1 62 26 28 28
0422_0049_0044_0044_0044.jpg 1 49 44 44 44
0423_0020_0005_0061_0061.jpg 1 20 5 61 61
0424_0043_0044_0028_0028.jpg 1 43 44 28 28
0425_0010_0022_0056_0056.jpg 1 10 22 56 56
0426_0043_0024_0049_0049.jpg 1 43 24 49 49
0427_0027_0037_0026_0026.jpg 1 27 37 26 26
0428_0038_0013_0048_0048.jpg 1 38 13 48 48
0429_0064_0044_0025_0025.jpg 1 64 44 25 25
0430_0009_0009_0067_0067.jpg 1 9 9 67 67
0431_0017_0057_0028_0028.jpg 1 17 57 28 28
0432_0030_0032_0041_0041.jpg 1 30 32 41 41
0433_0008_0009_0061_0061.jpg 1 8 9 61 61
0434_0006_0028_0059_0059.jpg 1 6 28 59 59
0435_0036_0019_0053_0053.jpg 1 36 19 53 53
0436_0046_0016_0027_0027.jpg 1 46 16 27 27
0437_0020_0039_0041_0041.jpg 1 20 39 41 41
0438_0033_0029_0054_0054.jpg 1 33 29 54 54
0439_0011_0027_0046_0046.jpg 1 11 27 46 46
0440_0018_0058_0026_0026.jpg 1 18 58 26 26
0441_0012_0055_0028_0028.jpg 1 12 55 28 28
0442_0049_0022_0027_0027.jpg 1 49 22 27 27
0443_0012_0022_0069_0069.jpg 1 12 22 69 69
0444_0028_0038_0042_0042.jpg 1 28 38 42 42
0445_0024_0008_0067_0067.jpg 1 24 8 67 67
0446_0011_0042_0038_0038.jpg 1 11 42 38 38
0447_0007_0035_0057_0057.jpg 1 7 35 57 57
0448_0026_0036_0045_0045.jpg 1 26 36 45 45
0449_0014_0037_0047_0047.jpg 1 14 37 47 47
0450_0024_0011_0051_0051.jpg 1 24 11 51 51
0451_0043_0021_0050_0050.jpg 1 43 21 50 50
0452_0028_0007_0059_0059.jpg 1 28 7 59 59
0453_0034_0012_0060_0060.jpg 1 34 12 60 60
0454_0034_0047_0036_0036.jpg 1 34 47 36 36
0455_0017_0043_0047_0047.jpg 1 17 43 47 47
0456_0006_0013_0061_0061.jpg 1 6 13 61 61
0457_0013_0023_0058_0058.jpg 1 13 23 58 58
0458_0022_0016_0040_0040.jpg 1 22 16 40 40
0459_0046_0033_0045_0045.jpg 1 46 33 45 45
0460_0005_0020_0065_0065.jpg 1 5 20 65 65
0461_0007_0014_0065_0065.jpg 1 7 14 65 65
0462_0038_0027_0053_0053.jpg 1 38 27 53 53
0463_0011_0011_0058_0058.jpg 1 11 11 58 58
0464_0015_0047_0047_0047.jpg 1 15 47 47 47
0465_0026_0021_0055_0055.jpg 1 26 21 55 55
0466_0010_0046_0047_0047.jpg 1 10 46 47 47
0467_0018_0009_0025_0025.jpg 1 18 9 25 25
0468_0022_0042_0030_0030.jpg 1 22 42 30 30
0469_0025_0012_0069_0069.jpg 1 25 12 69 69
0470_0009_0019_0067_0067.jpg 1 9 19 67 67
0471_0030_0021_0065_0065.jpg 1 30 21 65 65
0472_0029_0017_0050_0050.jpg 1 29 17 50 50
0473_0018_0024_0060_0060.jpg 1 18 24 60 60
0474_0016_0014_0067_0067.jpg 1 16 14 67 67
0475_0038_0019_0043_0043.jpg 1 38 19 43 43
0476_0009_0036_0048_0048.jpg 1 9 36 48 48
0477_0039_0022_0044_0044.jpg 1 39 22 44 44
0478_0032_0029_0046_0046.jpg 1 32 29 46 46
0479_0038_0050_0038_0038.jpg 1 38 50 38 38
0480_0021_0035_0055_0055.jpg 1 21 35 55 55
0481_0029_0018_0065_0065.jpg 1 29 18 65 65
0482_0059_0060_0028_0028.jpg 1 59 60 28 28
0483_0012_0051_0027_0027.jpg 1 12 51 27 27
0484_0020_0045_0044_0044.jpg 1 20 45 44 44
0485_0033_0030_0034_0034.jpg 1 33 30 34 34
0486_0022_0011_0059_0059.jpg 1 22 11 59 59
0487_0023_0049_0039_0039.jpg 1 23 49 39 39
0488_0029_0051_0031_0031.jpg 1 29 51 31 31
0489_0055_0055_0028_0028.jpg 1 55 55 28 28
0490_0011_0007_0063_0063.jpg 1 11 7 63 63
0491_0018_0028_0067_0067.jpg 1 18 28 67 67
0492_0057_0039_0026_0026.jpg 1 57 39 26 26
0493_0043_0015_0047_0047.jpg 1 43 15 47 47
0494_0010_0046_0037_0037.jpg 1 10 46 37 37
0495_0013_0017_0065_0065.jpg 1 13 17 65 65
0496_0006_0027_0051_0051.jpg 1 6 27 51 51
0497_0052_0032_0031_0031.jpg 1 52 32 31 31
0498_0014_0027_0030_0030.jpg 1 14 27 30 30
0499_0028_0016_0065_0065.jpg 1 28 16 65 65
0500_0031_0056_0028_0028.jpg 1 31 56 28 28
0501_0014_0044_0036_0036.jpg 1 14 44 36 36
0502_0035_0031_0030_0030.jpg 1 35 31 30 30
0503_0024_0028_0035_0035.jpg 1 24 28 35 35
0504_0032_0028_0047_0047.jpg 1 32 28 47 47
0505_0019_0007_0066_0066.jpg 1 19 7 66 66
0506_0005_0030_0057_0057.jpg 1 5 30 57 57
0507_0017_0040_0048_0048.jpg 1 17 40 48 48
0508_0033_0043_0047_0047.jpg 1 33 43 47 47
0509_0030_0034_0042_0042.jpg 1 30 34 42 42
0510_0028_0018_0057_0057.jpg 1 28 18 57 57
0511_0012_0030_0062_0062.jpg 1 12 30 62 62
0512_0012_0006_0058_0058.jpg 1 12 6 58 58
0513_0034_0039_0042_0042.jpg 1 34 39 42 42
0514_0012_0023_0052_0052.jpg 1 12 23 52 52
0515_0029_0006_0062_0062.jpg 1 29 6 62 62
0516_0026_0035_0051_0051.jpg 1 26 35 51 51
0517_0042_0026_0053_0053.jpg 1 42 26 53 53
0518_0027_0012_0063_0063.jpg 1 27 12 63 63
0519_0029_0045_0034_0034.jpg 1 29 45 34 34
0520_0019_0044_0037_0037.jpg 1 19 44 37 37
0521_0051_0037_0038_0038.jpg 1 51 37 38 38
0522_0016_0036_0032_0032.jpg 1 16 36 32 32
0523_0049_0018_0041_0041.jpg 1 49 18 41 41
0524_0018_0015_0035_0035.jpg 1 18 15 35 35
0525_0025_0042_0040_0040.jpg 1 25 42 40 40
0526_0031_0025_0033_0033.jpg 1 31 25 33 33
0527_0013_0028_0058_0058.jpg 1 13 28 58 58
0528_0034_0038_0054_0054.jpg 1 34 38 54 54
0529_0053_0024_0036_0036.jpg 1 53 24 36 36
0530_0034_0031_0039_0039.jpg 1 34 31 39 39
0531_0040_0046_0032_0032.jpg 1 40 46 32 32
0532_0049_0015_0034_0034.jpg 1 49 15 34 34
0533_0008_0032_0061_0061.jpg 1 8 32 61 61
0534_0005_0020_0058_0058.jpg 1 5 20 58 58
0535_0017_0041_0028_0028.jpg 1 17 41 28 28
0536_0026_0014_0037_0037.jpg 1 26 14 37 37
0537_0060_0016_0030_0030.jpg 1 60 16 30 30
0538_0050_0059_0029_0029.jpg 1 50 59 29 29
0539_0037_0036_0045_0045.jpg 1 37 36 45 45
0540_0024_0013_0063_0063.jpg 1 24 13 63 63
0541_0013_0021_0056_0056.jpg 1 13 21 56 56
0542_0017_0056_0036_0036.jpg 1 17 56 36 36
0543_0017_0035_0057_0057.jpg 1 17 35 57 57
0544_0015_0035_0046_0046.jpg 1 15 35 46 46
0545_0019_0024_0025_0025.jpg 1 19 24 25 25
0546_0023_0043_0044_0044.jpg 1 23 43 44 44
0547_0028_0029_0058_0058.jpg 1 28 29 58 58
0548_0046_0011_0045_0045.jpg 1 46 11 45 45
0549_0015_0038_0026_0026.jpg 1 15 38 26 26
0550_0021_0019_0059_0059.jpg 1 21 19 59 59
0551_0029_0030_0060_0060.jpg 1 29 30 60 60
0552_0036_0016_0024_0024.jpg 1 36 16 24 24
0553_0012_0009_0069_0069.jpg 1 12 9 69 69
0554_0034_0039_0034_0034.jpg 1 34 39 34 34
0555_0035_0009_0049_0049.jpg 1 35 9 49 49
0556_0027_0037_0058_0058.jpg 1 27 37 58 58
0557_0015_0035_0027_0027.jpg 1 15 35 27 27
0558_0017_0050_0041_0041.jpg 1 17 50 41 41
0559_0053_0037_0037_0037.jpg 1 53 37 37 37
0560_0049_0043_0036_0036.jpg 1 49 43 36 36
0561_0026_0046_0045_0045.jpg 1 26 46 45 45
0562_0052_0035_0037_0037.jpg 1 52 35 37 37
0563_0023_0035_0050_0050.jpg 1 23 35 50 50
0564_0007_0006_0061_0061.jpg 1 7 6 61 61
0565_0060_0011_0030_0030.jpg 1 60 11 30 30
0566_0036_0018_0037_0037.jpg 1 36 18 37 37
0567_0025_0053_0031_0031.jpg 1 25 53 31 31
0568_0009_0036_0024_0024.jpg 1 9 36 24 24
0569_0027_0014_0046_0046.jpg 1 27 14 46 46
0570_0017_0014_0047_0047.jpg 1 17 14 47 47
0571_0010_0022_0061_0061.jpg 1 10 22 61 61
0572_0026_0010_0044_0044.jpg 1 26 10 44 44
0573_0030_0026_0063_0063.jpg 1 30 26 63 63
0574_0051_0009_0042_0042.jpg 1 51 9 42 42
0575_0033_0050_0036_0036.jpg 1 33 50 36 36
0576_0028_0007_0067_0067.jpg 1 28 7 67 67
0577_0041_0008_0043_0043.jpg 1 41 8 43 43
0578_0018_0011_0063_0063.jpg 1 18 11 63 63
0579_0003_0014_0067_0067.jpg 1 3 14 67 67
0580_0056_0018_0035_0035.jpg 1 56 18 35 35
0581_0014_0025_0027_0027.jpg 1 14 25 27 27
0582_0020_0022_0052_0052.jpg 1 20 22 52 52
0583_0006_0006_0056_0056.jpg 1 6 6 56 56
0584_0012_0014_0069_0069.jpg 1 12 14 69 69
0585_0028_0056_0029_0029.jpg 1 28 56 29 29
0586_0051_0015_0029_0029.jpg 1 51 15 29 29
0587_0016_0023_0033_0033.jpg 1 16 23 33 33
0588_0008_0024_0033_0033.jpg 1 8 24 33 33
0589_0031_0034_0058_0058.jpg 1 31 34 58 58
0590_0019_0004_0068_0068.jpg 1 19 4 68 68
0591_0016_0026_0069_0069.jpg 1 16 26 69 69
0592_0022_0027_0053_0053.jpg 1 22 27 53 53
0593_0005_0025_0068_0068.jpg 1 5 25 68 68
0594_0055_0019_0030_0030.jpg 1 55 19 30 30
0595_0026_0055_0036_0036.jpg 1 26 55 36 36
0596_0005_0011_0061_0061.jpg 1 5 11 61 61
0597_0019_0009_0059_0059.jpg 1 19 9 59 59
0598_0039_0016_0032_0032.jpg 1 39 16 32 32
0599_0029_0008_0059_0059.jpg 1 29 8 59 59
0600_0008_0028_0055_0055.jpg 1 8 28 55 55
0601_0018_0026_0036_0036.jpg 1 18 26 36 36
0602_0035_0042_0050_0050.jpg 1 35 42 50 50
0603_0033_0006_0056_0056.jpg 1 33 6 56 56
0604_0034_0034_0050_0050.jpg 1 34 34 50 50
0605_0016_0011_0060_0060.jpg 1 16 11 60 60
0606_0018_0035_0049_0049.jpg 1 18 35 49 49
0607_0013_0028_0048_0048.jpg 1 13 28 48 48
0608_0022_0036_0041_0041.jpg 1 22 36 41 41
0609_0036_0021_0057_0057.jpg 1 36 21 57 57
0610_0003_0009_0068_0068.jpg 1 3 9 68 68
0611_0028_0006_0051_0051.jpg 1 28 6 51 51
0612_0025_0028_0046_0046.jpg 1 25 28 46 46
0613_0056_0014_0034_0034.jpg 1 56 14 34 34
0614_0040_0022_0037_0037.jpg 1 40 22 37 37
0615_0020_0011_0053_0053.jpg 1 20 11 53 53
0616_0017_0007_0054_0054.jpg 1 17 7 54 54
0617_0025_0055_0035_0035.jpg 1 25 55 35 35
0618_0020_0013_0066_0066.jpg 1 20 13 66 66
0619_0014_0005_0054_0054.jpg 1 14 5 54 54
0620_0018_0027_0039_0039.jpg 1 18 27 39 39
0621_0021_0015_0055_0055.jpg 1 21 15 55 55
0622_0015_0021_0048_0048.jpg 1 15 21 48 48
0623_0007_0017_0067_0067.jpg 1 7 17 67 67
0624_0038_0031_0054_0054.jpg 1 38 31 54 54
0625_0044_0011_0031_0031.jpg 1 44 11 31 31
0626_0039_0029_0055_0055.jpg 1 39 29 55 55
0627_0011_0022_0040_0040.jpg 1 11 22 40 40
0628_0019_0023_0061_0061.jpg 1 19 23 61 61
0629_0029_0024_0057_0057.jpg 1 29 24 57 57
0630_0010_0060_0027_0027.jpg 1 10 60 27 27
0631_0026_0020_0033_0033.jpg 1 26 20 33 33
0632_0059_0048_0029_0029.jpg 1 59 48 29 29
0633_0045_0059_0024_0024.jpg 1 45 59 24 24
0634_0036_0008_0059_0059.jpg 1 36 8 59 59
0635_0040_0008_0045_0045.jpg 1 40 8 45 45
0636_0026_0036_0052_0052.jpg 1 26 36 52 52
0637_0019_0026_0064_0064.jpg 1 19 26 64 64
0638_0014_0011_0050_0050.jpg 1 14 11 50 50
0639_0032_0045_0046_0046.jpg 1 32 45 46 46
0640_0026_0029_0067_0067.jpg 1 26 29 67 67
0641_0031_0022_0059_0059.jpg 1 31 22 59 59
0642_0013_0024_0042_0042.jpg 1 13 24 42 42
0643_0035_0012_0055_0055.jpg 1 35 12 55 55
0644_0049_0029_0026_0026.jpg 1 49 29 26 26
0645_0014_0029_0038_0038.jpg 1 14 29 38 38
0646_0043_0010_0050_0050.jpg 1 43 10 50 50
0647_0007_0012_0048_0048.jpg 1 7 12 48 48
0648_0027_0011_0060_0060.jpg 1 27 11 60 60
0649_0045_0047_0034_0034.jpg 1 45 47 34 34
0650_0021_0016_0060_0060.jpg 1 21 16 60 60
0651_0007_0016_0034_0034.jpg 1 7 16 34 34
0652_0013_0028_0066_0066.jpg 1 13 28 66 66
0653_0011_0046_0047_0047.jpg 1 11 46 47 47
0654_0014_0022_0067_0067.jpg 1 14 22 67 67
0655_0013_0023_0036_0036.jpg 1 13 23 36 36
0656_0046_0059_0027_0027.jpg 1 46 59 27 27
0657_0009_0022_0066_0066.jpg 1 9 22 66 66
0658_0061_0035_0024_0024.jpg 1 61 35 24 24
0659_0018_0054_0024_0024.jpg 1 18 54 24 24
0660_0029_0026_0058_0058.jpg 1 29 26 58 58
0661_0014_0021_0057_0057.jpg 1 14 21 57 57
0662_0032_0026_0058_0058.jpg 1 32 26 58 58
0663_0040_0046_0035_0035.jpg 1 40 46 35 35
0664_0019_0011_0060_0060.jpg 1 19 11 60 60
0665_0010_0022_0069_0069.jpg 1 10 22 69 69
0666_0035_0029_0041_0041.jpg 1 35 29 41 41
0667_0035_0047_0031_0031.jpg 1 35 47 31 31
0668_0015_0049_0034_0034.jpg 1 15 49 34 34
0669_0027_0034_0054_0054.jpg 1 27 34 54 54
0670_0022_0030_0042_0042.jpg 1 22 30 42 42
0671_0050_0013_0035_0035.jpg 1 50 13 35 35
0672_0015_0011_0052_0052.jpg 1 15 11 52 52
0673_0027_0041_0045_0045.jpg 1 27 41 45 45
0674_0043_0061_0031_0031.jpg 1 43 61 31 31
0675_0018_0063_0028_0028.jpg 1 18 63 28 28
0676_0003_0015_0068_0068.jpg 1 3 15 68 68
0677_0043_0014_0046_0046.jpg 1 43 14 46 46
0678_0011_0036_0044_0044.jpg 1 11 36 44 44
0679_0005_0015_0061_0061.jpg 1 5 15 61 61
0680_0024_0008_0052_0052.jpg 1 24 8 52 52
0681_0017_0044_0046_0046.jpg 1 17 44 46 46
0682_0028_0034_0050_0050.jpg 1 28 34 50 50
0683_0035_0031_0060_0060.jpg 1 35 31 60 60
0684_0015_0035_0050_0050.jpg 1 15 35 50 50
0685_0038_0015_0056_0056.jpg 1 38 15 56 56
0686_0032_0037_0024_0024.jpg 1 32 37 24 24
0687_0027_0027_0051_0051.jpg 1 27 27 51 51
0688_0015_0031_0041_0041.jpg 1 15 31 41 41
0689_0009_0018_0058_0058.jpg 1 9 18 58 58
0690_0030_0019_0052_0052.jpg 1 30 19 52 52
0691_0009_0052_0033_0033.jpg 1 9 52 33 33
0692_0012_0021_0037_0037.jpg 1 12 21 37 37
0693_0032_0009_0040_0040.jpg 1 32 9 40 40
0694_0053_0023_0033_0033.jpg 1 53 23 33 33
0695_0021_0007_0068_0068.jpg 1 21 7 68 68
0696_0026_0010_0069_0069.jpg 1 26 10 69 69
0697_0019_0010_0062_0062.jpg 1 19 10 62 62
0698_0014_0032_0041_0041.jpg 1 14 32 41 41
0699_0037_0012_0052_0052.jpg 1 37 12 52 52
0700_0030_0035_0046_0046.jpg 1 30 35 46 46
0701_0034_0029_0051_0051.jpg 1 34 29 51 51
0702_0014_0014_0043_0043.jpg 1 14 14 43 43
0703_0047_0023_0043_0043.jpg 1 47 23 43 43
0704_0057_0008_0033_0033.jpg 1 57 8 33 33
0705_0038_0027_0038_0038.jpg 1 38 27 38 38
0706_0030_0013_0060_0060.jpg 1 30 13 60 60
0707_0031_0011_0056_0056.jpg 1 31 11 56 56
0708_0006_0029_0045_0045.jpg 1 6 29 45 45
0709_0021_0008_0032_0032.jpg 1 21 8 32 32
0710_0037_0016_0050_0050.jpg 1 37 16 50 50
0711_0009_0039_0033_0033.jpg 1 9 39 33 33
0712_0038_0027_0056_0056.jpg 1 38 27 56 56
0713_0025_0029_0035_0035.jpg 1 25 29 35 35
0714_0006_0012_0067_0067.jpg 1 6 12 67 67
0715_0026_0042_0037_0037.jpg 1 26 42 37 37
0716_0026_0017_0062_0062.jpg 1 26 17 62 62
0717_0013_0008_0054_0054.jpg 1 13 8 54 54
0718_0027_0029_0063_0063.jpg 1 27 29 63 63
0719_0042_0034_0040_0040.jpg 1 42 34 40 40
0720_0024_0020_0065_0065.jpg 1 24 20 65 65
0721_0012_0010_0068_0068.jpg 1 12 10 68 68
0722_0016_0009_0043_0043.jpg 1 16 9 43 43
0723_0025_0034_0033_0033.jpg 1 25 34 33 33
0724_0014_0026_0066_0066.jpg 1 14 26 66 66
0725_0007_0034_0031_0031.jpg 1 7 34 31 31
0726_0020_0033_0049_0049.jpg 1 20 33 49 49
0727_0014_0021_0043_0043.jpg 1 14 21 43 43
0728_0023_0060_0025_0025.jpg 1 23 60 25 25
0729_0032_0062_0024_0024.jpg 1 32 62 24 24
0730_0040_0022_0032_0032.jpg 1 40 22 32 32
0731_0030_0030_0056_0056.jpg 1 30 30 56 56
0732_0039_0034_0045_0045.jpg 1 39 34 45 45
0733_0057_0059_0026_0026.jpg 1 57 59 26 26
0734_0011_0052_0040_0040.jpg 1 11 52 40 40
0735_0027_0020_0061_0061.jpg 1 27 20 61 61
0736_0027_0029_0063_0063.jpg 1 27 29 63 63
0737_0039_0017_0051_0051.jpg 1 39 17 51 51
0738_0039_0004_0052_0052.jpg 1 39 4 52 52
0739_0037_0039_0040_0040.jpg 1 37 39 40 40
0740_0032_0059_0028_0028.jpg 1 32 59 28 28
0741_0015_0007_0068_0068.jpg 1 15 7 68 68
0742_0016_0028_0062_0062.jpg 1 16 28 62 62
0743_0017_0025_0042_0042.jpg 1 17 25 42 42
0744_0011_0042_0036_0036.jpg 1 11 42 36 36
0745_0012_0045_0039_0039.jpg 1 12 45 39 39
0746_0046_0032_0044_0044.jpg 1 46 32 44 44
0747_0052_0024_0037_0037.jpg 1 52 24 37 37
0748_0041_0040_0043_0043.jpg 1 41 40 43 43
0749_0030_0028_0058_0058.jpg 1 30 28 58 58
0750_0028_0052_0031_0031.jpg 1 28 52 31 31
0751_0026_0035_0048_0048.jpg 1 26 35 48 48
0752_0024_0023_0068_0068.jpg 1 24 23 68 68
0753_0016_0045_0036_0036.jpg 1 16 45 36 36
0754_0027_0013_0066_0066.jpg 1 27 13 66 66
0755_0046_0030_0046_0046.jpg 1 46 30 46 46
0756_0033_0021_0026_0026.jpg 1 33 21 26 26
0757_0029_0013_0060_0060.jpg 1 29 13 60 60
0758_0013_0012_0055_0055.jpg 1 13 12 55 55
0759_0016_0020_0028_0028.jpg 1 16 20 28 28
0760_0018_0013_0061_0061.jpg 1 18 13 61 61
0761_0027_0021_0055_0055.jpg 1 27 21 55 55
0762_0018_0040_0050_0050.jpg 1 18 40 50 50
0763_0028_0043_0033_0033.jpg 1 28 43 33 33
0764_0009_0045_0030_0030.jpg 1 9 45 30 30
0765_0031_0054_0035_0035.jpg 1 31 54 35 35
0766_0018_0013_0068_0068.jpg 1 18 13 68 68
0767_0022_0051_0025_0025.jpg 1 22 51 25 25
0768_0021_0025_0041_0041.jpg 1 21 25 41 41
0769_0036_0010_0045_0045.jpg 1 36 10 45 45
0770_0042_0013_0050_0050.jpg 1 42 13 50 50
0771_0009_0019_0069_0069.jpg 1 9 19 69 69
0772_0017_0038_0042_0042.jpg 1 17 38 42 42
0773_0015_0023_0048_0048.jpg 1 15 23 48 48
0774_0038_0024_0048_0048.jpg 1 38 24 48 48
0775_0036_0006_0054_0054.jpg 1 36 6 54 54
0776_0013_0045_0031_0031.jpg 1 13 45 31 31
0777_0027_0026_0048_0048.jpg 1 27 26 48 48
0778_0018_0032_0045_0045.jpg 1 18 32 45 45
0779_0039_0016_0054_0054.jpg 1 39 16 54 54
0780_0039_0040_0041_0041.jpg 1 39 40 41 41
0781_0045_0044_0039_0039.jpg 1 45 44 39 39
0782_0037_0044_0047_0047.jpg 1 37 44 47 47
0783_0011_0018_0039_0039.jpg 1 11 18 39 39
0784_0037_0007_0047_0047.jpg 1 37 7 47 47
0785_0020_0044_0024_0024.jpg 1 20 44 24 24
0786_0025_0048_0045_0045.jpg 1 25 48 45 45
0787_0025_0044_0024_0024.jpg 1 25 44 24 24
0788_0040_0042_0033_0033.jpg 1 40 42 33 33
0789_0013_0025_0046_0046.jpg 1 13 25 46 46
0790_0016_0058_0024_0024.jpg 1 16 58 24 24
0791_0012_0048_0045_0045.jpg 1 12 48 45 45
0792_0015_0008_0058_0058.jpg 1 15 8 58 58
0793_0014_0021_0043_0043.jpg 1 14 21 43 43
0794_0035_0027_0059_0059.jpg 1 35 27 59 59
0795_0014_0015_0048_0048.jpg 1 14 15 48 48
0796_0009_0022_0047_0047.jpg 1 9 22 47 47
0797_0044_0040_0046_0046.jpg 1 44 40 46 46
0798_0036_0033_0037_0037.jpg 1 36 33 37 37
0799_0041_0027_0053_0053.jpg 1 41 27 53 53
0800_0003_0012_0069_0069.jpg 1 3 12 69 69
0801_0057_0058_0028_0028.jpg 1 57 58 28 28
0802_0030_0023_0044_0044.jpg 1 30 23 44 44
0803_0034_0029_0041_0041.jpg 1 34 29 41 41
0804_0032_0012_0051_0051.jpg 1 32 12 51 51
0805_0032_0029_0062_0062.jpg 1 32 29 62 62
0806_0011_0015_0061_0061.jpg 1 11 15 61 61
0807_0010_0018_0064_0064.jpg 1 10 18 64 64
0808_0025_0022_0047_0047.jpg 1 25 22 47 47
0809_0023_0012_0056_0056.jpg 1 23 12 56 56
0810_0025_0003_0067_0067.jpg 1 25 3 67 67
0811_0041_0023_0051_0051.jpg 1 41 23 51 51
0812_0041_0041_0038_0038.jpg 1 41 41 38 38
0813_0022_0016_0061_0061.jpg 1 22 16 61 61
0814_0021_0023_0058_0058.jpg 1 21 23 58 58
0815_0048_0026_0026_0026.jpg 1 48 26 26 26
0816_0039_0014_0038_0038.jpg 1 39 14 38 38
0817_0025_0055_0032_0032.jpg 1 25 55 32 32
0818_0040_0028_0049_0049.jpg 1 40 28 49 49
0819_0007_0006_0041_0041.jpg 1 7 6 41 41
0820_0048_0049_0028_0028.jpg 1 48 49 28 28
0821_0028_0053_0032_0032.jpg 1 28 53 32 32
0822_0028_0025_0055_0055.jpg 1 28 25 55 55
0823_0007_0010_0030_0030.jpg 1 7 10 30 30
0824_0025_0043_0041_0041.jpg 1 25 43 41 41
0825_0014_0061_0027_0027.jpg 1 14 61 27 27
0826_0014_0027_0059_0059.jpg 1 14 27 59 59
0827_0012_0018_0037_0037.jpg 1 12 18 37 37
0828_0020_0020_0068_0068.jpg 1 20 20 68 68
0829_0006_0033_0060_0060.jpg 1 6 33 60 60
0830_0008_0016_0045_0045.jpg 1 8 16 45 45
0831_0005_0021_0062_0062.jpg 1 5 21 62 62
0832_0008_0031_0027_0027.jpg 1 8 31 27 27
0833_0040_0065_0024_0024.jpg 1 40 65 24 24
0834_0005_0016_0068_0068.jpg 1 5 16 68 68
0835_0063_0051_0026_0026.jpg 1 63 51 26 26
0836_0007_0012_0047_0047.jpg 1 7 12 47 47
0837_0040_0017_0036_0036.jpg 1 40 17 36 36
0838_0026_0042_0052_0052.jpg 1 26 42 52 52
0839_0034_0044_0033_0033.jpg 1 34 44 33 33
0840_0062_0057_0028_0028.jpg 1 62 57 28 28
0841_0035_0013_0055_0055.jpg 1 35 13 55 55
0842_0037_0047_0047_0047.jpg 1 37 47 47 47
0843_0005_0021_0056_0056.jpg 1 5 21 56 56
0844_0016_0056_0037_0037.jpg 1 16 56 37 37
0845_0015_0024_0066_0066.jpg 1 15 24 66 66
0846_0047_0039_0031_0031.jpg 1 47 39 31 31
0847_0031_0018_0054_0054.jpg 1 31 18 54 54
0848_0025_0050_0026_0026.jpg 1 25 50 26 26
0849_0051_0010_0025_0025.jpg 1 51 10 25 25
0850_0026_0013_0069_0069.jpg 1 26 13 69 69
0851_0043_0032_0046_0046.jpg 1 43 32 46 46
0852_0048_0018_0045_0045.jpg 1 48 18 45 45
0853_0012_0007_0067_0067.jpg 1 12 7 67 67
0854_0026_0022_0064_0064.jpg 1 26 22 64 64
0855_0021_0007_0057_0057.jpg 1 21 7 57 57
0856_0023_0013_0060_0060.jpg 1 23 13 60 60
0857_0025_0010_0062_0062.jpg 1 25 10 62 62
0858_0016_0041_0033_0033.jpg 1 16 41 33 33
0859_0053_0019_0026_0026.jpg 1 53 19 26 26
0860_0032_0005_0059_0059.jpg 1 32 5 59 59
0861_0036_0014_0046_0046.jpg 1 36 14 46 46
0862_0006_0029_0062_0062.jpg 1 6 29 62 62
0863_0028_0019_0039_0039.jpg 1 28 19 39 39
0864_0064_0049_0026_0026.jpg 1 64 49 26 26
0865_0023_0027_0055_0055.jpg 1 23 27 55 55
0866_0043_0039_0049_0049.jpg 1 43 39 49 49
0867_0039_0026_0032_0032.jpg 1 39 26 32 32
0868_0052_0027_0024_0024.jpg 1 52 27 24 24
0869_0008_0027_0063_0063.jpg 1 8 27 63 63
0870_0049_0027_0024_0024.jpg 1 49 27 24 24
0871_0040_0028_0047_0047.jpg 1 40 28 47 47
0872_0027_0049_0041_0041.jpg 1 27 49 41 41
0873_0012_0045_0040_0040.jpg 1 12 45 40 40
0874_0015_0011_0068_0068.jpg 1 15 11 68 68
0875_0026_0056_0034_0034.jpg 1 26 56 34 34
0876_0061_0050_0029_0029.jpg 1 61 50 29 29
0877_0043_0036_0026_0026.jpg 1 43 36 26 26
0878_0023_0017_0027_0027.jpg 1 23 17 27 27
0879_0016_0024_0069_0069.jpg 1 16 24 69 69
0880_0028_0064_0024_0024.jpg 1 28 64 24 24
0881_0027_0008_0051_0051.jpg 1 27 8 51 51
0882_0047_0011_0036_0036.jpg 1 47 11 36 36
0883_0019_0038_0036_0036.jpg 1 19 38 36 36
0884_0022_0013_0057_0057.jpg 1 22 13 57 57
0885_0023_0021_0037_0037.jpg 1 23 21 37 37
0886_0039_0028_0024_0024.jpg 1 39 28 24 24
0887_0012_0040_0051_0051.jpg 1 12 40 51 51
0888_0022_0034_0054_0054.jpg 1 22 34 54 54
0889_0011_0050_0041_0041.jpg 1 11 50 41 41
0890_0022_0008_0059_0059.jpg 1 22 8 59 59
0891_0018_0014_0065_0065.jpg 1 18 14 65 65
0892_0015_0009_0039_0039.jpg 1 15 9 39 39
0893_0043_0033_0027_0027.jpg 1 43 33 27 27
0894_0008_0022_0036_0036.jpg 1 8 22 36 36
0895_0026_0026_0057_0057.jpg 1 26 26 57 57
0896_0025_0018_0063_0063.jpg 1 25 18 63 63
0897_0019_0006_0065_0065.jpg 1 19 6 65 65
0898_0025_0021_0046_0046.jpg 1 25 21 46 46
0899_0026_0032_0057_0057.jpg 1 26 32 57 57
0900_0055_0056_0031_0031.jpg 1 55 56 31 31
0901_0043_0033_0045_0045.jpg 1 43 33 45 45
0902_0046_0047_0037_0037.jpg 1 46 47 37 37
0903_0022_0035_0029_0029.jpg 1 22 35 29 29
0904_0023_0031_0044_0044.jpg 1 23 31 44 44
0905_0046_0047_0038_0038.jpg 1 46 47 38 38
0906_0012_0021_0052_0052.jpg 1 12 21 52 52
0907_0014_0034_0061_0061.jpg 1 14 34 61 61
0908_0023_0004_0069_0069.jpg 1 23 4 69 69
0909_0011_0015_0038_0038.jpg 1 11 15 38 38
0910_0025_0024_0062_0062.jpg 1 25 24 62 62
0911_0046_0018_0047_0047.jpg 1 46 18 47 47
0912_0026_0016_0035_0035.jpg 1 26 16 35 35
0913_0023_0007_0046_0046.jpg 1 23 7 46 46
0914_0060_0014_0028_0028.jpg 1 60 14 28 28
0915_0027_0015_0068_0068.jpg 1 27 15 68 68
0916_0013_0035_0040_0040.jpg 1 13 35 40 40
0917_0046_0039_0036_0036.jpg 1 46 39 36 36
0918_0047_0019_0027_0027.jpg 1 47 19 27 27
0919_0012_0015_0068_0068.jpg 1 12 15 68 68
0920_0046_0013_0048_0048.jpg 1 46 13 48 48
0921_0008_0020_0068_0068.jpg 1 8 20 68 68
0922_0021_0027_0028_0028.jpg 1 21 27 28 28
0923_0007_0032_0054_0054.jpg 1 7 32 54 54
0924_0046_0021_0037_0037.jpg 1 46 21 37 37
0925_0046_0025_0034_0034.jpg 1 46 25 34 34
0926_0045_0031_0028_0028.jpg 1 45 31 28 28
0927_0048_0019_0036_0036.jpg 1 48 19 36 36
0928_0031_0021_0026_0026.jpg 1 31 21 26 26
0929_0035_0050_0033_0033.jpg 1 35 50 33 33
0930_0014_0055_0034_0034.jpg 1 14 55 34 34
0931_0023_0008_0058_0058.jpg 1 23 8 58 58
0932_0038_0036_0050_0050.jpg 1 38 36 50 50
0933_0011_0050_0025_0025.jpg 1 11 50 25 25
0934_0004_0011_0065_0065.jpg 1 4 11 65 65
0935_0012_0012_0056_0056.jpg 1 12 12 56 56
0936_0022_0022_0055_0055.jpg 1 22 22 55 55
0937_0011_0029_0062_0062.jpg 1 11 29 62 62
0938_0016_0017_0055_0055.jpg 1 16 17 55 55
0939_0013_0011_0062_0062.jpg 1 13 11 62 62
0940_0021_0006_0064_0064.jpg 1 21 6 64 64
0941_0033_0022_0044_0044.jpg 1 33 22 44 44
0942_0048_0021_0035_0035.jpg 1 48 21 35 35
0943_0047_0053_0028_0028.jpg 1 47 53 28 28
0944_0027_0005_0049_0049.jpg 1 27 5 49 49
0945_0027_0015_0069_0069.jpg 1 27 15 69 69
0946_0028_0033_0033_0033.jpg 1 28 33 33 33
0947_0011_0021_0056_0056.jpg 1 11 21 56 56
0948_0029_0007_0053_0053.jpg 1 29 7 53 53
0949_0033_0060_0026_0026.jpg 1 33 60 26 26
0950_0016_0004_0055_0055.jpg 1 16 4 55 55
0951_0014_0010_0069_0069.jpg 1 14 10 69 69
0952_0010_0011_0068_0068.jpg 1 10 11 68 68
0953_0042_0019_0024_0024.jpg 1 42 19 24 24
0954_0028_0022_0059_0059.jpg 1 28 22 59 59
0955_0009_0035_0028_0028.jpg 1 9 35 28 28
0956_0056_0017_0034_0034.jpg 1 56 17 34 34
0957_0048_0045_0030_0030.jpg 1 48 45 30 30
0958_0017_0008_0043_0043.jpg 1 17 8 43 43
0959_0016_0026_0045_0045.jpg 1 16 26 45 45
0960_0006_0011_0066_0066.jpg 1 6 11 66 66
0961_0009_0053_0030_0030.jpg 1 9 53 30 30
0962_0034_0035_0058_0058.jpg 1 34 35 58 58
0963_0043_0039_0052_0052.jpg 1 43 39 52 52
0964_0019_0005_0062_0062.jpg 1 19 5 62 62
0965_0014_0039_0038_0038.jpg 1 14 39 38 38
0966_0005_0011_0063_0063.jpg 1 5 11 63 63
0967_0022_0010_0037_0037.jpg 1 22 10 37 37
0968_0016_0020_0065_0065.jpg 1 16 20 65 65
0969_0006_0007_0066_0066.jpg 1 6 7 66 66
0970_0022_0005_0067_0067.jpg 1 22 5 67 67
0971_0036_0048_0026_0026.jpg 1 36 48 26 26
0972_0007_0018_0060_0060.jpg 1 7 18 60 60
0973_0027_0019_0055_0055.jpg 1 27 19 55 55
0974_0027_0042_0044_0044.jpg 1 27 42 44 44
0975_0028_0047_0028_0028.jpg 1 28 47 28 28
0976_0037_0008_0053_0053.jpg 1 37 8 53 53
0977_0030_0038_0048_0048.jpg 1 30 38 48 48
0978_0065_0023_0025_0025.jpg 1 65 23 25 25
0979_0020_0021_0060_0060.jpg 1 20 21 60 60
0980_0029_0013_0057_0057.jpg 1 29 13 57 57
0981_0016_0005_0046_0046.jpg 1 16 5 46 46
0982_0006_0020_0045_0045.jpg 1 6 20 45 45
0983_0021_0010_0063_0063.jpg 1 21 10 63 63
0984_0005_0039_0056_0056.jpg 1 5 39 56 56
0985_0024_0012_0065_0065.jpg 1 24 12 65 65
0986_0030_0043_0044_0044.jpg 1 30 43 44 44
0987_0010_0030_0051_0051.jpg 1 10 30 51 51
0988_0005_0032_0057_0057.jpg 1 5 32 57 57
0989_0014_0009_0034_0034.jpg 1 14 9 34 34
0990_0017_0007_0067_0067.jpg 1 17 7 67 67
0991_0041_0032_0052_0052.jpg 1 41 32 52 52
0992_0023_0031_0026_0026.jpg 1 23 31 26 26
0993_0038_0031_0030_0030.jpg 1 38 31 30 30
0994_0038_0036_0047_0047.jpg 1 38 36 47 47
0995_0012_0021_0066_0066.jpg 1 12 21 66 66
0996_0018_0049_0038_0038.jpg 1 18 49 38 38
0997_0009_0054_0038_0038.jpg 1 9 54 38 38
0998_0026_0009_0044_0044.jpg 1 26 9 44 44
0999_0028_0027_0046_0046.jpg 1 28 27 46 46
1000_0049_0034_0044_0044.jpg 1 49 34 44 44
1001_0043_0058_0026_0026.jpg 1 43 58 26 26
1002_0011_0036_0057_0057.jpg 1 11 36 57 57
1003_0026_0023_0069_0069.jpg 1 26 23 69 69
1004_0016_0020_0028_0028.jpg 1 16 20 28 28
1005_0031_0033_0056_0056.jpg 1 31 33 56 56
1006_0014_0045_0043_0043.jpg 1 14 45 43 43
1007_0010_0006_0049_0049.jpg 1 10 6 49 49
1008_0014_0043_0033_0033.jpg 1 14 43 33 33
1009_0014_0014_0054_0054.jpg 1 14 14 54 54
1010_0043_0027_0039_0039.jpg 1 43 27 39 39
1011_0057_0007_0027_0027.jpg 1 57 7 27 27
1012_0031_0013_0062_0062.jpg 1 31 13 62 62
1013_0008_0028_0066_0066.jpg 1 8 28 66 66
1014_0043_0019_0046_0046.jpg 1 43 19 46 46
1015_0019_0014_0048_0048.jpg 1 19 14 48 48
1016_0041_0048_0038_0038.jpg 1 41 48 38 38
1017_0014_0007_0044_0044.jpg 1 14 7 44 44
1018_0026_0004_0064_0064.jpg 1 26 4 64 64
1019_0016_0032_0057_0057.jpg 1 16 32 57 57
1020_0019_0032_0044_0044.jpg 1 19 32 44 44
1021_0035_0008_0036_0036.jpg 1 35 8 36 36
1022_0026_0018_0045_0045.jpg 1 26 18 45 45
1023_0011_0035_0042_0042.jpg 1 11 35 42 42
1024_0005_0026_0065_0065.jpg 1 5 26 65 65
1025_0020_0009_0044_0044.jpg 1 20 9 44 44
1026_0027_0039_0048_0048.jpg 1 27 39 48 48
1027_0044_0034_0044_0044.jpg 1 44 34 44 44
1028_0041_0015_0028_0028.jpg 1 41 15 28 28
1029_0055_0032_0034_0034.jpg 1 55 32 34 34
1030_0022_0015_0050_0050.jpg 1 22 15 50 50
1031_0055_0042_0024_0024.jpg 1 55 42 24 24
1032_0013_0030_0038_0038.jpg 1 13 30 38 38
1033_0027_0014_0053_0053.jpg 1 27 14 53 53
1034_0040_0014_0052_0052.jpg 1 40 14 52 52
1035_0016_0014_0058_0058.jpg 1 16 14 58 58
1036_0027_0021_0054_0054.jpg 1 27 21 54 54
1037_0036_0021_0024_0024.jpg 1 36 21 24 24
1038_0036_0034_0030_0030.jpg 1 36 34 30 30
1039_0014_0022_0052_0052.jpg 1 14 22 52 52
1040_0050_0014_0029_0029.jpg 1 50 14 29 29
1041_0013_0023_0066_0066.jpg 1 13 23 66 66
1042_0010_0016_0035_0035.jpg 1 10 16 35 35
1043_0043_0021_0045_0045.jpg 1 43 21 45 45
1044_0015_0058_0027_0027.jpg 1 15 58 27 27
1045_0013_0021_0067_0067.jpg 1 13 21 67 67
1046_0025_0006_0056_0056.jpg 1 25 6 56 56
1047_0020_0046_0027_0027.jpg 1 20 46 27 27
1048_0037_0037_0057_0057.jpg 1 37 37 57 57
1049_0037_0019_0032_0032.jpg 1 37 19 32 32
1050_0026_0036_0037_0037.jpg 1 26 36 37 37
1051_0009_0004_0066_0066.jpg 1 9 4 66 66
1052_0018_0011_0065_0065.jpg 1 18 11 65 65
1053_0023_0024_0052_0052.jpg 1 23 24 52 52
1054_0015_0033_0041_0041.jpg 1 15 33 41 41
1055_0037_0043_0046_0046.jpg 1 37 43 46 46
1056_0019_0017_0055_0055.jpg 1 19 17 55 55
1057_0016_0052_0035_0035.jpg 1 16 52 35 35
1058_0016_0013_0054_0054.jpg 1 16 13 54 54
1059_0032_0014_0056_0056.jpg 1 32 14 56 56
1060_0014_0016_0037_0037.jpg 1 14 16 37 37
1061_0028_0019_0059_0059.jpg 1 28 19 59 59
1062_0028_0016_0034_0034.jpg 1 28 16 34 34
1063_0038_0022_0047_0047.jpg 1 38 22 47 47
1064_0008_0048_0041_0041.jpg 1 8 48 41 41
1065_0059_0060_0031_0031.jpg 1 59 60 31 31
1066_0028_0008_0051_0051.jpg 1 28 8 51 51
1067_0020_0039_0034_0034.jpg 1 20 39 34 34
1068_0008_0019_0051_0051.jpg 1 8 19 51 51
1069_0042_0038_0052_0052.jpg 1 42 38 52 52
1070_0050_0018_0026_0026.jpg 1 50 18 26 26
1071_0009_0006_0060_0060.jpg 1 9 6 60 60
1072_0047_0022_0044_0044.jpg 1 47 22 44 44
1073_0022_0030_0036_0036.jpg 1 22 30 36 36
1074_0031_0056_0026_0026.jpg 1 31 56 26 26
1075_0048_0037_0045_0045.jpg 1 48 37 45 45
1076_0015_0042_0043_0043.jpg 1 15 42 43 43
1077_0061_0051_0030_0030.jpg 1 61 51 30 30
1078_0014_0015_0058_0058.jpg 1 14 15 58 58
1079_0009_0025_0061_0061.jpg 1 9 25 61 61
1080_0027_0016_0060_0060.jpg 1 27 16 60 60
1081_0024_0020_0025_0025.jpg 1 24 20 25 25
1082_0027_0011_0034_0034.jpg 1 27 11 34 34
1083_0020_0038_0027_0027.jpg 1 20 38 27 27
1084_0004_0004_0064_0064.jpg 1 4 4 64 64
1085_0052_0017_0036_0036.jpg 1 52 17 36 36
1086_0012_0025_0027_0027.jpg 1 12 25 27 27
1087_0021_0024_0054_0054.jpg 1 21 24 54 54
1088_0035_0012_0046_0046.jpg 1 35 12 46 46
1089_0042_0034_0028_0028.jpg 1 42 34 28 28
1090_0012_0013_0061_0061.jpg 1 12 13 61 61
1091_0052_0049_0037_0037.jpg 1 52 49 37 37
1092_0018_0028_0043_0043.jpg 1 18 28 43 43
1093_0011_0030_0057_0057.jpg 1 11 30 57 57
1094_0035_0008_0049_0049.jpg 1 35 8 49 49
1095_0017_0006_0069_0069.jpg 1 17 6 69 69
1096_0006_0006_0058_0058.jpg 1 6 6 58 58
1097_0018_0007_0050_0050.jpg 1 18 7 50 50
1098_0042_0037_0047_0047.jpg 1 42 37 47 47
1099_0012_0037_0055_0055.jpg 1 12 37 55 55
1100_0055_0025_0025_0025.jpg 1 55 25 25 25
1101_0058_0025_0028_0028.jpg 1 58 25 28 28
1102_0014_0012_0038_0038.jpg 1 14 12 38 38
1103_0045_0034_0049_0049.jpg 1 45 34 49 49
1104_0024_0024_0053_0053.jpg 1 24 24 53 53
1105_0011_0032_0058_0058.jpg 1 11 32 58 58
1106_0033_0026_0050_0050.jpg 1 33 26 50 50
1107_0007_0026_0068_0068.jpg 1 7 26 68 68
1108_0025_0010_0067_0067.jpg 1 25 10 67 67
1109_0032_0018_0048_0048.jpg 1 32 18 48 48
1110_0010_0017_0052_0052.jpg 1 10 17 52 52
1111_0007_0012_0055_0055.jpg 1 7 12 55 55
1112_0011_0007_0052_0052.jpg 1 11 7 52 52
1113_0025_0024_0063_0063.jpg 1 25 24 63 63
1114_0026_0033_0053_0053.jpg 1 26 33 53 53
1115_0028_0043_0047_0047.jpg 1 28 43 47 47
1116_0046_0032_0030_0030.jpg 1 46 32 30 30
1117_0058_0013_0030_0030.jpg 1 58 13 30 30
1118_0018_0032_0053_0053.jpg 1 18 32 53 53
1119_0016_0025_0036_0036.jpg 1 16 25 36 36
1120_0025_0027_0029_0029.jpg 1 25 27 29 29
1121_0030_0007_0061_0061.jpg 1 30 7 61 61
1122_0037_0055_0034_0034.jpg 1 37 55 34 34
1123_0052_0019_0038_0038.jpg 1 52 19 38 38
1124_0012_0025_0060_0060.jpg 1 12 25 60 60
1125_0059_0050_0026_0026.jpg 1 59 50 26 26
1126_0047_0011_0043_0043.jpg 1 47 11 43 43
1127_0047_0021_0040_0040.jpg 1 47 21 40 40
1128_0018_0045_0044_0044.jpg 1 18 45 44 44
1129_0012_0022_0031_0031.jpg 1 12 22 31 31
1130_0018_0010_0041_0041.jpg 1 18 10 41 41
1131_0018_0007_0057_0057.jpg 1 18 7 57 57
1132_0006_0045_0047_0047.jpg 1 6 45 47 47
1133_0037_0020_0049_0049.jpg 1 37 20 49 49
1134_0027_0030_0025_0025.jpg 1 27 30 25 25
1135_0040_0024_0039_0039.jpg 1 40 24 39 39
1136_0013_0052_0028_0028.jpg 1 13 52 28 28
1137_0058_0040_0032_0032.jpg 1 58 40 32 32
1138_0007_0015_0039_0039.jpg 1 7 15 39 39
1139_0005_0017_0051_0051.jpg 1 5 17 51 51
1140_0009_0005_0051_0051.jpg 1 9 5 51 51
1141_0007_0040_0046_0046.jpg 1 7 40 46 46
1142_0023_0003_0067_0067.jpg 1 23 3 67 67
1143_0024_0008_0065_0065.jpg 1 24 8 65 65
1144_0026_0046_0027_0027.jpg 1 26 46 27 27
1145_0036_0015_0047_0047.jpg 1 36 15 47 47
1146_0013_0037_0037_0037.jpg 1 13 37 37 37
1147_0024_0037_0025_0025.jpg 1 24 37 25 25
1148_0027_0026_0069_0069.jpg 1 27 26 69 69
1149_0026_0042_0047_0047.jpg 1 26 42 47 47
1150_0022_0020_0059_0059.jpg 1 22 20 59 59
1151_0019_0015_0031_0031.jpg 1 19 15 31 31
1152_0053_0009_0025_0025.jpg 1 53 9 25 25
1153_0033_0049_0041_0041.jpg 1 33 49 41 41
1154_0006_0021_0059_0059.jpg 1 6 21 59 59
1155_0058_0011_0025_0025.jpg 1 58 11 25 25
1156_0015_0010_0068_0068.jpg 1 15 10 68 68
1157_0035_0012_0058_0058.jpg 1 35 12 58 58
1158_0026_0024_0045_0045.jpg 1 26 24 45 45
1159_0012_0044_0047_0047.jpg 1 12 44 47 47
1160_0040_0022_0041_0041.jpg 1 40 22 41 41
1161_0034_0061_0025_0025.jpg 1 34 61 25 25
1162_0035_0065_0026_0026.jpg 1 35 65 26 26
1163_0043_0007_0031_0031.jpg 1 43 7 31 31
1164_0010_0029_0053_0053.jpg 1 10 29 53 53
1165_0012_0044_0042_0042.jpg 1 12 44 42 42
1166_0024_0035_0036_0036.jpg 1 24 35 36 36
1167_0038_0006_0044_0044.jpg 1 38 6 44 44
1168_0020_0025_0026_0026.jpg 1 20 25 26 26
1169_0028_0021_0050_0050.jpg 1 28 21 50 50
1170_0016_0036_0058_0058.jpg 1 16 36 58 58
1171_0020_0030_0052_0052.jpg 1 20 30 52 52
1172_0021_0025_0069_0069.jpg 1 21 25 69 69
1173_0004_0005_0061_0061.jpg 1 4 5 61 61
1174_0056_0037_0032_0032.jpg 1 56 37 32 32
1175_0043_0048_0038_0038.jpg 1 43 48 38 38
1176_0048_0010_0029_0029.jpg 1 48 10 29 29
1177_0026_0007_0068_0068.jpg 1 26 7 68 68
1178_0008_0013_0037_0037.jpg 1 8 13 37 37
1179_0013_0031_0062_0062.jpg 1 13 31 62 62
1180_0033_0048_0031_0031.jpg 1 33 48 31 31
1181_0032_0036_0059_0059.jpg 1 32 36 59 59
1182_0021_0037_0058_0058.jpg 1 21 37 58 58
1183_0036_0017_0055_0055.jpg 1 36 17 55 55
1184_0006_0017_0038_0038.jpg 1 6 17 38 38
1185_0006_0005_0067_0067.jpg 1 6 5 67 67
1186_0029_0029_0060_0060.jpg 1 29 29 60 60
1187_0011_0032_0027_0027.jpg 1 11 32 27 27
1188_0005_0006_0069_0069.jpg 1 5 6 69 69
1189_0043_0017_0030_0030.jpg 1 43 17 30 30
1190_0021_0018_0053_0053.jpg 1 21 18 53 53
1191_0045_0006_0044_0044.jpg 1 45 6 44 44
1192_0042_0024_0050_0050.jpg 1 42 24 50 50
1193_0043_0024_0047_0047.jpg 1 43 24 47 47
1194_0007_0014_0060_0060.jpg 1 7 14 60 60
1195_0019_0013_0040_0040.jpg 1 19 13 40 40
1196_0015_0018_0058_0058.jpg 1 15 18 58 58
1197_0026_0056_0033_0033.jpg 1 26 56 33 33
1198_0023_0029_0051_0051.jpg 1 23 29 51 51
1199_0044_0018_0044_0044.jpg 1 44 18 44 44
1200_0031_0007_0057_0057.jpg 1 31 7 57 57
1201_0010_0018_0031_0031.jpg 1 10 18 31 31
1202_0020_0034_0055_0055.jpg 1 20 34 55 55
1203_0034_0010_0057_0057.jpg 1 34 10 57 57
1204_0031_0025_0033_0033.jpg 1 31 25 33 33
1205_0036_0042_0032_0032.jpg 1 36 42 32 32
1206_0024_0036_0041_0041.jpg 1 24 36 41 41
1207_0061_0034_0029_0029.jpg 1 61 34 29 29
1208_0050_0018_0035_0035.jpg 1 50 18 35 35
1209_0038_0025_0056_0056.jpg 1 38 25 56 56
1210_0031_0015_0059_0059.jpg 1 31 15 59 59
1211_0011_0006_0050_0050.jpg 1 11 6 50 50
1212_0042_0045_0027_0027.jpg 1 42 45 27 27
1213_0014_0023_0061_0061.jpg 1 14 23 61 61
1214_0022_0043_0049_0049.jpg 1 22 43 49 49
1215_0034_0064_0026_0026.jpg 1 34 64 26 26
1216_0007_0008_0068_0068.jpg 1 7 8 68 68
1217_0033_0013_0053_0053.jpg 1 33 13 53 53
1218_0045_0022_0048_0048.jpg 1 45 22 48 48
1219_0007_0013_0039_0039.jpg 1 7 13 39 39
1220_0030_0026_0053_0053.jpg 1 30 26 53 53
1221_0007_0043_0047_0047.jpg 1 7 43 47 47
1222_0004_0019_0066_0066.jpg 1 4 19 66 66
1223_0014_0036_0058_0058.jpg 1 14 36 58 58
1224_0055_0029_0028_0028.jpg 1 55 29 28 28
1225_0011_0009_0055_0055.jpg 1 11 9 55 55
1226_0030_0028_0055_0055.jpg 1 30 28 55 55
1227_0004_0005_0064_0064.jpg 1 4 5 64 64
1228_0058_0040_0031_0031.jpg 1 58 40 31 31
1229_0021_0021_0064_0064.jpg 1 21 21 64 64
1230_0046_0033_0036_0036.jpg 1 46 33 36 36
1231_0008_0003_0064_0064.jpg 1 8 3 64 64
1232_0020_0039_0049_0049.jpg 1 20 39 49 49
1233_0036_0049_0039_0039.jpg 1 36 49 39 39
1234_0010_0011_0066_0066.jpg 1 10 11 66 66
1235_0015_0030_0063_0063.jpg 1 15 30 63 63
1236_0016_0037_0046_0046.jpg 1 16 37 46 46
1237_0030_0049_0040_0040.jpg 1 30 49 40 40
1238_0006_0027_0040_0040.jpg 1 6 27 40 40
1239_0048_0022_0030_0030.jpg 1 48 22 30 30
1240_0026_0050_0029_0029.jpg 1 26 50 29 29
1241_0040_0016_0038_0038.jpg 1 40 16 38 38
1242_0030_0012_0058_0058.jpg 1 30 12 58 58
1243_0038_0052_0037_0037.jpg 1 38 52 37 37
1244_0017_0037_0058_0058.jpg 1 17 37 58 58
1245_0005_0016_0059_0059.jpg 1 5 16 59 59
1246_0030_0012_0051_0051.jpg 1 30 12 51 51
1247_0038_0038_0040_0040.jpg 1 38 38 40 40
1248_0009_0039_0025_0025.jpg 1 9 39 25 25
1249_0025_0007_0047_0047.jpg 1 25 7 47 47
1250_0010_0012_0031_0031.jpg 1 10 12 31 31
1251_0008_0020_0055_0055.jpg 1 8 20 55 55
1252_0040_0040_0036_0036.jpg 1 40 40 36 36
1253_0042_0023_0046_0046.jpg 1 42 23 46 46
1254_0010_0048_0046_0046.jpg 1 10 48 46 46
1255_0030_0041_0045_0045.jpg 1 30 41 45 45
1256_0015_0037_0042_0042.jpg 1 15 37 42 42
1257_0038_0006_0054_0054.jpg 1 38 6 54 54
1258_0007_0004_0065_0065.jpg 1 7 4 65 65
1259_0008_0015_0054_0054.jpg 1 8 15 54 54
1260_0031_0024_0058_0058.jpg 1 31 24 58 58
1261_0015_0021_0026_0026.jpg 1 15 21 26 26
1262_0025_0056_0031_0031.jpg 1 25 56 31 31
1263_0005_0025_0062_0062.jpg 1 5 25 62 62
1264_0044_0008_0044_0044.jpg 1 44 8 44 44
1265_0031_0021_0039_0039.jpg 1 31 21 39 39
1266_0027_0019_0059_0059.jpg 1 27 19 59 59
1267_0055_0014_0034_0034.jpg 1 55 14 34 34
1268_0026_0020_0061_0061.jpg 1 26 20 61 61
1269_0007_0047_0033_0033.jpg 1 7 47 33 33
1270_0004_0015_0065_0065.jpg 1 4 15 65 65
1271_0021_0027_0044_0044.jpg 1 21 27 44 44
1272_0010_0037_0043_0043.jpg 1 10 37 43 43
1273_0032_0018_0039_0039.jpg 1 32 18 39 39
1274_0014_0026_0057_0057.jpg 1 14 26 57 57
1275_0015_0035_0042_0042.jpg 1 15 35 42 42
1276_0034_0033_0035_0035.jpg 1 34 33 35 35
1277_0041_0024_0037_0037.jpg 1 41 24 37 37
1278_0011_0009_0054_0054.jpg 1 11 9 54 54
1279_0023_0025_0052_0052.jpg 1 23 25 52 52
1280_0030_0013_0038_0038.jpg 1 30 13 38 38
1281_0011_0062_0026_0026.jpg 1 11 62 26 26
1282_0016_0027_0056_0056.jpg 1 16 27 56 56
1283_0021_0036_0035_0035.jpg 1 21 36 35 35
1284_0035_0023_0056_0056.jpg 1 35 23 56 56
1285_0044_0006_0035_0035.jpg 1 44 6 35 35
1286_0008_0013_0061_0061.jpg 1 8 13 61 61
1287_0021_0035_0028_0028.jpg 1 21 35 28 28
1288_0010_0043_0049_0049.jpg 1 10 43 49 49
1289_0016_0021_0066_0066.jpg 1 16 21 66 66
1290_0015_0044_0033_0033.jpg 1 15 44 33 33
1291_0026_0040_0046_0046.jpg 1 26 40 46 46
1292_0028_0032_0054_0054.jpg 1 28 32 54 54
1293_0056_0057_0036_0036.jpg 1 56 57 36 36
1294_0013_0036_0051_0051.jpg 1 13 36 51 51
1295_0058_0016_0024_0024.jpg 1 58 16 24 24
1296_0009_0023_0040_0040.jpg 1 9 23 40 40
1297_0040_0044_0043_0043.jpg 1 40 44 43 43
1298_0011_0012_0052_0052.jpg 1 11 12 52 52
1299_0027_0008_0028_0028.jpg 1 27 8 28 28
1300_0040_0058_0032_0032.jpg 1 40 58 32 32
1301_0012_0013_0050_0050.jpg 1 12 13 50 50
1302_0044_0024_0036_0036.jpg 1 44 24 36 36
1303_0033_0008_0035_0035.jpg 1 33 8 35 35
1304_0008_0015_0063_0063.jpg 1 8 15 63 63
1305_0015_0021_0034_0034.jpg 1 15 21 34 34
1306_0044_0039_0041_0041.jpg 1 44 39 41 41
1307_0042_0026_0051_0051.jpg 1 42 26 51 51
1308_0009_0033_0053_0053.jpg 1 9 33 53 53
1309_0030_0008_0038_0038.jpg 1 30 8 38 38
1310_0044_0006_0048_0048.jpg 1 44 6 48 48
1311_0043_0039_0049_0049.jpg 1 43 39 49 49
1312_0039_0015_0047_0047.jpg 1 39 15 47 47
1313_0017_0008_0064_0064.jpg 1 17 8 64 64
1314_0022_0011_0066_0066.jpg 1 22 11 66 66
1315_0023_0027_0065_0065.jpg 1 23 27 65 65
1316_0021_0055_0032_0032.jpg 1 21 55 32 32
1317_0062_0062_0027_0027.jpg 1 62 62 27 27
1318_0007_0014_0060_0060.jpg 1 7 14 60 60
1319_0041_0034_0053_0053.jpg 1 41 34 53 53
1320_0033_0027_0037_0037.jpg 1 33 27 37 37
1321_0017_0042_0045_0045.jpg 1 17 42 45 45
1322_0007_0037_0054_0054.jpg 1 7 37 54 54
1323_0055_0010_0038_0038.jpg 1 55 10 38 38
1324_0011_0018_0055_0055.jpg 1 11 18 55 55
1325_0063_0012_0025_0025.jpg 1 63 12 25 25
1326_0023_0028_0044_0044.jpg 1 23 28 44 44
1327_0032_0006_0051_0051.jpg 1 32 6 51 51
1328_0016_0044_0039_0039.jpg 1 16 44 39 39
1329_0049_0017_0031_0031.jpg 1 49 17 31 31
1330_0009_0006_0049_0049.jpg 1 9 6 49 49
1331_0032_0022_0044_0044.jpg 1 32 22 44 44
1332_0038_0046_0038_0038.jpg 1 38 46 38 38
1333_0012_0016_0036_0036.jpg 1 12 16 36 36
1334_0024_0022_0034_0034.jpg 1 24 22 34 34
1335_0037_0041_0049_0049.jpg 1 37 41 49 49
1336_0019_0012_0062_0062.jpg 1 19 12 62 62
1337_0022_0050_0030_0030.jpg 1 22 50 30 30
1338_0018_0011_0054_0054.jpg 1 18 11 54 54
1339_0040_0045_0041_0041.jpg 1 40 45 41 41
1340_0017_0017_0062_0062.jpg 1 17 17 62 62
1341_0019_0021_0061_0061.jpg 1 19 21 61 61
1342_0025_0035_0027_0027.jpg 1 25 35 27 27
1343_0013_0021_0051_0051.jpg 1 13 21 51 51
1344_0018_0011_0067_0067.jpg 1 18 11 67 67
1345_0033_0014_0050_0050.jpg 1 33 14 50 50
1346_0015_0047_0045_0045.jpg 1 15 47 45 45
1347_0023_0019_0057_0057.jpg 1 23 19 57 57
1348_0043_0026_0041_0041.jpg 1 43 26 41 41
1349_0036_0030_0054_0054.jpg 1 36 30 54 54
1350_0020_0012_0064_0064.jpg 1 20 12 64 64
1351_0018_0025_0067_0067.jpg 1 18 25 67 67
1352_0009_0041_0040_0040.jpg 1 9 41 40 40
1353_0025_0014_0053_0053.jpg 1 25 14 53 53
1354_0025_0023_0065_0065.jpg 1 25 23 65 65
1355_0027_0026_0059_0059.jpg 1 27 26 59 59
1356_0039_0035_0055_0055.jpg 1 39 35 55 55
1357_0036_0063_0024_0024.jpg 1 36 63 24 24
1358_0039_0027_0030_0030.jpg 1 39 27 30 30
1359_0021_0014_0064_0064.jpg 1 21 14 64 64
1360_0012_0029_0036_0036.jpg 1 12 29 36 36
1361_0021_0007_0066_0066.jpg 1 21 7 66 66
1362_0014_0034_0027_0027.jpg 1 14 34 27 27
1363_0029_0049_0034_0034.jpg 1 29 49 34 34
1364_0045_0033_0049_0049.jpg 1 45 33 49 49
1365_0022_0011_0065_0065.jpg 1 22 11 65 65
1366_0049_0023_0044_0044.jpg 1 49 23 44 44
1367_0030_0007_0035_0035.jpg 1 30 7 35 35
1368_0005_0042_0041_0041.jpg 1 5 42 41 41
1369_0032_0025_0055_0055.jpg 1 32 25 55 55
1370_0032_0021_0056_0056.jpg 1 32 21 56 56
1371_0013_0025_0025_0025.jpg 1 13 25 25 25
1372_0005_0022_0069_0069.jpg 1 5 22 69 69
1373_0013_0005_0068_0068.jpg 1 13 5 68 68
1374_0006_0028_0055_0055.jpg 1 6 28 55 55
1375_0012_0038_0041_0041.jpg 1 12 38 41 41
1376_0009_0022_0055_0055.jpg 1 9 22 55 55
1377_0011_0022_0044_0044.jpg 1 11 22 44 44
1378_0014_0033_0045_0045.jpg 1 14 33 45 45
1379_0019_0025_0051_0051.jpg 1 19 25 51 51
1380_0010_0018_0024_0024.jpg 1 10 18 24 24
1381_0005_0040_0054_0054.jpg 1 5 40 54 54
1382_0022_0011_0064_0064.jpg 1 22 11 64 64
1383_0009_0022_0055_0055.jpg 1 9 22 55 55
1384_0009_0019_0040_0040.jpg 1 9 19 40 40
1385_0010_0037_0029_0029.jpg 1 10 37 29 29
1386_0027_0025_0034_0034.jpg 1 27 25 34 34
1387_0042_0032_0027_0027.jpg 1 42 32 27 27
1388_0019_0046_0047_0047.jpg 1 19 46 47 47
1389_0028_0039_0053_0053.jpg 1 28 39 53 53
1390_0012_0047_0030_0030.jpg 1 12 47 30 30
1391_0022_0029_0048_0048.jpg 1 22 29 48 48
1392_0058_0032_0024_0024.jpg 1 58 32 24 24
1393_0024_0037_0057_0057.jpg 1 24 37 57 57
1394_0060_0043_0030_0030.jpg 1 60 43 30 30
1395_0044_0025_0045_0045.jpg 1 44 25 45 45
1396_0023_0031_0044_0044.jpg 1 23 31 44 44
1397_0021_0022_0062_0062.jpg 1 21 22 62 62
1398_0039_0032_0047_0047.jpg 1 39 32 47 47
1399_0024_0020_0062_0062.jpg 1 24 20 62 62
1400_0026_0017_0030_0030.jpg 1 26 17 30 30
1401_0020_0017_0066_0066.jpg 1 20 17 66 66
1402_0026_0033_0039_0039.jpg 1 26 33 39 39
1403_0026_0020_0068_0068.jpg 1 26 20 68 68
1404_0055_0018_0030_0030.jpg 1 55 18 30 30
1405_0007_0035_0036_0036.jpg 1 7 35 36 36
1406_0025_0042_0030_0030.jpg 1 25 42 30 30
1407_0029_0021_0046_0046.jpg 1 29 21 46 46
1408_0008_0027_0030_0030.jpg 1 8 27 30 30
1409_0007_0022_0051_0051.jpg 1 7 22 51 51
1410_0022_0018_0031_0031.jpg 1 22 18 31 31
1411_0058_0012_0030_0030.jpg 1 58 12 30 30
1412_0021_0013_0061_0061.jpg 1 21 13 61 61
1413_0049_0062_0030_0030.jpg 1 49 62 30 30
1414_0007_0044_0040_0040.jpg 1 7 44 40 40
1415_0005_0034_0058_0058.jpg 1 5 34 58 58
1416_0025_0022_0053_0053.jpg 1 25 22 53 53
1417_0032_0029_0059_0059.jpg 1 32 29 59 59
1418_0020_0021_0048_0048.jpg 1 20 21 48 48
1419_0042_0018_0039_0039.jpg 1 42 18 39 39
1420_0010_0007_0067_0067.jpg 1 10 7 67 67
1421_0032_0024_0029_0029.jpg 1 32 24 29 29
1422_0026_0010_0065_0065.jpg 1 26 10 65 65
1423_0026_0016_0047_0047.jpg 1 26 16 47 47
1424_0007_0013_0045_0045.jpg 1 7 13 45 45
1425_0029_0017_0037_0037.jpg 1 29 17 37 37
1426_0005_0044_0049_0049.jpg 1 5 44 49 49
1427_0012_0012_0059_0059.jpg 1 12 12 59 59
1428_0034_0034_0053_0053.jpg 1 34 34 53 53
1429_0048_0031_0042_0042.jpg 1 48 31 42 42
1430_0038_0034_0037_0037.jpg 1 38 34 37 37
1431_0012_0016_0043_0043.jpg 1 12 16 43 43
1432_0016_0003_0068_0068.jpg 1 16 3 68 68
1433_0026_0019_0026_0026.jpg 1 26 19 26 26
1434_0020_0016_0041_0041.jpg 1 20 16 41 41
1435_0004_0013_0059_0059.jpg 1 4 13 59 59
1436_0061_0009_0028_0028.jpg 1 61 9 28 28
1437_0020_0004_0066_0066.jpg 1 20 4 66 66
1438_0015_0040_0047_0047.jpg 1 15 40 47 47
1439_0034_0019_0054_0054.jpg 1 34 19 54 54
1440_0012_0021_0052_0052.jpg 1 12 21 52 52
1441_0006_0029_0043_0043.jpg 1 6 29 43 43
1442_0016_0010_0062_0062.jpg 1 16 10 62 62
1443_0007_0009_0054_0054.jpg 1 7 9 54 54
1444_0024_0064_0024_0024.jpg 1 24 64 24 24
1445_0027_0017_0056_0056.jpg 1 27 17 56 56
1446_0011_0027_0049_0049.jpg 1 11 27 49 49
1447_0015_0025_0028_0028.jpg 1 15 25 28 28
1448_0053_0047_0025_0025.jpg 1 53 47 25 25
1449_0021_0029_0048_0048.jpg 1 21 29 48 48
1450_0011_0028_0044_0044.jpg 1 11 28 44 44
1451_0020_0027_0058_0058.jpg 1 20 27 58 58
1452_0044_0012_0037_0037.jpg 1 44 12 37 37
1453_0013_0019_0056_0056.jpg 1 13 19 56 56
1454_0048_0018_0035_0035.jpg 1 48 18 35 35
1455_0004_0022_0067_0067.jpg 1 4 22 67 67
1456_0024_0024_0040_0040.jpg 1 24 24 40 40
1457_0005_0011_0062_0062.jpg 1 5 11 62 62
1458_0017_0028_0034_0034.jpg 1 17 28 34 34
1459_0035_0043_0050_0050.jpg 1 35 43 50 50
1460_0011_0056_0032_0032.jpg 1 11 56 32 32
1461_0018_0015_0025_0025.jpg 1 18 15 25 25
1462_0030_0027_0045_0045.jpg 1 30 27 45 45
1463_0032_0041_0026_0026.jpg 1 32 41 26 26
1464_0060_0048_0029_0029.jpg 1 60 48 29 29
1465_0034_0028_0044_0044.jpg 1 34 28 44 44
1466_0008_0014_0057_0057.jpg 1 8 14 57 57
1467_0042_0035_0030_0030.jpg 1 42 35 30 30
1468_0017_0008_0069_0069.jpg 1 17 8 69 69
1469_0035_0010_0059_0059.jpg 1 35 10 59 59
1470_0037_0033_0042_0042.jpg 1 37 33 42 42
1471_0015_0015_0061_0061.jpg 1 15 15 61 61
1472_0031_0039_0048_0048.jpg 1 31 39 48 48
1473_0043_0023_0044_0044.jpg 1 43 23 44 44
1474_0023_0035_0038_0038.jpg 1 23 35 38 38
1475_0047_0034_0035_0035.jpg 1 47 34 35 35
1476_0026_0042_0024_0024.jpg 1 26 42 24 24
1477_0042_0037_0047_0047.jpg 1 42 37 47 47
1478_0014_0022_0069_0069.jpg 1 14 22 69 69
1479_0021_0026_0060_0060.jpg 1 21 26 60 60
1480_0016_0052_0026_0026.jpg 1 16 52 26 26
1481_0016_0036_0031_0031.jpg 1 16 36 31 31
1482_0035_0006_0056_0056.jpg 1 35 6 56 56
1483_0035_0011_0047_0047.jpg 1 35 11 47 47
1484_0031_0006_0045_0045.jpg 1 31 6 45 45
1485_0008_0003_0069_0069.jpg 1 8 3 69 69
1486_0045_0032_0034_0034.jpg 1 45 32 34 34
1487_0032_0038_0056_0056.jpg 1 32 38 56 56
1488_0031_0022_0060_0060.jpg 1 31 22 60 60
1489_0019_0023_0060_0060.jpg 1 19 23 60 60
1490_0017_0004_0060_0060.jpg 1 17 4 60 60
1491_0049_0054_0035_0035.jpg 1 49 54 35 35
1492_0006_0012_0066_0066.jpg 1 6 12 66 66
1493_0021_0024_0068_0068.jpg 1 21 24 68 68
1494_0024_0021_0025_0025.jpg 1 24 21 25 25
1495_0038_0033_0055_0055.jpg 1 38 33 55 55
1496_0010_0034_0058_0058.jpg 1 10 34 58 58
1497_0026_0021_0024_0024.jpg 1 26 21 24 24
1498_0028_0009_0029_0029.jpg 1 28 9 29 29
1499_0009_0009_0064_0064.jpg 1 9 9 64 64
1500_0007_0011_0067_0067.jpg 1 7 11 67 67
1501_0005_0027_0063_0063.jpg 1 5 27 63 63
1502_0027_0040_0051_0051.jpg 1 27 40 51 51
1503_0018_0004_0059_0059.jpg 1 18 4 59 59
1504_0027_0033_0054_0054.jpg 1 27 33 54 54
1505_0010_0016_0027_0027.jpg 1 10 16 27 27
1506_0011_0024_0069_0069.jpg 1 11 24 69 69
1507_0014_0024_0065_0065.jpg 1 14 24 65 65
1508_0020_0029_0056_0056.jpg 1 20 29 56 56
1509_0054_0059_0029_0029.jpg 1 54 59 29 29
1510_0007_0008_0068_0068.jpg 1 7 8 68 68
1511_0028_0026_0065_0065.jpg 1 28 26 65 65
1512_0026_0004_0054_0054.jpg 1 26 4 54 54
1513_0012_0029_0056_0056.jpg 1 12 29 56 56
1514_0021_0011_0062_0062.jpg 1 21 11 62 62
1515_0033_0052_0032_0032.jpg 1 33 52 32 32
1516_0046_0047_0039_0039.jpg 1 46 47 39 39
1517_0015_0007_0034_0034.jpg 1 15 7 34 34
1518_0005_0021_0066_0066.jpg 1 5 21 66 66
1519_0030_0009_0062_0062.jpg 1 30 9 62 62
1520_0054_0012_0030_0030.jpg 1 54 12 30 30
1521_0027_0017_0059_0059.jpg 1 27 17 59 59
1522_0032_0020_0061_0061.jpg 1 32 20 61 61
1523_0019_0021_0029_0029.jpg 1 19 21 29 29
1524_0043_0032_0028_0028.jpg 1 43 32 28 28
1525_0011_0015_0065_0065.jpg 1 11 15 65 65
1526_0005_0027_0059_0059.jpg 1 5 27 59 59
1527_0043_0036_0047_0047.jpg 1 43 36 47 47
1528_0038_0016_0049_0049.jpg 1 38 16 49 49
1529_0034_0035_0047_0047.jpg 1 34 35 47 47
1530_0006_0036_0056_0056.jpg 1 6 36 56 56
1531_0045_0057_0025_0025.jpg 1 45 57 25 25
1532_0033_0033_0054_0054.jpg 1 33 33 54 54
1533_0038_0013_0054_0054.jpg 1 38 13 54 54
1534_0006_0016_0066_0066.jpg 1 6 16 66 66
1535_0026_0044_0039_0039.jpg 1 26 44 39 39
1536_0046_0053_0027_0027.jpg 1 46 53 27 27
1537_0035_0020_0047_0047.jpg 1 35 20 47 47
1538_0015_0028_0066_0066.jpg 1 15 28 66 66
1539_0010_0034_0039_0039.jpg 1 10 34 39 39
1540_0020_0029_0064_0064.jpg 1 20 29 64 64
1541_0056_0053_0033_0033.jpg 1 56 53 33 33
1542_0020_0035_0025_0025.jpg 1 20 35 25 25
1543_0022_0024_0045_0045.jpg 1 22 24 45 45
1544_0031_0046_0027_0027.jpg 1 31 46 27 27
1545_0014_0021_0039_0039.jpg 1 14 21 39 39
1546_0003_0003_0068_0068.jpg 1 3 3 68 68
1547_0010_0019_0068_0068.jpg 1 10 19 68 68
1548_0037_0028_0044_0044.jpg 1 37 28 44 44
1549_0011_0023_0046_0046.jpg 1 11 23 46 46
1550_0025_0023_0067_0067.jpg 1 25 23 67 67
1551_0030_0025_0026_0026.jpg 1 30 25 26 26
1552_0044_0048_0032_0032.jpg 1 44 48 32 32
1553_0038_0046_0040_0040.jpg 1 38 46 40 40
1554_0055_0046_0034_0034.jpg 1 55 46 34 34
1555_0037_0012_0043_0043.jpg 1 37 12 43 43
1556_0033_0055_0036_0036.jpg 1 33 55 36 36
1557_0026_0022_0069_0069.jpg 1 26 22 69 69
1558_0008_0029_0029_0029.jpg 1 8 29 29 29
1559_0033_0030_0029_0029.jpg 1 33 30 29 29
1560_0019_0041_0042_0042.jpg 1 19 41 42 42
1561_0030_0038_0050_0050.jpg 1 30 38 50 50
1562_0050_0026_0043_0043.jpg 1 50 26 43 43
1563_0012_0010_0060_0060.jpg 1 12 10 60 60
1564_0041_0011_0039_0039.jpg 1 41 11 39 39
1565_0006_0005_0069_0069.jpg 1 6 5 69 69
1566_0058_0051_0029_0029.jpg 1 58 51 29 29
1567_0019_0014_0048_0048.jpg 1 19 14 48 48
1568_0005_0019_0049_0049.jpg 1 5 19 49 49
1569_0030_0028_0030_0030.jpg 1 30 28 30 30
1570_0014_0018_0069_0069.jpg 1 14 18 69 69
1571_0031_0041_0025_0025.jpg 1 31 41 25 25
1572_0006_0013_0067_0067.jpg 1 6 13 67 67
1573_0005_0014_0058_0058.jpg 1 5 14 58 58
1574_0024_0021_0069_0069.jpg 1 24 21 69 69
1575_0039_0012_0053_0053.jpg 1 39 12 53 53
1576_0009_0050_0036_0036.jpg 1 9 50 36 36
1577_0015_0033_0054_0054.jpg 1 15 33 54 54
1578_0068_0030_0024_0024.jpg 1 68 30 24 24
1579_0026_0017_0067_0067.jpg 1 26 17 67 67
1580_0027_0009_0030_0030.jpg 1 27 9 30 30
1581_0016_0009_0069_0069.jpg 1 16 9 69 69
1582_0050_0037_0033_0033.jpg 1 50 37 33 33
1583_0020_0055_0027_0027.jpg 1 20 55 27 27
1584_0031_0028_0065_0065.jpg 1 31 28 65 65
1585_0021_0031_0025_0025.jpg 1 21 31 25 25
1586_0022_0006_0065_0065.jpg 1 22 6 65 65
1587_0014_0012_0028_0028.jpg 1 14 12 28 28
1588_0031_0036_0028_0028.jpg 1 31 36 28 28
1589_0025_0024_0065_0065.jpg 1 25 24 65 65
1590_0065_0022_0026_0026.jpg 1 65 22 26 26
1591_0037_0016_0055_0055.jpg 1 37 16 55 55
1592_0020_0016_0060_0060.jpg 1 20 16 60 60
1593_0008_0017_0053_0053.jpg 1 8 17 53 53
1594_0040_0025_0050_0050.jpg 1 40 25 50 50
1595_0039_0034_0052_0052.jpg 1 39 34 52 52
1596_0017_0006_0062_0062.jpg 1 17 6 62 62
1597_0045_0050_0044_0044.jpg 1 45 50 44 44
1598_0015_0013_0059_0059.jpg 1 15 13 59 59
1599_0038_0032_0035_0035.jpg 1 38 32 35 35
1600_0025_0016_0065_0065.jpg 1 25 16 65 65
1601_0015_0004_0067_0067.jpg 1 15 4 67 67
1602_0024_0030_0060_0060.jpg 1 24 30 60 60
1603_0022_0031_0041_0041.jpg 1 22 31 41 41
1604_0018_0006_0059_0059.jpg 1 18 6 59 59
1605_0016_0005_0061_0061.jpg 1 16 5 61 61
1606_0048_0011_0032_0032.jpg 1 48 11 32 32
1607_0016_0021_0055_0055.jpg 1 16 21 55 55
1608_0017_0008_0058_0058.jpg 1 17 8 58 58
1609_0043_0047_0046_0046.jpg 1 43 47 46 46
1610_0007_0029_0032_0032.jpg 1 7 29 32 32
1611_0025_0018_0031_0031.jpg 1 25 18 31 31
1612_0052_0061_0030_0030.jpg 1 52 61 30 30
1613_0043_0021_0038_0038.jpg 1 43 21 38 38
1614_0022_0006_0057_0057.jpg 1 22 6 57 57
1615_0013_0006_0053_0053.jpg 1 13 6 53 53
1616_0028_0026_0045_0045.jpg 1 28 26 45 45
1617_0035_0014_0047_0047.jpg 1 35 14 47 47
1618_0040_0014_0050_0050.jpg 1 40 14 50 50
1619_0032_0018_0051_0051.jpg 1 32 18 51 51
1620_0041_0049_0041_0041.jpg 1 41 49 41 41
1621_0041_0038_0049_0049.jpg 1 41 38 49 49
1622_0053_0028_0033_0033.jpg 1 53 28 33 33
1623_0027_0026_0061_0061.jpg 1 27 26 61 61
1624_0045_0027_0043_0043.jpg 1 45 27 43 43
1625_0028_0023_0044_0044.jpg 1 28 23 44 44
1626_0008_0060_0026_0026.jpg 1 8 60 26 26
1627_0018_0008_0066_0066.jpg 1 18 8 66 66
1628_0004_0010_0061_0061.jpg 1 4 10 61 61
1629_0028_0018_0063_0063.jpg 1 28 18 63 63
1630_0009_0018_0067_0067.jpg 1 9 18 67 67
1631_0022_0023_0057_0057.jpg 1 22 23 57 57
1632_0015_0020_0062_0062.jpg 1 15 20 62 62
1633_0018_0047_0036_0036.jpg 1 18 47 36 36
1634_0023_0047_0028_0028.jpg 1 23 47 28 28
1635_0033_0037_0055_0055.jpg 1 33 37 55 55
1636_0028_0023_0051_0051.jpg 1 28 23 51 51
1637_0061_0026_0024_0024.jpg 1 61 26 24 24
1638_0033_0021_0051_0051.jpg 1 33 21 51 51
1639_0027_0037_0057_0057.jpg 1 27 37 57 57
1640_0007_0018_0056_0056.jpg 1 7 18 56 56
1641_0034_0009_0025_0025.jpg 1 34 9 25 25
1642_0042_0050_0031_0031.jpg 1 42 50 31 31
1643_0005_0018_0066_0066.jpg 1 5 18 66 66
1644_0014_0017_0055_0055.jpg 1 14 17 55 55
1645_0022_0004_0059_0059.jpg 1 22 4 59 59
1646_0021_0024_0064_0064.jpg 1 21 24 64 64
1647_0014_0012_0069_0069.jpg 1 14 12 69 69
1648_0037_0021_0029_0029.jpg 1 37 21 29 29
1649_0038_0006_0057_0057.jpg 1 38 6 57 57
1650_0012_0029_0039_0039.jpg 1 12 29 39 39
1651_0005_0010_0063_0063.jpg 1 5 10 63 63
1652_0030_0018_0040_0040.jpg 1 30 18 40 40
1653_0026_0026_0039_0039.jpg 1 26 26 39 39
1654_0017_0015_0065_0065.jpg 1 17 15 65 65
1655_0031_0028_0043_0043.jpg 1 31 28 43 43
1656_0047_0041_0047_0047.jpg 1 47 41 47 47
1657_0051_0018_0039_0039.jpg 1 51 18 39 39
1658_0029_0023_0033_0033.jpg 1 29 23 33 33
1659_0047_0024_0047_0047.jpg 1 47 24 47 47
1660_0033_0023_0044_0044.jpg 1 33 23 44 44
1661_0042_0030_0046_0046.jpg 1 42 30 46 46
1662_0056_0050_0024_0024.jpg 1 56 50 24 24
1663_0018_0022_0058_0058.jpg 1 18 22 58 58
1664_0020_0027_0034_0034.jpg 1 20 27 34 34
1665_0031_0019_0058_0058.jpg 1 31 19 58 58
1666_0028_0007_0041_0041.jpg 1 28 7 41 41
1667_0010_0032_0027_0027.jpg 1 10 32 27 27
1668_0020_0027_0064_0064.jpg 1 20 27 64 64
1669_0046_0013_0047_0047.jpg 1 46 13 47 47
1670_0023_0032_0025_0025.jpg 1 23 32 25 25
1671_0029_0028_0065_0065.jpg 1 29 28 65 65
1672_0045_0009_0028_0028.jpg 1 45 9 28 28
1673_0023_0013_0039_0039.jpg 1 23 13 39 39
1674_0008_0008_0039_0039.jpg 1 8 8 39 39
1675_0064_0043_0026_0026.jpg 1 64 43 26 26
1676_0032_0021_0040_0040.jpg 1 32 21 40 40
1677_0024_0026_0053_0053.jpg 1 24 26 53 53
1678_0035_0012_0042_0042.jpg 1 35 12 42 42
1679_0022_0023_0052_0052.jpg 1 22 23 52 52
1680_0026_0028_0058_0058.jpg 1 26 28 58 58
1681_0037_0036_0041_0041.jpg 1 37 36 41 41
1682_0026_0005_0062_0062.jpg 1 26 5 62 62
1683_0016_0028_0068_0068.jpg 1 16 28 68 68
1684_0037_0031_0026_0026.jpg 1 37 31 26 26
1685_0015_0035_0029_0029.jpg 1 15 35 29 29
1686_0025_0025_0064_0064.jpg 1 25 25 64 64
1687_0017_0044_0047_0047.jpg 1 17 44 47 47
1688_0048_0026_0044_0044.jpg 1 48 26 44 44
1689_0028_0006_0039_0039.jpg 1 28 6 39 39
1690_0021_0026_0026_0026.jpg 1 21 26 26 26
1691_0037_0038_0042_0042.jpg 1 37 38 42 42
1692_0052_0062_0030_0030.jpg 1 52 62 30 30
1693_0035_0035_0057_0057.jpg 1 35 35 57 57
1694_0039_0010_0036_0036.jpg 1 39 10 36 36
1695_0006_0024_0068_0068.jpg 1 6 24 68 68
1696_0055_0043_0029_0029.jpg 1 55 43 29 29
1697_0013_0007_0063_0063.jpg 1 13 7 63 63
1698_0045_0050_0032_0032.jpg 1 45 50 32 32
1699_0019_0027_0038_0038.jpg 1 19 27 38 38
1700_0041_0037_0054_0054.jpg 1 41 37 54 54
1701_0041_0061_0025_0025.jpg 1 41 61 25 25
1702_0020_0034_0024_0024.jpg 1 20 34 24 24
1703_0024_0030_0050_0050.jpg 1 24 30 50 50
1704_0033_0041_0032_0032.jpg 1 33 41 32 32
1705_0014_0028_0041_0041.jpg 1 14 28 41 41
1706_0016_0017_0044_0044.jpg 1 16 17 44 44
1707_0044_0012_0047_0047.jpg 1 44 12 47 47
1708_0048_0036_0035_0035.jpg 1 48 36 35 35
1709_0043_0014_0042_0042.jpg 1 43 14 42 42
1710_0035_0011_0026_0026.jpg 1 35 11 26 26
1711_0008_0030_0056_0056.jpg 1 8 30 56 56
1712_0022_0030_0062_0062.jpg 1 22 30 62 62
1713_0035_0038_0053_0053.jpg 1 35 38 53 53
1714_0020_0022_0066_0066.jpg 1 20 22 66 66
1715_0030_0021_0041_0041.jpg 1 30 21 41 41
1716_0042_0020_0052_0052.jpg 1 42 20 52 52
1717_0045_0037_0027_0027.jpg 1 45 37 27 27
1718_0020_0041_0043_0043.jpg 1 20 41 43 43
1719_0008_0028_0065_0065.jpg 1 8 28 65 65
1720_0034_0029_0054_0054.jpg 1 34 29 54 54
1721_0032_0020_0057_0057.jpg 1 32 20 57 57
1722_0032_0024_0052_0052.jpg 1 32 24 52 52
1723_0015_0048_0027_0027.jpg 1 15 48 27 27
1724_0041_0044_0029_0029.jpg 1 41 44 29 29
1725_0026_0032_0056_0056.jpg 1 26 32 56 56
1726_0006_0025_0054_0054.jpg 1 6 25 54 54
1727_0024_0040_0033_0033.jpg 1 24 40 33 33
1728_0019_0003_0067_0067.jpg 1 19 3 67 67
1729_0010_0014_0050_0050.jpg 1 10 14 50 50
1730_0024_0004_0058_0058.jpg 1 24 4 58 58
1731_0035_0038_0048_0048.jpg 1 35 38 48 48
1732_0020_0030_0050_0050.jpg 1 20 30 50 50
1733_0021_0027_0061_0061.jpg 1 21 27 61 61
1734_0045_0033_0035_0035.jpg 1 45 33 35 35
1735_0021_0029_0035_0035.jpg 1 21 29 35 35
1736_0034_0036_0042_0042.jpg 1 34 36 42 42
1737_0008_0018_0031_0031.jpg 1 8 18 31 31
1738_0029_0031_0054_0054.jpg 1 29 31 54 54
1739_0027_0015_0056_0056.jpg 1 27 15 56 56
1740_0006_0018_0057_0057.jpg 1 6 18 57 57
1741_0021_0009_0069_0069.jpg 1 21 9 69 69
1742_0012_0016_0037_0037.jpg 1 12 16 37 37
1743_0039_0028_0044_0044.jpg 1 39 28 44 44
1744_0029_0039_0035_0035.jpg 1 29 39 35 35
1745_0027_0037_0049_0049.jpg 1 27 37 49 49
1746_0021_0016_0063_0063.jpg 1 21 16 63 63
1747_0017_0008_0069_0069.jpg 1 17 8 69 69
1748_0019_0031_0060_0060.jpg 1 19 31 60 60
1749_0026_0005_0068_0068.jpg 1 26 5 68 68
1750_0040_0064_0024_0024.jpg 1 40 64 24 24
1751_0020_0040_0053_0053.jpg 1 20 40 53 53
1752_0004_0036_0057_0057.jpg 1 4 36 57 57
1753_0045_0006_0049_0049.jpg 1 45 6 49 49
1754_0003_0015_0061_0061.jpg 1 3 15 61 61
1755_0011_0010_0050_0050.jpg 1 11 10 50 50
1756_0032_0052_0029_0029.jpg 1 32 52 29 29
1757_0029_0016_0048_0048.jpg 1 29 16 48 48
1758_0018_0047_0033_0033.jpg 1 18 47 33 33
1759_0003_0013_0067_0067.jpg 1 3 13 67 67
1760_0005_0045_0044_0044.jpg 1 5 45 44 44
1761_0033_0028_0030_0030.jpg 1 33 28 30 30
1762_0028_0045_0036_0036.jpg 1 28 45 36 36
1763_0011_0023_0059_0059.jpg 1 11 23 59 59
1764_0050_0055_0030_0030.jpg 1 50 55 30 30
1765_0018_0035_0047_0047.jpg 1 18 35 47 47
1766_0012_0026_0055_0055.jpg 1 12 26 55 55
1767_0059_0031_0032_0032.jpg 1 59 31 32 32
1768_0021_0020_0049_0049.jpg 1 21 20 49 49
1769_0004_0017_0064_0064.jpg 1 4 17 64 64
1770_0011_0026_0061_0061.jpg 1 11 26 61 61
1771_0032_0005_0053_0053.jpg 1 32 5 53 53
1772_0060_0026_0025_0025.jpg 1 60 26 25 25
1773_0043_0035_0033_0033.jpg 1 43 35 33 33
1774_0019_0015_0038_0038.jpg 1 19 15 38 38
1775_0017_0007_0069_0069.jpg 1 17 7 69 69
1776_0039_0018_0054_0054.jpg 1 39 18 54 54
1777_0020_0060_0027_0027.jpg 1 20 60 27 27
1778_0037_0007_0053_0053.jpg 1 37 7 53 53
1779_0010_0032_0039_0039.jpg 1 10 32 39 39
1780_0036_0019_0053_0053.jpg 1 36 19 53 53
1781_0013_0007_0048_0048.jpg 1 13 7 48 48
1782_0065_0028_0024_0024.jpg 1 65 28 24 24
1783_0016_0023_0046_0046.jpg 1 16 23 46 46
1784_0040_0009_0045_0045.jpg 1 40 9 45 45
1785_0017_0040_0049_0049.jpg 1 17 40 49 49
1786_0024_0024_0040_0040.jpg 1 24 24 40 40
1787_0027_0034_0048_0048.jpg 1 27 34 48 48
1788_0014_0028_0030_0030.jpg 1 14 28 30 30
1789_0009_0010_0069_0069.jpg 1 9 10 69 69
1790_0029_0016_0057_0057.jpg 1 29 16 57 57
1791_0055_0013_0031_0031.jpg 1 55 13 31 31
1792_0041_0036_0050_0050.jpg 1 41 36 50 50
1793_0013_0032_0036_0036.jpg 1 13 32 36 36
1794_0011_0013_0053_0053.jpg 1 11 13 53 53
1795_0031_0010_0062_0062.jpg 1 31 10 62 62
1796_0046_0027_0042_0042.jpg 1 46 27 42 42
1797_0020_0019_0060_0060.jpg 1 20 19 60 60
1798_0021_0017_0069_0069.jpg 1 21 17 69 69
1799_0022_0039_0054_0054.jpg 1 22 39 54 54
1800_0027_0026_0069_0069.jpg 1 27 26 69 69
1801_0039_0019_0043_0043.jpg 1 39 19 43 43
1802_0037_0020_0025_0025.jpg 1 37 20 25 25
1803_0037_0033_0049_0049.jpg 1 37 33 49 49
1804_0063_0064_0027_0027.jpg 1 63 64 27 27
1805_0015_0016_0067_0067.jpg 1 15 16 67 67
1806_0024_0031_0052_0052.jpg 1 24 31 52 52
1807_0006_0029_0040_0040.jpg 1 6 29 40 40
1808_0064_0050_0027_0027.jpg 1 64 50 27 27
1809_0009_0010_0049_0049.jpg 1 9 10 49 49
1810_0023_0021_0031_0031.jpg 1 23 21 31 31
1811_0020_0014_0063_0063.jpg 1 20 14 63 63
1812_0056_0044_0027_0027.jpg 1 56 44 27 27
1813_0025_0040_0029_0029.jpg 1 25 40 29 29
1814_0052_0009_0040_0040.jpg 1 52 9 40 40
1815_0007_0017_0026_0026.jpg 1 7 17 26 26
1816_0027_0022_0033_0033.jpg 1 27 22 33 33
1817_0021_0003_0069_0069.jpg 1 21 3 69 69
1818_0052_0031_0036_0036.jpg 1 52 31 36 36
1819_0040_0015_0041_0041.jpg 1 40 15 41 41
1820_0034_0026_0048_0048.jpg 1 34 26 48 48
1821_0015_0015_0038_0038.jpg 1 15 15 38 38
1822_0029_0039_0051_0051.jpg 1 29 39 51 51
1823_0015_0027_0039_0039.jpg 1 15 27 39 39
1824_0015_0034_0032_0032.jpg 1 15 34 32 32
1825_0024_0027_0067_0067.jpg 1 24 27 67 67
1826_0016_0030_0065_0065.jpg 1 16 30 65 65
1827_0013_0009_0065_0065.jpg 1 13 9 65 65
1828_0007_0032_0062_0062.jpg 1 7 32 62 62
1829_0027_0007_0051_0051.jpg 1 27 7 51 51
1830_0048_0055_0024_0024.jpg 1 48 55 24 24
1831_0026_0013_0047_0047.jpg 1 26 13 47 47
1832_0029_0007_0025_0025.jpg 1 29 7 25 25
1833_0008_0010_0051_0051.jpg 1 8 10 51 51
1834_0018_0044_0037_0037.jpg 1 18 44 37 37
1835_0044_0033_0041_0041.jpg 1 44 33 41 41
1836_0033_0013_0048_0048.jpg 1 33 13 48 48
1837_0041_0037_0026_0026.jpg 1 41 37 26 26
1838_0024_0014_0029_0029.jpg 1 24 14 29 29
1839_0029_0029_0035_0035.jpg 1 29 29 35 35
1840_0039_0032_0044_0044.jpg 1 39 32 44 44
1841_0056_0035_0034_0034.jpg 1 56 35 34 34
1842_0046_0061_0029_0029.jpg 1 46 61 29 29
1843_0012_0066_0026_0026.jpg 1 12 66 26 26
1844_0028_0012_0047_0047.jpg 1 28 12 47 47
1845_0047_0015_0043_0043.jpg 1 47 15 43 43
1846_0029_0022_0028_0028.jpg 1 29 22 28 28
1847_0042_0028_0046_0046.jpg 1 42 28 46 46
1848_0043_0050_0040_0040.jpg 1 43 50 40 40
1849_0020_0012_0028_0028.jpg 1 20 12 28 28
1850_0029_0025_0033_0033.jpg 1 29 25 33 33
1851_0044_0029_0036_0036.jpg 1 44 29 36 36
1852_0021_0030_0028_0028.jpg 1 21 30 28 28
1853_0039_0042_0049_0049.jpg 1 39 42 49 49
1854_0043_0047_0029_0029.jpg 1 43 47 29 29
1855_0046_0037_0037_0037.jpg 1 46 37 37 37
1856_0019_0010_0060_0060.jpg 1 19 10 60 60
1857_0012_0030_0047_0047.jpg 1 12 30 47 47
1858_0056_0009_0026_0026.jpg 1 56 9 26 26
1859_0018_0010_0063_0063.jpg 1 18 10 63 63
1860_0011_0005_0068_0068.jpg 1 11 5 68 68
1861_0027_0018_0060_0060.jpg 1 27 18 60 60
1862_0064_0058_0024_0024.jpg 1 64 58 24 24
1863_0011_0027_0037_0037.jpg 1 11 27 37 37
1864_0032_0008_0030_0030.jpg 1 32 8 30 30
1865_0015_0037_0053_0053.jpg 1 15 37 53 53
1866_0014_0027_0053_0053.jpg 1 14 27 53 53
1867_0025_0012_0069_0069.jpg 1 25 12 69 69
1868_0024_0028_0057_0057.jpg 1 24 28 57 57
1869_0013_0005_0055_0055.jpg 1 13 5 55 55
1870_0030_0035_0038_0038.jpg 1 30 35 38 38
1871_0017_0046_0045_0045.jpg 1 17 46 45 45
1872_0029_0040_0053_0053.jpg 1 29 40 53 53
1873_0042_0033_0050_0050.jpg 1 42 33 50 50
1874_0032_0009_0063_0063.jpg 1 32 9 63 63
1875_0009_0056_0026_0026.jpg 1 9 56 26 26
1876_0013_0036_0029_0029.jpg 1 13 36 29 29
1877_0060_0035_0030_0030.jpg 1 60 35 30 30
1878_0018_0020_0067_0067.jpg 1 18 20 67 67
1879_0011_0023_0055_0055.jpg 1 11 23 55 55
1880_0047_0027_0025_0025.jpg 1 47 27 25 25
1881_0034_0011_0035_0035.jpg 1 34 11 35 35
1882_0044_0027_0038_0038.jpg 1 44 27 38 38
1883_0027_0011_0042_0042.jpg 1 27 11 42 42
1884_0044_0007_0028_0028.jpg 1 44 7 28 28
1885_0029_0020_0055_0055.jpg 1 29 20 55 55
1886_0014_0032_0029_0029.jpg 1 14 32 29 29
1887_0016_0050_0025_0025.jpg 1 16 50 25 25
1888_0025_0046_0024_0024.jpg 1 25 46 24 24
1889_0029_0010_0051_0051.jpg 1 29 10 51 51
1890_0022_0024_0066_0066.jpg 1 22 24 66 66
1891_0023_0027_0057_0057.jpg 1 23 27 57 57
1892_0026_0022_0068_0068.jpg 1 26 22 68 68
1893_0023_0039_0040_0040.jpg 1 23 39 40 40
1894_0033_0035_0054_0054.jpg 1 33 35 54 54
1895_0030_0031_0056_0056.jpg 1 30 31 56 56
1896_0014_0014_0053_0053.jpg 1 14 14 53 53
1897_0025_0030_0054_0054.jpg 1 25 30 54 54
1898_0020_0022_0053_0053.jpg 1 20 22 53 53
1899_0027_0021_0066_0066.jpg 1 27 21 66 66
1900_0023_0038_0052_0052.jpg 1 23 38 52 52
1901_0021_0026_0054_0054.jpg 1 21 26 54 54
1902_0019_0020_0053_0053.jpg 1 19 20 53 53
1903_0041_0021_0025_0025.jpg 1 41 21 25 25
1904_0013_0014_0054_0054.jpg 1 13 14 54 54
1905_0026_0013_0056_0056.jpg 1 26 13 56 56
1906_0042_0040_0036_0036.jpg 1 42 40 36 36
1907_0040_0009_0034_0034.jpg 1 40 9 34 34
1908_0017_0015_0049_0049.jpg 1 17 15 49 49
1909_0010_0017_0064_0064.jpg 1 10 17 64 64
1910_0023_0039_0044_0044.jpg 1 23 39 44 44
1911_0023_0041_0041_0041.jpg 1 23 41 41 41
1912_0023_0007_0069_0069.jpg 1 23 7 69 69
1913_0031_0049_0039_0039.jpg 1 31 49 39 39
1914_0033_0015_0054_0054.jpg 1 33 15 54 54
1915_0039_0028_0055_0055.jpg 1 39 28 55 55
1916_0041_0021_0049_0049.jpg 1 41 21 49 49
1917_0008_0032_0063_0063.jpg 1 8 32 63 63
1918_0050_0024_0029_0029.jpg 1 50 24 29 29
1919_0032_0024_0059_0059.jpg 1 32 24 59 59
1920_0008_0009_0069_0069.jpg 1 8 9 69 69
1921_0022_0023_0068_0068.jpg 1 22 23 68 68
1922_0022_0033_0053_0053.jpg 1 22 33 53 53
1923_0014_0007_0066_0066.jpg 1 14 7 66 66
1924_0028_0019_0041_0041.jpg 1 28 19 41 41
1925_0023_0040_0039_0039.jpg 1 23 40 39 39
1926_0052_0061_0031_0031.jpg 1 52 61 31 31
1927_0022_0010_0039_0039.jpg 1 22 10 39 39
1928_0020_0039_0044_0044.jpg 1 20 39 44 44
1929_0023_0005_0044_0044.jpg 1 23 5 44 44
1930_0017_0023_0067_0067.jpg 1 17 23 67 67
1931_0022_0013_0058_0058.jpg 1 22 13 58 58
1932_0040_0050_0026_0026.jpg 1 40 50 26 26
1933_0016_0034_0028_0028.jpg 1 16 34 28 28
1934_0020_0013_0057_0057.jpg 1 20 13 57 57
1935_0063_0055_0029_0029.jpg 1 63 55 29 29
1936_0013_0008_0056_0056.jpg 1 13 8 56 56
1937_0046_0023_0024_0024.jpg 1 46 23 24 24
1938_0005_0036_0054_0054.jpg 1 5 36 54 54
1939_0024_0026_0067_0067.jpg 1 24 26 67 67
1940_0022_0028_0059_0059.jpg 1 22 28 59 59
1941_0013_0049_0040_0040.jpg 1 13 49 40 40
1942_0030_0032_0054_0054.jpg 1 30 32 54 54
1943_0006_0025_0053_0053.jpg 1 6 25 53 53
1944_0020_0033_0056_0056.jpg 1 20 33 56 56
1945_0029_0014_0049_0049.jpg 1 29 14 49 49
1946_0043_0031_0039_0039.jpg 1 43 31 39 39
1947_0012_0021_0069_0069.jpg 1 12 21 69 69
1948_0010_0035_0055_0055.jpg 1 10 35 55 55
1949_0012_0031_0053_0053.jpg 1 12 31 53 53
1950_0010_0050_0037_0037.jpg 1 10 50 37 37
