0001_0004_0036_0055_0055.jpg 1 4 36 55 55
0002_0040_0024_0029_0029.jpg 1 40 24 29 29
0003_0026_0024_0027_0027.jpg 1 26 24 27 27
0004_0024_0028_0053_0053.jpg 1 24 28 53 53
0005_0014_0020_0057_0057.jpg 1 14 20 57 57
0006_0025_0050_0038_0038.jpg 1 25 50 38 38
0007_0053_0056_0033_0033.jpg 1 53 56 33 33
0008_0040_0012_0038_0038.jpg 1 40 12 38 38
0009_0029_0022_0061_0061.jpg 1 29 22 61 61
0010_0027_0028_0028_0028.jpg 1 27 28 28 28
0011_0036_0039_0054_0054.jpg 1 36 39 54 54
0012_0023_0045_0043_0043.jpg 1 23 45 43 43
0013_0018_0030_0060_0060.jpg 1 18 30 60 60
0014_0009_0006_0063_0063.jpg 1 9 6 63 63
0015_0017_0008_0069_0069.jpg 1 17 8 69 69
0016_0030_0016_0065_0065.jpg 1 30 16 65 65
0017_0028_0011_0047_0047.jpg 1 28 11 47 47
0018_0027_0014_0045_0045.jpg 1 27 14 45 45
0019_0028_0010_0053_0053.jpg 1 28 10 53 53
0020_0037_0020_0038_0038.jpg 1 37 20 38 38
0021_0018_0023_0051_0051.jpg 1 18 23 51 51
0022_0019_0021_0026_0026.jpg 1 19 21 26 26
0023_0022_0042_0032_0032.jpg 1 22 42 32 32
0024_0023_0026_0048_0048.jpg 1 23 26 48 48
0025_0053_0042_0036_0036.jpg 1 53 42 36 36
0026_0018_0015_0063_0063.jpg 1 18 15 63 63
0027_0063_0007_0026_0026.jpg 1 63 7 26 26
0028_0019_0010_0055_0055.jpg 1 19 10 55 55
0029_0061_0012_0024_0024.jpg 1 61 12 24 24
0030_0022_0023_0068_0068.jpg 1 22 23 68 68
0031_0017_0037_0044_0044.jpg 1 17 37 44 44
0032_0036_0059_0027_0027.jpg 1 36 59 27 27
0033_0013_0018_0067_0067.jpg 1 13 18 67 67
0034_0012_0019_0069_0069.jpg 1 12 19 69 69
0035_0019_0014_0063_0063.jpg 1 19 14 63 63
0036_0003_0023_0068_0068.jpg 1 3 23 68 68
0037_0029_0028_0057_0057.jpg 1 29 28 57 57
0038_0028_0015_0060_0060.jpg 1 28 15 60 60
0039_0038_0013_0037_0037.jpg 1 38 13 37 37
0040_0008_0027_0050_0050.jpg 1 8 27 50 50
0041_0031_0037_0026_0026.jpg 1 31 37 26 26
0042_0016_0037_0050_0050.jpg 1 16 37 50 50
0043_0007_0020_0060_0060.jpg 1 7 20 60 60
0044_0029_0024_0053_0053.jpg 1 29 24 53 53
0045_0025_0012_0060_0060.jpg 1 25 12 60 60
0046_0030_0051_0042_0042.jpg 1 30 51 42 42
0047_0045_0043_0042_0042.jpg 1 45 43 42 42
0048_0057_0009_0027_0027.jpg 1 57 9 27 27
0049_0013_0032_0031_0031.jpg 1 13 32 31 31
0050_0021_0006_0064_0064.jpg 1 21 6 64 64
0051_0031_0018_0061_0061.jpg 1 31 18 61 61
0052_0014_0011_0037_0037.jpg 1 14 11 37 37
0053_0012_0006_0069_0069.jpg 1 12 6 69 69
0054_0023_0025_0060_0060.jpg 1 23 25 60 60
0055_0057_0064_0026_0026.jpg 1 57 64 26 26
0056_0007_0012_0058_0058.jpg 1 7 12 58 58
0057_0031_0010_0060_0060.jpg 1 31 10 60 60
0058_0018_0024_0026_0026.jpg 1 18 24 26 26
0059_0028_0032_0059_0059.jpg 1 28 32 59 59
0060_0054_0046_0034_0034.jpg 1 54 46 34 34
0061_0017_0006_0058_0058.jpg 1 17 6 58 58
0062_0042_0035_0039_0039.jpg 1 42 35 39 39
0063_0041_0044_0041_0041.jpg 1 41 44 41 41
0064_0006_0021_0064_0064.jpg 1 6 21 64 64
0065_0016_0038_0044_0044.jpg 1 16 38 44 44
0066_0045_0026_0049_0049.jpg 1 45 26 49 49
0067_0013_0030_0066_0066.jpg 1 13 30 66 66
0068_0010_0011_0041_0041.jpg 1 10 11 41 41
0069_0029_0025_0050_0050.jpg 1 29 25 50 50
0070_0055_0040_0024_0024.jpg 1 55 40 24 24
0071_0007_0033_0049_0049.jpg 1 7 33 49 49
0072_0032_0024_0061_0061.jpg 1 32 24 61 61
0073_0029_0011_0065_0065.jpg 1 29 11 65 65
0074_0007_0027_0042_0042.jpg 1 7 27 42 42
0075_0006_0011_0044_0044.jpg 1 6 11 44 44
0076_0020_0014_0069_0069.jpg 1 20 14 69 69
0077_0022_0031_0058_0058.jpg 1 22 31 58 58
0078_0019_0008_0054_0054.jpg 1 19 8 54 54
0079_0018_0029_0049_0049.jpg 1 18 29 49 49
0080_0045_0037_0028_0028.jpg 1 45 37 28 28
0081_0041_0032_0032_0032.jpg 1 41 32 32 32
0082_0006_0025_0047_0047.jpg 1 6 25 47 47
0083_0018_0011_0059_0059.jpg 1 18 11 59 59
0084_0020_0013_0060_0060.jpg 1 20 13 60 60
0085_0038_0040_0043_0043.jpg 1 38 40 43 43
0086_0037_0008_0054_0054.jpg 1 37 8 54 54
0087_0027_0030_0055_0055.jpg 1 27 30 55 55
0088_0014_0029_0041_0041.jpg 1 14 29 41 41
0089_0040_0023_0029_0029.jpg 1 40 23 29 29
0090_0010_0008_0062_0062.jpg 1 10 8 62 62
0091_0036_0025_0059_0059.jpg 1 36 25 59 59
0092_0032_0007_0047_0047.jpg 1 32 7 47 47
0093_0012_0019_0049_0049.jpg 1 12 19 49 49
0094_0032_0038_0049_0049.jpg 1 32 38 49 49
0095_0037_0029_0029_0029.jpg 1 37 29 29 29
0096_0054_0015_0025_0025.jpg 1 54 15 25 25
0097_0027_0022_0029_0029.jpg 1 27 22 29 29
0098_0022_0043_0048_0048.jpg 1 22 43 48 48
0099_0016_0026_0024_0024.jpg 1 16 26 24 24
0100_0007_0024_0025_0025.jpg 1 7 24 25 25
0101_0007_0008_0066_0066.jpg 1 7 8 66 66
0102_0025_0011_0050_0050.jpg 1 25 11 50 50
0103_0056_0028_0029_0029.jpg 1 56 28 29 29
0104_0020_0030_0047_0047.jpg 1 20 30 47 47
0105_0010_0051_0038_0038.jpg 1 10 51 38 38
0106_0021_0032_0058_0058.jpg 1 21 32 58 58
0107_0011_0035_0024_0024.jpg 1 11 35 24 24
0108_0015_0011_0044_0044.jpg 1 15 11 44 44
0109_0017_0021_0068_0068.jpg 1 17 21 68 68
0110_0034_0029_0034_0034.jpg 1 34 29 34 34
0111_0033_0010_0038_0038.jpg 1 33 10 38 38
0112_0039_0026_0042_0042.jpg 1 39 26 42 42
0113_0037_0018_0041_0041.jpg 1 37 18 41 41
0114_0046_0053_0039_0039.jpg 1 46 53 39 39
0115_0020_0028_0066_0066.jpg 1 20 28 66 66
0116_0038_0023_0033_0033.jpg 1 38 23 33 33
0117_0010_0018_0034_0034.jpg 1 10 18 34 34
0118_0016_0022_0057_0057.jpg 1 16 22 57 57
0119_0043_0044_0050_0050.jpg 1 43 44 50 50
0120_0023_0003_0066_0066.jpg 1 23 3 66 66
0121_0023_0012_0048_0048.jpg 1 23 12 48 48
0122_0022_0039_0035_0035.jpg 1 22 39 35 35
0123_0010_0028_0050_0050.jpg 1 10 28 50 50
0124_0023_0018_0048_0048.jpg 1 23 18 48 48
0125_0016_0011_0063_0063.jpg 1 16 11 63 63
0126_0017_0055_0030_0030.jpg 1 17 55 30 30
0127_0045_0005_0048_0048.jpg 1 45 5 48 48
0128_0027_0020_0059_0059.jpg 1 27 20 59 59
0129_0035_0052_0030_0030.jpg 1 35 52 30 30
0130_0056_0009_0037_0037.jpg 1 56 9 37 37
0131_0019_0022_0062_0062.jpg 1 19 22 62 62
0132_0018_0032_0054_0054.jpg 1 18 32 54 54
0133_0009_0042_0025_0025.jpg 1 9 42 25 25
0134_0004_0023_0056_0056.jpg 1 4 23 56 56
0135_0020_0013_0062_0062.jpg 1 20 13 62 62
0136_0013_0029_0051_0051.jpg 1 13 29 51 51
0137_0034_0014_0049_0049.jpg 1 34 14 49 49
0138_0010_0009_0059_0059.jpg 1 10 9 59 59
0139_0025_0035_0056_0056.jpg 1 25 35 56 56
0140_0013_0010_0024_0024.jpg 1 13 10 24 24
0141_0014_0032_0041_0041.jpg 1 14 32 41 41
0142_0059_0043_0031_0031.jpg 1 59 43 31 31
0143_0011_0037_0056_0056.jpg 1 11 37 56 56
0144_0005_0012_0069_0069.jpg 1 5 12 69 69
0145_0037_0015_0043_0043.jpg 1 37 15 43 43
0146_0024_0023_0043_0043.jpg 1 24 23 43 43
0147_0031_0021_0034_0034.jpg 1 31 21 34 34
0148_0055_0019_0036_0036.jpg 1 55 19 36 36
0149_0029_0023_0045_0045.jpg 1 29 23 45 45
0150_0016_0017_0066_0066.jpg 1 16 17 66 66
0151_0043_0048_0030_0030.jpg 1 43 48 30 30
0152_0013_0005_0053_0053.jpg 1 13 5 53 53
0153_0012_0029_0066_0066.jpg 1 12 29 66 66
0154_0006_0047_0046_0046.jpg 1 6 47 46 46
0155_0031_0037_0028_0028.jpg 1 31 37 28 28
0156_0028_0005_0059_0059.jpg 1 28 5 59 59
0157_0040_0028_0038_0038.jpg 1 40 28 38 38
0158_0042_0009_0046_0046.jpg 1 42 9 46 46
0159_0008_0045_0025_0025.jpg 1 8 45 25 25
0160_0057_0030_0030_0030.jpg 1 57 30 30 30
0161_0034_0062_0025_0025.jpg 1 34 62 25 25
0162_0028_0030_0029_0029.jpg 1 28 30 29 29
0163_0055_0023_0033_0033.jpg 1 55 23 33 33
0164_0038_0006_0050_0050.jpg 1 38 6 50 50
0165_0043_0022_0039_0039.jpg 1 43 22 39 39
0166_0007_0032_0061_0061.jpg 1 7 32 61 61
0167_0010_0031_0053_0053.jpg 1 10 31 53 53
0168_0039_0046_0029_0029.jpg 1 39 46 29 29
0169_0027_0025_0037_0037.jpg 1 27 25 37 37
0170_0061_0032_0030_0030.jpg 1 61 32 30 30
0171_0048_0037_0045_0045.jpg 1 48 37 45 45
0172_0043_0014_0024_0024.jpg 1 43 14 24 24
0173_0028_0007_0052_0052.jpg 1 28 7 52 52
0174_0035_0051_0029_0029.jpg 1 35 51 29 29
0175_0014_0023_0057_0057.jpg 1 14 23 57 57
0176_0052_0043_0037_0037.jpg 1 52 43 37 37
0177_0018_0033_0059_0059.jpg 1 18 33 59 59
0178_0015_0008_0068_0068.jpg 1 15 8 68 68
0179_0036_0030_0051_0051.jpg 1 36 30 51 51
0180_0056_0013_0024_0024.jpg 1 56 13 24 24
0181_0025_0021_0035_0035.jpg 1 25 21 35 35
0182_0011_0014_0059_0059.jpg 1 11 14 59 59
0183_0038_0041_0040_0040.jpg 1 38 41 40 40
0184_0007_0011_0067_0067.jpg 1 7 11 67 67
0185_0036_0042_0031_0031.jpg 1 36 42 31 31
0186_0014_0016_0030_0030.jpg 1 14 16 30 30
0187_0030_0033_0046_0046.jpg 1 30 33 46 46
0188_0012_0046_0047_0047.jpg 1 12 46 47 47
0189_0015_0011_0025_0025.jpg 1 15 11 25 25
0190_0033_0007_0034_0034.jpg 1 33 7 34 34
0191_0007_0025_0056_0056.jpg 1 7 25 56 56
0192_0021_0025_0044_0044.jpg 1 21 25 44 44
0193_0011_0030_0064_0064.jpg 1 11 30 64 64
0194_0010_0008_0040_0040.jpg 1 10 8 40 40
0195_0064_0008_0026_0026.jpg 1 64 8 26 26
0196_0065_0031_0027_0027.jpg 1 65 31 27 27
0197_0022_0035_0058_0058.jpg 1 22 35 58 58
0198_0024_0021_0065_0065.jpg 1 24 21 65 65
0199_0012_0015_0066_0066.jpg 1 12 15 66 66
0200_0014_0043_0049_0049.jpg 1 14 43 49 49
0201_0043_0019_0039_0039.jpg 1 43 19 39 39
0202_0025_0052_0028_0028.jpg 1 25 52 28 28
0203_0008_0026_0069_0069.jpg 1 8 26 69 69
0204_0012_0015_0052_0052.jpg 1 12 15 52 52
0205_0053_0043_0033_0033.jpg 1 53 43 33 33
0206_0021_0018_0059_0059.jpg 1 21 18 59 59
0207_0025_0016_0045_0045.jpg 1 25 16 45 45
0208_0060_0031_0031_0031.jpg 1 60 31 31 31
0209_0027_0046_0031_0031.jpg 1 27 46 31 31
0210_0062_0065_0027_0027.jpg 1 62 65 27 27
0211_0035_0014_0046_0046.jpg 1 35 14 46 46
0212_0045_0008_0046_0046.jpg 1 45 8 46 46
0213_0007_0014_0047_0047.jpg 1 7 14 47 47
0214_0028_0014_0030_0030.jpg 1 28 14 30 30
0215_0024_0037_0055_0055.jpg 1 24 37 55 55
0216_0035_0028_0048_0048.jpg 1 35 28 48 48
0217_0043_0020_0048_0048.jpg 1 43 20 48 48
0218_0012_0010_0066_0066.jpg 1 12 10 66 66
0219_0026_0021_0050_0050.jpg 1 26 21 50 50
0220_0016_0025_0027_0027.jpg 1 16 25 27 27
0221_0014_0005_0064_0064.jpg 1 14 5 64 64
0222_0016_0028_0066_0066.jpg 1 16 28 66 66
0223_0028_0020_0047_0047.jpg 1 28 20 47 47
0224_0032_0053_0040_0040.jpg 1 32 53 40 40
0225_0018_0045_0038_0038.jpg 1 18 45 38 38
0226_0039_0034_0044_0044.jpg 1 39 34 44 44
0227_0033_0012_0056_0056.jpg 1 33 12 56 56
0228_0037_0023_0040_0040.jpg 1 37 23 40 40
0229_0022_0019_0062_0062.jpg 1 22 19 62 62
0230_0041_0020_0044_0044.jpg 1 41 20 44 44
0231_0007_0047_0040_0040.jpg 1 7 47 40 40
0232_0029_0013_0060_0060.jpg 1 29 13 60 60
0233_0061_0067_0024_0024.jpg 1 61 67 24 24
0234_0006_0037_0054_0054.jpg 1 6 37 54 54
0235_0045_0048_0031_0031.jpg 1 45 48 31 31
0236_0048_0045_0043_0043.jpg 1 48 45 43 43
0237_0041_0018_0047_0047.jpg 1 41 18 47 47
0238_0007_0011_0058_0058.jpg 1 7 11 58 58
0239_0008_0065_0025_0025.jpg 1 8 65 25 25
0240_0017_0028_0030_0030.jpg 1 17 28 30 30
0241_0060_0020_0024_0024.jpg 1 60 20 24 24
0242_0026_0017_0025_0025.jpg 1 26 17 25 25
0243_0042_0007_0028_0028.jpg 1 42 7 28 28
0244_0014_0050_0031_0031.jpg 1 14 50 31 31
0245_0015_0008_0051_0051.jpg 1 15 8 51 51
0246_0008_0018_0027_0027.jpg 1 8 18 27 27
0247_0029_0015_0039_0039.jpg 1 29 15 39 39
0248_0017_0025_0031_0031.jpg 1 17 25 31 31
0249_0046_0021_0046_0046.jpg 1 46 21 46 46
0250_0042_0013_0042_0042.jpg 1 42 13 42 42
0251_0020_0032_0053_0053.jpg 1 20 32 53 53
0252_0044_0014_0050_0050.jpg 1 44 14 50 50
0253_0028_0012_0060_0060.jpg 1 28 12 60 60
0254_0063_0028_0026_0026.jpg 1 63 28 26 26
0255_0016_0012_0031_0031.jpg 1 16 12 31 31
0256_0006_0036_0052_0052.jpg 1 6 36 52 52
0257_0025_0012_0057_0057.jpg 1 25 12 57 57
0258_0009_0010_0040_0040.jpg 1 9 10 40 40
0259_0013_0008_0063_0063.jpg 1 13 8 63 63
0260_0017_0044_0026_0026.jpg 1 17 44 26 26
0261_0026_0016_0046_0046.jpg 1 26 16 46 46
0262_0016_0004_0063_0063.jpg 1 16 4 63 63
0263_0028_0059_0031_0031.jpg 1 28 59 31 31
0264_0014_0037_0056_0056.jpg 1 14 37 56 56
0265_0018_0023_0063_0063.jpg 1 18 23 63 63
0266_0055_0032_0031_0031.jpg 1 55 32 31 31
0267_0025_0009_0060_0060.jpg 1 25 9 60 60
0268_0024_0022_0061_0061.jpg 1 24 22 61 61
0269_0029_0013_0042_0042.jpg 1 29 13 42 42
0270_0007_0009_0041_0041.jpg 1 7 9 41 41
0271_0032_0009_0026_0026.jpg 1 32 9 26 26
0272_0021_0024_0058_0058.jpg 1 21 24 58 58
0273_0036_0022_0057_0057.jpg 1 36 22 57 57
0274_0006_0010_0051_0051.jpg 1 6 10 51 51
0275_0008_0017_0059_0059.jpg 1 8 17 59 59
0276_0026_0009_0068_0068.jpg 1 26 9 68 68
0277_0029_0033_0038_0038.jpg 1 29 33 38 38
0278_0034_0008_0055_0055.jpg 1 34 8 55 55
0279_0016_0021_0047_0047.jpg 1 16 21 47 47
0280_0024_0027_0042_0042.jpg 1 24 27 42 42
0281_0028_0049_0037_0037.jpg 1 28 49 37 37
0282_0024_0036_0033_0033.jpg 1 24 36 33 33
0283_0042_0025_0041_0041.jpg 1 42 25 41 41
0284_0027_0010_0061_0061.jpg 1 27 10 61 61
0285_0023_0017_0055_0055.jpg 1 23 17 55 55
0286_0018_0004_0059_0059.jpg 1 18 4 59 59
0287_0006_0016_0043_0043.jpg 1 6 16 43 43
0288_0061_0026_0030_0030.jpg 1 61 26 30 30
0289_0041_0034_0039_0039.jpg 1 41 34 39 39
0290_0005_0017_0054_0054.jpg 1 5 17 54 54
0291_0033_0016_0060_0060.jpg 1 33 16 60 60
0292_0005_0006_0068_0068.jpg 1 5 6 68 68
0293_0016_0054_0026_0026.jpg 1 16 54 26 26
0294_0045_0049_0024_0024.jpg 1 45 49 24 24
0295_0033_0036_0030_0030.jpg 1 33 36 30 30
0296_0007_0007_0068_0068.jpg 1 7 7 68 68
0297_0024_0021_0053_0053.jpg 1 24 21 53 53
0298_0018_0067_0024_0024.jpg 1 18 67 24 24
0299_0018_0030_0065_0065.jpg 1 18 30 65 65
0300_0035_0007_0056_0056.jpg 1 35 7 56 56
0301_0019_0016_0069_0069.jpg 1 19 16 69 69
0302_0016_0012_0048_0048.jpg 1 16 12 48 48
0303_0010_0006_0064_0064.jpg 1 10 6 64 64
0304_0006_0026_0053_0053.jpg 1 6 26 53 53
0305_0045_0030_0042_0042.jpg 1 45 30 42 42
0306_0015_0042_0048_0048.jpg 1 15 42 48 48
0307_0011_0012_0056_0056.jpg 1 11 12 56 56
0308_0033_0025_0039_0039.jpg 1 33 25 39 39
0309_0020_0037_0043_0043.jpg 1 20 37 43 43
0310_0010_0038_0043_0043.jpg 1 10 38 43 43
0311_0042_0007_0025_0025.jpg 1 42 7 25 25
0312_0046_0045_0030_0030.jpg 1 46 45 30 30
0313_0015_0030_0062_0062.jpg 1 15 30 62 62
0314_0033_0028_0055_0055.jpg 1 33 28 55 55
0315_0032_0011_0044_0044.jpg 1 32 11 44 44
0316_0029_0009_0049_0049.jpg 1 29 9 49 49
0317_0027_0059_0030_0030.jpg 1 27 59 30 30
0318_0015_0038_0047_0047.jpg 1 15 38 47 47
0319_0020_0035_0049_0049.jpg 1 20 35 49 49
0320_0035_0018_0057_0057.jpg 1 35 18 57 57
0321_0023_0011_0043_0043.jpg 1 23 11 43 43
0322_0016_0044_0050_0050.jpg 1 16 44 50 50
0323_0011_0027_0061_0061.jpg 1 11 27 61 61
0324_0017_0048_0024_0024.jpg 1 17 48 24 24
0325_0027_0048_0041_0041.jpg 1 27 48 41 41
0326_0013_0003_0064_0064.jpg 1 13 3 64 64
0327_0046_0054_0027_0027.jpg 1 46 54 27 27
0328_0016_0027_0038_0038.jpg 1 16 27 38 38
0329_0014_0030_0028_0028.jpg 1 14 30 28 28
0330_0007_0019_0044_0044.jpg 1 7 19 44 44
0331_0014_0009_0047_0047.jpg 1 14 9 47 47
0332_0014_0041_0052_0052.jpg 1 14 41 52 52
0333_0039_0041_0029_0029.jpg 1 39 41 29 29
0334_0028_0028_0046_0046.jpg 1 28 28 46 46
0335_0033_0011_0056_0056.jpg 1 33 11 56 56
0336_0018_0018_0057_0057.jpg 1 18 18 57 57
0337_0011_0004_0057_0057.jpg 1 11 4 57 57
0338_0024_0034_0059_0059.jpg 1 24 34 59 59
0339_0057_0025_0036_0036.jpg 1 57 25 36 36
0340_0048_0057_0030_0030.jpg 1 48 57 30 30
0341_0045_0047_0027_0027.jpg 1 45 47 27 27
0342_0005_0017_0064_0064.jpg 1 5 17 64 64
0343_0012_0043_0048_0048.jpg 1 12 43 48 48
0344_0057_0041_0032_0032.jpg 1 57 41 32 32
0345_0013_0011_0045_0045.jpg 1 13 11 45 45
0346_0014_0030_0048_0048.jpg 1 14 30 48 48
0347_0049_0008_0039_0039.jpg 1 49 8 39 39
0348_0007_0028_0045_0045.jpg 1 7 28 45 45
0349_0016_0032_0055_0055.jpg 1 16 32 55 55
0350_0015_0034_0055_0055.jpg 1 15 34 55 55
0351_0025_0021_0052_0052.jpg 1 25 21 52 52
0352_0010_0014_0069_0069.jpg 1 10 14 69 69
0353_0050_0027_0026_0026.jpg 1 50 27 26 26
0354_0034_0007_0026_0026.jpg 1 34 7 26 26
0355_0031_0038_0050_0050.jpg 1 31 38 50 50
0356_0028_0020_0062_0062.jpg 1 28 20 62 62
0357_0024_0026_0054_0054.jpg 1 24 26 54 54
0358_0033_0016_0056_0056.jpg 1 33 16 56 56
0359_0008_0028_0036_0036.jpg 1 8 28 36 36
0360_0046_0021_0037_0037.jpg 1 46 21 37 37
0361_0003_0015_0064_0064.jpg 1 3 15 64 64
0362_0011_0023_0041_0041.jpg 1 11 23 41 41
0363_0055_0027_0038_0038.jpg 1 55 27 38 38
0364_0023_0010_0062_0062.jpg 1 23 10 62 62
0365_0020_0004_0059_0059.jpg 1 20 4 59 59
0366_0022_0045_0042_0042.jpg 1 22 45 42 42
0367_0037_0049_0038_0038.jpg 1 37 49 38 38
0368_0021_0032_0062_0062.jpg 1 21 32 62 62
0369_0027_0015_0025_0025.jpg 1 27 15 25 25
0370_0032_0049_0038_0038.jpg 1 32 49 38 38
0371_0032_0016_0059_0059.jpg 1 32 16 59 59
0372_0027_0005_0066_0066.jpg 1 27 5 66 66
0373_0048_0010_0045_0045.jpg 1 48 10 45 45
0374_0022_0017_0040_0040.jpg 1 22 17 40 40
0375_0049_0015_0025_0025.jpg 1 49 15 25 25
0376_0017_0011_0064_0064.jpg 1 17 11 64 64
0377_0021_0027_0054_0054.jpg 1 21 27 54 54
0378_0024_0022_0062_0062.jpg 1 24 22 62 62
0379_0039_0027_0044_0044.jpg 1 39 27 44 44
0380_0054_0061_0030_0030.jpg 1 54 61 30 30
0381_0025_0021_0055_0055.jpg 1 25 21 55 55
0382_0017_0010_0061_0061.jpg 1 17 10 61 61
0383_0017_0043_0050_0050.jpg 1 17 43 50 50
0384_0035_0029_0051_0051.jpg 1 35 29 51 51
0385_0019_0059_0029_0029.jpg 1 19 59 29 29
0386_0004_0023_0069_0069.jpg 1 4 23 69 69
0387_0038_0032_0044_0044.jpg 1 38 32 44 44
0388_0026_0022_0057_0057.jpg 1 26 22 57 57
0389_0012_0038_0044_0044.jpg 1 12 38 44 44
0390_0017_0017_0041_0041.jpg 1 17 17 41 41
0391_0026_0022_0058_0058.jpg 1 26 22 58 58
0392_0024_0046_0032_0032.jpg 1 24 46 32 32
0393_0025_0021_0063_0063.jpg 1 25 21 63 63
0394_0013_0026_0032_0032.jpg 1 13 26 32 32
0395_0056_0053_0026_0026.jpg 1 56 53 26 26
0396_0055_0037_0036_0036.jpg 1 55 37 36 36
0397_0024_0050_0036_0036.jpg 1 24 50 36 36
0398_0005_0029_0066_0066.jpg 1 5 29 66 66
0399_0012_0030_0064_0064.jpg 1 12 30 64 64
0400_0012_0029_0046_0046.jpg 1 12 29 46 46
0401_0025_0043_0032_0032.jpg 1 25 43 32 32
0402_0036_0045_0024_0024.jpg 1 36 45 24 24
0403_0005_0025_0049_0049.jpg 1 5 25 49 49
0404_0059_0040_0033_0033.jpg 1 59 40 33 33
0405_0008_0010_0041_0041.jpg 1 8 10 41 41
0406_0011_0030_0035_0035.jpg 1 11 30 35 35
0407_0041_0043_0038_0038.jpg 1 41 43 38 38
0408_0031_0021_0043_0043.jpg 1 31 21 43 43
0409_0021_0021_0062_0062.jpg 1 21 21 62 62
0410_0034_0054_0024_0024.jpg 1 34 54 24 24
0411_0013_0049_0031_0031.jpg 1 13 49 31 31
0412_0023_0019_0065_0065.jpg 1 23 19 65 65
0413_0035_0027_0032_0032.jpg 1 35 27 32 32
0414_0034_0041_0054_0054.jpg 1 34 41 54 54
0415_0028_0018_0064_0064.jpg 1 28 18 64 64
0416_0028_0013_0038_0038.jpg 1 28 13 38 38
0417_0043_0015_0036_0036.jpg 1 43 15 36 36
0418_0038_0007_0037_0037.jpg 1 38 7 37 37
0419_0013_0016_0069_0069.jpg 1 13 16 69 69
0420_0016_0008_0063_0063.jpg 1 16 8 63 63
0421_0018_0027_0058_0058.jpg 1 18 27 58 58
0422_0026_0021_0042_0042.jpg 1 26 21 42 42
0423_0045_0054_0025_0025.jpg 1 45 54 25 25
0424_0045_0025_0033_0033.jpg 1 45 25 33 33
0425_0026_0028_0050_0050.jpg 1 26 28 50 50
0426_0016_0024_0061_0061.jpg 1 16 24 61 61
0427_0012_0013_0069_0069.jpg 1 12 13 69 69
0428_0027_0025_0067_0067.jpg 1 27 25 67 67
0429_0050_0011_0037_0037.jpg 1 50 11 37 37
0430_0007_0025_0065_0065.jpg 1 7 25 65 65
0431_0011_0015_0054_0054.jpg 1 11 15 54 54
0432_0014_0030_0046_0046.jpg 1 14 30 46 46
0433_0015_0015_0026_0026.jpg 1 15 15 26 26
0434_0032_0015_0026_0026.jpg 1 32 15 26 26
0435_0009_0007_0058_0058.jpg 1 9 7 58 58
0436_0055_0043_0035_0035.jpg 1 55 43 35 35
0437_0016_0039_0053_0053.jpg 1 16 39 53 53
0438_0009_0010_0048_0048.jpg 1 9 10 48 48
0439_0031_0014_0047_0047.jpg 1 31 14 47 47
0440_0036_0040_0039_0039.jpg 1 36 40 39 39
0441_0046_0051_0042_0042.jpg 1 46 51 42 42
0442_0008_0049_0041_0041.jpg 1 8 49 41 41
0443_0007_0005_0059_0059.jpg 1 7 5 59 59
0444_0014_0007_0043_0043.jpg 1 14 7 43 43
0445_0015_0033_0049_0049.jpg 1 15 33 49 49
0446_0013_0047_0029_0029.jpg 1 13 47 29 29
0447_0004_0013_0053_0053.jpg 1 4 13 53 53
0448_0007_0008_0038_0038.jpg 1 7 8 38 38
0449_0006_0023_0032_0032.jpg 1 6 23 32 32
0450_0020_0023_0066_0066.jpg 1 20 23 66 66
0451_0015_0036_0044_0044.jpg 1 15 36 44 44
0452_0050_0013_0035_0035.jpg 1 50 13 35 35
0453_0028_0008_0049_0049.jpg 1 28 8 49 49
0454_0047_0016_0024_0024.jpg 1 47 16 24 24
0455_0008_0025_0065_0065.jpg 1 8 25 65 65
0456_0018_0022_0036_0036.jpg 1 18 22 36 36
0457_0061_0031_0028_0028.jpg 1 61 31 28 28
0458_0036_0045_0045_0045.jpg 1 36 45 45 45
0459_0018_0020_0066_0066.jpg 1 18 20 66 66
0460_0028_0012_0058_0058.jpg 1 28 12 58 58
0461_0065_0065_0026_0026.jpg 1 65 65 26 26
0462_0032_0015_0061_0061.jpg 1 32 15 61 61
0463_0052_0026_0027_0027.jpg 1 52 26 27 27
0464_0025_0005_0049_0049.jpg 1 25 5 49 49
0465_0016_0053_0026_0026.jpg 1 16 53 26 26
0466_0047_0014_0045_0045.jpg 1 47 14 45 45
0467_0042_0028_0046_0046.jpg 1 42 28 46 46
0468_0027_0032_0064_0064.jpg 1 27 32 64 64
0469_0018_0011_0043_0043.jpg 1 18 11 43 43
0470_0030_0044_0048_0048.jpg 1 30 44 48 48
0471_0044_0025_0044_0044.jpg 1 44 25 44 44
0472_0011_0009_0059_0059.jpg 1 11 9 59 59
0473_0019_0043_0050_0050.jpg 1 19 43 50 50
0474_0030_0007_0065_0065.jpg 1 30 7 65 65
0475_0013_0022_0028_0028.jpg 1 13 22 28 28
0476_0032_0033_0032_0032.jpg 1 32 33 32 32
0477_0025_0029_0057_0057.jpg 1 25 29 57 57
0478_0033_0027_0052_0052.jpg 1 33 27 52 52
0479_0009_0010_0032_0032.jpg 1 9 10 32 32
0480_0033_0011_0042_0042.jpg 1 33 11 42 42
0481_0028_0033_0031_0031.jpg 1 28 33 31 31
0482_0023_0016_0067_0067.jpg 1 23 16 67 67
0483_0013_0006_0069_0069.jpg 1 13 6 69 69
0484_0023_0013_0066_0066.jpg 1 23 13 66 66
0485_0017_0010_0062_0062.jpg 1 17 10 62 62
0486_0062_0043_0025_0025.jpg 1 62 43 25 25
0487_0006_0004_0062_0062.jpg 1 6 4 62 62
0488_0008_0010_0066_0066.jpg 1 8 10 66 66
0489_0042_0034_0042_0042.jpg 1 42 34 42 42
0490_0027_0016_0040_0040.jpg 1 27 16 40 40
0491_0027_0019_0037_0037.jpg 1 27 19 37 37
0492_0029_0016_0030_0030.jpg 1 29 16 30 30
0493_0023_0030_0054_0054.jpg 1 23 30 54 54
0494_0028_0037_0045_0045.jpg 1 28 37 45 45
0495_0007_0035_0054_0054.jpg 1 7 35 54 54
0496_0038_0025_0029_0029.jpg 1 38 25 29 29
0497_0007_0058_0034_0034.jpg 1 7 58 34 34
0498_0034_0024_0039_0039.jpg 1 34 24 39 39
0499_0047_0050_0036_0036.jpg 1 47 50 36 36
0500_0045_0021_0024_0024.jpg 1 45 21 24 24
0501_0021_0012_0050_0050.jpg 1 21 12 50 50
0502_0035_0028_0049_0049.jpg 1 35 28 49 49
0503_0026_0046_0035_0035.jpg 1 26 46 35 35
0504_0051_0047_0025_0025.jpg 1 51 47 25 25
0505_0027_0020_0062_0062.jpg 1 27 20 62 62
0506_0014_0031_0064_0064.jpg 1 14 31 64 64
0507_0005_0013_0054_0054.jpg 1 5 13 54 54
0508_0017_0017_0054_0054.jpg 1 17 17 54 54
0509_0063_0036_0029_0029.jpg 1 63 36 29 29
0510_0024_0023_0044_0044.jpg 1 24 23 44 44
0511_0018_0026_0047_0047.jpg 1 18 26 47 47
0512_0048_0007_0039_0039.jpg 1 48 7 39 39
0513_0038_0017_0036_0036.jpg 1 38 17 36 36
0514_0019_0003_0065_0065.jpg 1 19 3 65 65
0515_0033_0032_0060_0060.jpg 1 33 32 60 60
0516_0038_0022_0028_0028.jpg 1 38 22 28 28
0517_0010_0031_0064_0064.jpg 1 10 31 64 64
0518_0038_0006_0054_0054.jpg 1 38 6 54 54
0519_0007_0037_0036_0036.jpg 1 7 37 36 36
0520_0020_0020_0056_0056.jpg 1 20 20 56 56
0521_0017_0027_0047_0047.jpg 1 17 27 47 47
0522_0029_0032_0063_0063.jpg 1 29 32 63 63
0523_0020_0018_0036_0036.jpg 1 20 18 36 36
0524_0030_0020_0055_0055.jpg 1 30 20 55 55
0525_0032_0031_0058_0058.jpg 1 32 31 58 58
0526_0035_0039_0048_0048.jpg 1 35 39 48 48
0527_0010_0017_0030_0030.jpg 1 10 17 30 30
0528_0027_0005_0063_0063.jpg 1 27 5 63 63
0529_0013_0038_0048_0048.jpg 1 13 38 48 48
0530_0024_0004_0066_0066.jpg 1 24 4 66 66
0531_0015_0013_0041_0041.jpg 1 15 13 41 41
0532_0019_0018_0064_0064.jpg 1 19 18 64 64
0533_0045_0027_0038_0038.jpg 1 45 27 38 38
0534_0013_0042_0050_0050.jpg 1 13 42 50 50
0535_0023_0027_0042_0042.jpg 1 23 27 42 42
0536_0037_0044_0041_0041.jpg 1 37 44 41 41
0537_0017_0023_0063_0063.jpg 1 17 23 63 63
0538_0016_0004_0059_0059.jpg 1 16 4 59 59
0539_0013_0015_0044_0044.jpg 1 13 15 44 44
0540_0037_0018_0056_0056.jpg 1 37 18 56 56
0541_0010_0007_0055_0055.jpg 1 10 7 55 55
0542_0008_0035_0060_0060.jpg 1 8 35 60 60
0543_0012_0012_0049_0049.jpg 1 12 12 49 49
0544_0027_0006_0056_0056.jpg 1 27 6 56 56
0545_0036_0011_0046_0046.jpg 1 36 11 46 46
0546_0031_0013_0042_0042.jpg 1 31 13 42 42
0547_0012_0047_0032_0032.jpg 1 12 47 32 32
0548_0037_0022_0033_0033.jpg 1 37 22 33 33
0549_0021_0016_0033_0033.jpg 1 21 16 33 33
0550_0018_0021_0039_0039.jpg 1 18 21 39 39
0551_0027_0012_0069_0069.jpg 1 27 12 69 69
0552_0021_0006_0063_0063.jpg 1 21 6 63 63
0553_0005_0036_0054_0054.jpg 1 5 36 54 54
0554_0020_0025_0024_0024.jpg 1 20 25 24 24
0555_0030_0065_0024_0024.jpg 1 30 65 24 24
0556_0022_0026_0027_0027.jpg 1 22 26 27 27
0557_0017_0005_0063_0063.jpg 1 17 5 63 63
0558_0061_0026_0032_0032.jpg 1 61 26 32 32
0559_0019_0034_0031_0031.jpg 1 19 34 31 31
0560_0019_0026_0046_0046.jpg 1 19 26 46 46
0561_0056_0039_0025_0025.jpg 1 56 39 25 25
0562_0034_0034_0059_0059.jpg 1 34 34 59 59
0563_0013_0018_0026_0026.jpg 1 13 18 26 26
0564_0022_0008_0065_0065.jpg 1 22 8 65 65
0565_0033_0040_0054_0054.jpg 1 33 40 54 54
0566_0030_0027_0045_0045.jpg 1 30 27 45 45
0567_0057_0013_0031_0031.jpg 1 57 13 31 31
0568_0023_0033_0046_0046.jpg 1 23 33 46 46
0569_0047_0028_0045_0045.jpg 1 47 28 45 45
0570_0008_0008_0061_0061.jpg 1 8 8 61 61
0571_0038_0046_0041_0041.jpg 1 38 46 41 41
0572_0025_0014_0069_0069.jpg 1 25 14 69 69
0573_0012_0012_0058_0058.jpg 1 12 12 58 58
0574_0020_0024_0049_0049.jpg 1 20 24 49 49
0575_0034_0023_0028_0028.jpg 1 34 23 28 28
0576_0028_0010_0030_0030.jpg 1 28 10 30 30
0577_0043_0007_0041_0041.jpg 1 43 7 41 41
0578_0011_0013_0047_0047.jpg 1 11 13 47 47
0579_0030_0010_0064_0064.jpg 1 30 10 64 64
0580_0047_0018_0038_0038.jpg 1 47 18 38 38
0581_0030_0025_0036_0036.jpg 1 30 25 36 36
0582_0021_0009_0055_0055.jpg 1 21 9 55 55
0583_0032_0022_0046_0046.jpg 1 32 22 46 46
0584_0010_0015_0025_0025.jpg 1 10 15 25 25
0585_0030_0018_0051_0051.jpg 1 30 18 51 51
0586_0010_0008_0067_0067.jpg 1 10 8 67 67
0587_0044_0051_0028_0028.jpg 1 44 51 28 28
0588_0044_0013_0041_0041.jpg 1 44 13 41 41
0589_0017_0005_0063_0063.jpg 1 17 5 63 63
0590_0003_0026_0067_0067.jpg 1 3 26 67 67
0591_0018_0015_0060_0060.jpg 1 18 15 60 60
0592_0034_0049_0040_0040.jpg 1 34 49 40 40
0593_0016_0040_0050_0050.jpg 1 16 40 50 50
0594_0056_0039_0028_0028.jpg 1 56 39 28 28
0595_0014_0061_0024_0024.jpg 1 14 61 24 24
0596_0058_0027_0027_0027.jpg 1 58 27 27 27
0597_0024_0008_0059_0059.jpg 1 24 8 59 59
0598_0009_0014_0065_0065.jpg 1 9 14 65 65
0599_0020_0039_0055_0055.jpg 1 20 39 55 55
0600_0021_0013_0053_0053.jpg 1 21 13 53 53
0601_0030_0026_0033_0033.jpg 1 30 26 33 33
0602_0016_0040_0031_0031.jpg 1 16 40 31 31
0603_0056_0013_0037_0037.jpg 1 56 13 37 37
0604_0005_0015_0056_0056.jpg 1 5 15 56 56
0605_0021_0046_0033_0033.jpg 1 21 46 33 33
0606_0032_0034_0030_0030.jpg 1 32 34 30 30
0607_0021_0010_0067_0067.jpg 1 21 10 67 67
0608_0013_0017_0044_0044.jpg 1 13 17 44 44
0609_0004_0019_0069_0069.jpg 1 4 19 69 69
0610_0049_0031_0032_0032.jpg 1 49 31 32 32
0611_0044_0007_0026_0026.jpg 1 44 7 26 26
0612_0013_0040_0046_0046.jpg 1 13 40 46 46
0613_0009_0022_0061_0061.jpg 1 9 22 61 61
0614_0049_0035_0042_0042.jpg 1 49 35 42 42
0615_0013_0024_0058_0058.jpg 1 13 24 58 58
0616_0013_0006_0055_0055.jpg 1 13 6 55 55
0617_0018_0023_0066_0066.jpg 1 18 23 66 66
0618_0027_0021_0069_0069.jpg 1 27 21 69 69
0619_0046_0036_0026_0026.jpg 1 46 36 26 26
0620_0012_0007_0069_0069.jpg 1 12 7 69 69
0621_0032_0019_0051_0051.jpg 1 32 19 51 51
0622_0014_0014_0049_0049.jpg 1 14 14 49 49
0623_0040_0050_0030_0030.jpg 1 40 50 30 30
0624_0048_0064_0026_0026.jpg 1 48 64 26 26
0625_0005_0026_0060_0060.jpg 1 5 26 60 60
0626_0015_0027_0030_0030.jpg 1 15 27 30 30
0627_0023_0023_0066_0066.jpg 1 23 23 66 66
0628_0037_0041_0031_0031.jpg 1 37 41 31 31
0629_0040_0034_0048_0048.jpg 1 40 34 48 48
0630_0010_0029_0049_0049.jpg 1 10 29 49 49
0631_0030_0037_0028_0028.jpg 1 30 37 28 28
0632_0054_0056_0032_0032.jpg 1 54 56 32 32
0633_0005_0022_0044_0044.jpg 1 5 22 44 44
0634_0011_0015_0065_0065.jpg 1 11 15 65 65
0635_0013_0011_0053_0053.jpg 1 13 11 53 53
0636_0015_0042_0050_0050.jpg 1 15 42 50 50
0637_0050_0029_0030_0030.jpg 1 50 29 30 30
0638_0014_0022_0067_0067.jpg 1 14 22 67 67
0639_0005_0027_0067_0067.jpg 1 5 27 67 67
0640_0022_0025_0043_0043.jpg 1 22 25 43 43
0641_0026_0003_0065_0065.jpg 1 26 3 65 65
0642_0040_0040_0054_0054.jpg 1 40 40 54 54
0643_0024_0023_0066_0066.jpg 1 24 23 66 66
0644_0051_0025_0033_0033.jpg 1 51 25 33 33
0645_0026_0017_0066_0066.jpg 1 26 17 66 66
0646_0032_0017_0053_0053.jpg 1 32 17 53 53
0647_0010_0019_0027_0027.jpg 1 10 19 27 27
0648_0013_0033_0043_0043.jpg 1 13 33 43 43
0649_0024_0027_0035_0035.jpg 1 24 27 35 35
0650_0015_0006_0067_0067.jpg 1 15 6 67 67
0651_0028_0057_0024_0024.jpg 1 28 57 24 24
0652_0042_0026_0045_0045.jpg 1 42 26 45 45
0653_0017_0036_0042_0042.jpg 1 17 36 42 42
0654_0010_0028_0060_0060.jpg 1 10 28 60 60
0655_0030_0022_0049_0049.jpg 1 30 22 49 49
0656_0021_0028_0032_0032.jpg 1 21 28 32 32
0657_0011_0041_0035_0035.jpg 1 11 41 35 35
0658_0023_0032_0052_0052.jpg 1 23 32 52 52
0659_0013_0030_0043_0043.jpg 1 13 30 43 43
0660_0006_0026_0044_0044.jpg 1 6 26 44 44
0661_0037_0017_0046_0046.jpg 1 37 17 46 46
0662_0049_0038_0024_0024.jpg 1 49 38 24 24
0663_0047_0025_0026_0026.jpg 1 47 25 26 26
0664_0014_0009_0057_0057.jpg 1 14 9 57 57
0665_0013_0006_0064_0064.jpg 1 13 6 64 64
0666_0025_0026_0064_0064.jpg 1 25 26 64 64
0667_0015_0005_0050_0050.jpg 1 15 5 50 50
0668_0008_0020_0040_0040.jpg 1 8 20 40 40
0669_0023_0020_0053_0053.jpg 1 23 20 53 53
0670_0014_0018_0063_0063.jpg 1 14 18 63 63
0671_0029_0013_0057_0057.jpg 1 29 13 57 57
0672_0019_0011_0052_0052.jpg 1 19 11 52 52
0673_0034_0048_0025_0025.jpg 1 34 48 25 25
0674_0009_0026_0043_0043.jpg 1 9 26 43 43
0675_0014_0014_0059_0059.jpg 1 14 14 59 59
0676_0024_0018_0069_0069.jpg 1 24 18 69 69
0677_0018_0010_0026_0026.jpg 1 18 10 26 26
0678_0022_0026_0045_0045.jpg 1 22 26 45 45
0679_0020_0028_0033_0033.jpg 1 20 28 33 33
0680_0011_0025_0065_0065.jpg 1 11 25 65 65
0681_0036_0016_0043_0043.jpg 1 36 16 43 43
0682_0061_0031_0027_0027.jpg 1 61 31 27 27
0683_0033_0009_0061_0061.jpg 1 33 9 61 61
0684_0020_0025_0068_0068.jpg 1 20 25 68 68
0685_0024_0012_0054_0054.jpg 1 24 12 54 54
0686_0046_0022_0035_0035.jpg 1 46 22 35 35
0687_0007_0038_0032_0032.jpg 1 7 38 32 32
0688_0007_0030_0043_0043.jpg 1 7 30 43 43
0689_0024_0020_0054_0054.jpg 1 24 20 54 54
0690_0006_0037_0058_0058.jpg 1 6 37 58 58
0691_0019_0029_0041_0041.jpg 1 19 29 41 41
0692_0014_0020_0066_0066.jpg 1 14 20 66 66
0693_0011_0044_0045_0045.jpg 1 11 44 45 45
0694_0010_0015_0049_0049.jpg 1 10 15 49 49
0695_0009_0021_0037_0037.jpg 1 9 21 37 37
0696_0038_0021_0030_0030.jpg 1 38 21 30 30
0697_0051_0045_0027_0027.jpg 1 51 45 27 27
0698_0036_0026_0050_0050.jpg 1 36 26 50 50
0699_0012_0035_0024_0024.jpg 1 12 35 24 24
0700_0023_0007_0055_0055.jpg 1 23 7 55 55
0701_0033_0012_0055_0055.jpg 1 33 12 55 55
0702_0020_0031_0056_0056.jpg 1 20 31 56 56
0703_0023_0026_0064_0064.jpg 1 23 26 64 64
0704_0018_0005_0055_0055.jpg 1 18 5 55 55
0705_0018_0021_0046_0046.jpg 1 18 21 46 46
0706_0035_0012_0030_0030.jpg 1 35 12 30 30
0707_0037_0018_0053_0053.jpg 1 37 18 53 53
0708_0007_0033_0045_0045.jpg 1 7 33 45 45
0709_0037_0025_0055_0055.jpg 1 37 25 55 55
0710_0028_0022_0036_0036.jpg 1 28 22 36 36
0711_0033_0023_0049_0049.jpg 1 33 23 49 49
0712_0023_0019_0052_0052.jpg 1 23 19 52 52
0713_0015_0029_0033_0033.jpg 1 15 29 33 33
0714_0008_0010_0066_0066.jpg 1 8 10 66 66
0715_0023_0018_0060_0060.jpg 1 23 18 60 60
0716_0008_0031_0038_0038.jpg 1 8 31 38 38
0717_0032_0051_0035_0035.jpg 1 32 51 35 35
0718_0012_0035_0055_0055.jpg 1 12 35 55 55
0719_0015_0021_0065_0065.jpg 1 15 21 65 65
0720_0050_0053_0038_0038.jpg 1 50 53 38 38
0721_0024_0032_0061_0061.jpg 1 24 32 61 61
0722_0014_0006_0047_0047.jpg 1 14 6 47 47
0723_0037_0026_0029_0029.jpg 1 37 26 29 29
0724_0028_0025_0040_0040.jpg 1 28 25 40 40
0725_0014_0031_0062_0062.jpg 1 14 31 62 62
0726_0033_0021_0041_0041.jpg 1 33 21 41 41
0727_0012_0022_0054_0054.jpg 1 12 22 54 54
0728_0015_0048_0037_0037.jpg 1 15 48 37 37
0729_0016_0006_0047_0047.jpg 1 16 6 47 47
0730_0018_0053_0031_0031.jpg 1 18 53 31 31
0731_0024_0013_0050_0050.jpg 1 24 13 50 50
0732_0011_0007_0052_0052.jpg 1 11 7 52 52
0733_0003_0022_0069_0069.jpg 1 3 22 69 69
0734_0030_0030_0058_0058.jpg 1 30 30 58 58
0735_0032_0025_0034_0034.jpg 1 32 25 34 34
0736_0004_0027_0060_0060.jpg 1 4 27 60 60
0737_0012_0049_0040_0040.jpg 1 12 49 40 40
0738_0038_0018_0039_0039.jpg 1 38 18 39 39
0739_0030_0028_0061_0061.jpg 1 30 28 61 61
0740_0040_0021_0040_0040.jpg 1 40 21 40 40
0741_0023_0028_0067_0067.jpg 1 23 28 67 67
0742_0041_0036_0040_0040.jpg 1 41 36 40 40
0743_0007_0008_0059_0059.jpg 1 7 8 59 59
0744_0014_0029_0042_0042.jpg 1 14 29 42 42
0745_0027_0020_0044_0044.jpg 1 27 20 44 44
0746_0033_0062_0025_0025.jpg 1 33 62 25 25
0747_0020_0029_0064_0064.jpg 1 20 29 64 64
0748_0028_0017_0052_0052.jpg 1 28 17 52 52
0749_0014_0011_0065_0065.jpg 1 14 11 65 65
0750_0025_0025_0042_0042.jpg 1 25 25 42 42
0751_0041_0020_0026_0026.jpg 1 41 20 26 26
0752_0020_0016_0067_0067.jpg 1 20 16 67 67
0753_0014_0011_0045_0045.jpg 1 14 11 45 45
0754_0032_0018_0049_0049.jpg 1 32 18 49 49
0755_0013_0020_0033_0033.jpg 1 13 20 33 33
0756_0034_0031_0052_0052.jpg 1 34 31 52 52
0757_0017_0037_0051_0051.jpg 1 17 37 51 51
0758_0010_0020_0069_0069.jpg 1 10 20 69 69
0759_0018_0030_0031_0031.jpg 1 18 30 31 31
0760_0050_0026_0031_0031.jpg 1 50 26 31 31
0761_0047_0020_0044_0044.jpg 1 47 20 44 44
0762_0036_0060_0025_0025.jpg 1 36 60 25 25
0763_0046_0034_0047_0047.jpg 1 46 34 47 47
0764_0031_0055_0035_0035.jpg 1 31 55 35 35
0765_0025_0009_0030_0030.jpg 1 25 9 30 30
0766_0057_0039_0035_0035.jpg 1 57 39 35 35
0767_0020_0025_0067_0067.jpg 1 20 25 67 67
0768_0027_0026_0064_0064.jpg 1 27 26 64 64
0769_0035_0035_0024_0024.jpg 1 35 35 24 24
0770_0031_0044_0039_0039.jpg 1 31 44 39 39
0771_0046_0040_0036_0036.jpg 1 46 40 36 36
0772_0011_0026_0025_0025.jpg 1 11 26 25 25
0773_0031_0006_0064_0064.jpg 1 31 6 64 64
0774_0006_0013_0034_0034.jpg 1 6 13 34 34
0775_0013_0012_0038_0038.jpg 1 13 12 38 38
0776_0058_0033_0034_0034.jpg 1 58 33 34 34
0777_0032_0023_0064_0064.jpg 1 32 23 64 64
0778_0027_0012_0032_0032.jpg 1 27 12 32 32
0779_0015_0051_0042_0042.jpg 1 15 51 42 42
0780_0016_0029_0061_0061.jpg 1 16 29 61 61
0781_0036_0045_0028_0028.jpg 1 36 45 28 28
0782_0021_0041_0051_0051.jpg 1 21 41 51 51
0783_0024_0040_0027_0027.jpg 1 24 40 27 27
0784_0006_0019_0068_0068.jpg 1 6 19 68 68
0785_0029_0010_0063_0063.jpg 1 29 10 63 63
0786_0016_0006_0046_0046.jpg 1 16 6 46 46
0787_0034_0035_0030_0030.jpg 1 34 35 30 30
0788_0061_0045_0024_0024.jpg 1 61 45 24 24
0789_0007_0040_0042_0042.jpg 1 7 40 42 42
0790_0027_0030_0039_0039.jpg 1 27 30 39 39
0791_0035_0012_0033_0033.jpg 1 35 12 33 33
0792_0016_0038_0047_0047.jpg 1 16 38 47 47
0793_0024_0022_0060_0060.jpg 1 24 22 60 60
0794_0010_0045_0045_0045.jpg 1 10 45 45 45
0795_0019_0031_0058_0058.jpg 1 19 31 58 58
0796_0011_0025_0029_0029.jpg 1 11 25 29 29
0797_0027_0015_0064_0064.jpg 1 27 15 64 64
0798_0021_0013_0067_0067.jpg 1 21 13 67 67
0799_0052_0049_0028_0028.jpg 1 52 49 28 28
0800_0043_0031_0046_0046.jpg 1 43 31 46 46
0801_0021_0046_0036_0036.jpg 1 21 46 36 36
0802_0019_0058_0028_0028.jpg 1 19 58 28 28
0803_0033_0007_0061_0061.jpg 1 33 7 61 61
0804_0028_0028_0067_0067.jpg 1 28 28 67 67
0805_0011_0026_0055_0055.jpg 1 11 26 55 55
0806_0014_0022_0026_0026.jpg 1 14 22 26 26
0807_0035_0029_0058_0058.jpg 1 35 29 58 58
0808_0012_0018_0069_0069.jpg 1 12 18 69 69
0809_0030_0016_0062_0062.jpg 1 30 16 62 62
0810_0054_0047_0036_0036.jpg 1 54 47 36 36
0811_0016_0005_0056_0056.jpg 1 16 5 56 56
0812_0039_0022_0026_0026.jpg 1 39 22 26 26
0813_0030_0036_0056_0056.jpg 1 30 36 56 56
0814_0022_0010_0053_0053.jpg 1 22 10 53 53
0815_0030_0032_0059_0059.jpg 1 30 32 59 59
0816_0008_0039_0054_0054.jpg 1 8 39 54 54
0817_0056_0018_0030_0030.jpg 1 56 18 30 30
0818_0010_0007_0047_0047.jpg 1 10 7 47 47
0819_0028_0006_0035_0035.jpg 1 28 6 35 35
0820_0034_0039_0044_0044.jpg 1 34 39 44 44
0821_0010_0020_0067_0067.jpg 1 10 20 67 67
0822_0035_0029_0061_0061.jpg 1 35 29 61 61
0823_0044_0053_0030_0030.jpg 1 44 53 30 30
0824_0019_0019_0062_0062.jpg 1 19 19 62 62
0825_0018_0041_0046_0046.jpg 1 18 41 46 46
0826_0044_0008_0049_0049.jpg 1 44 8 49 49
0827_0015_0030_0061_0061.jpg 1 15 30 61 61
0828_0025_0015_0045_0045.jpg 1 25 15 45 45
0829_0021_0014_0064_0064.jpg 1 21 14 64 64
0830_0043_0026_0035_0035.jpg 1 43 26 35 35
0831_0057_0030_0025_0025.jpg 1 57 30 25 25
0832_0033_0042_0050_0050.jpg 1 33 42 50 50
0833_0018_0021_0061_0061.jpg 1 18 21 61 61
0834_0016_0003_0063_0063.jpg 1 16 3 63 63
0835_0004_0016_0069_0069.jpg 1 4 16 69 69
0836_0032_0034_0047_0047.jpg 1 32 34 47 47
0837_0031_0021_0061_0061.jpg 1 31 21 61 61
0838_0015_0055_0038_0038.jpg 1 15 55 38 38
0839_0029_0054_0033_0033.jpg 1 29 54 33 33
0840_0007_0013_0061_0061.jpg 1 7 13 61 61
0841_0056_0025_0026_0026.jpg 1 56 25 26 26
0842_0044_0033_0050_0050.jpg 1 44 33 50 50
0843_0023_0004_0061_0061.jpg 1 23 4 61 61
0844_0021_0013_0045_0045.jpg 1 21 13 45 45
0845_0033_0016_0044_0044.jpg 1 33 16 44 44
0846_0038_0067_0024_0024.jpg 1 38 67 24 24
0847_0030_0029_0058_0058.jpg 1 30 29 58 58
0848_0032_0019_0045_0045.jpg 1 32 19 45 45
0849_0008_0037_0045_0045.jpg 1 8 37 45 45
0850_0031_0006_0057_0057.jpg 1 31 6 57 57
0851_0031_0004_0062_0062.jpg 1 31 4 62 62
0852_0030_0032_0064_0064.jpg 1 30 32 64 64
0853_0027_0023_0060_0060.jpg 1 27 23 60 60
0854_0052_0049_0031_0031.jpg 1 52 49 31 31
0855_0035_0008_0046_0046.jpg 1 35 8 46 46
0856_0020_0026_0037_0037.jpg 1 20 26 37 37
0857_0008_0010_0036_0036.jpg 1 8 10 36 36
0858_0016_0010_0067_0067.jpg 1 16 10 67 67
0859_0017_0015_0050_0050.jpg 1 17 15 50 50
0860_0012_0009_0047_0047.jpg 1 12 9 47 47
0861_0023_0023_0067_0067.jpg 1 23 23 67 67
0862_0019_0034_0056_0056.jpg 1 19 34 56 56
0863_0018_0027_0058_0058.jpg 1 18 27 58 58
0864_0038_0009_0051_0051.jpg 1 38 9 51 51
0865_0023_0039_0034_0034.jpg 1 23 39 34 34
0866_0027_0016_0067_0067.jpg 1 27 16 67 67
0867_0031_0034_0025_0025.jpg 1 31 34 25 25
0868_0009_0057_0035_0035.jpg 1 9 57 35 35
0869_0011_0023_0054_0054.jpg 1 11 23 54 54
0870_0005_0020_0059_0059.jpg 1 5 20 59 59
0871_0026_0057_0031_0031.jpg 1 26 57 31 31
0872_0004_0020_0052_0052.jpg 1 4 20 52 52
0873_0041_0025_0040_0040.jpg 1 41 25 40 40
0874_0052_0042_0025_0025.jpg 1 52 42 25 25
0875_0006_0005_0066_0066.jpg 1 6 5 66 66
0876_0046_0020_0036_0036.jpg 1 46 20 36 36
0877_0024_0026_0047_0047.jpg 1 24 26 47 47
0878_0032_0033_0029_0029.jpg 1 32 33 29 29
0879_0036_0005_0049_0049.jpg 1 36 5 49 49
0880_0025_0035_0057_0057.jpg 1 25 35 57 57
0881_0020_0004_0065_0065.jpg 1 20 4 65 65
0882_0046_0006_0035_0035.jpg 1 46 6 35 35
0883_0036_0010_0051_0051.jpg 1 36 10 51 51
0884_0025_0027_0048_0048.jpg 1 25 27 48 48
0885_0018_0009_0034_0034.jpg 1 18 9 34 34
0886_0028_0054_0031_0031.jpg 1 28 54 31 31
0887_0020_0009_0067_0067.jpg 1 20 9 67 67
0888_0007_0007_0059_0059.jpg 1 7 7 59 59
0889_0006_0009_0056_0056.jpg 1 6 9 56 56
0890_0011_0030_0060_0060.jpg 1 11 30 60 60
0891_0047_0041_0046_0046.jpg 1 47 41 46 46
0892_0010_0032_0062_0062.jpg 1 10 32 62 62
0893_0043_0026_0027_0027.jpg 1 43 26 27 27
0894_0021_0026_0029_0029.jpg 1 21 26 29 29
0895_0045_0014_0041_0041.jpg 1 45 14 41 41
0896_0013_0006_0067_0067.jpg 1 13 6 67 67
0897_0020_0003_0068_0068.jpg 1 20 3 68 68
0898_0005_0029_0050_0050.jpg 1 5 29 50 50
0899_0036_0022_0030_0030.jpg 1 36 22 30 30
0900_0052_0009_0041_0041.jpg 1 52 9 41 41
0901_0039_0036_0042_0042.jpg 1 39 36 42 42
0902_0017_0010_0054_0054.jpg 1 17 10 54 54
0903_0013_0013_0066_0066.jpg 1 13 13 66 66
0904_0014_0007_0052_0052.jpg 1 14 7 52 52
0905_0038_0053_0032_0032.jpg 1 38 53 32 32
0906_0047_0051_0038_0038.jpg 1 47 51 38 38
0907_0016_0014_0066_0066.jpg 1 16 14 66 66
0908_0010_0017_0065_0065.jpg 1 10 17 65 65
0909_0013_0013_0061_0061.jpg 1 13 13 61 61
0910_0016_0040_0051_0051.jpg 1 16 40 51 51
0911_0026_0017_0027_0027.jpg 1 26 17 27 27
0912_0051_0051_0039_0039.jpg 1 51 51 39 39
0913_0009_0043_0026_0026.jpg 1 9 43 26 26
0914_0030_0030_0046_0046.jpg 1 30 30 46 46
0915_0019_0033_0042_0042.jpg 1 19 33 42 42
0916_0048_0032_0042_0042.jpg 1 48 32 42 42
0917_0042_0019_0041_0041.jpg 1 42 19 41 41
0918_0012_0038_0033_0033.jpg 1 12 38 33 33
0919_0036_0018_0054_0054.jpg 1 36 18 54 54
0920_0039_0051_0032_0032.jpg 1 39 51 32 32
0921_0022_0024_0062_0062.jpg 1 22 24 62 62
0922_0048_0057_0029_0029.jpg 1 48 57 29 29
0923_0026_0019_0047_0047.jpg 1 26 19 47 47
0924_0031_0006_0048_0048.jpg 1 31 6 48 48
0925_0022_0021_0036_0036.jpg 1 22 21 36 36
0926_0018_0013_0062_0062.jpg 1 18 13 62 62
0927_0037_0028_0026_0026.jpg 1 37 28 26 26
0928_0032_0016_0059_0059.jpg 1 32 16 59 59
0929_0048_0047_0033_0033.jpg 1 48 47 33 33
0930_0020_0027_0031_0031.jpg 1 20 27 31 31
0931_0034_0017_0045_0045.jpg 1 34 17 45 45
0932_0037_0019_0039_0039.jpg 1 37 19 39 39
0933_0013_0016_0040_0040.jpg 1 13 16 40 40
0934_0050_0022_0038_0038.jpg 1 50 22 38 38
0935_0012_0031_0032_0032.jpg 1 12 31 32 32
0936_0054_0008_0031_0031.jpg 1 54 8 31 31
0937_0035_0023_0034_0034.jpg 1 35 23 34 34
0938_0009_0042_0027_0027.jpg 1 9 42 27 27
0939_0040_0033_0049_0049.jpg 1 40 33 49 49
0940_0062_0041_0025_0025.jpg 1 62 41 25 25
0941_0049_0007_0031_0031.jpg 1 49 7 31 31
0942_0023_0062_0030_0030.jpg 1 23 62 30 30
0943_0029_0028_0026_0026.jpg 1 29 28 26 26
0944_0057_0035_0030_0030.jpg 1 57 35 30 30
0945_0027_0022_0039_0039.jpg 1 27 22 39 39
0946_0026_0008_0051_0051.jpg 1 26 8 51 51
0947_0009_0031_0027_0027.jpg 1 9 31 27 27
0948_0037_0064_0027_0027.jpg 1 37 64 27 27
0949_0048_0020_0035_0035.jpg 1 48 20 35 35
0950_0019_0054_0032_0032.jpg 1 19 54 32 32
0951_0009_0028_0063_0063.jpg 1 9 28 63 63
0952_0028_0058_0027_0027.jpg 1 28 58 27 27
0953_0037_0031_0037_0037.jpg 1 37 31 37 37
0954_0030_0011_0029_0029.jpg 1 30 11 29 29
0955_0014_0005_0053_0053.jpg 1 14 5 53 53
0956_0004_0021_0061_0061.jpg 1 4 21 61 61
0957_0037_0024_0050_0050.jpg 1 37 24 50 50
0958_0033_0009_0062_0062.jpg 1 33 9 62 62
0959_0011_0024_0050_0050.jpg 1 11 24 50 50
0960_0020_0020_0069_0069.jpg 1 20 20 69 69
0961_0026_0017_0052_0052.jpg 1 26 17 52 52
0962_0006_0013_0061_0061.jpg 1 6 13 61 61
0963_0043_0021_0047_0047.jpg 1 43 21 47 47
0964_0023_0010_0049_0049.jpg 1 23 10 49 49
0965_0041_0040_0045_0045.jpg 1 41 40 45 45
0966_0025_0005_0058_0058.jpg 1 25 5 58 58
0967_0011_0019_0036_0036.jpg 1 11 19 36 36
0968_0024_0043_0026_0026.jpg 1 24 43 26 26
0969_0016_0025_0057_0057.jpg 1 16 25 57 57
0970_0030_0047_0029_0029.jpg 1 30 47 29 29
0971_0011_0016_0066_0066.jpg 1 11 16 66 66
0972_0056_0050_0025_0025.jpg 1 56 50 25 25
0973_0026_0013_0028_0028.jpg 1 26 13 28 28
0974_0007_0048_0040_0040.jpg 1 7 48 40 40
0975_0030_0029_0054_0054.jpg 1 30 29 54 54
0976_0029_0027_0045_0045.jpg 1 29 27 45 45
0977_0061_0020_0025_0025.jpg 1 61 20 25 25
0978_0008_0005_0049_0049.jpg 1 8 5 49 49
0979_0010_0035_0050_0050.jpg 1 10 35 50 50
0980_0014_0019_0055_0055.jpg 1 14 19 55 55
0981_0014_0020_0031_0031.jpg 1 14 20 31 31
0982_0043_0046_0048_0048.jpg 1 43 46 48 48
0983_0031_0013_0043_0043.jpg 1 31 13 43 43
0984_0039_0012_0038_0038.jpg 1 39 12 38 38
0985_0034_0059_0028_0028.jpg 1 34 59 28 28
0986_0040_0014_0046_0046.jpg 1 40 14 46 46
0987_0056_0008_0035_0035.jpg 1 56 8 35 35
0988_0018_0018_0057_0057.jpg 1 18 18 57 57
0989_0013_0025_0044_0044.jpg 1 13 25 44 44
0990_0011_0031_0030_0030.jpg 1 11 31 30 30
0991_0018_0046_0037_0037.jpg 1 18 46 37 37
0992_0015_0012_0030_0030.jpg 1 15 12 30 30
0993_0045_0016_0028_0028.jpg 1 45 16 28 28
0994_0021_0015_0068_0068.jpg 1 21 15 68 68
0995_0039_0011_0044_0044.jpg 1 39 11 44 44
0996_0031_0022_0060_0060.jpg 1 31 22 60 60
0997_0021_0047_0037_0037.jpg 1 21 47 37 37
0998_0024_0031_0041_0041.jpg 1 24 31 41 41
0999_0013_0052_0034_0034.jpg 1 13 52 34 34
1000_0011_0008_0057_0057.jpg 1 11 8 57 57
1001_0035_0024_0048_0048.jpg 1 35 24 48 48
1002_0006_0009_0069_0069.jpg 1 6 9 69 69
1003_0031_0028_0064_0064.jpg 1 31 28 64 64
1004_0039_0045_0044_0044.jpg 1 39 45 44 44
1005_0003_0022_0069_0069.jpg 1 3 22 69 69
1006_0033_0016_0039_0039.jpg 1 33 16 39 39
1007_0021_0018_0043_0043.jpg 1 21 18 43 43
1008_0015_0028_0035_0035.jpg 1 15 28 35 35
1009_0030_0036_0031_0031.jpg 1 30 36 31 31
1010_0026_0039_0044_0044.jpg 1 26 39 44 44
1011_0036_0012_0029_0029.jpg 1 36 12 29 29
1012_0021_0019_0063_0063.jpg 1 21 19 63 63
1013_0010_0039_0051_0051.jpg 1 10 39 51 51
1014_0049_0052_0034_0034.jpg 1 49 52 34 34
1015_0011_0009_0062_0062.jpg 1 11 9 62 62
1016_0021_0050_0041_0041.jpg 1 21 50 41 41
1017_0028_0055_0032_0032.jpg 1 28 55 32 32
1018_0030_0026_0057_0057.jpg 1 30 26 57 57
1019_0016_0038_0025_0025.jpg 1 16 38 25 25
1020_0044_0055_0036_0036.jpg 1 44 55 36 36
1021_0018_0040_0027_0027.jpg 1 18 40 27 27
1022_0044_0041_0044_0044.jpg 1 44 41 44 44
1023_0033_0018_0039_0039.jpg 1 33 18 39 39
1024_0012_0007_0032_0032.jpg 1 12 7 32 32
1025_0055_0021_0033_0033.jpg 1 55 21 33 33
1026_0011_0018_0064_0064.jpg 1 11 18 64 64
1027_0018_0026_0036_0036.jpg 1 18 26 36 36
1028_0050_0023_0034_0034.jpg 1 50 23 34 34
1029_0029_0014_0062_0062.jpg 1 29 14 62 62
1030_0014_0018_0050_0050.jpg 1 14 18 50 50
1031_0016_0026_0029_0029.jpg 1 16 26 29 29
1032_0026_0009_0061_0061.jpg 1 26 9 61 61
1033_0011_0035_0044_0044.jpg 1 11 35 44 44
1034_0041_0037_0051_0051.jpg 1 41 37 51 51
1035_0049_0009_0034_0034.jpg 1 49 9 34 34
1036_0017_0015_0033_0033.jpg 1 17 15 33 33
1037_0010_0026_0053_0053.jpg 1 10 26 53 53
1038_0016_0008_0063_0063.jpg 1 16 8 63 63
1039_0025_0030_0039_0039.jpg 1 25 30 39 39
1040_0026_0053_0040_0040.jpg 1 26 53 40 40
1041_0030_0042_0025_0025.jpg 1 30 42 25 25
1042_0052_0040_0036_0036.jpg 1 52 40 36 36
1043_0018_0025_0064_0064.jpg 1 18 25 64 64
1044_0014_0011_0053_0053.jpg 1 14 11 53 53
1045_0007_0032_0059_0059.jpg 1 7 32 59 59
1046_0021_0006_0051_0051.jpg 1 21 6 51 51
1047_0008_0030_0057_0057.jpg 1 8 30 57 57
1048_0050_0054_0030_0030.jpg 1 50 54 30 30
1049_0036_0023_0058_0058.jpg 1 36 23 58 58
1050_0023_0020_0061_0061.jpg 1 23 20 61 61
1051_0017_0024_0060_0060.jpg 1 17 24 60 60
1052_0039_0025_0056_0056.jpg 1 39 25 56 56
1053_0024_0029_0050_0050.jpg 1 24 29 50 50
1054_0011_0005_0050_0050.jpg 1 11 5 50 50
1055_0011_0031_0025_0025.jpg 1 11 31 25 25
1056_0045_0040_0042_0042.jpg 1 45 40 42 42
1057_0015_0006_0063_0063.jpg 1 15 6 63 63
1058_0026_0022_0063_0063.jpg 1 26 22 63 63
1059_0014_0012_0060_0060.jpg 1 14 12 60 60
1060_0024_0050_0039_0039.jpg 1 24 50 39 39
1061_0024_0017_0047_0047.jpg 1 24 17 47 47
1062_0036_0024_0046_0046.jpg 1 36 24 46 46
1063_0024_0010_0055_0055.jpg 1 24 10 55 55
1064_0020_0021_0041_0041.jpg 1 20 21 41 41
1065_0043_0024_0049_0049.jpg 1 43 24 49 49
1066_0018_0015_0025_0025.jpg 1 18 15 25 25
1067_0034_0058_0025_0025.jpg 1 34 58 25 25
1068_0039_0044_0044_0044.jpg 1 39 44 44 44
1069_0046_0059_0033_0033.jpg 1 46 59 33 33
1070_0010_0004_0062_0062.jpg 1 10 4 62 62
1071_0005_0019_0068_0068.jpg 1 5 19 68 68
1072_0007_0042_0034_0034.jpg 1 7 42 34 34
1073_0034_0028_0055_0055.jpg 1 34 28 55 55
1074_0016_0019_0066_0066.jpg 1 16 19 66 66
1075_0032_0008_0057_0057.jpg 1 32 8 57 57
1076_0045_0030_0047_0047.jpg 1 45 30 47 47
1077_0010_0016_0058_0058.jpg 1 10 16 58 58
1078_0032_0027_0050_0050.jpg 1 32 27 50 50
1079_0036_0037_0052_0052.jpg 1 36 37 52 52
1080_0064_0036_0026_0026.jpg 1 64 36 26 26
1081_0006_0013_0045_0045.jpg 1 6 13 45 45
1082_0006_0034_0057_0057.jpg 1 6 34 57 57
1083_0027_0015_0064_0064.jpg 1 27 15 64 64
1084_0036_0037_0050_0050.jpg 1 36 37 50 50
1085_0014_0015_0068_0068.jpg 1 14 15 68 68
1086_0043_0014_0027_0027.jpg 1 43 14 27 27
1087_0024_0025_0026_0026.jpg 1 24 25 26 26
1088_0038_0015_0053_0053.jpg 1 38 15 53 53
1089_0008_0018_0067_0067.jpg 1 8 18 67 67
1090_0010_0040_0032_0032.jpg 1 10 40 32 32
1091_0018_0036_0050_0050.jpg 1 18 36 50 50
1092_0014_0014_0064_0064.jpg 1 14 14 64 64
1093_0029_0037_0052_0052.jpg 1 29 37 52 52
1094_0025_0037_0054_0054.jpg 1 25 37 54 54
1095_0047_0041_0032_0032.jpg 1 47 41 32 32
1096_0020_0026_0053_0053.jpg 1 20 26 53 53
1097_0035_0028_0041_0041.jpg 1 35 28 41 41
1098_0019_0026_0052_0052.jpg 1 19 26 52 52
1099_0019_0031_0035_0035.jpg 1 19 31 35 35
1100_0029_0034_0058_0058.jpg 1 29 34 58 58
1101_0021_0044_0043_0043.jpg 1 21 44 43 43
1102_0059_0042_0030_0030.jpg 1 59 42 30 30
1103_0035_0025_0052_0052.jpg 1 35 25 52 52
1104_0009_0028_0038_0038.jpg 1 9 28 38 38
1105_0032_0011_0051_0051.jpg 1 32 11 51 51
1106_0040_0033_0052_0052.jpg 1 40 33 52 52
1107_0034_0035_0046_0046.jpg 1 34 35 46 46
1108_0025_0024_0049_0049.jpg 1 25 24 49 49
1109_0031_0013_0051_0051.jpg 1 31 13 51 51
1110_0012_0012_0064_0064.jpg 1 12 12 64 64
1111_0013_0010_0068_0068.jpg 1 13 10 68 68
1112_0046_0023_0026_0026.jpg 1 46 23 26 26
1113_0006_0028_0058_0058.jpg 1 6 28 58 58
1114_0022_0051_0043_0043.jpg 1 22 51 43 43
1115_0011_0018_0046_0046.jpg 1 11 18 46 46
1116_0034_0023_0060_0060.jpg 1 34 23 60 60
1117_0031_0007_0054_0054.jpg 1 31 7 54 54
1118_0003_0029_0066_0066.jpg 1 3 29 66 66
1119_0014_0041_0045_0045.jpg 1 14 41 45 45
1120_0010_0029_0053_0053.jpg 1 10 29 53 53
1121_0018_0025_0052_0052.jpg 1 18 25 52 52
1122_0014_0014_0068_0068.jpg 1 14 14 68 68
1123_0020_0046_0045_0045.jpg 1 20 46 45 45
1124_0017_0011_0069_0069.jpg 1 17 11 69 69
1125_0043_0012_0045_0045.jpg 1 43 12 45 45
1126_0030_0059_0026_0026.jpg 1 30 59 26 26
1127_0015_0014_0055_0055.jpg 1 15 14 55 55
1128_0008_0017_0026_0026.jpg 1 8 17 26 26
1129_0032_0060_0027_0027.jpg 1 32 60 27 27
1130_0009_0007_0063_0063.jpg 1 9 7 63 63
1131_0051_0021_0039_0039.jpg 1 51 21 39 39
1132_0041_0018_0046_0046.jpg 1 41 18 46 46
1133_0041_0030_0052_0052.jpg 1 41 30 52 52
1134_0018_0014_0064_0064.jpg 1 18 14 64 64
1135_0034_0013_0053_0053.jpg 1 34 13 53 53
1136_0029_0034_0030_0030.jpg 1 29 34 30 30
1137_0034_0052_0037_0037.jpg 1 34 52 37 37
1138_0049_0031_0031_0031.jpg 1 49 31 31 31
1139_0051_0020_0038_0038.jpg 1 51 20 38 38
1140_0004_0034_0058_0058.jpg 1 4 34 58 58
1141_0019_0024_0056_0056.jpg 1 19 24 56 56
1142_0031_0012_0033_0033.jpg 1 31 12 33 33
1143_0038_0018_0038_0038.jpg 1 38 18 38 38
1144_0014_0008_0063_0063.jpg 1 14 8 63 63
1145_0027_0019_0025_0025.jpg 1 27 19 25 25
1146_0043_0039_0031_0031.jpg 1 43 39 31 31
1147_0023_0046_0045_0045.jpg 1 23 46 45 45
1148_0042_0018_0038_0038.jpg 1 42 18 38 38
1149_0038_0022_0053_0053.jpg 1 38 22 53 53
1150_0016_0038_0030_0030.jpg 1 16 38 30 30
1151_0052_0019_0041_0041.jpg 1 52 19 41 41
1152_0058_0057_0035_0035.jpg 1 58 57 35 35
1153_0021_0029_0059_0059.jpg 1 21 29 59 59
1154_0019_0031_0059_0059.jpg 1 19 31 59 59
1155_0037_0030_0046_0046.jpg 1 37 30 46 46
1156_0021_0025_0042_0042.jpg 1 21 25 42 42
1157_0024_0040_0035_0035.jpg 1 24 40 35 35
1158_0011_0045_0026_0026.jpg 1 11 45 26 26
1159_0028_0043_0049_0049.jpg 1 28 43 49 49
1160_0035_0041_0026_0026.jpg 1 35 41 26 26
1161_0026_0039_0053_0053.jpg 1 26 39 53 53
1162_0029_0019_0061_0061.jpg 1 29 19 61 61
1163_0013_0027_0062_0062.jpg 1 13 27 62 62
1164_0055_0058_0031_0031.jpg 1 55 58 31 31
1165_0017_0027_0059_0059.jpg 1 17 27 59 59
1166_0006_0027_0040_0040.jpg 1 6 27 40 40
1167_0028_0006_0046_0046.jpg 1 28 6 46 46
1168_0055_0027_0033_0033.jpg 1 55 27 33 33
1169_0021_0021_0054_0054.jpg 1 21 21 54 54
1170_0045_0044_0040_0040.jpg 1 45 44 40 40
1171_0060_0061_0029_0029.jpg 1 60 61 29 29
1172_0015_0004_0061_0061.jpg 1 15 4 61 61
1173_0017_0052_0039_0039.jpg 1 17 52 39 39
1174_0030_0034_0032_0032.jpg 1 30 34 32 32
1175_0052_0058_0033_0033.jpg 1 52 58 33 33
1176_0023_0010_0050_0050.jpg 1 23 10 50 50
1177_0053_0029_0035_0035.jpg 1 53 29 35 35
1178_0018_0015_0040_0040.jpg 1 18 15 40 40
1179_0025_0050_0037_0037.jpg 1 25 50 37 37
1180_0006_0008_0055_0055.jpg 1 6 8 55 55
1181_0042_0032_0041_0041.jpg 1 42 32 41 41
1182_0020_0033_0054_0054.jpg 1 20 33 54 54
1183_0038_0061_0026_0026.jpg 1 38 61 26 26
1184_0026_0042_0051_0051.jpg 1 26 42 51 51
1185_0037_0027_0057_0057.jpg 1 37 27 57 57
1186_0055_0047_0033_0033.jpg 1 55 47 33 33
1187_0036_0040_0049_0049.jpg 1 36 40 49 49
1188_0009_0026_0043_0043.jpg 1 9 26 43 43
1189_0008_0030_0027_0027.jpg 1 8 30 27 27
1190_0058_0032_0026_0026.jpg 1 58 32 26 26
1191_0009_0041_0043_0043.jpg 1 9 41 43 43
1192_0026_0031_0062_0062.jpg 1 26 31 62 62
1193_0048_0042_0046_0046.jpg 1 48 42 46 46
1194_0008_0011_0052_0052.jpg 1 8 11 52 52
1195_0040_0034_0053_0053.jpg 1 40 34 53 53
1196_0012_0024_0025_0025.jpg 1 12 24 25 25
1197_0030_0013_0054_0054.jpg 1 30 13 54 54
1198_0017_0007_0031_0031.jpg 1 17 7 31 31
1199_0029_0008_0061_0061.jpg 1 29 8 61 61
1200_0020_0014_0033_0033.jpg 1 20 14 33 33
1201_0029_0013_0061_0061.jpg 1 29 13 61 61
1202_0030_0006_0057_0057.jpg 1 30 6 57 57
1203_0032_0031_0046_0046.jpg 1 32 31 46 46
1204_0021_0015_0062_0062.jpg 1 21 15 62 62
1205_0007_0014_0067_0067.jpg 1 7 14 67 67
1206_0038_0008_0042_0042.jpg 1 38 8 42 42
1207_0026_0057_0027_0027.jpg 1 26 57 27 27
1208_0037_0005_0052_0052.jpg 1 37 5 52 52
1209_0041_0012_0048_0048.jpg 1 41 12 48 48
1210_0020_0041_0044_0044.jpg 1 20 41 44 44
1211_0011_0018_0039_0039.jpg 1 11 18 39 39
1212_0023_0022_0059_0059.jpg 1 23 22 59 59
1213_0028_0037_0047_0047.jpg 1 28 37 47 47
1214_0020_0007_0066_0066.jpg 1 20 7 66 66
1215_0051_0058_0032_0032.jpg 1 51 58 32 32
1216_0046_0055_0033_0033.jpg 1 46 55 33 33
1217_0027_0040_0051_0051.jpg 1 27 40 51 51
1218_0022_0045_0043_0043.jpg 1 22 45 43 43
1219_0007_0033_0054_0054.jpg 1 7 33 54 54
1220_0041_0028_0048_0048.jpg 1 41 28 48 48
1221_0014_0024_0058_0058.jpg 1 14 24 58 58
1222_0014_0025_0064_0064.jpg 1 14 25 64 64
1223_0036_0008_0033_0033.jpg 1 36 8 33 33
1224_0032_0027_0036_0036.jpg 1 32 27 36 36
1225_0012_0019_0068_0068.jpg 1 12 19 68 68
1226_0024_0012_0031_0031.jpg 1 24 12 31 31
1227_0007_0016_0067_0067.jpg 1 7 16 67 67
1228_0022_0053_0034_0034.jpg 1 22 53 34 34
1229_0022_0042_0029_0029.jpg 1 22 42 29 29
1230_0033_0040_0041_0041.jpg 1 33 40 41 41
1231_0015_0038_0034_0034.jpg 1 15 38 34 34
1232_0028_0026_0054_0054.jpg 1 28 26 54 54
1233_0010_0019_0064_0064.jpg 1 10 19 64 64
1234_0018_0030_0063_0063.jpg 1 18 30 63 63
1235_0012_0033_0037_0037.jpg 1 12 33 37 37
1236_0023_0025_0059_0059.jpg 1 23 25 59 59
1237_0009_0048_0037_0037.jpg 1 9 48 37 37
1238_0022_0012_0045_0045.jpg 1 22 12 45 45
1239_0024_0009_0031_0031.jpg 1 24 9 31 31
1240_0006_0020_0057_0057.jpg 1 6 20 57 57
1241_0015_0032_0054_0054.jpg 1 15 32 54 54
1242_0035_0030_0045_0045.jpg 1 35 30 45 45
1243_0019_0038_0036_0036.jpg 1 19 38 36 36
1244_0048_0052_0031_0031.jpg 1 48 52 31 31
1245_0006_0017_0053_0053.jpg 1 6 17 53 53
1246_0006_0035_0041_0041.jpg 1 6 35 41 41
1247_0034_0015_0030_0030.jpg 1 34 15 30 30
1248_0051_0027_0035_0035.jpg 1 51 27 35 35
1249_0036_0058_0029_0029.jpg 1 36 58 29 29
1250_0010_0015_0058_0058.jpg 1 10 15 58 58
1251_0009_0024_0069_0069.jpg 1 9 24 69 69
1252_0033_0046_0045_0045.jpg 1 33 46 45 45
1253_0030_0010_0061_0061.jpg 1 30 10 61 61
1254_0043_0049_0031_0031.jpg 1 43 49 31 31
1255_0014_0027_0050_0050.jpg 1 14 27 50 50
1256_0025_0027_0058_0058.jpg 1 25 27 58 58
1257_0053_0036_0025_0025.jpg 1 53 36 25 25
1258_0036_0025_0052_0052.jpg 1 36 25 52 52
1259_0021_0010_0053_0053.jpg 1 21 10 53 53
1260_0022_0023_0068_0068.jpg 1 22 23 68 68
1261_0049_0023_0043_0043.jpg 1 49 23 43 43
1262_0048_0041_0045_0045.jpg 1 48 41 45 45
1263_0034_0011_0056_0056.jpg 1 34 11 56 56
1264_0014_0024_0053_0053.jpg 1 14 24 53 53
1265_0057_0050_0026_0026.jpg 1 57 50 26 26
1266_0021_0025_0038_0038.jpg 1 21 25 38 38
1267_0051_0040_0039_0039.jpg 1 51 40 39 39
1268_0013_0028_0062_0062.jpg 1 13 28 62 62
1269_0033_0033_0061_0061.jpg 1 33 33 61 61
1270_0016_0038_0041_0041.jpg 1 16 38 41 41
1271_0032_0005_0059_0059.jpg 1 32 5 59 59
1272_0010_0051_0040_0040.jpg 1 10 51 40 40
1273_0019_0019_0056_0056.jpg 1 19 19 56 56
1274_0036_0034_0054_0054.jpg 1 36 34 54 54
1275_0026_0038_0026_0026.jpg 1 26 38 26 26
1276_0007_0030_0065_0065.jpg 1 7 30 65 65
1277_0021_0026_0043_0043.jpg 1 21 26 43 43
1278_0011_0013_0060_0060.jpg 1 11 13 60 60
1279_0010_0006_0041_0041.jpg 1 10 6 41 41
1280_0011_0030_0048_0048.jpg 1 11 30 48 48
1281_0017_0033_0055_0055.jpg 1 17 33 55 55
1282_0007_0017_0060_0060.jpg 1 7 17 60 60
1283_0025_0040_0031_0031.jpg 1 25 40 31 31
1284_0009_0023_0068_0068.jpg 1 9 23 68 68
1285_0009_0016_0065_0065.jpg 1 9 16 65 65
1286_0023_0022_0050_0050.jpg 1 23 22 50 50
1287_0011_0059_0031_0031.jpg 1 11 59 31 31
1288_0026_0028_0025_0025.jpg 1 26 28 25 25
1289_0042_0025_0028_0028.jpg 1 42 25 28 28
1290_0017_0049_0044_0044.jpg 1 17 49 44 44
1291_0022_0024_0043_0043.jpg 1 22 24 43 43
1292_0017_0028_0063_0063.jpg 1 17 28 63 63
1293_0035_0039_0051_0051.jpg 1 35 39 51 51
1294_0014_0041_0053_0053.jpg 1 14 41 53 53
1295_0019_0021_0068_0068.jpg 1 19 21 68 68
1296_0008_0026_0062_0062.jpg 1 8 26 62 62
1297_0054_0010_0024_0024.jpg 1 54 10 24 24
1298_0027_0053_0027_0027.jpg 1 27 53 27 27
1299_0029_0024_0024_0024.jpg 1 29 24 24 24
1300_0027_0011_0043_0043.jpg 1 27 11 43 43
1301_0030_0031_0035_0035.jpg 1 30 31 35 35
1302_0009_0004_0062_0062.jpg 1 9 4 62 62
1303_0006_0008_0034_0034.jpg 1 6 8 34 34
1304_0019_0015_0062_0062.jpg 1 19 15 62 62
1305_0048_0010_0036_0036.jpg 1 48 10 36 36
1306_0033_0047_0037_0037.jpg 1 33 47 37 37
1307_0024_0025_0068_0068.jpg 1 24 25 68 68
1308_0041_0030_0049_0049.jpg 1 41 30 49 49
1309_0042_0021_0031_0031.jpg 1 42 21 31 31
1310_0005_0014_0049_0049.jpg 1 5 14 49 49
1311_0017_0039_0051_0051.jpg 1 17 39 51 51
1312_0022_0036_0036_0036.jpg 1 22 36 36 36
1313_0024_0046_0029_0029.jpg 1 24 46 29 29
1314_0055_0030_0035_0035.jpg 1 55 30 35 35
1315_0013_0009_0027_0027.jpg 1 13 9 27 27
1316_0037_0038_0033_0033.jpg 1 37 38 33 33
1317_0009_0022_0055_0055.jpg 1 9 22 55 55
1318_0015_0004_0068_0068.jpg 1 15 4 68 68
1319_0044_0032_0045_0045.jpg 1 44 32 45 45
1320_0013_0019_0066_0066.jpg 1 13 19 66 66
1321_0012_0016_0050_0050.jpg 1 12 16 50 50
1322_0047_0046_0040_0040.jpg 1 47 46 40 40
1323_0050_0028_0037_0037.jpg 1 50 28 37 37
1324_0018_0024_0048_0048.jpg 1 18 24 48 48
1325_0017_0012_0046_0046.jpg 1 17 12 46 46
1326_0015_0030_0040_0040.jpg 1 15 30 40 40
1327_0013_0029_0049_0049.jpg 1 13 29 49 49
1328_0007_0063_0024_0024.jpg 1 7 63 24 24
1329_0015_0013_0062_0062.jpg 1 15 13 62 62
1330_0032_0033_0058_0058.jpg 1 32 33 58 58
1331_0018_0007_0056_0056.jpg 1 18 7 56 56
1332_0012_0010_0051_0051.jpg 1 12 10 51 51
1333_0047_0043_0044_0044.jpg 1 47 43 44 44
1334_0034_0057_0032_0032.jpg 1 34 57 32 32
1335_0008_0024_0059_0059.jpg 1 8 24 59 59
1336_0007_0006_0068_0068.jpg 1 7 6 68 68
1337_0029_0029_0052_0052.jpg 1 29 29 52 52
1338_0028_0008_0026_0026.jpg 1 28 8 26 26
1339_0017_0048_0030_0030.jpg 1 17 48 30 30
1340_0014_0034_0061_0061.jpg 1 14 34 61 61
1341_0009_0029_0047_0047.jpg 1 9 29 47 47
1342_0007_0024_0035_0035.jpg 1 7 24 35 35
1343_0036_0012_0039_0039.jpg 1 36 12 39 39
1344_0008_0034_0032_0032.jpg 1 8 34 32 32
1345_0042_0033_0051_0051.jpg 1 42 33 51 51
1346_0044_0046_0034_0034.jpg 1 44 46 34 34
1347_0011_0020_0044_0044.jpg 1 11 20 44 44
1348_0043_0008_0038_0038.jpg 1 43 8 38 38
1349_0038_0027_0053_0053.jpg 1 38 27 53 53
1350_0030_0007_0042_0042.jpg 1 30 7 42 42
1351_0033_0004_0061_0061.jpg 1 33 4 61 61
1352_0015_0032_0038_0038.jpg 1 15 32 38 38
1353_0049_0045_0028_0028.jpg 1 49 45 28 28
1354_0039_0030_0026_0026.jpg 1 39 30 26 26
1355_0031_0033_0027_0027.jpg 1 31 33 27 27
1356_0004_0030_0053_0053.jpg 1 4 30 53 53
1357_0053_0008_0031_0031.jpg 1 53 8 31 31
1358_0053_0044_0029_0029.jpg 1 53 44 29 29
1359_0011_0015_0053_0053.jpg 1 11 15 53 53
1360_0043_0032_0038_0038.jpg 1 43 32 38 38
1361_0015_0005_0044_0044.jpg 1 15 5 44 44
1362_0012_0007_0066_0066.jpg 1 12 7 66 66
1363_0028_0008_0031_0031.jpg 1 28 8 31 31
1364_0050_0018_0043_0043.jpg 1 50 18 43 43
1365_0013_0042_0037_0037.jpg 1 13 42 37 37
1366_0010_0025_0060_0060.jpg 1 10 25 60 60
1367_0039_0022_0046_0046.jpg 1 39 22 46 46
1368_0021_0042_0037_0037.jpg 1 21 42 37 37
1369_0010_0032_0054_0054.jpg 1 10 32 54 54
1370_0010_0034_0042_0042.jpg 1 10 34 42 42
1371_0033_0021_0062_0062.jpg 1 33 21 62 62
1372_0035_0020_0058_0058.jpg 1 35 20 58 58
1373_0010_0026_0063_0063.jpg 1 10 26 63 63
1374_0022_0012_0060_0060.jpg 1 22 12 60 60
1375_0033_0009_0055_0055.jpg 1 33 9 55 55
1376_0021_0016_0054_0054.jpg 1 21 16 54 54
1377_0035_0026_0049_0049.jpg 1 35 26 49 49
1378_0026_0006_0057_0057.jpg 1 26 6 57 57
1379_0032_0029_0053_0053.jpg 1 32 29 53 53
1380_0037_0008_0025_0025.jpg 1 37 8 25 25
1381_0049_0036_0042_0042.jpg 1 49 36 42 42
1382_0055_0051_0025_0025.jpg 1 55 51 25 25
1383_0012_0034_0059_0059.jpg 1 12 34 59 59
1384_0044_0064_0026_0026.jpg 1 44 64 26 26
1385_0010_0018_0068_0068.jpg 1 10 18 68 68
1386_0018_0028_0055_0055.jpg 1 18 28 55 55
1387_0015_0009_0065_0065.jpg 1 15 9 65 65
1388_0026_0005_0061_0061.jpg 1 26 5 61 61
1389_0024_0013_0024_0024.jpg 1 24 13 24 24
1390_0043_0028_0037_0037.jpg 1 43 28 37 37
1391_0009_0028_0060_0060.jpg 1 9 28 60 60
1392_0011_0011_0063_0063.jpg 1 11 11 63 63
1393_0040_0011_0048_0048.jpg 1 40 11 48 48
1394_0007_0048_0040_0040.jpg 1 7 48 40 40
1395_0057_0009_0027_0027.jpg 1 57 9 27 27
1396_0014_0033_0053_0053.jpg 1 14 33 53 53
1397_0025_0021_0036_0036.jpg 1 25 21 36 36
1398_0014_0004_0053_0053.jpg 1 14 4 53 53
1399_0005_0006_0061_0061.jpg 1 5 6 61 61
1400_0011_0034_0061_0061.jpg 1 11 34 61 61
1401_0032_0041_0050_0050.jpg 1 32 41 50 50
1402_0021_0046_0043_0043.jpg 1 21 46 43 43
1403_0008_0042_0038_0038.jpg 1 8 42 38 38
1404_0020_0015_0069_0069.jpg 1 20 15 69 69
1405_0026_0030_0037_0037.jpg 1 26 30 37 37
1406_0017_0024_0060_0060.jpg 1 17 24 60 60
1407_0056_0048_0024_0024.jpg 1 56 48 24 24
1408_0014_0029_0048_0048.jpg 1 14 29 48 48
1409_0007_0039_0054_0054.jpg 1 7 39 54 54
1410_0017_0027_0052_0052.jpg 1 17 27 52 52
1411_0013_0004_0058_0058.jpg 1 13 4 58 58
1412_0039_0009_0051_0051.jpg 1 39 9 51 51
1413_0011_0052_0033_0033.jpg 1 11 52 33 33
1414_0060_0021_0031_0031.jpg 1 60 21 31 31
1415_0022_0021_0065_0065.jpg 1 22 21 65 65
1416_0031_0059_0026_0026.jpg 1 31 59 26 26
1417_0021_0035_0024_0024.jpg 1 21 35 24 24
1418_0045_0042_0031_0031.jpg 1 45 42 31 31
1419_0044_0025_0027_0027.jpg 1 44 25 27 27
1420_0010_0019_0066_0066.jpg 1 10 19 66 66
1421_0022_0029_0045_0045.jpg 1 22 29 45 45
1422_0005_0010_0046_0046.jpg 1 5 10 46 46
1423_0010_0019_0052_0052.jpg 1 10 19 52 52
1424_0023_0011_0069_0069.jpg 1 23 11 69 69
1425_0024_0023_0062_0062.jpg 1 24 23 62 62
1426_0028_0020_0068_0068.jpg 1 28 20 68 68
1427_0037_0006_0037_0037.jpg 1 37 6 37 37
1428_0026_0024_0061_0061.jpg 1 26 24 61 61
1429_0012_0030_0028_0028.jpg 1 12 30 28 28
1430_0007_0005_0051_0051.jpg 1 7 5 51 51
1431_0014_0003_0068_0068.jpg 1 14 3 68 68
1432_0034_0025_0042_0042.jpg 1 34 25 42 42
1433_0019_0030_0062_0062.jpg 1 19 30 62 62
1434_0021_0041_0050_0050.jpg 1 21 41 50 50
1435_0040_0008_0034_0034.jpg 1 40 8 34 34
1436_0022_0044_0043_0043.jpg 1 22 44 43 43
1437_0023_0030_0056_0056.jpg 1 23 30 56 56
1438_0015_0024_0058_0058.jpg 1 15 24 58 58
1439_0016_0010_0061_0061.jpg 1 16 10 61 61
1440_0027_0031_0060_0060.jpg 1 27 31 60 60
1441_0014_0031_0032_0032.jpg 1 14 31 32 32
1442_0009_0049_0041_0041.jpg 1 9 49 41 41
1443_0011_0013_0054_0054.jpg 1 11 13 54 54
1444_0026_0029_0067_0067.jpg 1 26 29 67 67
1445_0012_0033_0044_0044.jpg 1 12 33 44 44
1446_0026_0051_0039_0039.jpg 1 26 51 39 39
1447_0007_0037_0055_0055.jpg 1 7 37 55 55
1448_0040_0040_0024_0024.jpg 1 40 40 24 24
1449_0017_0005_0055_0055.jpg 1 17 5 55 55
1450_0011_0008_0056_0056.jpg 1 11 8 56 56
1451_0016_0032_0030_0030.jpg 1 16 32 30 30
1452_0021_0014_0050_0050.jpg 1 21 14 50 50
1453_0011_0030_0065_0065.jpg 1 11 30 65 65
1454_0006_0054_0035_0035.jpg 1 6 54 35 35
1455_0023_0029_0035_0035.jpg 1 23 29 35 35
1456_0008_0012_0068_0068.jpg 1 8 12 68 68
1457_0021_0028_0064_0064.jpg 1 21 28 64 64
1458_0005_0022_0069_0069.jpg 1 5 22 69 69
1459_0013_0038_0025_0025.jpg 1 13 38 25 25
1460_0031_0050_0041_0041.jpg 1 31 50 41 41
1461_0049_0045_0042_0042.jpg 1 49 45 42 42
1462_0053_0052_0036_0036.jpg 1 53 52 36 36
1463_0027_0015_0057_0057.jpg 1 27 15 57 57
1464_0052_0006_0040_0040.jpg 1 52 6 40 40
1465_0037_0034_0045_0045.jpg 1 37 34 45 45
1466_0029_0031_0043_0043.jpg 1 29 31 43 43
1467_0022_0048_0025_0025.jpg 1 22 48 25 25
1468_0017_0032_0038_0038.jpg 1 17 32 38 38
1469_0019_0011_0057_0057.jpg 1 19 11 57 57
1470_0010_0008_0032_0032.jpg 1 10 8 32 32
1471_0007_0004_0065_0065.jpg 1 7 4 65 65
1472_0047_0060_0026_0026.jpg 1 47 60 26 26
1473_0041_0022_0043_0043.jpg 1 41 22 43 43
1474_0045_0016_0045_0045.jpg 1 45 16 45 45
1475_0035_0062_0028_0028.jpg 1 35 62 28 28
1476_0036_0035_0055_0055.jpg 1 36 35 55 55
1477_0017_0025_0069_0069.jpg 1 17 25 69 69
1478_0018_0038_0027_0027.jpg 1 18 38 27 27
1479_0035_0035_0036_0036.jpg 1 35 35 36 36
1480_0032_0042_0024_0024.jpg 1 32 42 24 24
1481_0057_0011_0035_0035.jpg 1 57 11 35 35
1482_0022_0006_0059_0059.jpg 1 22 6 59 59
1483_0010_0027_0066_0066.jpg 1 10 27 66 66
1484_0031_0016_0057_0057.jpg 1 31 16 57 57
1485_0033_0017_0035_0035.jpg 1 33 17 35 35
1486_0037_0044_0041_0041.jpg 1 37 44 41 41
1487_0014_0028_0059_0059.jpg 1 14 28 59 59
1488_0025_0028_0061_0061.jpg 1 25 28 61 61
1489_0012_0031_0044_0044.jpg 1 12 31 44 44
1490_0014_0009_0062_0062.jpg 1 14 9 62 62
1491_0004_0015_0059_0059.jpg 1 4 15 59 59
1492_0045_0045_0037_0037.jpg 1 45 45 37 37
1493_0037_0048_0032_0032.jpg 1 37 48 32 32
1494_0019_0051_0034_0034.jpg 1 19 51 34 34
1495_0045_0057_0036_0036.jpg 1 45 57 36 36
1496_0049_0025_0026_0026.jpg 1 49 25 26 26
1497_0017_0023_0042_0042.jpg 1 17 23 42 42
1498_0025_0012_0067_0067.jpg 1 25 12 67 67
1499_0046_0056_0025_0025.jpg 1 46 56 25 25
1500_0022_0010_0068_0068.jpg 1 22 10 68 68
1501_0064_0043_0027_0027.jpg 1 64 43 27 27
1502_0011_0057_0030_0030.jpg 1 11 57 30 30
1503_0015_0066_0025_0025.jpg 1 15 66 25 25
1504_0009_0022_0041_0041.jpg 1 9 22 41 41
1505_0037_0012_0049_0049.jpg 1 37 12 49 49
1506_0052_0053_0032_0032.jpg 1 52 53 32 32
1507_0035_0042_0049_0049.jpg 1 35 42 49 49
1508_0015_0044_0041_0041.jpg 1 15 44 41 41
1509_0021_0057_0029_0029.jpg 1 21 57 29 29
1510_0014_0014_0054_0054.jpg 1 14 14 54 54
1511_0055_0024_0028_0028.jpg 1 55 24 28 28
1512_0015_0007_0062_0062.jpg 1 15 7 62 62
1513_0032_0010_0059_0059.jpg 1 32 10 59 59
1514_0022_0032_0051_0051.jpg 1 22 32 51 51
1515_0036_0035_0049_0049.jpg 1 36 35 49 49
1516_0019_0023_0065_0065.jpg 1 19 23 65 65
1517_0036_0024_0056_0056.jpg 1 36 24 56 56
1518_0044_0008_0043_0043.jpg 1 44 8 43 43
1519_0015_0028_0062_0062.jpg 1 15 28 62 62
1520_0023_0021_0064_0064.jpg 1 23 21 64 64
1521_0014_0018_0047_0047.jpg 1 14 18 47 47
1522_0010_0034_0060_0060.jpg 1 10 34 60 60
1523_0021_0015_0066_0066.jpg 1 21 15 66 66
1524_0019_0043_0050_0050.jpg 1 19 43 50 50
1525_0026_0038_0050_0050.jpg 1 26 38 50 50
1526_0031_0015_0052_0052.jpg 1 31 15 52 52
1527_0040_0047_0028_0028.jpg 1 40 47 28 28
1528_0027_0026_0065_0065.jpg 1 27 26 65 65
1529_0047_0019_0041_0041.jpg 1 47 19 41 41
1530_0064_0058_0027_0027.jpg 1 64 58 27 27
1531_0018_0030_0053_0053.jpg 1 18 30 53 53
1532_0029_0011_0061_0061.jpg 1 29 11 61 61
1533_0033_0028_0031_0031.jpg 1 33 28 31 31
1534_0039_0053_0029_0029.jpg 1 39 53 29 29
1535_0036_0024_0059_0059.jpg 1 36 24 59 59
1536_0011_0033_0050_0050.jpg 1 11 33 50 50
1537_0010_0023_0069_0069.jpg 1 10 23 69 69
1538_0008_0010_0038_0038.jpg 1 8 10 38 38
1539_0037_0008_0043_0043.jpg 1 37 8 43 43
1540_0004_0021_0059_0059.jpg 1 4 21 59 59
1541_0021_0028_0040_0040.jpg 1 21 28 40 40
1542_0026_0016_0059_0059.jpg 1 26 16 59 59
1543_0041_0027_0045_0045.jpg 1 41 27 45 45
1544_0013_0020_0061_0061.jpg 1 13 20 61 61
1545_0027_0012_0060_0060.jpg 1 27 12 60 60
1546_0056_0055_0032_0032.jpg 1 56 55 32 32
1547_0019_0010_0063_0063.jpg 1 19 10 63 63
1548_0041_0032_0031_0031.jpg 1 41 32 31 31
1549_0007_0020_0064_0064.jpg 1 7 20 64 64
1550_0010_0042_0038_0038.jpg 1 10 42 38 38
1551_0028_0013_0036_0036.jpg 1 28 13 36 36
1552_0014_0012_0058_0058.jpg 1 14 12 58 58
1553_0007_0034_0059_0059.jpg 1 7 34 59 59
1554_0015_0012_0063_0063.jpg 1 15 12 63 63
1555_0028_0011_0053_0053.jpg 1 28 11 53 53
1556_0035_0006_0042_0042.jpg 1 35 6 42 42
1557_0010_0013_0032_0032.jpg 1 10 13 32 32
1558_0010_0011_0065_0065.jpg 1 10 11 65 65
1559_0014_0008_0027_0027.jpg 1 14 8 27 27
1560_0024_0011_0053_0053.jpg 1 24 11 53 53
1561_0030_0034_0043_0043.jpg 1 30 34 43 43
1562_0020_0010_0050_0050.jpg 1 20 10 50 50
1563_0010_0003_0068_0068.jpg 1 10 3 68 68
1564_0019_0025_0048_0048.jpg 1 19 25 48 48
1565_0026_0006_0058_0058.jpg 1 26 6 58 58
1566_0013_0022_0054_0054.jpg 1 13 22 54 54
1567_0028_0035_0041_0041.jpg 1 28 35 41 41
1568_0032_0015_0035_0035.jpg 1 32 15 35 35
1569_0012_0014_0063_0063.jpg 1 12 14 63 63
1570_0034_0029_0058_0058.jpg 1 34 29 58 58
1571_0041_0046_0034_0034.jpg 1 41 46 34 34
1572_0033_0018_0060_0060.jpg 1 33 18 60 60
1573_0051_0039_0037_0037.jpg 1 51 39 37 37
1574_0039_0038_0053_0053.jpg 1 39 38 53 53
1575_0021_0048_0045_0045.jpg 1 21 48 45 45
1576_0053_0014_0031_0031.jpg 1 53 14 31 31
1577_0026_0016_0067_0067.jpg 1 26 16 67 67
1578_0010_0018_0046_0046.jpg 1 10 18 46 46
1579_0050_0058_0032_0032.jpg 1 50 58 32 32
1580_0019_0039_0032_0032.jpg 1 19 39 32 32
1581_0032_0022_0047_0047.jpg 1 32 22 47 47
1582_0016_0026_0069_0069.jpg 1 16 26 69 69
1583_0038_0007_0037_0037.jpg 1 38 7 37 37
1584_0005_0007_0063_0063.jpg 1 5 7 63 63
1585_0038_0043_0046_0046.jpg 1 38 43 46 46
1586_0030_0033_0047_0047.jpg 1 30 33 47 47
1587_0008_0052_0035_0035.jpg 1 8 52 35 35
1588_0029_0018_0048_0048.jpg 1 29 18 48 48
1589_0018_0008_0068_0068.jpg 1 18 8 68 68
1590_0018_0044_0037_0037.jpg 1 18 44 37 37
1591_0010_0036_0026_0026.jpg 1 10 36 26 26
1592_0028_0016_0054_0054.jpg 1 28 16 54 54
1593_0046_0043_0044_0044.jpg 1 46 43 44 44
1594_0035_0036_0058_0058.jpg 1 35 36 58 58
1595_0011_0014_0050_0050.jpg 1 11 14 50 50
1596_0015_0021_0027_0027.jpg 1 15 21 27 27
1597_0007_0024_0026_0026.jpg 1 7 24 26 26
1598_0052_0014_0036_0036.jpg 1 52 14 36 36
1599_0024_0031_0030_0030.jpg 1 24 31 30 30
1600_0025_0025_0060_0060.jpg 1 25 25 60 60
1601_0027_0059_0033_0033.jpg 1 27 59 33 33
1602_0048_0017_0046_0046.jpg 1 48 17 46 46
1603_0012_0007_0069_0069.jpg 1 12 7 69 69
1604_0024_0012_0065_0065.jpg 1 24 12 65 65
1605_0028_0028_0066_0066.jpg 1 28 28 66 66
1606_0034_0044_0034_0034.jpg 1 34 44 34 34
1607_0049_0046_0030_0030.jpg 1 49 46 30 30
1608_0040_0027_0033_0033.jpg 1 40 27 33 33
1609_0017_0007_0060_0060.jpg 1 17 7 60 60
1610_0035_0041_0044_0044.jpg 1 35 41 44 44
1611_0024_0013_0069_0069.jpg 1 24 13 69 69
1612_0043_0034_0041_0041.jpg 1 43 34 41 41
1613_0033_0014_0032_0032.jpg 1 33 14 32 32
1614_0042_0011_0033_0033.jpg 1 42 11 33 33
1615_0004_0036_0059_0059.jpg 1 4 36 59 59
1616_0050_0012_0040_0040.jpg 1 50 12 40 40
1617_0030_0007_0054_0054.jpg 1 30 7 54 54
1618_0008_0014_0061_0061.jpg 1 8 14 61 61
1619_0030_0040_0045_0045.jpg 1 30 40 45 45
1620_0013_0020_0040_0040.jpg 1 13 20 40 40
1621_0010_0030_0065_0065.jpg 1 10 30 65 65
1622_0043_0028_0047_0047.jpg 1 43 28 47 47
1623_0032_0024_0062_0062.jpg 1 32 24 62 62
1624_0017_0019_0065_0065.jpg 1 17 19 65 65
1625_0011_0015_0055_0055.jpg 1 11 15 55 55
1626_0045_0039_0032_0032.jpg 1 45 39 32 32
1627_0018_0037_0032_0032.jpg 1 18 37 32 32
1628_0007_0010_0066_0066.jpg 1 7 10 66 66
1629_0038_0049_0037_0037.jpg 1 38 49 37 37
1630_0023_0034_0051_0051.jpg 1 23 34 51 51
1631_0025_0024_0063_0063.jpg 1 25 24 63 63
1632_0034_0016_0056_0056.jpg 1 34 16 56 56
1633_0014_0009_0058_0058.jpg 1 14 9 58 58
1634_0034_0010_0042_0042.jpg 1 34 10 42 42
1635_0032_0005_0055_0055.jpg 1 32 5 55 55
1636_0020_0017_0030_0030.jpg 1 20 17 30 30
1637_0051_0012_0042_0042.jpg 1 51 12 42 42
1638_0011_0017_0052_0052.jpg 1 11 17 52 52
1639_0033_0015_0025_0025.jpg 1 33 15 25 25
1640_0013_0016_0051_0051.jpg 1 13 16 51 51
1641_0020_0006_0052_0052.jpg 1 20 6 52 52
1642_0025_0025_0046_0046.jpg 1 25 25 46 46
1643_0050_0046_0030_0030.jpg 1 50 46 30 30
1644_0006_0044_0042_0042.jpg 1 6 44 42 42
1645_0036_0059_0026_0026.jpg 1 36 59 26 26
1646_0010_0009_0029_0029.jpg 1 10 9 29 29
1647_0019_0044_0048_0048.jpg 1 19 44 48 48
1648_0011_0047_0028_0028.jpg 1 11 47 28 28
1649_0034_0028_0039_0039.jpg 1 34 28 39 39
1650_0034_0019_0060_0060.jpg 1 34 19 60 60
1651_0015_0022_0062_0062.jpg 1 15 22 62 62
1652_0050_0054_0033_0033.jpg 1 50 54 33 33
1653_0008_0046_0040_0040.jpg 1 8 46 40 40
1654_0016_0014_0028_0028.jpg 1 16 14 28 28
1655_0030_0021_0060_0060.jpg 1 30 21 60 60
1656_0042_0016_0052_0052.jpg 1 42 16 52 52
1657_0015_0033_0045_0045.jpg 1 15 33 45 45
1658_0033_0059_0026_0026.jpg 1 33 59 26 26
1659_0017_0008_0065_0065.jpg 1 17 8 65 65
1660_0006_0005_0050_0050.jpg 1 6 5 50 50
1661_0049_0049_0042_0042.jpg 1 49 49 42 42
1662_0030_0018_0066_0066.jpg 1 30 18 66 66
1663_0014_0011_0046_0046.jpg 1 14 11 46 46
1664_0012_0011_0030_0030.jpg 1 12 11 30 30
1665_0042_0009_0053_0053.jpg 1 42 9 53 53
1666_0023_0034_0055_0055.jpg 1 23 34 55 55
1667_0021_0018_0034_0034.jpg 1 21 18 34 34
1668_0020_0029_0052_0052.jpg 1 20 29 52 52
1669_0039_0028_0036_0036.jpg 1 39 28 36 36
1670_0011_0009_0045_0045.jpg 1 11 9 45 45
1671_0026_0051_0032_0032.jpg 1 26 51 32 32
1672_0011_0006_0061_0061.jpg 1 11 6 61 61
1673_0039_0022_0034_0034.jpg 1 39 22 34 34
1674_0012_0043_0044_0044.jpg 1 12 43 44 44
1675_0027_0027_0057_0057.jpg 1 27 27 57 57
1676_0008_0026_0055_0055.jpg 1 8 26 55 55
1677_0015_0017_0057_0057.jpg 1 15 17 57 57
1678_0018_0011_0062_0062.jpg 1 18 11 62 62
1679_0020_0009_0065_0065.jpg 1 20 9 65 65
1680_0044_0031_0046_0046.jpg 1 44 31 46 46
1681_0007_0048_0027_0027.jpg 1 7 48 27 27
1682_0045_0026_0033_0033.jpg 1 45 26 33 33
1683_0022_0030_0066_0066.jpg 1 22 30 66 66
1684_0043_0011_0037_0037.jpg 1 43 11 37 37
1685_0032_0009_0055_0055.jpg 1 32 9 55 55
1686_0006_0016_0057_0057.jpg 1 6 16 57 57
1687_0026_0031_0044_0044.jpg 1 26 31 44 44
1688_0006_0030_0066_0066.jpg 1 6 30 66 66
1689_0023_0029_0064_0064.jpg 1 23 29 64 64
1690_0025_0009_0053_0053.jpg 1 25 9 53 53
1691_0010_0057_0036_0036.jpg 1 10 57 36 36
1692_0013_0038_0051_0051.jpg 1 13 38 51 51
1693_0007_0005_0063_0063.jpg 1 7 5 63 63
1694_0020_0008_0036_0036.jpg 1 20 8 36 36
1695_0053_0037_0024_0024.jpg 1 53 37 24 24
1696_0013_0015_0069_0069.jpg 1 13 15 69 69
1697_0030_0021_0037_0037.jpg 1 30 21 37 37
1698_0058_0042_0029_0029.jpg 1 58 42 29 29
1699_0035_0029_0049_0049.jpg 1 35 29 49 49
1700_0005_0027_0059_0059.jpg 1 5 27 59 59
1701_0004_0015_0060_0060.jpg 1 4 15 60 60
1702_0033_0027_0041_0041.jpg 1 33 27 41 41
1703_0027_0032_0061_0061.jpg 1 27 32 61 61
1704_0031_0005_0054_0054.jpg 1 31 5 54 54
1705_0046_0027_0026_0026.jpg 1 46 27 26 26
1706_0004_0023_0055_0055.jpg 1 4 23 55 55
1707_0008_0015_0049_0049.jpg 1 8 15 49 49
1708_0030_0024_0050_0050.jpg 1 30 24 50 50
1709_0019_0053_0032_0032.jpg 1 19 53 32 32
1710_0044_0032_0031_0031.jpg 1 44 32 31 31
1711_0042_0048_0040_0040.jpg 1 42 48 40 40
1712_0027_0058_0031_0031.jpg 1 27 58 31 31
1713_0042_0011_0049_0049.jpg 1 42 11 49 49
1714_0031_0006_0052_0052.jpg 1 31 6 52 52
1715_0036_0032_0041_0041.jpg 1 36 32 41 41
1716_0011_0054_0038_0038.jpg 1 11 54 38 38
1717_0012_0020_0050_0050.jpg 1 12 20 50 50
1718_0053_0054_0030_0030.jpg 1 53 54 30 30
1719_0029_0026_0066_0066.jpg 1 29 26 66 66
1720_0026_0038_0052_0052.jpg 1 26 38 52 52
1721_0048_0039_0042_0042.jpg 1 48 39 42 42
1722_0058_0043_0034_0034.jpg 1 58 43 34 34
1723_0016_0037_0048_0048.jpg 1 16 37 48 48
1724_0033_0012_0061_0061.jpg 1 33 12 61 61
1725_0036_0018_0036_0036.jpg 1 36 18 36 36
1726_0053_0017_0029_0029.jpg 1 53 17 29 29
1727_0007_0015_0035_0035.jpg 1 7 15 35 35
1728_0005_0027_0050_0050.jpg 1 5 27 50 50
1729_0029_0043_0045_0045.jpg 1 29 43 45 45
1730_0056_0031_0028_0028.jpg 1 56 31 28 28
1731_0021_0035_0050_0050.jpg 1 21 35 50 50
1732_0030_0005_0053_0053.jpg 1 30 5 53 53
1733_0041_0007_0052_0052.jpg 1 41 7 52 52
1734_0012_0008_0048_0048.jpg 1 12 8 48 48
1735_0034_0017_0030_0030.jpg 1 34 17 30 30
1736_0012_0014_0030_0030.jpg 1 12 14 30 30
1737_0006_0031_0063_0063.jpg 1 6 31 63 63
1738_0025_0036_0048_0048.jpg 1 25 36 48 48
1739_0018_0045_0049_0049.jpg 1 18 45 49 49
1740_0010_0014_0064_0064.jpg 1 10 14 64 64
1741_0037_0046_0031_0031.jpg 1 37 46 31 31
1742_0018_0005_0046_0046.jpg 1 18 5 46 46
1743_0043_0030_0035_0035.jpg 1 43 30 35 35
1744_0037_0024_0030_0030.jpg 1 37 24 30 30
1745_0010_0007_0062_0062.jpg 1 10 7 62 62
1746_0050_0052_0035_0035.jpg 1 50 52 35 35
1747_0048_0044_0037_0037.jpg 1 48 44 37 37
1748_0017_0049_0029_0029.jpg 1 17 49 29 29
1749_0038_0010_0044_0044.jpg 1 38 10 44 44
1750_0023_0033_0036_0036.jpg 1 23 33 36 36
1751_0051_0063_0027_0027.jpg 1 51 63 27 27
1752_0011_0005_0067_0067.jpg 1 11 5 67 67
1753_0016_0011_0060_0060.jpg 1 16 11 60 60
1754_0043_0059_0024_0024.jpg 1 43 59 24 24
1755_0017_0019_0059_0059.jpg 1 17 19 59 59
1756_0038_0048_0031_0031.jpg 1 38 48 31 31
1757_0008_0029_0036_0036.jpg 1 8 29 36 36
1758_0005_0005_0057_0057.jpg 1 5 5 57 57
1759_0018_0052_0037_0037.jpg 1 18 52 37 37
1760_0024_0020_0068_0068.jpg 1 24 20 68 68
1761_0043_0044_0039_0039.jpg 1 43 44 39 39
1762_0004_0024_0060_0060.jpg 1 4 24 60 60
1763_0039_0013_0037_0037.jpg 1 39 13 37 37
1764_0035_0016_0054_0054.jpg 1 35 16 54 54
1765_0039_0008_0024_0024.jpg 1 39 8 24 24
1766_0019_0027_0031_0031.jpg 1 19 27 31 31
1767_0037_0006_0050_0050.jpg 1 37 6 50 50
1768_0009_0008_0039_0039.jpg 1 9 8 39 39
1769_0005_0051_0041_0041.jpg 1 5 51 41 41
1770_0049_0059_0026_0026.jpg 1 49 59 26 26
1771_0027_0004_0061_0061.jpg 1 27 4 61 61
1772_0025_0047_0044_0044.jpg 1 25 47 44 44
1773_0029_0014_0027_0027.jpg 1 29 14 27 27
1774_0014_0038_0035_0035.jpg 1 14 38 35 35
1775_0005_0013_0050_0050.jpg 1 5 13 50 50
1776_0010_0037_0055_0055.jpg 1 10 37 55 55
1777_0036_0005_0053_0053.jpg 1 36 5 53 53
1778_0011_0017_0069_0069.jpg 1 11 17 69 69
1779_0056_0035_0025_0025.jpg 1 56 35 25 25
1780_0020_0010_0065_0065.jpg 1 20 10 65 65
1781_0011_0027_0053_0053.jpg 1 11 27 53 53
1782_0041_0021_0053_0053.jpg 1 41 21 53 53
1783_0039_0033_0053_0053.jpg 1 39 33 53 53
1784_0047_0030_0035_0035.jpg 1 47 30 35 35
1785_0020_0038_0051_0051.jpg 1 20 38 51 51
1786_0017_0017_0066_0066.jpg 1 17 17 66 66
1787_0031_0006_0043_0043.jpg 1 31 6 43 43
1788_0026_0041_0030_0030.jpg 1 26 41 30 30
1789_0013_0006_0062_0062.jpg 1 13 6 62 62
1790_0024_0028_0025_0025.jpg 1 24 28 25 25
1791_0029_0034_0040_0040.jpg 1 29 34 40 40
1792_0019_0017_0032_0032.jpg 1 19 17 32 32
1793_0010_0032_0061_0061.jpg 1 10 32 61 61
1794_0050_0038_0026_0026.jpg 1 50 38 26 26
1795_0007_0064_0028_0028.jpg 1 7 64 28 28
1796_0021_0042_0048_0048.jpg 1 21 42 48 48
1797_0008_0010_0038_0038.jpg 1 8 10 38 38
1798_0023_0026_0063_0063.jpg 1 23 26 63 63
1799_0013_0009_0051_0051.jpg 1 13 9 51 51
1800_0037_0058_0032_0032.jpg 1 37 58 32 32
1801_0014_0003_0062_0062.jpg 1 14 3 62 62
1802_0008_0041_0039_0039.jpg 1 8 41 39 39
1803_0014_0051_0039_0039.jpg 1 14 51 39 39
1804_0024_0048_0033_0033.jpg 1 24 48 33 33
1805_0016_0033_0034_0034.jpg 1 16 33 34 34
1806_0017_0009_0048_0048.jpg 1 17 9 48 48
1807_0023_0015_0047_0047.jpg 1 23 15 47 47
1808_0033_0004_0063_0063.jpg 1 33 4 63 63
1809_0058_0050_0034_0034.jpg 1 58 50 34 34
1810_0026_0020_0064_0064.jpg 1 26 20 64 64
1811_0029_0019_0039_0039.jpg 1 29 19 39 39
1812_0033_0024_0030_0030.jpg 1 33 24 30 30
1813_0045_0039_0034_0034.jpg 1 45 39 34 34
1814_0022_0044_0045_0045.jpg 1 22 44 45 45
1815_0022_0008_0061_0061.jpg 1 22 8 61 61
1816_0015_0045_0046_0046.jpg 1 15 45 46 46
1817_0015_0030_0051_0051.jpg 1 15 30 51 51
1818_0013_0038_0050_0050.jpg 1 13 38 50 50
1819_0038_0055_0024_0024.jpg 1 38 55 24 24
1820_0027_0032_0062_0062.jpg 1 27 32 62 62
1821_0025_0018_0038_0038.jpg 1 25 18 38 38
1822_0008_0039_0055_0055.jpg 1 8 39 55 55
1823_0027_0004_0052_0052.jpg 1 27 4 52 52
1824_0022_0035_0034_0034.jpg 1 22 35 34 34
1825_0042_0022_0047_0047.jpg 1 42 22 47 47
1826_0021_0008_0059_0059.jpg 1 21 8 59 59
1827_0030_0010_0043_0043.jpg 1 30 10 43 43
1828_0024_0023_0042_0042.jpg 1 24 23 42 42
1829_0029_0032_0054_0054.jpg 1 29 32 54 54
1830_0023_0014_0050_0050.jpg 1 23 14 50 50
1831_0035_0011_0054_0054.jpg 1 35 11 54 54
1832_0057_0065_0025_0025.jpg 1 57 65 25 25
1833_0015_0018_0060_0060.jpg 1 15 18 60 60
1834_0040_0023_0038_0038.jpg 1 40 23 38 38
1835_0049_0016_0029_0029.jpg 1 49 16 29 29
1836_0019_0045_0049_0049.jpg 1 19 45 49 49
1837_0014_0010_0024_0024.jpg 1 14 10 24 24
1838_0028_0049_0025_0025.jpg 1 28 49 25 25
1839_0008_0028_0048_0048.jpg 1 8 28 48 48
1840_0015_0014_0038_0038.jpg 1 15 14 38 38
1841_0013_0017_0062_0062.jpg 1 13 17 62 62
1842_0026_0035_0045_0045.jpg 1 26 35 45 45
1843_0009_0006_0035_0035.jpg 1 9 6 35 35
1844_0019_0028_0030_0030.jpg 1 19 28 30 30
1845_0024_0020_0063_0063.jpg 1 24 20 63 63
1846_0012_0038_0055_0055.jpg 1 12 38 55 55
1847_0012_0026_0063_0063.jpg 1 12 26 63 63
1848_0008_0015_0041_0041.jpg 1 8 15 41 41
1849_0051_0030_0041_0041.jpg 1 51 30 41 41
1850_0006_0014_0067_0067.jpg 1 6 14 67 67
1851_0044_0021_0047_0047.jpg 1 44 21 47 47
1852_0030_0014_0064_0064.jpg 1 30 14 64 64
1853_0042_0034_0038_0038.jpg 1 42 34 38 38
1854_0027_0007_0052_0052.jpg 1 27 7 52 52
1855_0034_0004_0061_0061.jpg 1 34 4 61 61
1856_0028_0012_0032_0032.jpg 1 28 12 32 32
1857_0013_0023_0054_0054.jpg 1 13 23 54 54
1858_0040_0008_0029_0029.jpg 1 40 8 29 29
1859_0020_0022_0046_0046.jpg 1 20 22 46 46
1860_0039_0005_0051_0051.jpg 1 39 5 51 51
1861_0038_0023_0046_0046.jpg 1 38 23 46 46
1862_0045_0045_0045_0045.jpg 1 45 45 45 45
1863_0008_0009_0058_0058.jpg 1 8 9 58 58
1864_0023_0035_0048_0048.jpg 1 23 35 48 48
1865_0060_0008_0028_0028.jpg 1 60 8 28 28
1866_0030_0042_0024_0024.jpg 1 30 42 24 24
1867_0015_0006_0059_0059.jpg 1 15 6 59 59
1868_0008_0014_0067_0067.jpg 1 8 14 67 67
1869_0026_0050_0041_0041.jpg 1 26 50 41 41
1870_0028_0008_0064_0064.jpg 1 28 8 64 64
1871_0011_0049_0043_0043.jpg 1 11 49 43 43
1872_0028_0028_0034_0034.jpg 1 28 28 34 34
1873_0037_0010_0048_0048.jpg 1 37 10 48 48
1874_0029_0030_0031_0031.jpg 1 29 30 31 31
1875_0006_0020_0069_0069.jpg 1 6 20 69 69
1876_0018_0056_0028_0028.jpg 1 18 56 28 28
1877_0021_0021_0062_0062.jpg 1 21 21 62 62
1878_0022_0034_0047_0047.jpg 1 22 34 47 47
1879_0008_0039_0047_0047.jpg 1 8 39 47 47
1880_0007_0017_0061_0061.jpg 1 7 17 61 61
1881_0042_0023_0042_0042.jpg 1 42 23 42 42
1882_0063_0040_0028_0028.jpg 1 63 40 28 28
1883_0025_0005_0059_0059.jpg 1 25 5 59 59
1884_0030_0048_0038_0038.jpg 1 30 48 38 38
1885_0036_0038_0056_0056.jpg 1 36 38 56 56
1886_0024_0028_0044_0044.jpg 1 24 28 44 44
1887_0005_0031_0044_0044.jpg 1 5 31 44 44
1888_0009_0013_0064_0064.jpg 1 9 13 64 64
1889_0014_0029_0062_0062.jpg 1 14 29 62 62
1890_0007_0022_0031_0031.jpg 1 7 22 31 31
1891_0011_0043_0027_0027.jpg 1 11 43 27 27
1892_0033_0010_0048_0048.jpg 1 33 10 48 48
1893_0056_0030_0027_0027.jpg 1 56 30 27 27
1894_0048_0017_0040_0040.jpg 1 48 17 40 40
1895_0051_0062_0026_0026.jpg 1 51 62 26 26
1896_0059_0055_0027_0027.jpg 1 59 55 27 27
1897_0026_0046_0046_0046.jpg 1 26 46 46 46
1898_0039_0050_0036_0036.jpg 1 39 50 36 36
1899_0061_0051_0028_0028.jpg 1 61 51 28 28
1900_0014_0010_0066_0066.jpg 1 14 10 66 66
1901_0010_0036_0045_0045.jpg 1 10 36 45 45
1902_0047_0026_0040_0040.jpg 1 47 26 40 40
1903_0005_0029_0046_0046.jpg 1 5 29 46 46
1904_0055_0050_0026_0026.jpg 1 55 50 26 26
1905_0038_0031_0040_0040.jpg 1 38 31 40 40
1906_0034_0025_0029_0029.jpg 1 34 25 29 29
1907_0006_0052_0040_0040.jpg 1 6 52 40 40
1908_0013_0026_0069_0069.jpg 1 13 26 69 69
1909_0031_0008_0035_0035.jpg 1 31 8 35 35
1910_0045_0036_0045_0045.jpg 1 45 36 45 45
1911_0014_0033_0040_0040.jpg 1 14 33 40 40
1912_0050_0050_0039_0039.jpg 1 50 50 39 39
1913_0036_0010_0043_0043.jpg 1 36 10 43 43
1914_0037_0006_0054_0054.jpg 1 37 6 54 54
1915_0020_0013_0050_0050.jpg 1 20 13 50 50
1916_0048_0056_0026_0026.jpg 1 48 56 26 26
1917_0038_0034_0024_0024.jpg 1 38 34 24 24
1918_0007_0011_0062_0062.jpg 1 7 11 62 62
1919_0025_0019_0060_0060.jpg 1 25 19 60 60
1920_0010_0023_0026_0026.jpg 1 10 23 26 26
1921_0010_0041_0053_0053.jpg 1 10 41 53 53
1922_0026_0035_0059_0059.jpg 1 26 35 59 59
1923_0015_0040_0049_0049.jpg 1 15 40 49 49
1924_0034_0052_0033_0033.jpg 1 34 52 33 33
1925_0009_0024_0066_0066.jpg 1 9 24 66 66
1926_0023_0004_0066_0066.jpg 1 23 4 66 66
1927_0021_0026_0047_0047.jpg 1 21 26 47 47
1928_0009_0018_0051_0051.jpg 1 9 18 51 51
1929_0021_0014_0054_0054.jpg 1 21 14 54 54
1930_0022_0005_0051_0051.jpg 1 22 5 51 51
1931_0008_0007_0059_0059.jpg 1 8 7 59 59
1932_0024_0015_0069_0069.jpg 1 24 15 69 69
1933_0058_0017_0035_0035.jpg 1 58 17 35 35
1934_0034_0013_0031_0031.jpg 1 34 13 31 31
1935_0034_0020_0058_0058.jpg 1 34 20 58 58
1936_0024_0004_0061_0061.jpg 1 24 4 61 61
1937_0046_0063_0029_0029.jpg 1 46 63 29 29
1938_0012_0028_0064_0064.jpg 1 12 28 64 64
1939_0010_0047_0032_0032.jpg 1 10 47 32 32
1940_0019_0024_0043_0043.jpg 1 19 24 43 43
1941_0052_0042_0039_0039.jpg 1 52 42 39 39
1942_0028_0026_0054_0054.jpg 1 28 26 54 54
1943_0037_0040_0034_0034.jpg 1 37 40 34 34
1944_0051_0050_0032_0032.jpg 1 51 50 32 32
1945_0034_0021_0041_0041.jpg 1 34 21 41 41
1946_0019_0021_0057_0057.jpg 1 19 21 57 57
1947_0047_0031_0044_0044.jpg 1 47 31 44 44
1948_0061_0012_0026_0026.jpg 1 61 12 26 26
1949_0027_0014_0066_0066.jpg 1 27 14 66 66
1950_0015_0019_0067_0067.jpg 1 15 19 67 67
