0001_0026_0034_0034_0034.jpg 1 26 34 34 34
0002_0013_0039_0046_0046.jpg 1 13 39 46 46
0003_0020_0027_0038_0038.jpg 1 20 27 38 38
0004_0026_0036_0048_0048.jpg 1 26 36 48 48
0005_0045_0035_0043_0043.jpg 1 45 35 43 43
0006_0040_0031_0037_0037.jpg 1 40 31 37 37
0007_0009_0008_0058_0058.jpg 1 9 8 58 58
0008_0025_0040_0050_0050.jpg 1 25 40 50 50
0009_0009_0011_0063_0063.jpg 1 9 11 63 63
0010_0015_0021_0052_0052.jpg 1 15 21 52 52
0011_0055_0025_0028_0028.jpg 1 55 25 28 28
0012_0006_0025_0067_0067.jpg 1 6 25 67 67
0013_0031_0036_0034_0034.jpg 1 31 36 34 34
0014_0011_0014_0060_0060.jpg 1 11 14 60 60
0015_0049_0051_0029_0029.jpg 1 49 51 29 29
0016_0014_0011_0057_0057.jpg 1 14 11 57 57
0017_0029_0016_0052_0052.jpg 1 29 16 52 52
0018_0040_0058_0028_0028.jpg 1 40 58 28 28
0019_0046_0057_0026_0026.jpg 1 46 57 26 26
0020_0014_0007_0062_0062.jpg 1 14 7 62 62
0021_0015_0022_0059_0059.jpg 1 15 22 59 59
0022_0038_0027_0048_0048.jpg 1 38 27 48 48
0023_0014_0026_0028_0028.jpg 1 14 26 28 28
0024_0044_0030_0033_0033.jpg 1 44 30 33 33
0025_0023_0008_0053_0053.jpg 1 23 8 53 53
0026_0048_0018_0039_0039.jpg 1 48 18 39 39
0027_0010_0019_0040_0040.jpg 1 10 19 40 40
0028_0034_0008_0059_0059.jpg 1 34 8 59 59
0029_0037_0017_0058_0058.jpg 1 37 17 58 58
0030_0023_0027_0033_0033.jpg 1 23 27 33 33
0031_0018_0034_0040_0040.jpg 1 18 34 40 40
0032_0028_0015_0066_0066.jpg 1 28 15 66 66
0033_0024_0008_0066_0066.jpg 1 24 8 66 66
0034_0036_0046_0046_0046.jpg 1 36 46 46 46
0035_0026_0012_0025_0025.jpg 1 26 12 25 25
0036_0006_0038_0035_0035.jpg 1 6 38 35 35
0037_0030_0007_0058_0058.jpg 1 30 7 58 58
0038_0011_0024_0069_0069.jpg 1 11 24 69 69
0039_0051_0034_0042_0042.jpg 1 51 34 42 42
0040_0053_0007_0040_0040.jpg 1 53 7 40 40
0041_0012_0010_0045_0045.jpg 1 12 10 45 45
0042_0034_0021_0045_0045.jpg 1 34 21 45 45
0043_0059_0025_0027_0027.jpg 1 59 25 27 27
0044_0008_0047_0045_0045.jpg 1 8 47 45 45
0045_0005_0028_0063_0063.jpg 1 5 28 63 63
0046_0035_0024_0033_0033.jpg 1 35 24 33 33
0047_0031_0005_0060_0060.jpg 1 31 5 60 60
0048_0018_0020_0037_0037.jpg 1 18 20 37 37
0049_0043_0006_0043_0043.jpg 1 43 6 43 43
0050_0020_0040_0051_0051.jpg 1 20 40 51 51
0051_0030_0028_0047_0047.jpg 1 30 28 47 47
0052_0008_0013_0065_0065.jpg 1 8 13 65 65
0053_0015_0018_0059_0059.jpg 1 15 18 59 59
0054_0023_0023_0041_0041.jpg 1 23 23 41 41
0055_0029_0051_0041_0041.jpg 1 29 51 41 41
0056_0021_0041_0041_0041.jpg 1 21 41 41 41
0057_0007_0008_0060_0060.jpg 1 7 8 60 60
0058_0064_0023_0028_0028.jpg 1 64 23 28 28
0059_0036_0019_0055_0055.jpg 1 36 19 55 55
0060_0032_0046_0037_0037.jpg 1 32 46 37 37
0061_0065_0031_0025_0025.jpg 1 65 31 25 25
0062_0020_0024_0058_0058.jpg 1 20 24 58 58
0063_0008_0024_0069_0069.jpg 1 8 24 69 69
0064_0020_0043_0032_0032.jpg 1 20 43 32 32
0065_0027_0017_0035_0035.jpg 1 27 17 35 35
0066_0004_0004_0061_0061.jpg 1 4 4 61 61
0067_0012_0019_0026_0026.jpg 1 12 19 26 26
0068_0026_0017_0027_0027.jpg 1 26 17 27 27
0069_0011_0056_0031_0031.jpg 1 11 56 31 31
0070_0031_0021_0039_0039.jpg 1 31 21 39 39
0071_0021_0008_0048_0048.jpg 1 21 8 48 48
0072_0034_0015_0024_0024.jpg 1 34 15 24 24
0073_0041_0033_0032_0032.jpg 1 41 33 32 32
0074_0007_0046_0036_0036.jpg 1 7 46 36 36
0075_0022_0039_0031_0031.jpg 1 22 39 31 31
0076_0032_0047_0038_0038.jpg 1 32 47 38 38
0077_0030_0024_0050_0050.jpg 1 30 24 50 50
0078_0006_0037_0038_0038.jpg 1 6 37 38 38
0079_0020_0040_0024_0024.jpg 1 20 40 24 24
0080_0048_0050_0024_0024.jpg 1 48 50 24 24
0081_0012_0013_0069_0069.jpg 1 12 13 69 69
0082_0026_0021_0030_0030.jpg 1 26 21 30 30
0083_0016_0040_0039_0039.jpg 1 16 40 39 39
0084_0025_0062_0028_0028.jpg 1 25 62 28 28
0085_0025_0012_0060_0060.jpg 1 25 12 60 60
0086_0028_0040_0052_0052.jpg 1 28 40 52 52
0087_0003_0003_0069_0069.jpg 1 3 3 69 69
0088_0049_0038_0044_0044.jpg 1 49 38 44 44
0089_0034_0006_0055_0055.jpg 1 34 6 55 55
0090_0023_0020_0041_0041.jpg 1 23 20 41 41
0091_0008_0018_0038_0038.jpg 1 8 18 38 38
0092_0020_0008_0054_0054.jpg 1 20 8 54 54
0093_0013_0026_0065_0065.jpg 1 13 26 65 65
0094_0012_0022_0066_0066.jpg 1 12 22 66 66
0095_0033_0049_0037_0037.jpg 1 33 49 37 37
0096_0014_0007_0069_0069.jpg 1 14 7 69 69
0097_0007_0033_0047_0047.jpg 1 7 33 47 47
0098_0047_0043_0026_0026.jpg 1 47 43 26 26
0099_0020_0011_0046_0046.jpg 1 20 11 46 46
0100_0016_0027_0060_0060.jpg 1 16 27 60 60
0101_0010_0030_0041_0041.jpg 1 10 30 41 41
0102_0006_0031_0038_0038.jpg 1 6 31 38 38
0103_0033_0034_0057_0057.jpg 1 33 34 57 57
0104_0017_0015_0057_0057.jpg 1 17 15 57 57
0105_0013_0021_0063_0063.jpg 1 13 21 63 63
0106_0018_0031_0033_0033.jpg 1 18 31 33 33
0107_0010_0015_0069_0069.jpg 1 10 15 69 69
0108_0043_0009_0038_0038.jpg 1 43 9 38 38
0109_0034_0027_0058_0058.jpg 1 34 27 58 58
0110_0010_0020_0032_0032.jpg 1 10 20 32 32
0111_0022_0052_0025_0025.jpg 1 22 52 25 25
0112_0022_0015_0064_0064.jpg 1 22 15 64 64
0113_0018_0027_0041_0041.jpg 1 18 27 41 41
0114_0010_0018_0066_0066.jpg 1 10 18 66 66
0115_0041_0012_0048_0048.jpg 1 41 12 48 48
0116_0024_0007_0064_0064.jpg 1 24 7 64 64
0117_0018_0020_0030_0030.jpg 1 18 20 30 30
0118_0057_0022_0034_0034.jpg 1 57 22 34 34
0119_0008_0040_0030_0030.jpg 1 8 40 30 30
0120_0023_0032_0046_0046.jpg 1 23 32 46 46
0121_0039_0024_0037_0037.jpg 1 39 24 37 37
0122_0007_0025_0066_0066.jpg 1 7 25 66 66
0123_0015_0014_0064_0064.jpg 1 15 14 64 64
0124_0015_0026_0062_0062.jpg 1 15 26 62 62
0125_0007_0009_0061_0061.jpg 1 7 9 61 61
0126_0045_0032_0048_0048.jpg 1 45 32 48 48
0127_0034_0034_0039_0039.jpg 1 34 34 39 39
0128_0061_0061_0024_0024.jpg 1 61 61 24 24
0129_0042_0041_0030_0030.jpg 1 42 41 30 30
0130_0065_0035_0025_0025.jpg 1 65 35 25 25
0131_0019_0050_0025_0025.jpg 1 19 50 25 25
0132_0026_0028_0047_0047.jpg 1 26 28 47 47
0133_0010_0031_0062_0062.jpg 1 10 31 62 62
0134_0005_0036_0057_0057.jpg 1 5 36 57 57
0135_0029_0031_0048_0048.jpg 1 29 31 48 48
0136_0007_0036_0056_0056.jpg 1 7 36 56 56
0137_0035_0036_0031_0031.jpg 1 35 36 31 31
0138_0031_0007_0047_0047.jpg 1 31 7 47 47
0139_0020_0037_0039_0039.jpg 1 20 37 39 39
0140_0045_0053_0041_0041.jpg 1 45 53 41 41
0141_0045_0027_0043_0043.jpg 1 45 27 43 43
0142_0009_0004_0054_0054.jpg 1 9 4 54 54
0143_0015_0032_0051_0051.jpg 1 15 32 51 51
0144_0005_0020_0067_0067.jpg 1 5 20 67 67
0145_0009_0051_0033_0033.jpg 1 9 51 33 33
0146_0025_0041_0047_0047.jpg 1 25 41 47 47
0147_0033_0037_0033_0033.jpg 1 33 37 33 33
0148_0030_0054_0029_0029.jpg 1 30 54 29 29
0149_0049_0045_0032_0032.jpg 1 49 45 32 32
0150_0011_0052_0031_0031.jpg 1 11 52 31 31
0151_0040_0053_0032_0032.jpg 1 40 53 32 32
0152_0028_0019_0056_0056.jpg 1 28 19 56 56
0153_0021_0013_0037_0037.jpg 1 21 13 37 37
0154_0005_0015_0058_0058.jpg 1 5 15 58 58
0155_0020_0045_0042_0042.jpg 1 20 45 42 42
0156_0055_0068_0024_0024.jpg 1 55 68 24 24
0157_0048_0053_0035_0035.jpg 1 48 53 35 35
0158_0009_0040_0043_0043.jpg 1 9 40 43 43
0159_0007_0024_0058_0058.jpg 1 7 24 58 58
0160_0007_0012_0038_0038.jpg 1 7 12 38 38
0161_0005_0025_0065_0065.jpg 1 5 25 65 65
0162_0021_0032_0027_0027.jpg 1 21 32 27 27
0163_0022_0015_0031_0031.jpg 1 22 15 31 31
0164_0046_0035_0040_0040.jpg 1 46 35 40 40
0165_0025_0024_0059_0059.jpg 1 25 24 59 59
0166_0022_0007_0027_0027.jpg 1 22 7 27 27
0167_0025_0023_0065_0065.jpg 1 25 23 65 65
0168_0021_0033_0031_0031.jpg 1 21 33 31 31
0169_0036_0023_0053_0053.jpg 1 36 23 53 53
0170_0011_0026_0059_0059.jpg 1 11 26 59 59
0171_0025_0009_0067_0067.jpg 1 25 9 67 67
0172_0009_0008_0039_0039.jpg 1 9 8 39 39
0173_0024_0024_0065_0065.jpg 1 24 24 65 65
0174_0035_0025_0052_0052.jpg 1 35 25 52 52
0175_0006_0025_0048_0048.jpg 1 6 25 48 48
0176_0034_0015_0042_0042.jpg 1 34 15 42 42
0177_0029_0021_0067_0067.jpg 1 29 21 67 67
0178_0031_0023_0052_0052.jpg 1 31 23 52 52
0179_0051_0035_0042_0042.jpg 1 51 35 42 42
0180_0031_0043_0041_0041.jpg 1 31 43 41 41
0181_0020_0029_0033_0033.jpg 1 20 29 33 33
0182_0032_0034_0046_0046.jpg 1 32 34 46 46
0183_0049_0008_0044_0044.jpg 1 49 8 44 44
0184_0012_0010_0024_0024.jpg 1 12 10 24 24
0185_0034_0036_0040_0040.jpg 1 34 36 40 40
0186_0007_0045_0048_0048.jpg 1 7 45 48 48
0187_0015_0048_0043_0043.jpg 1 15 48 43 43
0188_0004_0013_0069_0069.jpg 1 4 13 69 69
0189_0005_0038_0051_0051.jpg 1 5 38 51 51
0190_0055_0041_0027_0027.jpg 1 55 41 27 27
0191_0021_0050_0030_0030.jpg 1 21 50 30 30
0192_0056_0032_0025_0025.jpg 1 56 32 25 25
0193_0020_0050_0042_0042.jpg 1 20 50 42 42
0194_0006_0006_0035_0035.jpg 1 6 6 35 35
0195_0035_0041_0049_0049.jpg 1 35 41 49 49
0196_0024_0022_0068_0068.jpg 1 24 22 68 68
0197_0016_0028_0061_0061.jpg 1 16 28 61 61
0198_0011_0036_0049_0049.jpg 1 11 36 49 49
0199_0028_0021_0067_0067.jpg 1 28 21 67 67
0200_0027_0035_0026_0026.jpg 1 27 35 26 26
0201_0059_0018_0031_0031.jpg 1 59 18 31 31
0202_0030_0020_0064_0064.jpg 1 30 20 64 64
0203_0018_0019_0055_0055.jpg 1 18 19 55 55
0204_0023_0014_0061_0061.jpg 1 23 14 61 61
0205_0018_0029_0062_0062.jpg 1 18 29 62 62
0206_0034_0031_0052_0052.jpg 1 34 31 52 52
0207_0021_0013_0063_0063.jpg 1 21 13 63 63
0208_0046_0040_0044_0044.jpg 1 46 40 44 44
0209_0010_0015_0045_0045.jpg 1 10 15 45 45
0210_0036_0015_0025_0025.jpg 1 36 15 25 25
0211_0016_0022_0069_0069.jpg 1 16 22 69 69
0212_0025_0012_0034_0034.jpg 1 25 12 34 34
0213_0030_0008_0052_0052.jpg 1 30 8 52 52
0214_0005_0022_0056_0056.jpg 1 5 22 56 56
0215_0014_0018_0051_0051.jpg 1 14 18 51 51
0216_0021_0016_0051_0051.jpg 1 21 16 51 51
0217_0025_0035_0047_0047.jpg 1 25 35 47 47
0218_0005_0024_0048_0048.jpg 1 5 24 48 48
0219_0014_0037_0053_0053.jpg 1 14 37 53 53
0220_0005_0016_0061_0061.jpg 1 5 16 61 61
0221_0039_0022_0052_0052.jpg 1 39 22 52 52
0222_0044_0046_0045_0045.jpg 1 44 46 45 45
0223_0014_0016_0048_0048.jpg 1 14 16 48 48
0224_0027_0036_0049_0049.jpg 1 27 36 49 49
0225_0019_0032_0045_0045.jpg 1 19 32 45 45
0226_0009_0023_0067_0067.jpg 1 9 23 67 67
0227_0037_0015_0031_0031.jpg 1 37 15 31 31
0228_0007_0034_0051_0051.jpg 1 7 34 51 51
0229_0022_0016_0060_0060.jpg 1 22 16 60 60
0230_0037_0018_0051_0051.jpg 1 37 18 51 51
0231_0032_0014_0045_0045.jpg 1 32 14 45 45
0232_0027_0007_0031_0031.jpg 1 27 7 31 31
0233_0016_0028_0067_0067.jpg 1 16 28 67 67
0234_0022_0026_0042_0042.jpg 1 22 26 42 42
0235_0026_0027_0058_0058.jpg 1 26 27 58 58
0236_0041_0034_0043_0043.jpg 1 41 34 43 43
0237_0015_0012_0059_0059.jpg 1 15 12 59 59
0238_0007_0034_0056_0056.jpg 1 7 34 56 56
0239_0017_0041_0053_0053.jpg 1 17 41 53 53
0240_0032_0032_0059_0059.jpg 1 32 32 59 59
0241_0050_0022_0027_0027.jpg 1 50 22 27 27
0242_0049_0040_0035_0035.jpg 1 49 40 35 35
0243_0033_0012_0041_0041.jpg 1 33 12 41 41
0244_0018_0016_0042_0042.jpg 1 18 16 42 42
0245_0043_0050_0025_0025.jpg 1 43 50 25 25
0246_0044_0036_0040_0040.jpg 1 44 36 40 40
0247_0007_0045_0031_0031.jpg 1 7 45 31 31
0248_0031_0025_0046_0046.jpg 1 31 25 46 46
0249_0007_0019_0061_0061.jpg 1 7 19 61 61
0250_0030_0027_0050_0050.jpg 1 30 27 50 50
0251_0032_0015_0046_0046.jpg 1 32 15 46 46
0252_0017_0007_0028_0028.jpg 1 17 7 28 28
0253_0016_0038_0037_0037.jpg 1 16 38 37 37
0254_0010_0010_0063_0063.jpg 1 10 10 63 63
0255_0023_0022_0064_0064.jpg 1 23 22 64 64
0256_0010_0031_0046_0046.jpg 1 10 31 46 46
0257_0018_0020_0042_0042.jpg 1 18 20 42 42
0258_0009_0032_0046_0046.jpg 1 9 32 46 46
0259_0042_0023_0038_0038.jpg 1 42 23 38 38
0260_0037_0039_0046_0046.jpg 1 37 39 46 46
0261_0008_0026_0040_0040.jpg 1 8 26 40 40
0262_0017_0025_0066_0066.jpg 1 17 25 66 66
0263_0027_0012_0052_0052.jpg 1 27 12 52 52
0264_0009_0021_0058_0058.jpg 1 9 21 58 58
0265_0031_0005_0054_0054.jpg 1 31 5 54 54
0266_0017_0034_0061_0061.jpg 1 17 34 61 61
0267_0017_0030_0052_0052.jpg 1 17 30 52 52
0268_0005_0009_0068_0068.jpg 1 5 9 68 68
0269_0051_0020_0042_0042.jpg 1 51 20 42 42
0270_0028_0036_0053_0053.jpg 1 28 36 53 53
0271_0056_0032_0028_0028.jpg 1 56 32 28 28
0272_0020_0022_0045_0045.jpg 1 20 22 45 45
0273_0047_0014_0042_0042.jpg 1 47 14 42 42
0274_0008_0045_0030_0030.jpg 1 8 45 30 30
0275_0031_0015_0032_0032.jpg 1 31 15 32 32
0276_0025_0015_0041_0041.jpg 1 25 15 41 41
0277_0026_0027_0066_0066.jpg 1 26 27 66 66
0278_0027_0013_0067_0067.jpg 1 27 13 67 67
0279_0018_0050_0029_0029.jpg 1 18 50 29 29
0280_0057_0017_0029_0029.jpg 1 57 17 29 29
0281_0026_0017_0062_0062.jpg 1 26 17 62 62
0282_0025_0029_0062_0062.jpg 1 25 29 62 62
0283_0044_0017_0042_0042.jpg 1 44 17 42 42
0284_0016_0042_0047_0047.jpg 1 16 42 47 47
0285_0023_0012_0059_0059.jpg 1 23 12 59 59
0286_0020_0028_0049_0049.jpg 1 20 28 49 49
0287_0033_0019_0059_0059.jpg 1 33 19 59 59
0288_0026_0028_0048_0048.jpg 1 26 28 48 48
0289_0044_0015_0036_0036.jpg 1 44 15 36 36
0290_0016_0007_0048_0048.jpg 1 16 7 48 48
0291_0007_0034_0043_0043.jpg 1 7 34 43 43
0292_0010_0038_0056_0056.jpg 1 10 38 56 56
0293_0032_0020_0063_0063.jpg 1 32 20 63 63
0294_0040_0026_0050_0050.jpg 1 40 26 50 50
0295_0035_0040_0037_0037.jpg 1 35 40 37 37
0296_0013_0045_0031_0031.jpg 1 13 45 31 31
0297_0006_0017_0068_0068.jpg 1 6 17 68 68
0298_0043_0038_0027_0027.jpg 1 43 38 27 27
0299_0052_0019_0037_0037.jpg 1 52 19 37 37
0300_0023_0044_0030_0030.jpg 1 23 44 30 30
0301_0039_0042_0041_0041.jpg 1 39 42 41 41
0302_0029_0015_0041_0041.jpg 1 29 15 41 41
0303_0007_0011_0054_0054.jpg 1 7 11 54 54
0304_0041_0065_0026_0026.jpg 1 41 65 26 26
0305_0050_0020_0039_0039.jpg 1 50 20 39 39
0306_0042_0032_0046_0046.jpg 1 42 32 46 46
0307_0048_0010_0039_0039.jpg 1 48 10 39 39
0308_0045_0041_0040_0040.jpg 1 45 41 40 40
0309_0030_0008_0062_0062.jpg 1 30 8 62 62
0310_0048_0024_0025_0025.jpg 1 48 24 25 25
0311_0011_0008_0040_0040.jpg 1 11 8 40 40
0312_0009_0028_0062_0062.jpg 1 9 28 62 62
0313_0027_0040_0045_0045.jpg 1 27 40 45 45
0314_0005_0022_0060_0060.jpg 1 5 22 60 60
0315_0012_0030_0043_0043.jpg 1 12 30 43 43
0316_0006_0026_0063_0063.jpg 1 6 26 63 63
0317_0031_0030_0057_0057.jpg 1 31 30 57 57
0318_0015_0012_0032_0032.jpg 1 15 12 32 32
0319_0017_0008_0031_0031.jpg 1 17 8 31 31
0320_0028_0033_0045_0045.jpg 1 28 33 45 45
0321_0026_0006_0064_0064.jpg 1 26 6 64 64
0322_0049_0015_0036_0036.jpg 1 49 15 36 36
0323_0029_0022_0052_0052.jpg 1 29 22 52 52
0324_0020_0033_0027_0027.jpg 1 20 33 27 27
0325_0027_0018_0044_0044.jpg 1 27 18 44 44
0326_0028_0015_0046_0046.jpg 1 28 15 46 46
0327_0034_0028_0027_0027.jpg 1 34 28 27 27
0328_0019_0047_0040_0040.jpg 1 19 47 40 40
0329_0016_0015_0059_0059.jpg 1 16 15 59 59
0330_0057_0035_0030_0030.jpg 1 57 35 30 30
0331_0026_0007_0051_0051.jpg 1 26 7 51 51
0332_0024_0017_0060_0060.jpg 1 24 17 60 60
0333_0031_0015_0060_0060.jpg 1 31 15 60 60
0334_0022_0038_0041_0041.jpg 1 22 38 41 41
0335_0040_0036_0039_0039.jpg 1 40 36 39 39
0336_0007_0024_0063_0063.jpg 1 7 24 63 63
0337_0044_0052_0024_0024.jpg 1 44 52 24 24
0338_0008_0053_0029_0029.jpg 1 8 53 29 29
0339_0028_0021_0056_0056.jpg 1 28 21 56 56
0340_0030_0007_0056_0056.jpg 1 30 7 56 56
0341_0006_0015_0055_0055.jpg 1 6 15 55 55
0342_0022_0034_0060_0060.jpg 1 22 34 60 60
0343_0005_0019_0064_0064.jpg 1 5 19 64 64
0344_0019_0037_0057_0057.jpg 1 19 37 57 57
0345_0044_0033_0027_0027.jpg 1 44 33 27 27
0346_0013_0024_0065_0065.jpg 1 13 24 65 65
0347_0007_0028_0037_0037.jpg 1 7 28 37 37
0348_0056_0024_0027_0027.jpg 1 56 24 27 27
0349_0028_0007_0033_0033.jpg 1 28 7 33 33
0350_0034_0045_0044_0044.jpg 1 34 45 44 44
0351_0027_0012_0039_0039.jpg 1 27 12 39 39
0352_0043_0051_0031_0031.jpg 1 43 51 31 31
0353_0008_0012_0031_0031.jpg 1 8 12 31 31
0354_0016_0005_0054_0054.jpg 1 16 5 54 54
0355_0012_0010_0049_0049.jpg 1 12 10 49 49
0356_0026_0039_0030_0030.jpg 1 26 39 30 30
0357_0047_0053_0038_0038.jpg 1 47 53 38 38
0358_0007_0004_0063_0063.jpg 1 7 4 63 63
0359_0029_0009_0057_0057.jpg 1 29 9 57 57
0360_0023_0044_0033_0033.jpg 1 23 44 33 33
0361_0014_0035_0030_0030.jpg 1 14 35 30 30
0362_0013_0034_0036_0036.jpg 1 13 34 36 36
0363_0016_0026_0069_0069.jpg 1 16 26 69 69
0364_0035_0038_0027_0027.jpg 1 35 38 27 27
0365_0031_0035_0046_0046.jpg 1 31 35 46 46
0366_0051_0039_0031_0031.jpg 1 51 39 31 31
0367_0030_0014_0058_0058.jpg 1 30 14 58 58
0368_0052_0039_0037_0037.jpg 1 52 39 37 37
0369_0037_0008_0036_0036.jpg 1 37 8 36 36
0370_0044_0039_0048_0048.jpg 1 44 39 48 48
0371_0013_0043_0045_0045.jpg 1 13 43 45 45
0372_0022_0017_0028_0028.jpg 1 22 17 28 28
0373_0030_0021_0063_0063.jpg 1 30 21 63 63
0374_0013_0021_0064_0064.jpg 1 13 21 64 64
0375_0009_0031_0045_0045.jpg 1 9 31 45 45
0376_0009_0016_0065_0065.jpg 1 9 16 65 65
0377_0029_0018_0047_0047.jpg 1 29 18 47 47
0378_0021_0049_0033_0033.jpg 1 21 49 33 33
0379_0059_0058_0033_0033.jpg 1 59 58 33 33
0380_0014_0009_0059_0059.jpg 1 14 9 59 59
0381_0063_0047_0029_0029.jpg 1 63 47 29 29
0382_0035_0011_0046_0046.jpg 1 35 11 46 46
0383_0006_0016_0053_0053.jpg 1 6 16 53 53
0384_0045_0035_0033_0033.jpg 1 45 35 33 33
0385_0013_0027_0041_0041.jpg 1 13 27 41 41
0386_0037_0014_0056_0056.jpg 1 37 14 56 56
0387_0036_0032_0052_0052.jpg 1 36 32 52 52
0388_0019_0026_0061_0061.jpg 1 19 26 61 61
0389_0020_0050_0025_0025.jpg 1 20 50 25 25
0390_0032_0008_0041_0041.jpg 1 32 8 41 41
0391_0049_0043_0034_0034.jpg 1 49 43 34 34
0392_0041_0044_0043_0043.jpg 1 41 44 43 43
0393_0035_0041_0034_0034.jpg 1 35 41 34 34
0394_0046_0028_0025_0025.jpg 1 46 28 25 25
0395_0018_0015_0068_0068.jpg 1 18 15 68 68
0396_0037_0039_0048_0048.jpg 1 37 39 48 48
0397_0022_0027_0060_0060.jpg 1 22 27 60 60
0398_0019_0022_0029_0029.jpg 1 19 22 29 29
0399_0005_0024_0068_0068.jpg 1 5 24 68 68
0400_0018_0022_0036_0036.jpg 1 18 22 36 36
0401_0022_0018_0034_0034.jpg 1 22 18 34 34
0402_0054_0032_0032_0032.jpg 1 54 32 32 32
0403_0008_0020_0061_0061.jpg 1 8 20 61 61
0404_0008_0033_0027_0027.jpg 1 8 33 27 27
0405_0010_0022_0069_0069.jpg 1 10 22 69 69
0406_0034_0035_0060_0060.jpg 1 34 35 60 60
0407_0006_0015_0056_0056.jpg 1 6 15 56 56
0408_0043_0006_0045_0045.jpg 1 43 6 45 45
0409_0022_0015_0057_0057.jpg 1 22 15 57 57
0410_0007_0012_0069_0069.jpg 1 7 12 69 69
0411_0053_0022_0031_0031.jpg 1 53 22 31 31
0412_0022_0064_0027_0027.jpg 1 22 64 27 27
0413_0028_0018_0058_0058.jpg 1 28 18 58 58
0414_0013_0023_0063_0063.jpg 1 13 23 63 63
0415_0032_0041_0025_0025.jpg 1 32 41 25 25
0416_0014_0038_0053_0053.jpg 1 14 38 53 53
0417_0064_0018_0024_0024.jpg 1 64 18 24 24
0418_0017_0007_0042_0042.jpg 1 17 7 42 42
0419_0046_0024_0025_0025.jpg 1 46 24 25 25
0420_0025_0023_0058_0058.jpg 1 25 23 58 58
0421_0033_0010_0041_0041.jpg 1 33 10 41 41
0422_0044_0040_0037_0037.jpg 1 44 40 37 37
0423_0014_0031_0040_0040.jpg 1 14 31 40 40
0424_0049_0039_0040_0040.jpg 1 49 39 40 40
0425_0049_0039_0029_0029.jpg 1 49 39 29 29
0426_0016_0034_0031_0031.jpg 1 16 34 31 31
0427_0040_0021_0041_0041.jpg 1 40 21 41 41
0428_0017_0037_0049_0049.jpg 1 17 37 49 49
0429_0021_0014_0043_0043.jpg 1 21 14 43 43
0430_0018_0029_0038_0038.jpg 1 18 29 38 38
0431_0031_0016_0063_0063.jpg 1 31 16 63 63
0432_0006_0028_0050_0050.jpg 1 6 28 50 50
0433_0058_0022_0033_0033.jpg 1 58 22 33 33
0434_0034_0014_0062_0062.jpg 1 34 14 62 62
0435_0005_0020_0050_0050.jpg 1 5 20 50 50
0436_0035_0053_0036_0036.jpg 1 35 53 36 36
0437_0040_0017_0026_0026.jpg 1 40 17 26 26
0438_0008_0029_0065_0065.jpg 1 8 29 65 65
0439_0009_0023_0052_0052.jpg 1 9 23 52 52
0440_0044_0040_0033_0033.jpg 1 44 40 33 33
0441_0026_0044_0042_0042.jpg 1 26 44 42 42
0442_0041_0020_0035_0035.jpg 1 41 20 35 35
0443_0052_0016_0037_0037.jpg 1 52 16 37 37
0444_0023_0023_0056_0056.jpg 1 23 23 56 56
0445_0012_0007_0068_0068.jpg 1 12 7 68 68
0446_0019_0024_0062_0062.jpg 1 19 24 62 62
0447_0031_0034_0062_0062.jpg 1 31 34 62 62
0448_0022_0017_0058_0058.jpg 1 22 17 58 58
0449_0064_0064_0025_0025.jpg 1 64 64 25 25
0450_0011_0012_0054_0054.jpg 1 11 12 54 54
0451_0015_0025_0060_0060.jpg 1 15 25 60 60
0452_0038_0038_0049_0049.jpg 1 38 38 49 49
0453_0052_0053_0027_0027.jpg 1 52 53 27 27
0454_0033_0038_0035_0035.jpg 1 33 38 35 35
0455_0015_0024_0034_0034.jpg 1 15 24 34 34
0456_0012_0020_0064_0064.jpg 1 12 20 64 64
0457_0035_0060_0031_0031.jpg 1 35 60 31 31
0458_0020_0015_0048_0048.jpg 1 20 15 48 48
0459_0014_0021_0057_0057.jpg 1 14 21 57 57
0460_0016_0045_0048_0048.jpg 1 16 45 48 48
0461_0019_0031_0061_0061.jpg 1 19 31 61 61
0462_0044_0022_0035_0035.jpg 1 44 22 35 35
0463_0038_0014_0053_0053.jpg 1 38 14 53 53
0464_0046_0007_0043_0043.jpg 1 46 7 43 43
0465_0024_0046_0047_0047.jpg 1 24 46 47 47
0466_0008_0022_0034_0034.jpg 1 8 22 34 34
0467_0055_0024_0032_0032.jpg 1 55 24 32 32
0468_0031_0037_0057_0057.jpg 1 31 37 57 57
0469_0052_0034_0039_0039.jpg 1 52 34 39 39
0470_0027_0028_0049_0049.jpg 1 27 28 49 49
0471_0023_0021_0062_0062.jpg 1 23 21 62 62
0472_0019_0037_0036_0036.jpg 1 19 37 36 36
0473_0021_0028_0058_0058.jpg 1 21 28 58 58
0474_0041_0021_0028_0028.jpg 1 41 21 28 28
0475_0013_0012_0051_0051.jpg 1 13 12 51 51
0476_0017_0016_0035_0035.jpg 1 17 16 35 35
0477_0038_0035_0033_0033.jpg 1 38 35 33 33
0478_0011_0015_0041_0041.jpg 1 11 15 41 41
0479_0030_0016_0052_0052.jpg 1 30 16 52 52
0480_0012_0031_0043_0043.jpg 1 12 31 43 43
0481_0030_0029_0065_0065.jpg 1 30 29 65 65
0482_0030_0033_0028_0028.jpg 1 30 33 28 28
0483_0013_0030_0032_0032.jpg 1 13 30 32 32
0484_0007_0017_0057_0057.jpg 1 7 17 57 57
0485_0010_0030_0044_0044.jpg 1 10 30 44 44
0486_0014_0039_0038_0038.jpg 1 14 39 38 38
0487_0008_0046_0030_0030.jpg 1 8 46 30 30
0488_0011_0032_0046_0046.jpg 1 11 32 46 46
0489_0041_0012_0053_0053.jpg 1 41 12 53 53
0490_0024_0046_0025_0025.jpg 1 24 46 25 25
0491_0009_0048_0046_0046.jpg 1 9 48 46 46
0492_0036_0037_0047_0047.jpg 1 36 37 47 47
0493_0027_0056_0035_0035.jpg 1 27 56 35 35
0494_0005_0015_0069_0069.jpg 1 5 15 69 69
0495_0010_0028_0050_0050.jpg 1 10 28 50 50
0496_0052_0023_0040_0040.jpg 1 52 23 40 40
0497_0015_0051_0032_0032.jpg 1 15 51 32 32
0498_0050_0027_0027_0027.jpg 1 50 27 27 27
0499_0009_0017_0034_0034.jpg 1 9 17 34 34
0500_0011_0009_0066_0066.jpg 1 11 9 66 66
0501_0028_0008_0028_0028.jpg 1 28 8 28 28
0502_0022_0016_0068_0068.jpg 1 22 16 68 68
0503_0011_0048_0039_0039.jpg 1 11 48 39 39
0504_0036_0030_0059_0059.jpg 1 36 30 59 59
0505_0029_0005_0061_0061.jpg 1 29 5 61 61
0506_0019_0030_0053_0053.jpg 1 19 30 53 53
0507_0007_0022_0066_0066.jpg 1 7 22 66 66
0508_0050_0026_0039_0039.jpg 1 50 26 39 39
0509_0020_0030_0051_0051.jpg 1 20 30 51 51
0510_0016_0016_0067_0067.jpg 1 16 16 67 67
0511_0033_0032_0035_0035.jpg 1 33 32 35 35
0512_0044_0046_0038_0038.jpg 1 44 46 38 38
0513_0018_0042_0045_0045.jpg 1 18 42 45 45
0514_0046_0050_0028_0028.jpg 1 46 50 28 28
0515_0022_0038_0039_0039.jpg 1 22 38 39 39
0516_0030_0047_0038_0038.jpg 1 30 47 38 38
0517_0058_0029_0030_0030.jpg 1 58 29 30 30
0518_0023_0040_0047_0047.jpg 1 23 40 47 47
0519_0023_0054_0024_0024.jpg 1 23 54 24 24
0520_0018_0016_0028_0028.jpg 1 18 16 28 28
0521_0029_0030_0064_0064.jpg 1 29 30 64 64
0522_0011_0050_0042_0042.jpg 1 11 50 42 42
0523_0022_0020_0042_0042.jpg 1 22 20 42 42
0524_0013_0027_0048_0048.jpg 1 13 27 48 48
0525_0047_0022_0047_0047.jpg 1 47 22 47 47
0526_0012_0003_0069_0069.jpg 1 12 3 69 69
0527_0013_0018_0059_0059.jpg 1 13 18 59 59
0528_0012_0023_0067_0067.jpg 1 12 23 67 67
0529_0019_0024_0039_0039.jpg 1 19 24 39 39
0530_0008_0008_0052_0052.jpg 1 8 8 52 52
0531_0013_0036_0027_0027.jpg 1 13 36 27 27
0532_0034_0027_0050_0050.jpg 1 34 27 50 50
0533_0019_0005_0064_0064.jpg 1 19 5 64 64
0534_0050_0043_0025_0025.jpg 1 50 43 25 25
0535_0019_0018_0059_0059.jpg 1 19 18 59 59
0536_0013_0006_0062_0062.jpg 1 13 6 62 62
0537_0043_0059_0031_0031.jpg 1 43 59 31 31
0538_0026_0032_0046_0046.jpg 1 26 32 46 46
0539_0046_0050_0032_0032.jpg 1 46 50 32 32
0540_0048_0018_0045_0045.jpg 1 48 18 45 45
0541_0028_0021_0065_0065.jpg 1 28 21 65 65
0542_0035_0022_0059_0059.jpg 1 35 22 59 59
0543_0027_0024_0069_0069.jpg 1 27 24 69 69
0544_0032_0045_0027_0027.jpg 1 32 45 27 27
0545_0052_0047_0024_0024.jpg 1 52 47 24 24
0546_0059_0053_0031_0031.jpg 1 59 53 31 31
0547_0059_0029_0025_0025.jpg 1 59 29 25 25
0548_0020_0016_0044_0044.jpg 1 20 16 44 44
0549_0012_0008_0059_0059.jpg 1 12 8 59 59
0550_0042_0048_0027_0027.jpg 1 42 48 27 27
0551_0007_0027_0032_0032.jpg 1 7 27 32 32
0552_0033_0019_0046_0046.jpg 1 33 19 46 46
0553_0012_0055_0025_0025.jpg 1 12 55 25 25
0554_0058_0030_0027_0027.jpg 1 58 30 27 27
0555_0053_0045_0034_0034.jpg 1 53 45 34 34
0556_0032_0009_0059_0059.jpg 1 32 9 59 59
0557_0026_0030_0054_0054.jpg 1 26 30 54 54
0558_0013_0025_0036_0036.jpg 1 13 25 36 36
0559_0023_0011_0060_0060.jpg 1 23 11 60 60
0560_0016_0025_0065_0065.jpg 1 16 25 65 65
0561_0011_0035_0060_0060.jpg 1 11 35 60 60
0562_0042_0010_0043_0043.jpg 1 42 10 43 43
0563_0014_0048_0041_0041.jpg 1 14 48 41 41
0564_0006_0037_0053_0053.jpg 1 6 37 53 53
0565_0041_0038_0045_0045.jpg 1 41 38 45 45
0566_0013_0029_0057_0057.jpg 1 13 29 57 57
0567_0051_0027_0032_0032.jpg 1 51 27 32 32
0568_0021_0030_0037_0037.jpg 1 21 30 37 37
0569_0046_0029_0029_0029.jpg 1 46 29 29 29
0570_0014_0010_0069_0069.jpg 1 14 10 69 69
0571_0032_0028_0056_0056.jpg 1 32 28 56 56
0572_0030_0021_0044_0044.jpg 1 30 21 44 44
0573_0004_0013_0059_0059.jpg 1 4 13 59 59
0574_0016_0020_0040_0040.jpg 1 16 20 40 40
0575_0025_0019_0065_0065.jpg 1 25 19 65 65
0576_0041_0053_0037_0037.jpg 1 41 53 37 37
0577_0042_0057_0026_0026.jpg 1 42 57 26 26
0578_0030_0029_0064_0064.jpg 1 30 29 64 64
0579_0053_0042_0031_0031.jpg 1 53 42 31 31
0580_0036_0030_0056_0056.jpg 1 36 30 56 56
0581_0023_0026_0047_0047.jpg 1 23 26 47 47
0582_0023_0021_0068_0068.jpg 1 23 21 68 68
0583_0005_0036_0051_0051.jpg 1 5 36 51 51
0584_0025_0028_0039_0039.jpg 1 25 28 39 39
0585_0017_0032_0047_0047.jpg 1 17 32 47 47
0586_0027_0010_0063_0063.jpg 1 27 10 63 63
0587_0011_0013_0057_0057.jpg 1 11 13 57 57
0588_0015_0035_0057_0057.jpg 1 15 35 57 57
0589_0007_0016_0037_0037.jpg 1 7 16 37 37
0590_0031_0024_0051_0051.jpg 1 31 24 51 51
0591_0021_0039_0056_0056.jpg 1 21 39 56 56
0592_0054_0026_0039_0039.jpg 1 54 26 39 39
0593_0041_0039_0051_0051.jpg 1 41 39 51 51
0594_0008_0013_0056_0056.jpg 1 8 13 56 56
0595_0018_0033_0039_0039.jpg 1 18 33 39 39
0596_0051_0044_0029_0029.jpg 1 51 44 29 29
0597_0030_0016_0034_0034.jpg 1 30 16 34 34
0598_0021_0024_0066_0066.jpg 1 21 24 66 66
0599_0015_0003_0065_0065.jpg 1 15 3 65 65
0600_0039_0026_0048_0048.jpg 1 39 26 48 48
0601_0011_0023_0058_0058.jpg 1 11 23 58 58
0602_0033_0037_0057_0057.jpg 1 33 37 57 57
0603_0035_0011_0027_0027.jpg 1 35 11 27 27
0604_0018_0044_0046_0046.jpg 1 18 44 46 46
0605_0052_0007_0032_0032.jpg 1 52 7 32 32
0606_0022_0004_0059_0059.jpg 1 22 4 59 59
0607_0022_0026_0062_0062.jpg 1 22 26 62 62
0608_0005_0005_0067_0067.jpg 1 5 5 67 67
0609_0021_0027_0063_0063.jpg 1 21 27 63 63
0610_0018_0039_0025_0025.jpg 1 18 39 25 25
0611_0049_0051_0036_0036.jpg 1 49 51 36 36
0612_0024_0062_0026_0026.jpg 1 24 62 26 26
0613_0026_0039_0051_0051.jpg 1 26 39 51 51
0614_0048_0027_0042_0042.jpg 1 48 27 42 42
0615_0009_0023_0066_0066.jpg 1 9 23 66 66
0616_0009_0030_0058_0058.jpg 1 9 30 58 58
0617_0014_0015_0024_0024.jpg 1 14 15 24 24
0618_0036_0022_0034_0034.jpg 1 36 22 34 34
0619_0005_0010_0057_0057.jpg 1 5 10 57 57
0620_0036_0024_0055_0055.jpg 1 36 24 55 55
0621_0013_0025_0065_0065.jpg 1 13 25 65 65
0622_0013_0013_0047_0047.jpg 1 13 13 47 47
0623_0034_0049_0044_0044.jpg 1 34 49 44 44
0624_0019_0028_0068_0068.jpg 1 19 28 68 68
0625_0028_0021_0048_0048.jpg 1 28 21 48 48
0626_0012_0029_0053_0053.jpg 1 12 29 53 53
0627_0049_0015_0042_0042.jpg 1 49 15 42 42
0628_0003_0011_0068_0068.jpg 1 3 11 68 68
0629_0010_0014_0066_0066.jpg 1 10 14 66 66
0630_0027_0058_0031_0031.jpg 1 27 58 31 31
0631_0004_0006_0063_0063.jpg 1 4 6 63 63
0632_0042_0026_0047_0047.jpg 1 42 26 47 47
0633_0026_0018_0059_0059.jpg 1 26 18 59 59
0634_0045_0042_0049_0049.jpg 1 45 42 49 49
0635_0035_0019_0058_0058.jpg 1 35 19 58 58
0636_0027_0031_0028_0028.jpg 1 27 31 28 28
0637_0013_0011_0065_0065.jpg 1 13 11 65 65
0638_0013_0007_0058_0058.jpg 1 13 7 58 58
0639_0010_0012_0067_0067.jpg 1 10 12 67 67
0640_0032_0027_0052_0052.jpg 1 32 27 52 52
0641_0016_0006_0056_0056.jpg 1 16 6 56 56
0642_0033_0022_0055_0055.jpg 1 33 22 55 55
0643_0032_0034_0060_0060.jpg 1 32 34 60 60
0644_0011_0049_0036_0036.jpg 1 11 49 36 36
0645_0008_0032_0060_0060.jpg 1 8 32 60 60
0646_0019_0030_0052_0052.jpg 1 19 30 52 52
0647_0014_0006_0068_0068.jpg 1 14 6 68 68
0648_0021_0014_0063_0063.jpg 1 21 14 63 63
0649_0033_0034_0057_0057.jpg 1 33 34 57 57
0650_0008_0031_0025_0025.jpg 1 8 31 25 25
0651_0021_0016_0052_0052.jpg 1 21 16 52 52
0652_0062_0034_0026_0026.jpg 1 62 34 26 26
0653_0010_0019_0065_0065.jpg 1 10 19 65 65
0654_0011_0012_0068_0068.jpg 1 11 12 68 68
0655_0031_0044_0031_0031.jpg 1 31 44 31 31
0656_0020_0013_0035_0035.jpg 1 20 13 35 35
0657_0028_0006_0058_0058.jpg 1 28 6 58 58
0658_0035_0006_0053_0053.jpg 1 35 6 53 53
0659_0021_0020_0042_0042.jpg 1 21 20 42 42
0660_0033_0047_0044_0044.jpg 1 33 47 44 44
0661_0024_0016_0046_0046.jpg 1 24 16 46 46
0662_0021_0023_0043_0043.jpg 1 21 23 43 43
0663_0036_0044_0049_0049.jpg 1 36 44 49 49
0664_0021_0008_0024_0024.jpg 1 21 8 24 24
0665_0034_0020_0049_0049.jpg 1 34 20 49 49
0666_0025_0026_0062_0062.jpg 1 25 26 62 62
0667_0017_0027_0046_0046.jpg 1 17 27 46 46
0668_0024_0014_0061_0061.jpg 1 24 14 61 61
0669_0006_0007_0065_0065.jpg 1 6 7 65 65
0670_0042_0041_0044_0044.jpg 1 42 41 44 44
0671_0046_0016_0044_0044.jpg 1 46 16 44 44
0672_0005_0026_0055_0055.jpg 1 5 26 55 55
0673_0030_0020_0055_0055.jpg 1 30 20 55 55
0674_0010_0022_0048_0048.jpg 1 10 22 48 48
0675_0059_0018_0030_0030.jpg 1 59 18 30 30
0676_0005_0024_0064_0064.jpg 1 5 24 64 64
0677_0025_0017_0065_0065.jpg 1 25 17 65 65
0678_0036_0005_0058_0058.jpg 1 36 5 58 58
0679_0033_0032_0053_0053.jpg 1 33 32 53 53
0680_0023_0009_0065_0065.jpg 1 23 9 65 65
0681_0010_0035_0052_0052.jpg 1 10 35 52 52
0682_0044_0055_0024_0024.jpg 1 44 55 24 24
0683_0012_0007_0043_0043.jpg 1 12 7 43 43
0684_0048_0012_0040_0040.jpg 1 48 12 40 40
0685_0047_0063_0024_0024.jpg 1 47 63 24 24
0686_0007_0007_0065_0065.jpg 1 7 7 65 65
0687_0048_0051_0041_0041.jpg 1 48 51 41 41
0688_0028_0015_0063_0063.jpg 1 28 15 63 63
0689_0021_0010_0065_0065.jpg 1 21 10 65 65
0690_0015_0027_0034_0034.jpg 1 15 27 34 34
0691_0024_0043_0044_0044.jpg 1 24 43 44 44
0692_0043_0064_0026_0026.jpg 1 43 64 26 26
0693_0036_0011_0042_0042.jpg 1 36 11 42 42
0694_0035_0028_0049_0049.jpg 1 35 28 49 49
0695_0023_0022_0068_0068.jpg 1 23 22 68 68
0696_0067_0032_0025_0025.jpg 1 67 32 25 25
0697_0060_0034_0031_0031.jpg 1 60 34 31 31
0698_0056_0047_0035_0035.jpg 1 56 47 35 35
0699_0018_0010_0059_0059.jpg 1 18 10 59 59
0700_0013_0024_0061_0061.jpg 1 13 24 61 61
0701_0025_0031_0050_0050.jpg 1 25 31 50 50
0702_0027_0031_0049_0049.jpg 1 27 31 49 49
0703_0043_0022_0049_0049.jpg 1 43 22 49 49
0704_0021_0035_0054_0054.jpg 1 21 35 54 54
0705_0017_0038_0049_0049.jpg 1 17 38 49 49
0706_0023_0026_0067_0067.jpg 1 23 26 67 67
0707_0054_0032_0035_0035.jpg 1 54 32 35 35
0708_0016_0033_0051_0051.jpg 1 16 33 51 51
0709_0019_0023_0066_0066.jpg 1 19 23 66 66
0710_0008_0005_0047_0047.jpg 1 8 5 47 47
0711_0013_0013_0063_0063.jpg 1 13 13 63 63
0712_0039_0029_0053_0053.jpg 1 39 29 53 53
0713_0016_0021_0048_0048.jpg 1 16 21 48 48
0714_0037_0049_0037_0037.jpg 1 37 49 37 37
0715_0011_0036_0026_0026.jpg 1 11 36 26 26
0716_0029_0013_0066_0066.jpg 1 29 13 66 66
0717_0011_0030_0064_0064.jpg 1 11 30 64 64
0718_0057_0028_0028_0028.jpg 1 57 28 28 28
0719_0018_0006_0069_0069.jpg 1 18 6 69 69
0720_0020_0016_0061_0061.jpg 1 20 16 61 61
0721_0052_0061_0028_0028.jpg 1 52 61 28 28
0722_0039_0027_0050_0050.jpg 1 39 27 50 50
0723_0046_0014_0036_0036.jpg 1 46 14 36 36
0724_0053_0038_0037_0037.jpg 1 53 38 37 37
0725_0034_0011_0057_0057.jpg 1 34 11 57 57
0726_0007_0040_0029_0029.jpg 1 7 40 29 29
0727_0038_0005_0054_0054.jpg 1 38 5 54 54
0728_0022_0030_0043_0043.jpg 1 22 30 43 43
0729_0019_0009_0065_0065.jpg 1 19 9 65 65
0730_0004_0009_0063_0063.jpg 1 4 9 63 63
0731_0045_0043_0038_0038.jpg 1 45 43 38 38
0732_0013_0004_0063_0063.jpg 1 13 4 63 63
0733_0036_0044_0027_0027.jpg 1 36 44 27 27
0734_0017_0022_0060_0060.jpg 1 17 22 60 60
0735_0058_0048_0033_0033.jpg 1 58 48 33 33
0736_0021_0047_0039_0039.jpg 1 21 47 39 39
0737_0067_0056_0024_0024.jpg 1 67 56 24 24
0738_0036_0013_0038_0038.jpg 1 36 13 38 38
0739_0045_0025_0042_0042.jpg 1 45 25 42 42
0740_0018_0030_0027_0027.jpg 1 18 30 27 27
0741_0042_0024_0047_0047.jpg 1 42 24 47 47
0742_0008_0025_0046_0046.jpg 1 8 25 46 46
0743_0025_0004_0069_0069.jpg 1 25 4 69 69
0744_0007_0029_0063_0063.jpg 1 7 29 63 63
0745_0013_0025_0039_0039.jpg 1 13 25 39 39
0746_0013_0018_0057_0057.jpg 1 13 18 57 57
0747_0059_0043_0027_0027.jpg 1 59 43 27 27
0748_0009_0028_0048_0048.jpg 1 9 28 48 48
0749_0003_0030_0062_0062.jpg 1 3 30 62 62
0750_0053_0060_0028_0028.jpg 1 53 60 28 28
0751_0024_0009_0058_0058.jpg 1 24 9 58 58
0752_0025_0036_0049_0049.jpg 1 25 36 49 49
0753_0055_0056_0025_0025.jpg 1 55 56 25 25
0754_0012_0008_0066_0066.jpg 1 12 8 66 66
0755_0061_0048_0030_0030.jpg 1 61 48 30 30
0756_0029_0031_0050_0050.jpg 1 29 31 50 50
0757_0021_0015_0064_0064.jpg 1 21 15 64 64
0758_0027_0018_0042_0042.jpg 1 27 18 42 42
0759_0013_0029_0027_0027.jpg 1 13 29 27 27
0760_0015_0035_0052_0052.jpg 1 15 35 52 52
0761_0026_0018_0063_0063.jpg 1 26 18 63 63
0762_0018_0030_0038_0038.jpg 1 18 30 38 38
0763_0019_0037_0027_0027.jpg 1 19 37 27 27
0764_0019_0017_0067_0067.jpg 1 19 17 67 67
0765_0038_0041_0048_0048.jpg 1 38 41 48 48
0766_0020_0010_0067_0067.jpg 1 20 10 67 67
0767_0045_0050_0043_0043.jpg 1 45 50 43 43
0768_0031_0035_0028_0028.jpg 1 31 35 28 28
0769_0004_0006_0068_0068.jpg 1 4 6 68 68
0770_0030_0016_0063_0063.jpg 1 30 16 63 63
0771_0026_0041_0042_0042.jpg 1 26 41 42 42
0772_0029_0022_0056_0056.jpg 1 29 22 56 56
0773_0008_0020_0030_0030.jpg 1 8 20 30 30
0774_0035_0026_0051_0051.jpg 1 35 26 51 51
0775_0014_0041_0052_0052.jpg 1 14 41 52 52
0776_0009_0020_0053_0053.jpg 1 9 20 53 53
0777_0040_0020_0053_0053.jpg 1 40 20 53 53
0778_0022_0041_0049_0049.jpg 1 22 41 49 49
0779_0013_0019_0065_0065.jpg 1 13 19 65 65
0780_0030_0046_0047_0047.jpg 1 30 46 47 47
0781_0025_0031_0043_0043.jpg 1 25 31 43 43
0782_0032_0017_0058_0058.jpg 1 32 17 58 58
0783_0008_0028_0062_0062.jpg 1 8 28 62 62
0784_0014_0026_0041_0041.jpg 1 14 26 41 41
0785_0038_0009_0033_0033.jpg 1 38 9 33 33
0786_0057_0028_0035_0035.jpg 1 57 28 35 35
0787_0058_0046_0027_0027.jpg 1 58 46 27 27
0788_0028_0006_0039_0039.jpg 1 28 6 39 39
0789_0027_0026_0068_0068.jpg 1 27 26 68 68
0790_0033_0042_0042_0042.jpg 1 33 42 42 42
0791_0011_0025_0069_0069.jpg 1 11 25 69 69
0792_0009_0047_0038_0038.jpg 1 9 47 38 38
0793_0024_0020_0032_0032.jpg 1 24 20 32 32
0794_0011_0027_0067_0067.jpg 1 11 27 67 67
0795_0042_0037_0032_0032.jpg 1 42 37 32 32
0796_0014_0021_0046_0046.jpg 1 14 21 46 46
0797_0025_0031_0054_0054.jpg 1 25 31 54 54
0798_0034_0026_0058_0058.jpg 1 34 26 58 58
0799_0013_0049_0028_0028.jpg 1 13 49 28 28
0800_0029_0013_0064_0064.jpg 1 29 13 64 64
0801_0020_0006_0064_0064.jpg 1 20 6 64 64
0802_0036_0033_0026_0026.jpg 1 36 33 26 26
0803_0021_0022_0066_0066.jpg 1 21 22 66 66
0804_0006_0029_0064_0064.jpg 1 6 29 64 64
0805_0030_0038_0026_0026.jpg 1 30 38 26 26
0806_0011_0021_0029_0029.jpg 1 11 21 29 29
0807_0034_0028_0057_0057.jpg 1 34 28 57 57
0808_0016_0025_0038_0038.jpg 1 16 25 38 38
0809_0044_0041_0044_0044.jpg 1 44 41 44 44
0810_0005_0016_0057_0057.jpg 1 5 16 57 57
0811_0010_0042_0051_0051.jpg 1 10 42 51 51
0812_0013_0041_0034_0034.jpg 1 13 41 34 34
0813_0031_0041_0039_0039.jpg 1 31 41 39 39
0814_0011_0031_0054_0054.jpg 1 11 31 54 54
0815_0030_0060_0025_0025.jpg 1 30 60 25 25
0816_0009_0010_0059_0059.jpg 1 9 10 59 59
0817_0008_0020_0062_0062.jpg 1 8 20 62 62
0818_0041_0035_0051_0051.jpg 1 41 35 51 51
0819_0014_0032_0040_0040.jpg 1 14 32 40 40
0820_0045_0036_0046_0046.jpg 1 45 36 46 46
0821_0045_0022_0040_0040.jpg 1 45 22 40 40
0822_0046_0013_0034_0034.jpg 1 46 13 34 34
0823_0043_0019_0045_0045.jpg 1 43 19 45 45
0824_0011_0033_0059_0059.jpg 1 11 33 59 59
0825_0042_0015_0042_0042.jpg 1 42 15 42 42
0826_0024_0024_0067_0067.jpg 1 24 24 67 67
0827_0042_0012_0031_0031.jpg 1 42 12 31 31
0828_0035_0036_0054_0054.jpg 1 35 36 54 54
0829_0034_0015_0054_0054.jpg 1 34 15 54 54
0830_0048_0060_0025_0025.jpg 1 48 60 25 25
0831_0036_0061_0026_0026.jpg 1 36 61 26 26
0832_0024_0025_0045_0045.jpg 1 24 25 45 45
0833_0022_0035_0056_0056.jpg 1 22 35 56 56
0834_0006_0008_0036_0036.jpg 1 6 8 36 36
0835_0012_0029_0059_0059.jpg 1 12 29 59 59
0836_0006_0023_0069_0069.jpg 1 6 23 69 69
0837_0021_0019_0059_0059.jpg 1 21 19 59 59
0838_0018_0012_0035_0035.jpg 1 18 12 35 35
0839_0041_0037_0037_0037.jpg 1 41 37 37 37
0840_0029_0010_0061_0061.jpg 1 29 10 61 61
0841_0018_0036_0033_0033.jpg 1 18 36 33 33
0842_0059_0021_0025_0025.jpg 1 59 21 25 25
0843_0019_0031_0049_0049.jpg 1 19 31 49 49
0844_0014_0045_0028_0028.jpg 1 14 45 28 28
0845_0019_0031_0052_0052.jpg 1 19 31 52 52
0846_0017_0010_0069_0069.jpg 1 17 10 69 69
0847_0015_0010_0050_0050.jpg 1 15 10 50 50
0848_0017_0008_0067_0067.jpg 1 17 8 67 67
0849_0061_0062_0027_0027.jpg 1 61 62 27 27
0850_0018_0026_0063_0063.jpg 1 18 26 63 63
0851_0011_0048_0034_0034.jpg 1 11 48 34 34
0852_0022_0040_0028_0028.jpg 1 22 40 28 28
0853_0048_0048_0038_0038.jpg 1 48 48 38 38
0854_0022_0011_0067_0067.jpg 1 22 11 67 67
0855_0009_0024_0039_0039.jpg 1 9 24 39 39
0856_0016_0061_0030_0030.jpg 1 16 61 30 30
0857_0033_0034_0036_0036.jpg 1 33 34 36 36
0858_0036_0023_0052_0052.jpg 1 36 23 52 52
0859_0033_0019_0035_0035.jpg 1 33 19 35 35
0860_0015_0027_0047_0047.jpg 1 15 27 47 47
0861_0011_0024_0042_0042.jpg 1 11 24 42 42
0862_0029_0024_0058_0058.jpg 1 29 24 58 58
0863_0009_0016_0068_0068.jpg 1 9 16 68 68
0864_0054_0028_0039_0039.jpg 1 54 28 39 39
0865_0024_0009_0059_0059.jpg 1 24 9 59 59
0866_0016_0015_0068_0068.jpg 1 16 15 68 68
0867_0028_0004_0067_0067.jpg 1 28 4 67 67
0868_0023_0019_0052_0052.jpg 1 23 19 52 52
0869_0051_0044_0041_0041.jpg 1 51 44 41 41
0870_0034_0040_0025_0025.jpg 1 34 40 25 25
0871_0012_0015_0069_0069.jpg 1 12 15 69 69
0872_0045_0039_0035_0035.jpg 1 45 39 35 35
0873_0027_0029_0024_0024.jpg 1 27 29 24 24
0874_0018_0007_0050_0050.jpg 1 18 7 50 50
0875_0032_0025_0031_0031.jpg 1 32 25 31 31
0876_0009_0020_0034_0034.jpg 1 9 20 34 34
0877_0015_0010_0036_0036.jpg 1 15 10 36 36
0878_0009_0031_0028_0028.jpg 1 9 31 28 28
0879_0043_0023_0033_0033.jpg 1 43 23 33 33
0880_0008_0026_0065_0065.jpg 1 8 26 65 65
0881_0041_0050_0037_0037.jpg 1 41 50 37 37
0882_0025_0036_0035_0035.jpg 1 25 36 35 35
0883_0037_0007_0058_0058.jpg 1 37 7 58 58
0884_0024_0018_0065_0065.jpg 1 24 18 65 65
0885_0019_0022_0068_0068.jpg 1 19 22 68 68
0886_0049_0019_0044_0044.jpg 1 49 19 44 44
0887_0056_0055_0035_0035.jpg 1 56 55 35 35
0888_0025_0039_0048_0048.jpg 1 25 39 48 48
0889_0007_0024_0043_0043.jpg 1 7 24 43 43
0890_0025_0036_0058_0058.jpg 1 25 36 58 58
0891_0012_0061_0030_0030.jpg 1 12 61 30 30
0892_0015_0037_0055_0055.jpg 1 15 37 55 55
0893_0044_0055_0037_0037.jpg 1 44 55 37 37
0894_0026_0016_0056_0056.jpg 1 26 16 56 56
0895_0004_0018_0059_0059.jpg 1 4 18 59 59
0896_0040_0056_0029_0029.jpg 1 40 56 29 29
0897_0023_0018_0057_0057.jpg 1 23 18 57 57
0898_0020_0034_0060_0060.jpg 1 20 34 60 60
0899_0039_0012_0051_0051.jpg 1 39 12 51 51
0900_0007_0026_0067_0067.jpg 1 7 26 67 67
0901_0041_0039_0053_0053.jpg 1 41 39 53 53
0902_0050_0048_0039_0039.jpg 1 50 48 39 39
0903_0007_0028_0066_0066.jpg 1 7 28 66 66
0904_0025_0025_0069_0069.jpg 1 25 25 69 69
0905_0007_0027_0062_0062.jpg 1 7 27 62 62
0906_0039_0029_0032_0032.jpg 1 39 29 32 32
0907_0012_0053_0040_0040.jpg 1 12 53 40 40
0908_0026_0025_0067_0067.jpg 1 26 25 67 67
0909_0031_0019_0043_0043.jpg 1 31 19 43 43
0910_0017_0011_0035_0035.jpg 1 17 11 35 35
0911_0014_0041_0034_0034.jpg 1 14 41 34 34
0912_0007_0012_0058_0058.jpg 1 7 12 58 58
0913_0010_0018_0033_0033.jpg 1 10 18 33 33
0914_0011_0052_0038_0038.jpg 1 11 52 38 38
0915_0042_0022_0038_0038.jpg 1 42 22 38 38
0916_0034_0027_0055_0055.jpg 1 34 27 55 55
0917_0030_0010_0049_0049.jpg 1 30 10 49 49
0918_0030_0028_0056_0056.jpg 1 30 28 56 56
0919_0022_0018_0028_0028.jpg 1 22 18 28 28
0920_0012_0043_0034_0034.jpg 1 12 43 34 34
0921_0030_0032_0054_0054.jpg 1 30 32 54 54
0922_0042_0042_0024_0024.jpg 1 42 42 24 24
0923_0006_0023_0051_0051.jpg 1 6 23 51 51
0924_0012_0011_0037_0037.jpg 1 12 11 37 37
0925_0009_0013_0062_0062.jpg 1 9 13 62 62
0926_0018_0019_0068_0068.jpg 1 18 19 68 68
0927_0014_0023_0067_0067.jpg 1 14 23 67 67
0928_0046_0055_0038_0038.jpg 1 46 55 38 38
0929_0012_0008_0026_0026.jpg 1 12 8 26 26
0930_0014_0030_0032_0032.jpg 1 14 30 32 32
0931_0006_0017_0053_0053.jpg 1 6 17 53 53
0932_0020_0032_0033_0033.jpg 1 20 32 33 33
0933_0056_0042_0035_0035.jpg 1 56 42 35 35
0934_0061_0016_0025_0025.jpg 1 61 16 25 25
0935_0023_0055_0025_0025.jpg 1 23 55 25 25
0936_0023_0008_0068_0068.jpg 1 23 8 68 68
0937_0040_0037_0025_0025.jpg 1 40 37 25 25
0938_0017_0062_0029_0029.jpg 1 17 62 29 29
0939_0027_0039_0044_0044.jpg 1 27 39 44 44
0940_0012_0016_0067_0067.jpg 1 12 16 67 67
0941_0016_0059_0032_0032.jpg 1 16 59 32 32
0942_0014_0020_0066_0066.jpg 1 14 20 66 66
0943_0030_0009_0062_0062.jpg 1 30 9 62 62
0944_0043_0025_0026_0026.jpg 1 43 25 26 26
0945_0007_0053_0035_0035.jpg 1 7 53 35 35
0946_0038_0048_0044_0044.jpg 1 38 48 44 44
0947_0031_0019_0041_0041.jpg 1 31 19 41 41
0948_0006_0010_0066_0066.jpg 1 6 10 66 66
0949_0031_0008_0063_0063.jpg 1 31 8 63 63
0950_0008_0004_0055_0055.jpg 1 8 4 55 55
0951_0037_0050_0025_0025.jpg 1 37 50 25 25
0952_0029_0027_0063_0063.jpg 1 29 27 63 63
0953_0052_0041_0024_0024.jpg 1 52 41 24 24
0954_0041_0009_0039_0039.jpg 1 41 9 39 39
0955_0015_0006_0048_0048.jpg 1 15 6 48 48
0956_0025_0015_0060_0060.jpg 1 25 15 60 60
0957_0009_0034_0044_0044.jpg 1 9 34 44 44
0958_0048_0063_0029_0029.jpg 1 48 63 29 29
0959_0012_0033_0055_0055.jpg 1 12 33 55 55
0960_0033_0046_0033_0033.jpg 1 33 46 33 33
0961_0005_0022_0058_0058.jpg 1 5 22 58 58
0962_0029_0022_0063_0063.jpg 1 29 22 63 63
0963_0009_0043_0048_0048.jpg 1 9 43 48 48
0964_0018_0026_0069_0069.jpg 1 18 26 69 69
0965_0031_0005_0043_0043.jpg 1 31 5 43 43
0966_0012_0025_0052_0052.jpg 1 12 25 52 52
0967_0012_0013_0039_0039.jpg 1 12 13 39 39
0968_0004_0021_0069_0069.jpg 1 4 21 69 69
0969_0035_0052_0038_0038.jpg 1 35 52 38 38
0970_0039_0044_0042_0042.jpg 1 39 44 42 42
0971_0006_0035_0042_0042.jpg 1 6 35 42 42
0972_0023_0044_0043_0043.jpg 1 23 44 43 43
0973_0014_0050_0043_0043.jpg 1 14 50 43 43
0974_0045_0037_0038_0038.jpg 1 45 37 38 38
0975_0011_0046_0025_0025.jpg 1 11 46 25 25
0976_0015_0012_0067_0067.jpg 1 15 12 67 67
0977_0054_0060_0030_0030.jpg 1 54 60 30 30
0978_0054_0019_0031_0031.jpg 1 54 19 31 31
0979_0049_0040_0044_0044.jpg 1 49 40 44 44
0980_0015_0021_0069_0069.jpg 1 15 21 69 69
0981_0023_0021_0028_0028.jpg 1 23 21 28 28
0982_0009_0025_0069_0069.jpg 1 9 25 69 69
0983_0017_0006_0069_0069.jpg 1 17 6 69 69
0984_0028_0020_0061_0061.jpg 1 28 20 61 61
0985_0026_0025_0035_0035.jpg 1 26 25 35 35
0986_0056_0040_0025_0025.jpg 1 56 40 25 25
0987_0043_0038_0043_0043.jpg 1 43 38 43 43
0988_0021_0017_0067_0067.jpg 1 21 17 67 67
0989_0011_0049_0026_0026.jpg 1 11 49 26 26
0990_0024_0032_0049_0049.jpg 1 24 32 49 49
0991_0033_0026_0033_0033.jpg 1 33 26 33 33
0992_0039_0008_0054_0054.jpg 1 39 8 54 54
0993_0026_0019_0067_0067.jpg 1 26 19 67 67
0994_0023_0028_0029_0029.jpg 1 23 28 29 29
0995_0028_0030_0050_0050.jpg 1 28 30 50 50
0996_0016_0015_0060_0060.jpg 1 16 15 60 60
0997_0025_0025_0055_0055.jpg 1 25 25 55 55
0998_0022_0033_0052_0052.jpg 1 22 33 52 52
0999_0027_0016_0065_0065.jpg 1 27 16 65 65
1000_0009_0011_0069_0069.jpg 1 9 11 69 69
1001_0032_0031_0062_0062.jpg 1 32 31 62 62
1002_0047_0018_0029_0029.jpg 1 47 18 29 29
1003_0020_0020_0061_0061.jpg 1 20 20 61 61
1004_0057_0054_0024_0024.jpg 1 57 54 24 24
1005_0011_0034_0033_0033.jpg 1 11 34 33 33
1006_0050_0013_0032_0032.jpg 1 50 13 32 32
1007_0024_0030_0060_0060.jpg 1 24 30 60 60
1008_0019_0003_0069_0069.jpg 1 19 3 69 69
1009_0019_0033_0059_0059.jpg 1 19 33 59 59
1010_0013_0005_0051_0051.jpg 1 13 5 51 51
1011_0028_0034_0060_0060.jpg 1 28 34 60 60
1012_0006_0026_0045_0045.jpg 1 6 26 45 45
1013_0041_0007_0036_0036.jpg 1 41 7 36 36
1014_0024_0008_0069_0069.jpg 1 24 8 69 69
1015_0041_0046_0031_0031.jpg 1 41 46 31 31
1016_0004_0006_0059_0059.jpg 1 4 6 59 59
1017_0014_0052_0024_0024.jpg 1 14 52 24 24
1018_0039_0015_0051_0051.jpg 1 39 15 51 51
1019_0026_0007_0061_0061.jpg 1 26 7 61 61
1020_0006_0019_0048_0048.jpg 1 6 19 48 48
1021_0026_0055_0024_0024.jpg 1 26 55 24 24
1022_0042_0047_0038_0038.jpg 1 42 47 38 38
1023_0021_0018_0043_0043.jpg 1 21 18 43 43
1024_0007_0023_0028_0028.jpg 1 7 23 28 28
1025_0055_0024_0034_0034.jpg 1 55 24 34 34
1026_0026_0026_0057_0057.jpg 1 26 26 57 57
1027_0027_0049_0038_0038.jpg 1 27 49 38 38
1028_0030_0025_0057_0057.jpg 1 30 25 57 57
1029_0020_0017_0055_0055.jpg 1 20 17 55 55
1030_0018_0043_0038_0038.jpg 1 18 43 38 38
1031_0038_0033_0047_0047.jpg 1 38 33 47 47
1032_0021_0024_0050_0050.jpg 1 21 24 50 50
1033_0031_0009_0033_0033.jpg 1 31 9 33 33
1034_0031_0011_0058_0058.jpg 1 31 11 58 58
1035_0027_0026_0046_0046.jpg 1 27 26 46 46
1036_0004_0010_0065_0065.jpg 1 4 10 65 65
1037_0006_0030_0066_0066.jpg 1 6 30 66 66
1038_0056_0022_0026_0026.jpg 1 56 22 26 26
1039_0028_0021_0068_0068.jpg 1 28 21 68 68
1040_0041_0042_0053_0053.jpg 1 41 42 53 53
1041_0018_0016_0058_0058.jpg 1 18 16 58 58
1042_0051_0025_0032_0032.jpg 1 51 25 32 32
1043_0043_0010_0031_0031.jpg 1 43 10 31 31
1044_0046_0007_0046_0046.jpg 1 46 7 46 46
1045_0039_0028_0055_0055.jpg 1 39 28 55 55
1046_0029_0038_0056_0056.jpg 1 29 38 56 56
1047_0041_0021_0050_0050.jpg 1 41 21 50 50
1048_0035_0030_0057_0057.jpg 1 35 30 57 57
1049_0053_0017_0031_0031.jpg 1 53 17 31 31
1050_0037_0065_0027_0027.jpg 1 37 65 27 27
1051_0038_0031_0035_0035.jpg 1 38 31 35 35
1052_0026_0033_0059_0059.jpg 1 26 33 59 59
1053_0020_0012_0034_0034.jpg 1 20 12 34 34
1054_0053_0054_0037_0037.jpg 1 53 54 37 37
1055_0031_0014_0037_0037.jpg 1 31 14 37 37
1056_0036_0016_0059_0059.jpg 1 36 16 59 59
1057_0028_0019_0061_0061.jpg 1 28 19 61 61
1058_0031_0010_0027_0027.jpg 1 31 10 27 27
1059_0014_0009_0043_0043.jpg 1 14 9 43 43
1060_0008_0013_0069_0069.jpg 1 8 13 69 69
1061_0036_0019_0043_0043.jpg 1 36 19 43 43
1062_0023_0022_0063_0063.jpg 1 23 22 63 63
1063_0013_0026_0061_0061.jpg 1 13 26 61 61
1064_0027_0026_0053_0053.jpg 1 27 26 53 53
1065_0022_0004_0068_0068.jpg 1 22 4 68 68
1066_0013_0006_0053_0053.jpg 1 13 6 53 53
1067_0027_0019_0061_0061.jpg 1 27 19 61 61
1068_0024_0049_0037_0037.jpg 1 24 49 37 37
1069_0035_0035_0047_0047.jpg 1 35 35 47 47
1070_0039_0017_0050_0050.jpg 1 39 17 50 50
1071_0056_0026_0034_0034.jpg 1 56 26 34 34
1072_0033_0042_0049_0049.jpg 1 33 42 49 49
1073_0007_0041_0044_0044.jpg 1 7 41 44 44
1074_0026_0005_0061_0061.jpg 1 26 5 61 61
1075_0009_0045_0047_0047.jpg 1 9 45 47 47
1076_0052_0056_0037_0037.jpg 1 52 56 37 37
1077_0026_0020_0068_0068.jpg 1 26 20 68 68
1078_0051_0010_0041_0041.jpg 1 51 10 41 41
1079_0033_0029_0040_0040.jpg 1 33 29 40 40
1080_0029_0024_0044_0044.jpg 1 29 24 44 44
1081_0010_0035_0053_0053.jpg 1 10 35 53 53
1082_0034_0036_0059_0059.jpg 1 34 36 59 59
1083_0005_0034_0051_0051.jpg 1 5 34 51 51
1084_0020_0008_0065_0065.jpg 1 20 8 65 65
1085_0012_0023_0064_0064.jpg 1 12 23 64 64
1086_0032_0016_0039_0039.jpg 1 32 16 39 39
1087_0027_0008_0051_0051.jpg 1 27 8 51 51
1088_0049_0015_0033_0033.jpg 1 49 15 33 33
1089_0014_0021_0041_0041.jpg 1 14 21 41 41
1090_0020_0013_0051_0051.jpg 1 20 13 51 51
1091_0007_0016_0056_0056.jpg 1 7 16 56 56
1092_0018_0017_0053_0053.jpg 1 18 17 53 53
1093_0035_0041_0050_0050.jpg 1 35 41 50 50
1094_0031_0012_0040_0040.jpg 1 31 12 40 40
1095_0022_0004_0051_0051.jpg 1 22 4 51 51
1096_0037_0026_0037_0037.jpg 1 37 26 37 37
1097_0032_0036_0058_0058.jpg 1 32 36 58 58
1098_0016_0007_0068_0068.jpg 1 16 7 68 68
1099_0007_0013_0066_0066.jpg 1 7 13 66 66
1100_0014_0006_0048_0048.jpg 1 14 6 48 48
1101_0025_0031_0056_0056.jpg 1 25 31 56 56
1102_0030_0008_0042_0042.jpg 1 30 8 42 42
1103_0005_0016_0063_0063.jpg 1 5 16 63 63
1104_0044_0022_0027_0027.jpg 1 44 22 27 27
1105_0018_0020_0058_0058.jpg 1 18 20 58 58
1106_0035_0016_0037_0037.jpg 1 35 16 37 37
1107_0048_0041_0035_0035.jpg 1 48 41 35 35
1108_0049_0008_0039_0039.jpg 1 49 8 39 39
1109_0012_0045_0049_0049.jpg 1 12 45 49 49
1110_0014_0037_0057_0057.jpg 1 14 37 57 57
1111_0045_0018_0032_0032.jpg 1 45 18 32 32
1112_0024_0020_0063_0063.jpg 1 24 20 63 63
1113_0046_0046_0040_0040.jpg 1 46 46 40 40
1114_0048_0053_0040_0040.jpg 1 48 53 40 40
1115_0014_0021_0063_0063.jpg 1 14 21 63 63
1116_0049_0050_0036_0036.jpg 1 49 50 36 36
1117_0018_0013_0044_0044.jpg 1 18 13 44 44
1118_0019_0008_0049_0049.jpg 1 19 8 49 49
1119_0022_0045_0037_0037.jpg 1 22 45 37 37
1120_0025_0017_0030_0030.jpg 1 25 17 30 30
1121_0019_0029_0056_0056.jpg 1 19 29 56 56
1122_0036_0043_0044_0044.jpg 1 36 43 44 44
1123_0039_0048_0043_0043.jpg 1 39 48 43 43
1124_0024_0014_0048_0048.jpg 1 24 14 48 48
1125_0060_0063_0029_0029.jpg 1 60 63 29 29
1126_0027_0006_0062_0062.jpg 1 27 6 62 62
1127_0032_0031_0056_0056.jpg 1 32 31 56 56
1128_0026_0012_0056_0056.jpg 1 26 12 56 56
1129_0045_0038_0030_0030.jpg 1 45 38 30 30
1130_0042_0039_0037_0037.jpg 1 42 39 37 37
1131_0025_0005_0066_0066.jpg 1 25 5 66 66
1132_0020_0007_0053_0053.jpg 1 20 7 53 53
1133_0013_0045_0040_0040.jpg 1 13 45 40 40
1134_0029_0037_0043_0043.jpg 1 29 37 43 43
1135_0028_0033_0058_0058.jpg 1 28 33 58 58
1136_0010_0039_0044_0044.jpg 1 10 39 44 44
1137_0016_0030_0030_0030.jpg 1 16 30 30 30
1138_0017_0022_0053_0053.jpg 1 17 22 53 53
1139_0025_0010_0055_0055.jpg 1 25 10 55 55
1140_0007_0037_0051_0051.jpg 1 7 37 51 51
1141_0028_0026_0051_0051.jpg 1 28 26 51 51
1142_0025_0016_0063_0063.jpg 1 25 16 63 63
1143_0019_0026_0058_0058.jpg 1 19 26 58 58
1144_0043_0040_0041_0041.jpg 1 43 40 41 41
1145_0032_0036_0036_0036.jpg 1 32 36 36 36
1146_0058_0017_0029_0029.jpg 1 58 17 29 29
1147_0034_0007_0039_0039.jpg 1 34 7 39 39
1148_0009_0020_0055_0055.jpg 1 9 20 55 55
1149_0053_0022_0028_0028.jpg 1 53 22 28 28
1150_0033_0031_0056_0056.jpg 1 33 31 56 56
1151_0047_0030_0032_0032.jpg 1 47 30 32 32
1152_0046_0010_0047_0047.jpg 1 46 10 47 47
1153_0039_0028_0046_0046.jpg 1 39 28 46 46
1154_0026_0019_0055_0055.jpg 1 26 19 55 55
1155_0015_0016_0041_0041.jpg 1 15 16 41 41
1156_0028_0033_0044_0044.jpg 1 28 33 44 44
1157_0038_0022_0055_0055.jpg 1 38 22 55 55
1158_0051_0044_0040_0040.jpg 1 51 44 40 40
1159_0006_0012_0049_0049.jpg 1 6 12 49 49
1160_0018_0013_0049_0049.jpg 1 18 13 49 49
1161_0016_0032_0037_0037.jpg 1 16 32 37 37
1162_0010_0008_0067_0067.jpg 1 10 8 67 67
1163_0030_0019_0066_0066.jpg 1 30 19 66 66
1164_0029_0015_0052_0052.jpg 1 29 15 52 52
1165_0005_0026_0058_0058.jpg 1 5 26 58 58
1166_0026_0033_0030_0030.jpg 1 26 33 30 30
1167_0040_0038_0025_0025.jpg 1 40 38 25 25
1168_0058_0046_0026_0026.jpg 1 58 46 26 26
1169_0023_0015_0053_0053.jpg 1 23 15 53 53
1170_0032_0057_0030_0030.jpg 1 32 57 30 30
1171_0057_0034_0029_0029.jpg 1 57 34 29 29
1172_0018_0013_0024_0024.jpg 1 18 13 24 24
1173_0044_0055_0030_0030.jpg 1 44 55 30 30
1174_0025_0017_0050_0050.jpg 1 25 17 50 50
1175_0022_0048_0041_0041.jpg 1 22 48 41 41
1176_0046_0008_0034_0034.jpg 1 46 8 34 34
1177_0016_0035_0055_0055.jpg 1 16 35 55 55
1178_0040_0023_0046_0046.jpg 1 40 23 46 46
1179_0035_0007_0058_0058.jpg 1 35 7 58 58
1180_0015_0022_0041_0041.jpg 1 15 22 41 41
1181_0019_0013_0069_0069.jpg 1 19 13 69 69
1182_0008_0010_0034_0034.jpg 1 8 10 34 34
1183_0006_0012_0045_0045.jpg 1 6 12 45 45
1184_0042_0051_0041_0041.jpg 1 42 51 41 41
1185_0020_0023_0067_0067.jpg 1 20 23 67 67
1186_0006_0012_0050_0050.jpg 1 6 12 50 50
1187_0042_0045_0037_0037.jpg 1 42 45 37 37
1188_0027_0016_0057_0057.jpg 1 27 16 57 57
1189_0048_0042_0046_0046.jpg 1 48 42 46 46
1190_0034_0028_0034_0034.jpg 1 34 28 34 34
1191_0012_0062_0026_0026.jpg 1 12 62 26 26
1192_0008_0003_0065_0065.jpg 1 8 3 65 65
1193_0008_0010_0032_0032.jpg 1 8 10 32 32
1194_0019_0032_0046_0046.jpg 1 19 32 46 46
1195_0027_0010_0035_0035.jpg 1 27 10 35 35
1196_0008_0017_0066_0066.jpg 1 8 17 66 66
1197_0003_0017_0068_0068.jpg 1 3 17 68 68
1198_0013_0028_0061_0061.jpg 1 13 28 61 61
1199_0033_0027_0035_0035.jpg 1 33 27 35 35
1200_0033_0006_0050_0050.jpg 1 33 6 50 50
1201_0013_0015_0057_0057.jpg 1 13 15 57 57
1202_0009_0009_0024_0024.jpg 1 9 9 24 24
1203_0022_0004_0063_0063.jpg 1 22 4 63 63
1204_0032_0025_0037_0037.jpg 1 32 25 37 37
1205_0009_0041_0047_0047.jpg 1 9 41 47 47
1206_0024_0016_0043_0043.jpg 1 24 16 43 43
1207_0037_0038_0041_0041.jpg 1 37 38 41 41
1208_0012_0039_0025_0025.jpg 1 12 39 25 25
1209_0034_0026_0056_0056.jpg 1 34 26 56 56
1210_0014_0034_0049_0049.jpg 1 14 34 49 49
1211_0008_0019_0068_0068.jpg 1 8 19 68 68
1212_0033_0031_0028_0028.jpg 1 33 31 28 28
1213_0016_0020_0035_0035.jpg 1 16 20 35 35
1214_0021_0021_0062_0062.jpg 1 21 21 62 62
1215_0024_0053_0040_0040.jpg 1 24 53 40 40
1216_0012_0036_0048_0048.jpg 1 12 36 48 48
1217_0007_0031_0032_0032.jpg 1 7 31 32 32
1218_0012_0018_0067_0067.jpg 1 12 18 67 67
1219_0018_0019_0050_0050.jpg 1 18 19 50 50
1220_0012_0016_0026_0026.jpg 1 12 16 26 26
1221_0042_0045_0031_0031.jpg 1 42 45 31 31
1222_0038_0040_0030_0030.jpg 1 38 40 30 30
1223_0041_0028_0051_0051.jpg 1 41 28 51 51
1224_0024_0038_0049_0049.jpg 1 24 38 49 49
1225_0035_0030_0053_0053.jpg 1 35 30 53 53
1226_0029_0018_0066_0066.jpg 1 29 18 66 66
1227_0009_0017_0035_0035.jpg 1 9 17 35 35
1228_0044_0028_0026_0026.jpg 1 44 28 26 26
1229_0031_0009_0052_0052.jpg 1 31 9 52 52
1230_0018_0010_0066_0066.jpg 1 18 10 66 66
1231_0032_0026_0042_0042.jpg 1 32 26 42 42
1232_0021_0028_0058_0058.jpg 1 21 28 58 58
1233_0046_0049_0041_0041.jpg 1 46 49 41 41
1234_0041_0056_0025_0025.jpg 1 41 56 25 25
1235_0049_0055_0024_0024.jpg 1 49 55 24 24
1236_0021_0005_0062_0062.jpg 1 21 5 62 62
1237_0035_0034_0056_0056.jpg 1 35 34 56 56
1238_0051_0023_0031_0031.jpg 1 51 23 31 31
1239_0005_0022_0061_0061.jpg 1 5 22 61 61
1240_0006_0008_0067_0067.jpg 1 6 8 67 67
1241_0011_0020_0054_0054.jpg 1 11 20 54 54
1242_0016_0008_0069_0069.jpg 1 16 8 69 69
1243_0025_0034_0057_0057.jpg 1 25 34 57 57
1244_0031_0016_0048_0048.jpg 1 31 16 48 48
1245_0020_0023_0044_0044.jpg 1 20 23 44 44
1246_0012_0054_0024_0024.jpg 1 12 54 24 24
1247_0008_0033_0061_0061.jpg 1 8 33 61 61
1248_0022_0017_0044_0044.jpg 1 22 17 44 44
1249_0021_0026_0063_0063.jpg 1 21 26 63 63
1250_0015_0039_0030_0030.jpg 1 15 39 30 30
1251_0009_0019_0066_0066.jpg 1 9 19 66 66
1252_0008_0016_0062_0062.jpg 1 8 16 62 62
1253_0039_0036_0055_0055.jpg 1 39 36 55 55
1254_0020_0020_0048_0048.jpg 1 20 20 48 48
1255_0049_0041_0043_0043.jpg 1 49 41 43 43
1256_0010_0011_0059_0059.jpg 1 10 11 59 59
1257_0020_0030_0049_0049.jpg 1 20 30 49 49
1258_0026_0010_0060_0060.jpg 1 26 10 60 60
1259_0025_0020_0058_0058.jpg 1 25 20 58 58
1260_0034_0016_0051_0051.jpg 1 34 16 51 51
1261_0040_0038_0026_0026.jpg 1 40 38 26 26
1262_0025_0034_0049_0049.jpg 1 25 34 49 49
1263_0032_0026_0039_0039.jpg 1 32 26 39 39
1264_0007_0014_0059_0059.jpg 1 7 14 59 59
1265_0006_0019_0062_0062.jpg 1 6 19 62 62
1266_0017_0024_0045_0045.jpg 1 17 24 45 45
1267_0010_0024_0055_0055.jpg 1 10 24 55 55
1268_0047_0041_0045_0045.jpg 1 47 41 45 45
1269_0024_0009_0065_0065.jpg 1 24 9 65 65
1270_0019_0005_0061_0061.jpg 1 19 5 61 61
1271_0038_0044_0034_0034.jpg 1 38 44 34 34
1272_0027_0024_0068_0068.jpg 1 27 24 68 68
1273_0016_0030_0045_0045.jpg 1 16 30 45 45
1274_0028_0040_0050_0050.jpg 1 28 40 50 50
1275_0036_0010_0032_0032.jpg 1 36 10 32 32
1276_0015_0039_0039_0039.jpg 1 15 39 39 39
1277_0025_0021_0068_0068.jpg 1 25 21 68 68
1278_0048_0031_0024_0024.jpg 1 48 31 24 24
1279_0013_0033_0025_0025.jpg 1 13 33 25 25
1280_0024_0055_0035_0035.jpg 1 24 55 35 35
1281_0009_0050_0036_0036.jpg 1 9 50 36 36
1282_0025_0023_0069_0069.jpg 1 25 23 69 69
1283_0031_0032_0053_0053.jpg 1 31 32 53 53
1284_0008_0031_0057_0057.jpg 1 8 31 57 57
1285_0034_0014_0052_0052.jpg 1 34 14 52 52
1286_0007_0028_0056_0056.jpg 1 7 28 56 56
1287_0034_0036_0026_0026.jpg 1 34 36 26 26
1288_0017_0052_0039_0039.jpg 1 17 52 39 39
1289_0012_0027_0038_0038.jpg 1 12 27 38 38
1290_0051_0033_0035_0035.jpg 1 51 33 35 35
1291_0038_0014_0048_0048.jpg 1 38 14 48 48
1292_0016_0012_0032_0032.jpg 1 16 12 32 32
1293_0039_0006_0056_0056.jpg 1 39 6 56 56
1294_0021_0008_0065_0065.jpg 1 21 8 65 65
1295_0035_0024_0043_0043.jpg 1 35 24 43 43
1296_0012_0011_0031_0031.jpg 1 12 11 31 31
1297_0027_0017_0068_0068.jpg 1 27 17 68 68
1298_0018_0029_0066_0066.jpg 1 18 29 66 66
1299_0039_0046_0034_0034.jpg 1 39 46 34 34
1300_0005_0011_0059_0059.jpg 1 5 11 59 59
1301_0011_0013_0055_0055.jpg 1 11 13 55 55
1302_0023_0032_0055_0055.jpg 1 23 32 55 55
1303_0014_0008_0048_0048.jpg 1 14 8 48 48
1304_0026_0028_0055_0055.jpg 1 26 28 55 55
1305_0020_0021_0067_0067.jpg 1 20 21 67 67
1306_0007_0034_0059_0059.jpg 1 7 34 59 59
1307_0023_0039_0046_0046.jpg 1 23 39 46 46
1308_0005_0014_0064_0064.jpg 1 5 14 64 64
1309_0009_0012_0061_0061.jpg 1 9 12 61 61
1310_0011_0014_0043_0043.jpg 1 11 14 43 43
1311_0019_0008_0069_0069.jpg 1 19 8 69 69
1312_0045_0019_0047_0047.jpg 1 45 19 47 47
1313_0010_0005_0068_0068.jpg 1 10 5 68 68
1314_0040_0065_0025_0025.jpg 1 40 65 25 25
1315_0050_0058_0031_0031.jpg 1 50 58 31 31
1316_0047_0020_0038_0038.jpg 1 47 20 38 38
1317_0022_0032_0054_0054.jpg 1 22 32 54 54
1318_0013_0027_0052_0052.jpg 1 13 27 52 52
1319_0029_0016_0060_0060.jpg 1 29 16 60 60
1320_0040_0037_0032_0032.jpg 1 40 37 32 32
1321_0033_0008_0045_0045.jpg 1 33 8 45 45
1322_0026_0027_0063_0063.jpg 1 26 27 63 63
1323_0038_0041_0036_0036.jpg 1 38 41 36 36
1324_0044_0026_0042_0042.jpg 1 44 26 42 42
1325_0035_0016_0059_0059.jpg 1 35 16 59 59
1326_0021_0006_0054_0054.jpg 1 21 6 54 54
1327_0057_0065_0026_0026.jpg 1 57 65 26 26
1328_0025_0019_0033_0033.jpg 1 25 19 33 33
1329_0039_0009_0033_0033.jpg 1 39 9 33 33
1330_0032_0014_0058_0058.jpg 1 32 14 58 58
1331_0018_0019_0045_0045.jpg 1 18 19 45 45
1332_0035_0019_0040_0040.jpg 1 35 19 40 40
1333_0040_0044_0048_0048.jpg 1 40 44 48 48
1334_0022_0027_0056_0056.jpg 1 22 27 56 56
1335_0035_0041_0038_0038.jpg 1 35 41 38 38
1336_0040_0008_0031_0031.jpg 1 40 8 31 31
1337_0028_0022_0045_0045.jpg 1 28 22 45 45
1338_0032_0007_0033_0033.jpg 1 32 7 33 33
1339_0024_0028_0063_0063.jpg 1 24 28 63 63
1340_0019_0028_0068_0068.jpg 1 19 28 68 68
1341_0012_0012_0044_0044.jpg 1 12 12 44 44
1342_0037_0010_0056_0056.jpg 1 37 10 56 56
1343_0023_0017_0037_0037.jpg 1 23 17 37 37
1344_0008_0060_0025_0025.jpg 1 8 60 25 25
1345_0043_0017_0030_0030.jpg 1 43 17 30 30
1346_0017_0027_0065_0065.jpg 1 17 27 65 65
1347_0027_0008_0028_0028.jpg 1 27 8 28 28
1348_0051_0061_0028_0028.jpg 1 51 61 28 28
1349_0047_0040_0034_0034.jpg 1 47 40 34 34
1350_0012_0025_0060_0060.jpg 1 12 25 60 60
1351_0018_0036_0025_0025.jpg 1 18 36 25 25
1352_0043_0024_0051_0051.jpg 1 43 24 51 51
1353_0012_0018_0045_0045.jpg 1 12 18 45 45
1354_0050_0019_0027_0027.jpg 1 50 19 27 27
1355_0030_0010_0051_0051.jpg 1 30 10 51 51
1356_0021_0043_0039_0039.jpg 1 21 43 39 39
1357_0036_0026_0057_0057.jpg 1 36 26 57 57
1358_0046_0045_0040_0040.jpg 1 46 45 40 40
1359_0024_0029_0047_0047.jpg 1 24 29 47 47
1360_0032_0027_0051_0051.jpg 1 32 27 51 51
1361_0013_0034_0048_0048.jpg 1 13 34 48 48
1362_0052_0013_0034_0034.jpg 1 52 13 34 34
1363_0025_0041_0031_0031.jpg 1 25 41 31 31
1364_0006_0038_0045_0045.jpg 1 6 38 45 45
1365_0022_0018_0066_0066.jpg 1 22 18 66 66
1366_0003_0007_0068_0068.jpg 1 3 7 68 68
1367_0032_0019_0059_0059.jpg 1 32 19 59 59
1368_0010_0032_0040_0040.jpg 1 10 32 40 40
1369_0040_0022_0053_0053.jpg 1 40 22 53 53
1370_0006_0009_0053_0053.jpg 1 6 9 53 53
1371_0019_0020_0057_0057.jpg 1 19 20 57 57
1372_0024_0020_0041_0041.jpg 1 24 20 41 41
1373_0034_0048_0043_0043.jpg 1 34 48 43 43
1374_0029_0047_0028_0028.jpg 1 29 47 28 28
1375_0015_0041_0048_0048.jpg 1 15 41 48 48
1376_0034_0043_0041_0041.jpg 1 34 43 41 41
1377_0033_0015_0044_0044.jpg 1 33 15 44 44
1378_0011_0021_0069_0069.jpg 1 11 21 69 69
1379_0037_0014_0031_0031.jpg 1 37 14 31 31
1380_0030_0033_0042_0042.jpg 1 30 33 42 42
1381_0045_0016_0047_0047.jpg 1 45 16 47 47
1382_0019_0044_0050_0050.jpg 1 19 44 50 50
1383_0023_0012_0024_0024.jpg 1 23 12 24 24
1384_0048_0025_0036_0036.jpg 1 48 25 36 36
1385_0024_0011_0062_0062.jpg 1 24 11 62 62
1386_0050_0040_0038_0038.jpg 1 50 40 38 38
1387_0034_0012_0057_0057.jpg 1 34 12 57 57
1388_0051_0039_0040_0040.jpg 1 51 39 40 40
1389_0007_0055_0034_0034.jpg 1 7 55 34 34
1390_0044_0057_0024_0024.jpg 1 44 57 24 24
1391_0026_0010_0044_0044.jpg 1 26 10 44 44
1392_0012_0027_0065_0065.jpg 1 12 27 65 65
1393_0008_0019_0025_0025.jpg 1 8 19 25 25
1394_0008_0011_0048_0048.jpg 1 8 11 48 48
1395_0010_0023_0041_0041.jpg 1 10 23 41 41
1396_0024_0013_0057_0057.jpg 1 24 13 57 57
1397_0010_0006_0066_0066.jpg 1 10 6 66 66
1398_0020_0030_0049_0049.jpg 1 20 30 49 49
1399_0022_0006_0066_0066.jpg 1 22 6 66 66
1400_0022_0016_0060_0060.jpg 1 22 16 60 60
1401_0026_0029_0033_0033.jpg 1 26 29 33 33
1402_0013_0013_0042_0042.jpg 1 13 13 42 42
1403_0024_0025_0050_0050.jpg 1 24 25 50 50
1404_0017_0018_0069_0069.jpg 1 17 18 69 69
1405_0060_0023_0026_0026.jpg 1 60 23 26 26
1406_0012_0031_0030_0030.jpg 1 12 31 30 30
1407_0028_0020_0056_0056.jpg 1 28 20 56 56
1408_0020_0017_0031_0031.jpg 1 20 17 31 31
1409_0020_0029_0040_0040.jpg 1 20 29 40 40
1410_0034_0030_0041_0041.jpg 1 34 30 41 41
1411_0018_0023_0059_0059.jpg 1 18 23 59 59
1412_0020_0036_0059_0059.jpg 1 20 36 59 59
1413_0030_0007_0065_0065.jpg 1 30 7 65 65
1414_0028_0062_0030_0030.jpg 1 28 62 30 30
1415_0030_0027_0059_0059.jpg 1 30 27 59 59
1416_0020_0004_0068_0068.jpg 1 20 4 68 68
1417_0040_0028_0030_0030.jpg 1 40 28 30 30
1418_0026_0006_0056_0056.jpg 1 26 6 56 56
1419_0008_0008_0032_0032.jpg 1 8 8 32 32
1420_0022_0013_0064_0064.jpg 1 22 13 64 64
1421_0017_0013_0058_0058.jpg 1 17 13 58 58
1422_0010_0028_0046_0046.jpg 1 10 28 46 46
1423_0020_0043_0050_0050.jpg 1 20 43 50 50
1424_0027_0041_0027_0027.jpg 1 27 41 27 27
1425_0028_0019_0056_0056.jpg 1 28 19 56 56
1426_0026_0029_0054_0054.jpg 1 26 29 54 54
1427_0029_0030_0048_0048.jpg 1 29 30 48 48
1428_0025_0054_0039_0039.jpg 1 25 54 39 39
1429_0054_0042_0025_0025.jpg 1 54 42 25 25
1430_0017_0017_0056_0056.jpg 1 17 17 56 56
1431_0013_0028_0047_0047.jpg 1 13 28 47 47
1432_0042_0027_0035_0035.jpg 1 42 27 35 35
1433_0057_0008_0034_0034.jpg 1 57 8 34 34
1434_0013_0021_0060_0060.jpg 1 13 21 60 60
1435_0029_0014_0057_0057.jpg 1 29 14 57 57
1436_0025_0006_0062_0062.jpg 1 25 6 62 62
1437_0013_0032_0062_0062.jpg 1 13 32 62 62
1438_0024_0003_0068_0068.jpg 1 24 3 68 68
1439_0046_0042_0028_0028.jpg 1 46 42 28 28
1440_0033_0036_0054_0054.jpg 1 33 36 54 54
1441_0028_0010_0041_0041.jpg 1 28 10 41 41
1442_0013_0034_0057_0057.jpg 1 13 34 57 57
1443_0036_0033_0030_0030.jpg 1 36 33 30 30
1444_0030_0017_0065_0065.jpg 1 30 17 65 65
1445_0044_0015_0050_0050.jpg 1 44 15 50 50
1446_0029_0020_0035_0035.jpg 1 29 20 35 35
1447_0024_0024_0064_0064.jpg 1 24 24 64 64
1448_0044_0007_0046_0046.jpg 1 44 7 46 46
1449_0061_0011_0024_0024.jpg 1 61 11 24 24
1450_0045_0017_0036_0036.jpg 1 45 17 36 36
1451_0049_0038_0039_0039.jpg 1 49 38 39 39
1452_0015_0043_0047_0047.jpg 1 15 43 47 47
1453_0029_0029_0066_0066.jpg 1 29 29 66 66
1454_0061_0015_0027_0027.jpg 1 61 15 27 27
1455_0032_0016_0030_0030.jpg 1 32 16 30 30
1456_0030_0017_0057_0057.jpg 1 30 17 57 57
1457_0025_0020_0040_0040.jpg 1 25 20 40 40
1458_0032_0036_0048_0048.jpg 1 32 36 48 48
1459_0031_0030_0063_0063.jpg 1 31 30 63 63
1460_0022_0005_0049_0049.jpg 1 22 5 49 49
1461_0051_0028_0024_0024.jpg 1 51 28 24 24
1462_0009_0064_0026_0026.jpg 1 9 64 26 26
1463_0018_0023_0064_0064.jpg 1 18 23 64 64
1464_0034_0044_0047_0047.jpg 1 34 44 47 47
1465_0038_0064_0025_0025.jpg 1 38 64 25 25
1466_0047_0046_0039_0039.jpg 1 47 46 39 39
1467_0018_0056_0026_0026.jpg 1 18 56 26 26
1468_0032_0007_0051_0051.jpg 1 32 7 51 51
1469_0026_0042_0037_0037.jpg 1 26 42 37 37
1470_0009_0013_0060_0060.jpg 1 9 13 60 60
1471_0032_0031_0058_0058.jpg 1 32 31 58 58
1472_0025_0019_0032_0032.jpg 1 25 19 32 32
1473_0005_0004_0064_0064.jpg 1 5 4 64 64
1474_0024_0032_0055_0055.jpg 1 24 32 55 55
1475_0050_0028_0038_0038.jpg 1 50 28 38 38
1476_0036_0019_0052_0052.jpg 1 36 19 52 52
1477_0029_0032_0044_0044.jpg 1 29 32 44 44
1478_0027_0010_0060_0060.jpg 1 27 10 60 60
1479_0057_0031_0031_0031.jpg 1 57 31 31 31
1480_0015_0032_0043_0043.jpg 1 15 32 43 43
1481_0048_0021_0040_0040.jpg 1 48 21 40 40
1482_0052_0027_0036_0036.jpg 1 52 27 36 36
1483_0035_0028_0052_0052.jpg 1 35 28 52 52
1484_0035_0018_0052_0052.jpg 1 35 18 52 52
1485_0039_0027_0051_0051.jpg 1 39 27 51 51
1486_0007_0019_0034_0034.jpg 1 7 19 34 34
1487_0040_0029_0055_0055.jpg 1 40 29 55 55
1488_0015_0030_0059_0059.jpg 1 15 30 59 59
1489_0044_0033_0049_0049.jpg 1 44 33 49 49
1490_0017_0011_0062_0062.jpg 1 17 11 62 62
1491_0040_0023_0053_0053.jpg 1 40 23 53 53
1492_0037_0043_0042_0042.jpg 1 37 43 42 42
1493_0029_0006_0047_0047.jpg 1 29 6 47 47
1494_0050_0020_0024_0024.jpg 1 50 20 24 24
1495_0037_0022_0055_0055.jpg 1 37 22 55 55
1496_0053_0035_0032_0032.jpg 1 53 35 32 32
1497_0005_0018_0051_0051.jpg 1 5 18 51 51
1498_0005_0005_0067_0067.jpg 1 5 5 67 67
1499_0018_0026_0054_0054.jpg 1 18 26 54 54
1500_0039_0010_0041_0041.jpg 1 39 10 41 41
1501_0009_0010_0065_0065.jpg 1 9 10 65 65
1502_0025_0022_0060_0060.jpg 1 25 22 60 60
1503_0041_0014_0041_0041.jpg 1 41 14 41 41
1504_0010_0042_0048_0048.jpg 1 10 42 48 48
1505_0016_0029_0037_0037.jpg 1 16 29 37 37
1506_0057_0036_0028_0028.jpg 1 57 36 28 28
1507_0009_0031_0055_0055.jpg 1 9 31 55 55
1508_0026_0051_0033_0033.jpg 1 26 51 33 33
1509_0047_0046_0040_0040.jpg 1 47 46 40 40
1510_0007_0009_0063_0063.jpg 1 7 9 63 63
1511_0015_0024_0067_0067.jpg 1 15 24 67 67
1512_0027_0040_0039_0039.jpg 1 27 40 39 39
1513_0010_0050_0032_0032.jpg 1 10 50 32 32
1514_0027_0008_0049_0049.jpg 1 27 8 49 49
1515_0039_0006_0045_0045.jpg 1 39 6 45 45
1516_0038_0036_0047_0047.jpg 1 38 36 47 47
1517_0027_0029_0061_0061.jpg 1 27 29 61 61
1518_0036_0031_0044_0044.jpg 1 36 31 44 44
1519_0050_0063_0025_0025.jpg 1 50 63 25 25
1520_0031_0014_0057_0057.jpg 1 31 14 57 57
1521_0054_0035_0037_0037.jpg 1 54 35 37 37
1522_0053_0025_0039_0039.jpg 1 53 25 39 39
1523_0026_0018_0029_0029.jpg 1 26 18 29 29
1524_0013_0022_0040_0040.jpg 1 13 22 40 40
1525_0012_0046_0047_0047.jpg 1 12 46 47 47
1526_0032_0013_0053_0053.jpg 1 32 13 53 53
1527_0042_0018_0026_0026.jpg 1 42 18 26 26
1528_0028_0025_0068_0068.jpg 1 28 25 68 68
1529_0036_0047_0036_0036.jpg 1 36 47 36 36
1530_0038_0026_0051_0051.jpg 1 38 26 51 51
1531_0031_0021_0062_0062.jpg 1 31 21 62 62
1532_0017_0028_0041_0041.jpg 1 17 28 41 41
1533_0012_0052_0034_0034.jpg 1 12 52 34 34
1534_0036_0053_0040_0040.jpg 1 36 53 40 40
1535_0022_0011_0061_0061.jpg 1 22 11 61 61
1536_0024_0009_0058_0058.jpg 1 24 9 58 58
1537_0026_0055_0037_0037.jpg 1 26 55 37 37
1538_0041_0060_0026_0026.jpg 1 41 60 26 26
1539_0007_0011_0060_0060.jpg 1 7 11 60 60
1540_0038_0045_0028_0028.jpg 1 38 45 28 28
1541_0051_0024_0041_0041.jpg 1 51 24 41 41
1542_0047_0036_0033_0033.jpg 1 47 36 33 33
1543_0066_0044_0024_0024.jpg 1 66 44 24 24
1544_0011_0029_0057_0057.jpg 1 11 29 57 57
1545_0021_0043_0027_0027.jpg 1 21 43 27 27
1546_0006_0004_0064_0064.jpg 1 6 4 64 64
1547_0012_0049_0043_0043.jpg 1 12 49 43 43
1548_0029_0013_0059_0059.jpg 1 29 13 59 59
1549_0026_0028_0034_0034.jpg 1 26 28 34 34
1550_0024_0059_0031_0031.jpg 1 24 59 31 31
1551_0009_0047_0044_0044.jpg 1 9 47 44 44
1552_0031_0013_0064_0064.jpg 1 31 13 64 64
1553_0046_0037_0029_0029.jpg 1 46 37 29 29
1554_0025_0021_0064_0064.jpg 1 25 21 64 64
1555_0042_0031_0047_0047.jpg 1 42 31 47 47
1556_0041_0030_0033_0033.jpg 1 41 30 33 33
1557_0007_0040_0047_0047.jpg 1 7 40 47 47
1558_0023_0033_0049_0049.jpg 1 23 33 49 49
1559_0022_0028_0052_0052.jpg 1 22 28 52 52
1560_0033_0030_0037_0037.jpg 1 33 30 37 37
1561_0028_0006_0045_0045.jpg 1 28 6 45 45
1562_0013_0051_0037_0037.jpg 1 13 51 37 37
1563_0039_0020_0053_0053.jpg 1 39 20 53 53
1564_0030_0048_0025_0025.jpg 1 30 48 25 25
1565_0011_0018_0042_0042.jpg 1 11 18 42 42
1566_0016_0034_0055_0055.jpg 1 16 34 55 55
1567_0029_0019_0047_0047.jpg 1 29 19 47 47
1568_0012_0009_0063_0063.jpg 1 12 9 63 63
1569_0052_0030_0037_0037.jpg 1 52 30 37 37
1570_0008_0044_0030_0030.jpg 1 8 44 30 30
1571_0016_0023_0027_0027.jpg 1 16 23 27 27
1572_0031_0050_0036_0036.jpg 1 31 50 36 36
1573_0017_0054_0025_0025.jpg 1 17 54 25 25
1574_0008_0004_0057_0057.jpg 1 8 4 57 57
1575_0028_0029_0063_0063.jpg 1 28 29 63 63
1576_0025_0012_0051_0051.jpg 1 25 12 51 51
1577_0011_0016_0048_0048.jpg 1 11 16 48 48
1578_0022_0029_0025_0025.jpg 1 22 29 25 25
1579_0015_0035_0060_0060.jpg 1 15 35 60 60
1580_0023_0022_0064_0064.jpg 1 23 22 64 64
1581_0020_0013_0065_0065.jpg 1 20 13 65 65
1582_0036_0018_0058_0058.jpg 1 36 18 58 58
1583_0016_0012_0057_0057.jpg 1 16 12 57 57
1584_0039_0031_0044_0044.jpg 1 39 31 44 44
1585_0056_0045_0028_0028.jpg 1 56 45 28 28
1586_0043_0035_0044_0044.jpg 1 43 35 44 44
1587_0015_0023_0059_0059.jpg 1 15 23 59 59
1588_0013_0024_0064_0064.jpg 1 13 24 64 64
1589_0043_0042_0040_0040.jpg 1 43 42 40 40
1590_0013_0038_0050_0050.jpg 1 13 38 50 50
1591_0029_0010_0055_0055.jpg 1 29 10 55 55
1592_0047_0044_0035_0035.jpg 1 47 44 35 35
1593_0025_0064_0027_0027.jpg 1 25 64 27 27
1594_0025_0051_0037_0037.jpg 1 25 51 37 37
1595_0037_0011_0032_0032.jpg 1 37 11 32 32
1596_0042_0022_0045_0045.jpg 1 42 22 45 45
1597_0013_0043_0043_0043.jpg 1 13 43 43 43
1598_0017_0063_0025_0025.jpg 1 17 63 25 25
1599_0020_0030_0049_0049.jpg 1 20 30 49 49
1600_0028_0017_0067_0067.jpg 1 28 17 67 67
1601_0058_0056_0031_0031.jpg 1 58 56 31 31
1602_0040_0038_0047_0047.jpg 1 40 38 47 47
1603_0016_0016_0056_0056.jpg 1 16 16 56 56
1604_0023_0007_0043_0043.jpg 1 23 7 43 43
1605_0023_0023_0068_0068.jpg 1 23 23 68 68
1606_0032_0024_0027_0027.jpg 1 32 24 27 27
1607_0051_0024_0042_0042.jpg 1 51 24 42 42
1608_0043_0009_0042_0042.jpg 1 43 9 42 42
1609_0015_0018_0057_0057.jpg 1 15 18 57 57
1610_0061_0052_0030_0030.jpg 1 61 52 30 30
1611_0065_0055_0025_0025.jpg 1 65 55 25 25
1612_0029_0033_0060_0060.jpg 1 29 33 60 60
1613_0025_0014_0066_0066.jpg 1 25 14 66 66
1614_0015_0008_0050_0050.jpg 1 15 8 50 50
1615_0008_0019_0057_0057.jpg 1 8 19 57 57
1616_0022_0021_0067_0067.jpg 1 22 21 67 67
1617_0023_0020_0032_0032.jpg 1 23 20 32 32
1618_0011_0037_0045_0045.jpg 1 11 37 45 45
1619_0023_0042_0042_0042.jpg 1 23 42 42 42
1620_0014_0006_0057_0057.jpg 1 14 6 57 57
1621_0014_0006_0038_0038.jpg 1 14 6 38 38
1622_0014_0018_0047_0047.jpg 1 14 18 47 47
1623_0030_0019_0052_0052.jpg 1 30 19 52 52
1624_0033_0036_0030_0030.jpg 1 33 36 30 30
1625_0025_0019_0027_0027.jpg 1 25 19 27 27
1626_0031_0044_0038_0038.jpg 1 31 44 38 38
1627_0005_0040_0052_0052.jpg 1 5 40 52 52
1628_0033_0050_0042_0042.jpg 1 33 50 42 42
1629_0029_0016_0051_0051.jpg 1 29 16 51 51
1630_0014_0044_0038_0038.jpg 1 14 44 38 38
1631_0053_0026_0026_0026.jpg 1 53 26 26 26
1632_0016_0026_0034_0034.jpg 1 16 26 34 34
1633_0015_0018_0050_0050.jpg 1 15 18 50 50
1634_0011_0013_0061_0061.jpg 1 11 13 61 61
1635_0021_0019_0053_0053.jpg 1 21 19 53 53
1636_0013_0011_0055_0055.jpg 1 13 11 55 55
1637_0016_0011_0066_0066.jpg 1 16 11 66 66
1638_0029_0034_0045_0045.jpg 1 29 34 45 45
1639_0020_0018_0067_0067.jpg 1 20 18 67 67
1640_0061_0016_0024_0024.jpg 1 61 16 24 24
1641_0018_0043_0030_0030.jpg 1 18 43 30 30
1642_0021_0005_0069_0069.jpg 1 21 5 69 69
1643_0014_0008_0054_0054.jpg 1 14 8 54 54
1644_0021_0033_0058_0058.jpg 1 21 33 58 58
1645_0052_0061_0029_0029.jpg 1 52 61 29 29
1646_0021_0027_0052_0052.jpg 1 21 27 52 52
1647_0035_0021_0042_0042.jpg 1 35 21 42 42
1648_0027_0011_0062_0062.jpg 1 27 11 62 62
1649_0010_0006_0064_0064.jpg 1 10 6 64 64
1650_0049_0021_0038_0038.jpg 1 49 21 38 38
1651_0028_0011_0033_0033.jpg 1 28 11 33 33
1652_0009_0017_0067_0067.jpg 1 9 17 67 67
1653_0015_0020_0055_0055.jpg 1 15 20 55 55
1654_0040_0046_0044_0044.jpg 1 40 46 44 44
1655_0021_0025_0046_0046.jpg 1 21 25 46 46
1656_0024_0028_0057_0057.jpg 1 24 28 57 57
1657_0014_0014_0065_0065.jpg 1 14 14 65 65
1658_0043_0020_0045_0045.jpg 1 43 20 45 45
1659_0042_0034_0052_0052.jpg 1 42 34 52 52
1660_0023_0008_0052_0052.jpg 1 23 8 52 52
1661_0007_0022_0040_0040.jpg 1 7 22 40 40
1662_0017_0027_0042_0042.jpg 1 17 27 42 42
1663_0066_0027_0026_0026.jpg 1 66 27 26 26
1664_0012_0013_0069_0069.jpg 1 12 13 69 69
1665_0007_0017_0060_0060.jpg 1 7 17 60 60
1666_0004_0028_0065_0065.jpg 1 4 28 65 65
1667_0056_0009_0030_0030.jpg 1 56 9 30 30
1668_0044_0047_0040_0040.jpg 1 44 47 40 40
1669_0014_0027_0044_0044.jpg 1 14 27 44 44
1670_0055_0043_0032_0032.jpg 1 55 43 32 32
1671_0040_0025_0051_0051.jpg 1 40 25 51 51
1672_0027_0032_0062_0062.jpg 1 27 32 62 62
1673_0007_0023_0066_0066.jpg 1 7 23 66 66
1674_0055_0041_0031_0031.jpg 1 55 41 31 31
1675_0007_0008_0058_0058.jpg 1 7 8 58 58
1676_0008_0023_0068_0068.jpg 1 8 23 68 68
1677_0032_0004_0061_0061.jpg 1 32 4 61 61
1678_0030_0028_0045_0045.jpg 1 30 28 45 45
1679_0023_0011_0033_0033.jpg 1 23 11 33 33
1680_0025_0028_0029_0029.jpg 1 25 28 29 29
1681_0034_0038_0035_0035.jpg 1 34 38 35 35
1682_0045_0048_0041_0041.jpg 1 45 48 41 41
1683_0030_0025_0062_0062.jpg 1 30 25 62 62
1684_0011_0022_0035_0035.jpg 1 11 22 35 35
1685_0018_0045_0026_0026.jpg 1 18 45 26 26
1686_0060_0007_0030_0030.jpg 1 60 7 30 30
1687_0049_0023_0028_0028.jpg 1 49 23 28 28
1688_0004_0023_0061_0061.jpg 1 4 23 61 61
1689_0027_0036_0039_0039.jpg 1 27 36 39 39
1690_0043_0011_0041_0041.jpg 1 43 11 41 41
1691_0024_0026_0057_0057.jpg 1 24 26 57 57
1692_0012_0016_0069_0069.jpg 1 12 16 69 69
1693_0041_0006_0049_0049.jpg 1 41 6 49 49
1694_0048_0021_0032_0032.jpg 1 48 21 32 32
1695_0038_0032_0031_0031.jpg 1 38 32 31 31
1696_0008_0010_0061_0061.jpg 1 8 10 61 61
1697_0028_0013_0053_0053.jpg 1 28 13 53 53
1698_0031_0028_0040_0040.jpg 1 31 28 40 40
1699_0005_0018_0056_0056.jpg 1 5 18 56 56
1700_0007_0023_0059_0059.jpg 1 7 23 59 59
1701_0022_0017_0040_0040.jpg 1 22 17 40 40
1702_0007_0038_0057_0057.jpg 1 7 38 57 57
1703_0009_0017_0057_0057.jpg 1 9 17 57 57
1704_0020_0017_0025_0025.jpg 1 20 17 25 25
1705_0021_0018_0065_0065.jpg 1 21 18 65 65
1706_0012_0018_0067_0067.jpg 1 12 18 67 67
1707_0028_0023_0068_0068.jpg 1 28 23 68 68
1708_0054_0057_0032_0032.jpg 1 54 57 32 32
1709_0018_0025_0062_0062.jpg 1 18 25 62 62
1710_0036_0009_0035_0035.jpg 1 36 9 35 35
1711_0035_0026_0035_0035.jpg 1 35 26 35 35
1712_0029_0004_0066_0066.jpg 1 29 4 66 66
1713_0019_0031_0053_0053.jpg 1 19 31 53 53
1714_0031_0018_0035_0035.jpg 1 31 18 35 35
1715_0004_0022_0057_0057.jpg 1 4 22 57 57
1716_0009_0009_0062_0062.jpg 1 9 9 62 62
1717_0040_0034_0028_0028.jpg 1 40 34 28 28
1718_0019_0004_0062_0062.jpg 1 19 4 62 62
1719_0043_0011_0048_0048.jpg 1 43 11 48 48
1720_0040_0034_0030_0030.jpg 1 40 34 30 30
1721_0018_0052_0036_0036.jpg 1 18 52 36 36
1722_0009_0016_0067_0067.jpg 1 9 16 67 67
1723_0013_0015_0040_0040.jpg 1 13 15 40 40
1724_0017_0027_0060_0060.jpg 1 17 27 60 60
1725_0053_0046_0034_0034.jpg 1 53 46 34 34
1726_0056_0014_0032_0032.jpg 1 56 14 32 32
1727_0011_0011_0067_0067.jpg 1 11 11 67 67
1728_0047_0018_0040_0040.jpg 1 47 18 40 40
1729_0034_0038_0054_0054.jpg 1 34 38 54 54
1730_0007_0027_0041_0041.jpg 1 7 27 41 41
1731_0016_0023_0065_0065.jpg 1 16 23 65 65
1732_0037_0031_0048_0048.jpg 1 37 31 48 48
1733_0025_0028_0061_0061.jpg 1 25 28 61 61
1734_0055_0054_0024_0024.jpg 1 55 54 24 24
1735_0007_0045_0036_0036.jpg 1 7 45 36 36
1736_0021_0051_0030_0030.jpg 1 21 51 30 30
1737_0018_0044_0038_0038.jpg 1 18 44 38 38
1738_0025_0046_0043_0043.jpg 1 25 46 43 43
1739_0014_0017_0051_0051.jpg 1 14 17 51 51
1740_0007_0035_0059_0059.jpg 1 7 35 59 59
1741_0031_0031_0053_0053.jpg 1 31 31 53 53
1742_0048_0028_0037_0037.jpg 1 48 28 37 37
1743_0029_0034_0056_0056.jpg 1 29 34 56 56
1744_0013_0019_0067_0067.jpg 1 13 19 67 67
1745_0016_0048_0034_0034.jpg 1 16 48 34 34
1746_0028_0018_0067_0067.jpg 1 28 18 67 67
1747_0015_0022_0061_0061.jpg 1 15 22 61 61
1748_0027_0042_0030_0030.jpg 1 27 42 30 30
1749_0014_0041_0053_0053.jpg 1 14 41 53 53
1750_0051_0054_0037_0037.jpg 1 51 54 37 37
1751_0026_0014_0057_0057.jpg 1 26 14 57 57
1752_0037_0042_0032_0032.jpg 1 37 42 32 32
1753_0027_0026_0030_0030.jpg 1 27 26 30 30
1754_0046_0029_0028_0028.jpg 1 46 29 28 28
1755_0048_0051_0026_0026.jpg 1 48 51 26 26
1756_0010_0064_0024_0024.jpg 1 10 64 24 24
1757_0032_0004_0057_0057.jpg 1 32 4 57 57
1758_0013_0044_0046_0046.jpg 1 13 44 46 46
1759_0056_0030_0027_0027.jpg 1 56 30 27 27
1760_0037_0014_0057_0057.jpg 1 37 14 57 57
1761_0030_0007_0042_0042.jpg 1 30 7 42 42
1762_0027_0038_0052_0052.jpg 1 27 38 52 52
1763_0029_0010_0045_0045.jpg 1 29 10 45 45
1764_0010_0065_0024_0024.jpg 1 10 65 24 24
1765_0045_0016_0028_0028.jpg 1 45 16 28 28
1766_0023_0041_0031_0031.jpg 1 23 41 31 31
1767_0037_0022_0055_0055.jpg 1 37 22 55 55
1768_0023_0017_0033_0033.jpg 1 23 17 33 33
1769_0045_0037_0031_0031.jpg 1 45 37 31 31
1770_0034_0035_0050_0050.jpg 1 34 35 50 50
1771_0029_0018_0067_0067.jpg 1 29 18 67 67
1772_0028_0024_0028_0028.jpg 1 28 24 28 28
1773_0007_0012_0052_0052.jpg 1 7 12 52 52
1774_0007_0043_0037_0037.jpg 1 7 43 37 37
1775_0009_0030_0049_0049.jpg 1 9 30 49 49
1776_0004_0017_0067_0067.jpg 1 4 17 67 67
1777_0010_0022_0064_0064.jpg 1 10 22 64 64
1778_0011_0006_0062_0062.jpg 1 11 6 62 62
1779_0005_0024_0050_0050.jpg 1 5 24 50 50
1780_0060_0016_0025_0025.jpg 1 60 16 25 25
1781_0049_0019_0032_0032.jpg 1 49 19 32 32
1782_0011_0034_0025_0025.jpg 1 11 34 25 25
1783_0004_0033_0060_0060.jpg 1 4 33 60 60
1784_0005_0006_0049_0049.jpg 1 5 6 49 49
1785_0011_0009_0060_0060.jpg 1 11 9 60 60
1786_0052_0022_0033_0033.jpg 1 52 22 33 33
1787_0016_0028_0061_0061.jpg 1 16 28 61 61
1788_0041_0049_0024_0024.jpg 1 41 49 24 24
1789_0018_0013_0024_0024.jpg 1 18 13 24 24
1790_0007_0015_0056_0056.jpg 1 7 15 56 56
1791_0028_0015_0067_0067.jpg 1 28 15 67 67
1792_0036_0016_0050_0050.jpg 1 36 16 50 50
1793_0031_0018_0058_0058.jpg 1 31 18 58 58
1794_0027_0046_0030_0030.jpg 1 27 46 30 30
1795_0063_0062_0026_0026.jpg 1 63 62 26 26
1796_0029_0009_0065_0065.jpg 1 29 9 65 65
1797_0017_0017_0047_0047.jpg 1 17 17 47 47
1798_0016_0027_0064_0064.jpg 1 16 27 64 64
1799_0011_0036_0057_0057.jpg 1 11 36 57 57
1800_0027_0029_0039_0039.jpg 1 27 29 39 39
1801_0022_0026_0067_0067.jpg 1 22 26 67 67
1802_0037_0051_0024_0024.jpg 1 37 51 24 24
1803_0053_0014_0039_0039.jpg 1 53 14 39 39
1804_0014_0004_0065_0065.jpg 1 14 4 65 65
1805_0032_0013_0038_0038.jpg 1 32 13 38 38
1806_0008_0018_0037_0037.jpg 1 8 18 37 37
1807_0025_0025_0026_0026.jpg 1 25 25 26 26
1808_0038_0033_0043_0043.jpg 1 38 33 43 43
1809_0062_0035_0030_0030.jpg 1 62 35 30 30
1810_0022_0049_0034_0034.jpg 1 22 49 34 34
1811_0026_0020_0044_0044.jpg 1 26 20 44 44
1812_0010_0006_0060_0060.jpg 1 10 6 60 60
1813_0043_0050_0026_0026.jpg 1 43 50 26 26
1814_0042_0009_0042_0042.jpg 1 42 9 42 42
1815_0021_0043_0030_0030.jpg 1 21 43 30 30
1816_0033_0054_0039_0039.jpg 1 33 54 39 39
1817_0007_0028_0062_0062.jpg 1 7 28 62 62
1818_0018_0022_0029_0029.jpg 1 18 22 29 29
1819_0004_0004_0065_0065.jpg 1 4 4 65 65
1820_0010_0011_0055_0055.jpg 1 10 11 55 55
1821_0008_0011_0040_0040.jpg 1 8 11 40 40
1822_0010_0032_0047_0047.jpg 1 10 32 47 47
1823_0012_0011_0032_0032.jpg 1 12 11 32 32
1824_0016_0006_0063_0063.jpg 1 16 6 63 63
1825_0003_0014_0068_0068.jpg 1 3 14 68 68
1826_0037_0022_0049_0049.jpg 1 37 22 49 49
1827_0015_0019_0058_0058.jpg 1 15 19 58 58
1828_0046_0009_0028_0028.jpg 1 46 9 28 28
1829_0019_0014_0058_0058.jpg 1 19 14 58 58
1830_0038_0053_0033_0033.jpg 1 38 53 33 33
1831_0011_0033_0041_0041.jpg 1 11 33 41 41
1832_0005_0019_0049_0049.jpg 1 5 19 49 49
1833_0009_0018_0059_0059.jpg 1 9 18 59 59
1834_0037_0041_0038_0038.jpg 1 37 41 38 38
1835_0019_0007_0037_0037.jpg 1 19 7 37 37
1836_0006_0031_0047_0047.jpg 1 6 31 47 47
1837_0011_0037_0052_0052.jpg 1 11 37 52 52
1838_0022_0009_0026_0026.jpg 1 22 9 26 26
1839_0014_0017_0057_0057.jpg 1 14 17 57 57
1840_0033_0048_0035_0035.jpg 1 33 48 35 35
1841_0010_0027_0065_0065.jpg 1 10 27 65 65
1842_0061_0033_0028_0028.jpg 1 61 33 28 28
1843_0025_0006_0047_0047.jpg 1 25 6 47 47
1844_0007_0013_0063_0063.jpg 1 7 13 63 63
1845_0044_0046_0046_0046.jpg 1 44 46 46 46
1846_0040_0019_0050_0050.jpg 1 40 19 50 50
1847_0008_0025_0060_0060.jpg 1 8 25 60 60
1848_0059_0048_0024_0024.jpg 1 59 48 24 24
1849_0036_0040_0055_0055.jpg 1 36 40 55 55
1850_0021_0024_0044_0044.jpg 1 21 24 44 44
1851_0023_0008_0061_0061.jpg 1 23 8 61 61
1852_0011_0008_0069_0069.jpg 1 11 8 69 69
1853_0016_0025_0059_0059.jpg 1 16 25 59 59
1854_0006_0025_0038_0038.jpg 1 6 25 38 38
1855_0026_0028_0068_0068.jpg 1 26 28 68 68
1856_0021_0036_0026_0026.jpg 1 21 36 26 26
1857_0019_0031_0056_0056.jpg 1 19 31 56 56
1858_0020_0025_0063_0063.jpg 1 20 25 63 63
1859_0028_0028_0040_0040.jpg 1 28 28 40 40
1860_0011_0035_0059_0059.jpg 1 11 35 59 59
1861_0025_0018_0065_0065.jpg 1 25 18 65 65
1862_0046_0005_0048_0048.jpg 1 46 5 48 48
1863_0039_0010_0031_0031.jpg 1 39 10 31 31
1864_0009_0016_0029_0029.jpg 1 9 16 29 29
1865_0024_0019_0061_0061.jpg 1 24 19 61 61
1866_0033_0046_0024_0024.jpg 1 33 46 24 24
1867_0013_0051_0029_0029.jpg 1 13 51 29 29
1868_0032_0010_0033_0033.jpg 1 32 10 33 33
1869_0018_0036_0040_0040.jpg 1 18 36 40 40
1870_0033_0039_0044_0044.jpg 1 33 39 44 44
1871_0019_0025_0050_0050.jpg 1 19 25 50 50
1872_0019_0058_0032_0032.jpg 1 19 58 32 32
1873_0046_0033_0046_0046.jpg 1 46 33 46 46
1874_0051_0019_0028_0028.jpg 1 51 19 28 28
1875_0040_0061_0030_0030.jpg 1 40 61 30 30
1876_0013_0010_0059_0059.jpg 1 13 10 59 59
1877_0017_0014_0062_0062.jpg 1 17 14 62 62
1878_0009_0042_0051_0051.jpg 1 9 42 51 51
1879_0050_0063_0029_0029.jpg 1 50 63 29 29
1880_0047_0024_0043_0043.jpg 1 47 24 43 43
1881_0021_0040_0031_0031.jpg 1 21 40 31 31
1882_0046_0061_0025_0025.jpg 1 46 61 25 25
1883_0011_0017_0063_0063.jpg 1 11 17 63 63
1884_0017_0036_0038_0038.jpg 1 17 36 38 38
1885_0013_0020_0065_0065.jpg 1 13 20 65 65
1886_0025_0024_0038_0038.jpg 1 25 24 38 38
1887_0031_0024_0054_0054.jpg 1 31 24 54 54
1888_0005_0012_0063_0063.jpg 1 5 12 63 63
1889_0025_0040_0035_0035.jpg 1 25 40 35 35
1890_0009_0032_0058_0058.jpg 1 9 32 58 58
1891_0032_0013_0033_0033.jpg 1 32 13 33 33
1892_0019_0028_0045_0045.jpg 1 19 28 45 45
1893_0022_0015_0054_0054.jpg 1 22 15 54 54
1894_0016_0022_0066_0066.jpg 1 16 22 66 66
1895_0016_0035_0047_0047.jpg 1 16 35 47 47
1896_0045_0053_0036_0036.jpg 1 45 53 36 36
1897_0032_0051_0024_0024.jpg 1 32 51 24 24
1898_0052_0054_0027_0027.jpg 1 52 54 27 27
1899_0008_0015_0068_0068.jpg 1 8 15 68 68
1900_0010_0007_0068_0068.jpg 1 10 7 68 68
1901_0021_0026_0065_0065.jpg 1 21 26 65 65
1902_0028_0011_0067_0067.jpg 1 28 11 67 67
1903_0009_0033_0041_0041.jpg 1 9 33 41 41
1904_0019_0021_0066_0066.jpg 1 19 21 66 66
1905_0045_0046_0043_0043.jpg 1 45 46 43 43
1906_0044_0031_0050_0050.jpg 1 44 31 50 50
1907_0012_0005_0054_0054.jpg 1 12 5 54 54
1908_0011_0011_0052_0052.jpg 1 11 11 52 52
1909_0039_0040_0048_0048.jpg 1 39 40 48 48
1910_0033_0009_0030_0030.jpg 1 33 9 30 30
1911_0006_0032_0061_0061.jpg 1 6 32 61 61
1912_0030_0029_0042_0042.jpg 1 30 29 42 42
1913_0034_0032_0031_0031.jpg 1 34 32 31 31
1914_0028_0015_0056_0056.jpg 1 28 15 56 56
1915_0014_0027_0065_0065.jpg 1 14 27 65 65
1916_0015_0025_0062_0062.jpg 1 15 25 62 62
1917_0032_0026_0024_0024.jpg 1 32 26 24 24
1918_0009_0018_0051_0051.jpg 1 9 18 51 51
1919_0030_0027_0060_0060.jpg 1 30 27 60 60
1920_0022_0021_0047_0047.jpg 1 22 21 47 47
1921_0008_0012_0049_0049.jpg 1 8 12 49 49
1922_0046_0017_0045_0045.jpg 1 46 17 45 45
1923_0025_0010_0060_0060.jpg 1 25 10 60 60
1924_0027_0017_0033_0033.jpg 1 27 17 33 33
1925_0023_0027_0063_0063.jpg 1 23 27 63 63
1926_0020_0037_0038_0038.jpg 1 20 37 38 38
1927_0048_0054_0026_0026.jpg 1 48 54 26 26
1928_0056_0031_0027_0027.jpg 1 56 31 27 27
1929_0020_0012_0053_0053.jpg 1 20 12 53 53
1930_0006_0014_0057_0057.jpg 1 6 14 57 57
1931_0033_0031_0048_0048.jpg 1 33 31 48 48
1932_0025_0009_0069_0069.jpg 1 25 9 69 69
1933_0020_0043_0043_0043.jpg 1 20 43 43 43
1934_0006_0012_0044_0044.jpg 1 6 12 44 44
1935_0042_0007_0044_0044.jpg 1 42 7 44 44
1936_0018_0021_0033_0033.jpg 1 18 21 33 33
1937_0023_0028_0049_0049.jpg 1 23 28 49 49
1938_0028_0009_0031_0031.jpg 1 28 9 31 31
1939_0046_0046_0046_0046.jpg 1 46 46 46 46
1940_0046_0015_0039_0039.jpg 1 46 15 39 39
1941_0016_0010_0058_0058.jpg 1 16 10 58 58
1942_0027_0011_0035_0035.jpg 1 27 11 35 35
1943_0047_0047_0046_0046.jpg 1 47 47 46 46
1944_0047_0016_0038_0038.jpg 1 47 16 38 38
1945_0023_0060_0026_0026.jpg 1 23 60 26 26
1946_0018_0019_0054_0054.jpg 1 18 19 54 54
1947_0036_0018_0036_0036.jpg 1 36 18 36 36
1948_0024_0018_0061_0061.jpg 1 24 18 61 61
1949_0009_0055_0031_0031.jpg 1 9 55 31 31
1950_0009_0049_0036_0036.jpg 1 9 49 36 36
