0001_0036_0024_0048_0048.jpg 1 36 24 48 48
0002_0021_0006_0051_0051.jpg 1 21 6 51 51
0003_0033_0004_0054_0054.jpg 1 33 4 54 54
0004_0016_0038_0030_0030.jpg 1 16 38 30 30
0005_0034_0038_0039_0039.jpg 1 34 38 39 39
0006_0014_0011_0067_0067.jpg 1 14 11 67 67
0007_0013_0006_0063_0063.jpg 1 13 6 63 63
0008_0026_0016_0027_0027.jpg 1 26 16 27 27
0009_0029_0016_0061_0061.jpg 1 29 16 61 61
0010_0031_0024_0029_0029.jpg 1 31 24 29 29
0011_0050_0047_0031_0031.jpg 1 50 47 31 31
0012_0046_0047_0046_0046.jpg 1 46 47 46 46
0013_0039_0035_0050_0050.jpg 1 39 35 50 50
0014_0024_0050_0028_0028.jpg 1 24 50 28 28
0015_0054_0032_0031_0031.jpg 1 54 32 31 31
0016_0036_0023_0038_0038.jpg 1 36 23 38 38
0017_0008_0018_0057_0057.jpg 1 8 18 57 57
0018_0023_0047_0041_0041.jpg 1 23 47 41 41
0019_0053_0036_0038_0038.jpg 1 53 36 38 38
0020_0038_0037_0038_0038.jpg 1 38 37 38 38
0021_0022_0014_0054_0054.jpg 1 22 14 54 54
0022_0010_0011_0046_0046.jpg 1 10 11 46 46
0023_0055_0038_0032_0032.jpg 1 55 38 32 32
0024_0008_0021_0039_0039.jpg 1 8 21 39 39
0025_0018_0011_0067_0067.jpg 1 18 11 67 67
0026_0017_0022_0032_0032.jpg 1 17 22 32 32
0027_0034_0034_0050_0050.jpg 1 34 34 50 50
0028_0036_0023_0039_0039.jpg 1 36 23 39 39
0029_0047_0038_0043_0043.jpg 1 47 38 43 43
0030_0032_0027_0043_0043.jpg 1 32 27 43 43
0031_0035_0030_0055_0055.jpg 1 35 30 55 55
0032_0022_0037_0052_0052.jpg 1 22 37 52 52
0033_0034_0043_0049_0049.jpg 1 34 43 49 49
0034_0029_0021_0067_0067.jpg 1 29 21 67 67
0035_0046_0036_0045_0045.jpg 1 46 36 45 45
0036_0004_0015_0067_0067.jpg 1 4 15 67 67
0037_0034_0024_0052_0052.jpg 1 34 24 52 52
0038_0020_0008_0043_0043.jpg 1 20 8 43 43
0039_0009_0027_0036_0036.jpg 1 9 27 36 36
0040_0011_0033_0046_0046.jpg 1 11 33 46 46
0041_0025_0016_0051_0051.jpg 1 25 16 51 51
0042_0016_0037_0040_0040.jpg 1 16 37 40 40
0043_0027_0025_0066_0066.jpg 1 27 25 66 66
0044_0019_0017_0061_0061.jpg 1 19 17 61 61
0045_0020_0047_0029_0029.jpg 1 20 47 29 29
0046_0020_0012_0062_0062.jpg 1 20 12 62 62
0047_0028_0019_0037_0037.jpg 1 28 19 37 37
0048_0030_0012_0066_0066.jpg 1 30 12 66 66
0049_0006_0007_0066_0066.jpg 1 6 7 66 66
0050_0011_0034_0049_0049.jpg 1 11 34 49 49
0051_0033_0019_0027_0027.jpg 1 33 19 27 27
0052_0013_0029_0067_0067.jpg 1 13 29 67 67
0053_0028_0059_0024_0024.jpg 1 28 59 24 24
0054_0034_0035_0050_0050.jpg 1 34 35 50 50
0055_0046_0008_0031_0031.jpg 1 46 8 31 31
0056_0051_0015_0037_0037.jpg 1 51 15 37 37
0057_0043_0007_0032_0032.jpg 1 43 7 32 32
0058_0008_0006_0049_0049.jpg 1 8 6 49 49
0059_0027_0051_0028_0028.jpg 1 27 51 28 28
0060_0019_0022_0059_0059.jpg 1 19 22 59 59
0061_0009_0038_0035_0035.jpg 1 9 38 35 35
0062_0051_0042_0032_0032.jpg 1 51 42 32 32
0063_0014_0020_0050_0050.jpg 1 14 20 50 50
0064_0028_0026_0061_0061.jpg 1 28 26 61 61
0065_0015_0035_0034_0034.jpg 1 15 35 34 34
0066_0017_0022_0026_0026.jpg 1 17 22 26 26
0067_0034_0008_0039_0039.jpg 1 34 8 39 39
0068_0036_0036_0032_0032.jpg 1 36 36 32 32
0069_0026_0022_0048_0048.jpg 1 26 22 48 48
0070_0017_0028_0067_0067.jpg 1 17 28 67 67
0071_0030_0041_0040_0040.jpg 1 30 41 40 40
0072_0039_0019_0045_0045.jpg 1 39 19 45 45
0073_0004_0004_0067_0067.jpg 1 4 4 67 67
0074_0048_0019_0043_0043.jpg 1 48 19 43 43
0075_0014_0018_0041_0041.jpg 1 14 18 41 41
0076_0034_0011_0051_0051.jpg 1 34 11 51 51
0077_0029_0028_0066_0066.jpg 1 29 28 66 66
0078_0026_0025_0064_0064.jpg 1 26 25 64 64
0079_0027_0045_0046_0046.jpg 1 27 45 46 46
0080_0019_0009_0069_0069.jpg 1 19 9 69 69
0081_0016_0019_0045_0045.jpg 1 16 19 45 45
0082_0034_0013_0058_0058.jpg 1 34 13 58 58
0083_0023_0039_0049_0049.jpg 1 23 39 49 49
0084_0034_0021_0059_0059.jpg 1 34 21 59 59
0085_0027_0014_0045_0045.jpg 1 27 14 45 45
0086_0030_0013_0065_0065.jpg 1 30 13 65 65
0087_0027_0036_0058_0058.jpg 1 27 36 58 58
0088_0034_0023_0044_0044.jpg 1 34 23 44 44
0089_0024_0026_0060_0060.jpg 1 24 26 60 60
0090_0028_0016_0058_0058.jpg 1 28 16 58 58
0091_0035_0016_0060_0060.jpg 1 35 16 60 60
0092_0008_0055_0024_0024.jpg 1 8 55 24 24
0093_0032_0021_0058_0058.jpg 1 32 21 58 58
0094_0028_0015_0067_0067.jpg 1 28 15 67 67
0095_0038_0037_0056_0056.jpg 1 38 37 56 56
0096_0018_0037_0056_0056.jpg 1 18 37 56 56
0097_0011_0004_0061_0061.jpg 1 11 4 61 61
0098_0013_0025_0057_0057.jpg 1 13 25 57 57
0099_0057_0035_0033_0033.jpg 1 57 35 33 33
0100_0023_0011_0050_0050.jpg 1 23 11 50 50
0101_0029_0011_0052_0052.jpg 1 29 11 52 52
0102_0009_0015_0053_0053.jpg 1 9 15 53 53
0103_0015_0030_0060_0060.jpg 1 15 30 60 60
0104_0018_0030_0052_0052.jpg 1 18 30 52 52
0105_0039_0028_0051_0051.jpg 1 39 28 51 51
0106_0020_0026_0047_0047.jpg 1 20 26 47 47
0107_0029_0015_0060_0060.jpg 1 29 15 60 60
0108_0016_0012_0064_0064.jpg 1 16 12 64 64
0109_0036_0026_0055_0055.jpg 1 36 26 55 55
0110_0015_0031_0047_0047.jpg 1 15 31 47 47
0111_0019_0043_0046_0046.jpg 1 19 43 46 46
0112_0005_0034_0052_0052.jpg 1 5 34 52 52
0113_0030_0027_0059_0059.jpg 1 30 27 59 59
0114_0059_0051_0026_0026.jpg 1 59 51 26 26
0115_0041_0017_0053_0053.jpg 1 41 17 53 53
0116_0013_0005_0064_0064.jpg 1 13 5 64 64
0117_0007_0030_0051_0051.jpg 1 7 30 51 51
0118_0024_0006_0042_0042.jpg 1 24 6 42 42
0119_0025_0026_0064_0064.jpg 1 25 26 64 64
0120_0041_0040_0051_0051.jpg 1 41 40 51 51
0121_0006_0006_0053_0053.jpg 1 6 6 53 53
0122_0019_0032_0047_0047.jpg 1 19 32 47 47
0123_0007_0036_0047_0047.jpg 1 7 36 47 47
0124_0047_0051_0042_0042.jpg 1 47 51 42 42
0125_0040_0041_0053_0053.jpg 1 40 41 53 53
0126_0054_0053_0025_0025.jpg 1 54 53 25 25
0127_0034_0007_0032_0032.jpg 1 34 7 32 32
0128_0038_0025_0057_0057.jpg 1 38 25 57 57
0129_0027_0008_0064_0064.jpg 1 27 8 64 64
0130_0018_0038_0053_0053.jpg 1 18 38 53 53
0131_0018_0027_0067_0067.jpg 1 18 27 67 67
0132_0016_0008_0040_0040.jpg 1 16 8 40 40
0133_0051_0046_0038_0038.jpg 1 51 46 38 38
0134_0053_0034_0028_0028.jpg 1 53 34 28 28
0135_0038_0014_0030_0030.jpg 1 38 14 30 30
0136_0031_0038_0049_0049.jpg 1 31 38 49 49
0137_0007_0035_0059_0059.jpg 1 7 35 59 59
0138_0023_0035_0025_0025.jpg 1 23 35 25 25
0139_0010_0008_0061_0061.jpg 1 10 8 61 61
0140_0019_0010_0054_0054.jpg 1 19 10 54 54
0141_0007_0035_0048_0048.jpg 1 7 35 48 48
0142_0030_0043_0051_0051.jpg 1 30 43 51 51
0143_0018_0036_0040_0040.jpg 1 18 36 40 40
0144_0008_0054_0037_0037.jpg 1 8 54 37 37
0145_0012_0032_0033_0033.jpg 1 12 32 33 33
0146_0045_0012_0040_0040.jpg 1 45 12 40 40
0147_0027_0043_0037_0037.jpg 1 27 43 37 37
0148_0014_0007_0033_0033.jpg 1 14 7 33 33
0149_0017_0020_0056_0056.jpg 1 17 20 56 56
0150_0054_0048_0037_0037.jpg 1 54 48 37 37
0151_0029_0028_0059_0059.jpg 1 29 28 59 59
0152_0055_0035_0029_0029.jpg 1 55 35 29 29
0153_0008_0023_0059_0059.jpg 1 8 23 59 59
0154_0019_0019_0066_0066.jpg 1 19 19 66 66
0155_0009_0046_0025_0025.jpg 1 9 46 25 25
0156_0037_0022_0036_0036.jpg 1 37 22 36 36
0157_0033_0004_0060_0060.jpg 1 33 4 60 60
0158_0017_0018_0035_0035.jpg 1 17 18 35 35
0159_0015_0009_0064_0064.jpg 1 15 9 64 64
0160_0052_0010_0029_0029.jpg 1 52 10 29 29
0161_0034_0030_0044_0044.jpg 1 34 30 44 44
0162_0025_0036_0054_0054.jpg 1 25 36 54 54
0163_0036_0052_0027_0027.jpg 1 36 52 27 27
0164_0046_0038_0047_0047.jpg 1 46 38 47 47
0165_0053_0058_0032_0032.jpg 1 53 58 32 32
0166_0033_0016_0057_0057.jpg 1 33 16 57 57
0167_0033_0046_0037_0037.jpg 1 33 46 37 37
0168_0012_0012_0069_0069.jpg 1 12 12 69 69
0169_0009_0055_0033_0033.jpg 1 9 55 33 33
0170_0021_0026_0063_0063.jpg 1 21 26 63 63
0171_0007_0005_0062_0062.jpg 1 7 5 62 62
0172_0011_0051_0042_0042.jpg 1 11 51 42 42
0173_0020_0023_0047_0047.jpg 1 20 23 47 47
0174_0026_0043_0049_0049.jpg 1 26 43 49 49
0175_0020_0016_0042_0042.jpg 1 20 16 42 42
0176_0032_0013_0035_0035.jpg 1 32 13 35 35
0177_0010_0013_0053_0053.jpg 1 10 13 53 53
0178_0017_0033_0048_0048.jpg 1 17 33 48 48
0179_0014_0031_0044_0044.jpg 1 14 31 44 44
0180_0047_0029_0032_0032.jpg 1 47 29 32 32
0181_0008_0008_0051_0051.jpg 1 8 8 51 51
0182_0019_0022_0052_0052.jpg 1 19 22 52 52
0183_0017_0050_0042_0042.jpg 1 17 50 42 42
0184_0046_0030_0035_0035.jpg 1 46 30 35 35
0185_0020_0008_0050_0050.jpg 1 20 8 50 50
0186_0035_0006_0050_0050.jpg 1 35 6 50 50
0187_0010_0012_0047_0047.jpg 1 10 12 47 47
0188_0029_0027_0047_0047.jpg 1 29 27 47 47
0189_0010_0055_0034_0034.jpg 1 10 55 34 34
0190_0006_0017_0054_0054.jpg 1 6 17 54 54
0191_0021_0007_0054_0054.jpg 1 21 7 54 54
0192_0028_0026_0041_0041.jpg 1 28 26 41 41
0193_0035_0028_0036_0036.jpg 1 35 28 36 36
0194_0012_0017_0040_0040.jpg 1 12 17 40 40
0195_0022_0034_0045_0045.jpg 1 22 34 45 45
0196_0034_0024_0039_0039.jpg 1 34 24 39 39
0197_0021_0050_0040_0040.jpg 1 21 50 40 40
0198_0014_0014_0069_0069.jpg 1 14 14 69 69
0199_0024_0006_0069_0069.jpg 1 24 6 69 69
0200_0012_0017_0061_0061.jpg 1 12 17 61 61
0201_0030_0005_0056_0056.jpg 1 30 5 56 56
0202_0014_0009_0064_0064.jpg 1 14 9 64 64
0203_0016_0030_0039_0039.jpg 1 16 30 39 39
0204_0050_0013_0033_0033.jpg 1 50 13 33 33
0205_0021_0036_0053_0053.jpg 1 21 36 53 53
0206_0013_0027_0028_0028.jpg 1 13 27 28 28
0207_0024_0037_0041_0041.jpg 1 24 37 41 41
0208_0027_0011_0063_0063.jpg 1 27 11 63 63
0209_0009_0011_0057_0057.jpg 1 9 11 57 57
0210_0019_0019_0068_0068.jpg 1 19 19 68 68
0211_0023_0013_0055_0055.jpg 1 23 13 55 55
0212_0020_0036_0049_0049.jpg 1 20 36 49 49
0213_0061_0056_0029_0029.jpg 1 61 56 29 29
0214_0048_0036_0027_0027.jpg 1 48 36 27 27
0215_0009_0012_0042_0042.jpg 1 9 12 42 42
0216_0058_0030_0034_0034.jpg 1 58 30 34 34
0217_0030_0042_0043_0043.jpg 1 30 42 43 43
0218_0031_0050_0030_0030.jpg 1 31 50 30 30
0219_0032_0058_0034_0034.jpg 1 32 58 34 34
0220_0015_0014_0055_0055.jpg 1 15 14 55 55
0221_0031_0034_0061_0061.jpg 1 31 34 61 61
0222_0041_0019_0029_0029.jpg 1 41 19 29 29
0223_0041_0007_0039_0039.jpg 1 41 7 39 39
0224_0047_0045_0043_0043.jpg 1 47 45 43 43
0225_0023_0059_0024_0024.jpg 1 23 59 24 24
0226_0023_0008_0054_0054.jpg 1 23 8 54 54
0227_0040_0037_0040_0040.jpg 1 40 37 40 40
0228_0065_0066_0025_0025.jpg 1 65 66 25 25
0229_0011_0016_0047_0047.jpg 1 11 16 47 47
0230_0018_0038_0056_0056.jpg 1 18 38 56 56
0231_0014_0017_0061_0061.jpg 1 14 17 61 61
0232_0024_0030_0036_0036.jpg 1 24 30 36 36
0233_0057_0027_0027_0027.jpg 1 57 27 27 27
0234_0016_0029_0052_0052.jpg 1 16 29 52 52
0235_0043_0028_0048_0048.jpg 1 43 28 48 48
0236_0006_0041_0051_0051.jpg 1 6 41 51 51
0237_0055_0035_0027_0027.jpg 1 55 35 27 27
0238_0038_0026_0024_0024.jpg 1 38 26 24 24
0239_0019_0027_0066_0066.jpg 1 19 27 66 66
0240_0013_0015_0067_0067.jpg 1 13 15 67 67
0241_0035_0032_0032_0032.jpg 1 35 32 32 32
0242_0042_0016_0041_0041.jpg 1 42 16 41 41
0243_0037_0006_0057_0057.jpg 1 37 6 57 57
0244_0010_0016_0041_0041.jpg 1 10 16 41 41
0245_0006_0017_0053_0053.jpg 1 6 17 53 53
0246_0023_0018_0059_0059.jpg 1 23 18 59 59
0247_0023_0031_0037_0037.jpg 1 23 31 37 37
0248_0062_0028_0030_0030.jpg 1 62 28 30 30
0249_0004_0025_0068_0068.jpg 1 4 25 68 68
0250_0027_0015_0056_0056.jpg 1 27 15 56 56
0251_0017_0018_0068_0068.jpg 1 17 18 68 68
0252_0016_0044_0040_0040.jpg 1 16 44 40 40
0253_0047_0018_0036_0036.jpg 1 47 18 36 36
0254_0026_0038_0053_0053.jpg 1 26 38 53 53
0255_0051_0012_0043_0043.jpg 1 51 12 43 43
0256_0030_0033_0037_0037.jpg 1 30 33 37 37
0257_0018_0010_0067_0067.jpg 1 18 10 67 67
0258_0019_0013_0042_0042.jpg 1 19 13 42 42
0259_0029_0037_0026_0026.jpg 1 29 37 26 26
0260_0014_0059_0029_0029.jpg 1 14 59 29 29
0261_0055_0045_0029_0029.jpg 1 55 45 29 29
0262_0016_0032_0036_0036.jpg 1 16 32 36 36
0263_0035_0031_0033_0033.jpg 1 35 31 33 33
0264_0016_0045_0032_0032.jpg 1 16 45 32 32
0265_0027_0046_0033_0033.jpg 1 27 46 33 33
0266_0021_0018_0042_0042.jpg 1 21 18 42 42
0267_0008_0009_0042_0042.jpg 1 8 9 42 42
0268_0012_0026_0048_0048.jpg 1 12 26 48 48
0269_0024_0019_0060_0060.jpg 1 24 19 60 60
0270_0024_0028_0055_0055.jpg 1 24 28 55 55
0271_0032_0007_0034_0034.jpg 1 32 7 34 34
0272_0032_0026_0064_0064.jpg 1 32 26 64 64
0273_0029_0036_0024_0024.jpg 1 29 36 24 24
0274_0006_0030_0050_0050.jpg 1 6 30 50 50
0275_0023_0017_0059_0059.jpg 1 23 17 59 59
0276_0006_0029_0067_0067.jpg 1 6 29 67 67
0277_0039_0040_0027_0027.jpg 1 39 40 27 27
0278_0033_0012_0054_0054.jpg 1 33 12 54 54
0279_0054_0035_0034_0034.jpg 1 54 35 34 34
0280_0038_0021_0027_0027.jpg 1 38 21 27 27
0281_0044_0038_0037_0037.jpg 1 44 38 37 37
0282_0032_0021_0049_0049.jpg 1 32 21 49 49
0283_0040_0032_0024_0024.jpg 1 40 32 24 24
0284_0017_0017_0066_0066.jpg 1 17 17 66 66
0285_0040_0031_0047_0047.jpg 1 40 31 47 47
0286_0011_0024_0055_0055.jpg 1 11 24 55 55
0287_0016_0009_0065_0065.jpg 1 16 9 65 65
0288_0029_0011_0042_0042.jpg 1 29 11 42 42
0289_0045_0039_0031_0031.jpg 1 45 39 31 31
0290_0036_0019_0048_0048.jpg 1 36 19 48 48
0291_0009_0052_0030_0030.jpg 1 9 52 30 30
0292_0022_0044_0046_0046.jpg 1 22 44 46 46
0293_0068_0019_0024_0024.jpg 1 68 19 24 24
0294_0006_0011_0050_0050.jpg 1 6 11 50 50
0295_0032_0007_0055_0055.jpg 1 32 7 55 55
0296_0064_0047_0027_0027.jpg 1 64 47 27 27
0297_0019_0009_0027_0027.jpg 1 19 9 27 27
0298_0015_0041_0034_0034.jpg 1 15 41 34 34
0299_0014_0030_0038_0038.jpg 1 14 30 38 38
0300_0010_0039_0032_0032.jpg 1 10 39 32 32
0301_0009_0050_0041_0041.jpg 1 9 50 41 41
0302_0017_0047_0032_0032.jpg 1 17 47 32 32
0303_0016_0033_0047_0047.jpg 1 16 33 47 47
0304_0008_0003_0069_0069.jpg 1 8 3 69 69
0305_0017_0012_0045_0045.jpg 1 17 12 45 45
0306_0041_0040_0032_0032.jpg 1 41 40 32 32
0307_0049_0024_0042_0042.jpg 1 49 24 42 42
0308_0037_0035_0031_0031.jpg 1 37 35 31 31
0309_0028_0035_0037_0037.jpg 1 28 35 37 37
0310_0017_0039_0025_0025.jpg 1 17 39 25 25
0311_0027_0020_0047_0047.jpg 1 27 20 47 47
0312_0025_0025_0068_0068.jpg 1 25 25 68 68
0313_0020_0011_0068_0068.jpg 1 20 11 68 68
0314_0051_0038_0034_0034.jpg 1 51 38 34 34
0315_0013_0009_0046_0046.jpg 1 13 9 46 46
0316_0051_0045_0041_0041.jpg 1 51 45 41 41
0317_0006_0024_0045_0045.jpg 1 6 24 45 45
0318_0025_0034_0047_0047.jpg 1 25 34 47 47
0319_0032_0033_0054_0054.jpg 1 32 33 54 54
0320_0008_0004_0059_0059.jpg 1 8 4 59 59
0321_0023_0032_0054_0054.jpg 1 23 32 54 54
0322_0029_0012_0047_0047.jpg 1 29 12 47 47
0323_0028_0021_0058_0058.jpg 1 28 21 58 58
0324_0035_0009_0035_0035.jpg 1 35 9 35 35
0325_0009_0007_0066_0066.jpg 1 9 7 66 66
0326_0036_0044_0036_0036.jpg 1 36 44 36 36
0327_0049_0064_0024_0024.jpg 1 49 64 24 24
0328_0023_0033_0050_0050.jpg 1 23 33 50 50
0329_0016_0021_0055_0055.jpg 1 16 21 55 55
0330_0008_0004_0064_0064.jpg 1 8 4 64 64
0331_0013_0012_0032_0032.jpg 1 13 12 32 32
0332_0025_0008_0059_0059.jpg 1 25 8 59 59
0333_0019_0047_0039_0039.jpg 1 19 47 39 39
0334_0011_0008_0039_0039.jpg 1 11 8 39 39
0335_0024_0010_0068_0068.jpg 1 24 10 68 68
0336_0036_0041_0038_0038.jpg 1 36 41 38 38
0337_0030_0023_0058_0058.jpg 1 30 23 58 58
0338_0052_0060_0032_0032.jpg 1 52 60 32 32
0339_0027_0014_0061_0061.jpg 1 27 14 61 61
0340_0027_0016_0062_0062.jpg 1 27 16 62 62
0341_0025_0031_0056_0056.jpg 1 25 31 56 56
0342_0045_0036_0033_0033.jpg 1 45 36 33 33
0343_0020_0021_0059_0059.jpg 1 20 21 59 59
0344_0053_0015_0028_0028.jpg 1 53 15 28 28
0345_0018_0034_0041_0041.jpg 1 18 34 41 41
0346_0010_0049_0033_0033.jpg 1 10 49 33 33
0347_0042_0024_0042_0042.jpg 1 42 24 42 42
0348_0015_0011_0050_0050.jpg 1 15 11 50 50
0349_0018_0031_0057_0057.jpg 1 18 31 57 57
0350_0046_0010_0029_0029.jpg 1 46 10 29 29
0351_0046_0052_0040_0040.jpg 1 46 52 40 40
0352_0030_0011_0065_0065.jpg 1 30 11 65 65
0353_0017_0015_0031_0031.jpg 1 17 15 31 31
0354_0040_0049_0026_0026.jpg 1 40 49 26 26
0355_0026_0035_0035_0035.jpg 1 26 35 35 35
0356_0030_0026_0059_0059.jpg 1 30 26 59 59
0357_0035_0033_0043_0043.jpg 1 35 33 43 43
0358_0028_0034_0051_0051.jpg 1 28 34 51 51
0359_0026_0016_0069_0069.jpg 1 26 16 69 69
0360_0011_0024_0026_0026.jpg 1 11 24 26 26
0361_0016_0016_0051_0051.jpg 1 16 16 51 51
0362_0024_0007_0060_0060.jpg 1 24 7 60 60
0363_0009_0004_0059_0059.jpg 1 9 4 59 59
0364_0011_0047_0038_0038.jpg 1 11 47 38 38
0365_0015_0023_0049_0049.jpg 1 15 23 49 49
0366_0007_0006_0065_0065.jpg 1 7 6 65 65
0367_0014_0039_0042_0042.jpg 1 14 39 42 42
0368_0048_0018_0033_0033.jpg 1 48 18 33 33
0369_0031_0033_0049_0049.jpg 1 31 33 49 49
0370_0018_0013_0069_0069.jpg 1 18 13 69 69
0371_0005_0018_0047_0047.jpg 1 5 18 47 47
0372_0015_0045_0044_0044.jpg 1 15 45 44 44
0373_0020_0027_0047_0047.jpg 1 20 27 47 47
0374_0005_0033_0062_0062.jpg 1 5 33 62 62
0375_0011_0022_0068_0068.jpg 1 11 22 68 68
0376_0008_0045_0049_0049.jpg 1 8 45 49 49
0377_0030_0007_0063_0063.jpg 1 30 7 63 63
0378_0036_0033_0032_0032.jpg 1 36 33 32 32
0379_0014_0025_0061_0061.jpg 1 14 25 61 61
0380_0017_0033_0052_0052.jpg 1 17 33 52 52
0381_0004_0026_0060_0060.jpg 1 4 26 60 60
0382_0015_0037_0056_0056.jpg 1 15 37 56 56
0383_0024_0009_0059_0059.jpg 1 24 9 59 59
0384_0017_0055_0026_0026.jpg 1 17 55 26 26
0385_0009_0052_0024_0024.jpg 1 9 52 24 24
0386_0016_0012_0054_0054.jpg 1 16 12 54 54
0387_0041_0008_0044_0044.jpg 1 41 8 44 44
0388_0010_0011_0066_0066.jpg 1 10 11 66 66
0389_0031_0026_0043_0043.jpg 1 31 26 43 43
0390_0011_0026_0053_0053.jpg 1 11 26 53 53
0391_0031_0042_0039_0039.jpg 1 31 42 39 39
0392_0017_0021_0049_0049.jpg 1 17 21 49 49
0393_0005_0019_0059_0059.jpg 1 5 19 59 59
0394_0017_0027_0027_0027.jpg 1 17 27 27 27
0395_0006_0020_0068_0068.jpg 1 6 20 68 68
0396_0003_0018_0069_0069.jpg 1 3 18 69 69
0397_0039_0033_0047_0047.jpg 1 39 33 47 47
0398_0024_0041_0028_0028.jpg 1 24 41 28 28
0399_0023_0021_0060_0060.jpg 1 23 21 60 60
0400_0042_0023_0052_0052.jpg 1 42 23 52 52
0401_0022_0007_0053_0053.jpg 1 22 7 53 53
0402_0036_0034_0038_0038.jpg 1 36 34 38 38
0403_0015_0018_0057_0057.jpg 1 15 18 57 57
0404_0043_0032_0034_0034.jpg 1 43 32 34 34
0405_0016_0024_0051_0051.jpg 1 16 24 51 51
0406_0007_0014_0066_0066.jpg 1 7 14 66 66
0407_0022_0005_0048_0048.jpg 1 22 5 48 48
0408_0058_0050_0034_0034.jpg 1 58 50 34 34
0409_0023_0005_0066_0066.jpg 1 23 5 66 66
0410_0020_0018_0063_0063.jpg 1 20 18 63 63
0411_0021_0005_0047_0047.jpg 1 21 5 47 47
0412_0019_0054_0036_0036.jpg 1 19 54 36 36
0413_0014_0011_0042_0042.jpg 1 14 11 42 42
0414_0035_0016_0032_0032.jpg 1 35 16 32 32
0415_0042_0022_0051_0051.jpg 1 42 22 51 51
0416_0013_0034_0026_0026.jpg 1 13 34 26 26
0417_0016_0043_0027_0027.jpg 1 16 43 27 27
0418_0042_0007_0040_0040.jpg 1 42 7 40 40
0419_0008_0021_0063_0063.jpg 1 8 21 63 63
0420_0030_0020_0063_0063.jpg 1 30 20 63 63
0421_0015_0009_0041_0041.jpg 1 15 9 41 41
0422_0012_0042_0052_0052.jpg 1 12 42 52 52
0423_0043_0010_0046_0046.jpg 1 43 10 46 46
0424_0008_0029_0059_0059.jpg 1 8 29 59 59
0425_0040_0023_0052_0052.jpg 1 40 23 52 52
0426_0021_0027_0054_0054.jpg 1 21 27 54 54
0427_0062_0060_0031_0031.jpg 1 62 60 31 31
0428_0009_0012_0028_0028.jpg 1 9 12 28 28
0429_0022_0013_0055_0055.jpg 1 22 13 55 55
0430_0038_0054_0033_0033.jpg 1 38 54 33 33
0431_0007_0008_0063_0063.jpg 1 7 8 63 63
0432_0022_0013_0052_0052.jpg 1 22 13 52 52
0433_0024_0007_0053_0053.jpg 1 24 7 53 53
0434_0021_0023_0069_0069.jpg 1 21 23 69 69
0435_0020_0028_0068_0068.jpg 1 20 28 68 68
0436_0009_0035_0043_0043.jpg 1 9 35 43 43
0437_0044_0043_0045_0045.jpg 1 44 43 45 45
0438_0050_0011_0036_0036.jpg 1 50 11 36 36
0439_0042_0015_0037_0037.jpg 1 42 15 37 37
0440_0035_0020_0055_0055.jpg 1 35 20 55 55
0441_0033_0046_0046_0046.jpg 1 33 46 46 46
0442_0025_0020_0055_0055.jpg 1 25 20 55 55
0443_0005_0024_0050_0050.jpg 1 5 24 50 50
0444_0020_0010_0046_0046.jpg 1 20 10 46 46
0445_0023_0012_0060_0060.jpg 1 23 12 60 60
0446_0016_0021_0066_0066.jpg 1 16 21 66 66
0447_0004_0029_0062_0062.jpg 1 4 29 62 62
0448_0005_0050_0043_0043.jpg 1 5 50 43 43
0449_0042_0035_0041_0041.jpg 1 42 35 41 41
0450_0019_0027_0059_0059.jpg 1 19 27 59 59
0451_0013_0016_0054_0054.jpg 1 13 16 54 54
0452_0024_0038_0051_0051.jpg 1 24 38 51 51
0453_0038_0012_0055_0055.jpg 1 38 12 55 55
0454_0006_0012_0067_0067.jpg 1 6 12 67 67
0455_0030_0020_0064_0064.jpg 1 30 20 64 64
0456_0032_0020_0060_0060.jpg 1 32 20 60 60
0457_0023_0016_0067_0067.jpg 1 23 16 67 67
0458_0020_0015_0055_0055.jpg 1 20 15 55 55
0459_0034_0019_0045_0045.jpg 1 34 19 45 45
0460_0007_0010_0064_0064.jpg 1 7 10 64 64
0461_0007_0029_0060_0060.jpg 1 7 29 60 60
0462_0033_0036_0043_0043.jpg 1 33 36 43 43
0463_0013_0008_0064_0064.jpg 1 13 8 64 64
0464_0030_0008_0060_0060.jpg 1 30 8 60 60
0465_0018_0017_0060_0060.jpg 1 18 17 60 60
0466_0026_0015_0057_0057.jpg 1 26 15 57 57
0467_0014_0009_0029_0029.jpg 1 14 9 29 29
0468_0027_0022_0066_0066.jpg 1 27 22 66 66
0469_0016_0028_0062_0062.jpg 1 16 28 62 62
0470_0014_0033_0059_0059.jpg 1 14 33 59 59
0471_0005_0032_0055_0055.jpg 1 5 32 55 55
0472_0013_0009_0038_0038.jpg 1 13 9 38 38
0473_0040_0009_0035_0035.jpg 1 40 9 35 35
0474_0023_0023_0030_0030.jpg 1 23 23 30 30
0475_0018_0034_0034_0034.jpg 1 18 34 34 34
0476_0007_0027_0069_0069.jpg 1 7 27 69 69
0477_0054_0013_0026_0026.jpg 1 54 13 26 26
0478_0014_0037_0052_0052.jpg 1 14 37 52 52
0479_0025_0041_0033_0033.jpg 1 25 41 33 33
0480_0026_0061_0028_0028.jpg 1 26 61 28 28
0481_0021_0015_0069_0069.jpg 1 21 15 69 69
0482_0013_0036_0041_0041.jpg 1 13 36 41 41
0483_0010_0017_0055_0055.jpg 1 10 17 55 55
0484_0017_0017_0058_0058.jpg 1 17 17 58 58
0485_0015_0035_0056_0056.jpg 1 15 35 56 56
0486_0014_0048_0028_0028.jpg 1 14 48 28 28
0487_0037_0066_0025_0025.jpg 1 37 66 25 25
0488_0021_0035_0054_0054.jpg 1 21 35 54 54
0489_0011_0032_0043_0043.jpg 1 11 32 43 43
0490_0025_0015_0056_0056.jpg 1 25 15 56 56
0491_0020_0024_0051_0051.jpg 1 20 24 51 51
0492_0016_0015_0062_0062.jpg 1 16 15 62 62
0493_0008_0013_0065_0065.jpg 1 8 13 65 65
0494_0008_0030_0032_0032.jpg 1 8 30 32 32
0495_0017_0012_0057_0057.jpg 1 17 12 57 57
0496_0013_0023_0052_0052.jpg 1 13 23 52 52
0497_0026_0032_0039_0039.jpg 1 26 32 39 39
0498_0021_0053_0040_0040.jpg 1 21 53 40 40
0499_0006_0040_0042_0042.jpg 1 6 40 42 42
0500_0027_0032_0038_0038.jpg 1 27 32 38 38
0501_0003_0014_0062_0062.jpg 1 3 14 62 62
0502_0029_0062_0030_0030.jpg 1 29 62 30 30
0503_0005_0018_0064_0064.jpg 1 5 18 64 64
0504_0041_0020_0027_0027.jpg 1 41 20 27 27
0505_0011_0030_0034_0034.jpg 1 11 30 34 34
0506_0051_0046_0036_0036.jpg 1 51 46 36 36
0507_0057_0038_0031_0031.jpg 1 57 38 31 31
0508_0027_0024_0053_0053.jpg 1 27 24 53 53
0509_0033_0021_0062_0062.jpg 1 33 21 62 62
0510_0027_0011_0066_0066.jpg 1 27 11 66 66
0511_0018_0027_0052_0052.jpg 1 18 27 52 52
0512_0026_0020_0063_0063.jpg 1 26 20 63 63
0513_0012_0034_0045_0045.jpg 1 12 34 45 45
0514_0019_0038_0055_0055.jpg 1 19 38 55 55
0515_0040_0027_0042_0042.jpg 1 40 27 42 42
0516_0036_0014_0051_0051.jpg 1 36 14 51 51
0517_0016_0032_0039_0039.jpg 1 16 32 39 39
0518_0048_0035_0024_0024.jpg 1 48 35 24 24
0519_0053_0039_0027_0027.jpg 1 53 39 27 27
0520_0038_0016_0057_0057.jpg 1 38 16 57 57
0521_0035_0015_0057_0057.jpg 1 35 15 57 57
0522_0023_0049_0029_0029.jpg 1 23 49 29 29
0523_0017_0005_0045_0045.jpg 1 17 5 45 45
0524_0028_0056_0036_0036.jpg 1 28 56 36 36
0525_0015_0020_0068_0068.jpg 1 15 20 68 68
0526_0018_0023_0051_0051.jpg 1 18 23 51 51
0527_0050_0037_0035_0035.jpg 1 50 37 35 35
0528_0015_0019_0029_0029.jpg 1 15 19 29 29
0529_0030_0019_0044_0044.jpg 1 30 19 44 44
0530_0012_0007_0029_0029.jpg 1 12 7 29 29
0531_0005_0028_0052_0052.jpg 1 5 28 52 52
0532_0024_0024_0063_0063.jpg 1 24 24 63 63
0533_0017_0014_0035_0035.jpg 1 17 14 35 35
0534_0029_0035_0055_0055.jpg 1 29 35 55 55
0535_0019_0028_0066_0066.jpg 1 19 28 66 66
0536_0011_0033_0025_0025.jpg 1 11 33 25 25
0537_0044_0059_0029_0029.jpg 1 44 59 29 29
0538_0029_0011_0045_0045.jpg 1 29 11 45 45
0539_0021_0056_0032_0032.jpg 1 21 56 32 32
0540_0023_0045_0041_0041.jpg 1 23 45 41 41
0541_0041_0016_0048_0048.jpg 1 41 16 48 48
0542_0025_0031_0056_0056.jpg 1 25 31 56 56
0543_0007_0025_0058_0058.jpg 1 7 25 58 58
0544_0048_0011_0044_0044.jpg 1 48 11 44 44
0545_0018_0014_0042_0042.jpg 1 18 14 42 42
0546_0011_0006_0065_0065.jpg 1 11 6 65 65
0547_0022_0038_0044_0044.jpg 1 22 38 44 44
0548_0025_0026_0060_0060.jpg 1 25 26 60 60
0549_0030_0010_0024_0024.jpg 1 30 10 24 24
0550_0011_0003_0069_0069.jpg 1 11 3 69 69
0551_0040_0029_0049_0049.jpg 1 40 29 49 49
0552_0039_0048_0038_0038.jpg 1 39 48 38 38
0553_0006_0025_0047_0047.jpg 1 6 25 47 47
0554_0022_0018_0040_0040.jpg 1 22 18 40 40
0555_0012_0013_0044_0044.jpg 1 12 13 44 44
0556_0010_0015_0062_0062.jpg 1 10 15 62 62
0557_0009_0025_0054_0054.jpg 1 9 25 54 54
0558_0033_0010_0058_0058.jpg 1 33 10 58 58
0559_0023_0023_0051_0051.jpg 1 23 23 51 51
0560_0030_0029_0048_0048.jpg 1 30 29 48 48
0561_0032_0037_0053_0053.jpg 1 32 37 53 53
0562_0034_0014_0043_0043.jpg 1 34 14 43 43
0563_0020_0016_0039_0039.jpg 1 20 16 39 39
0564_0019_0024_0035_0035.jpg 1 19 24 35 35
0565_0029_0012_0066_0066.jpg 1 29 12 66 66
0566_0012_0026_0041_0041.jpg 1 12 26 41 41
0567_0034_0028_0051_0051.jpg 1 34 28 51 51
0568_0015_0020_0039_0039.jpg 1 15 20 39 39
0569_0013_0012_0027_0027.jpg 1 13 12 27 27
0570_0032_0036_0054_0054.jpg 1 32 36 54 54
0571_0045_0030_0040_0040.jpg 1 45 30 40 40
0572_0009_0013_0056_0056.jpg 1 9 13 56 56
0573_0007_0035_0039_0039.jpg 1 7 35 39 39
0574_0025_0039_0037_0037.jpg 1 25 39 37 37
0575_0045_0058_0034_0034.jpg 1 45 58 34 34
0576_0006_0029_0066_0066.jpg 1 6 29 66 66
0577_0015_0026_0050_0050.jpg 1 15 26 50 50
0578_0021_0047_0047_0047.jpg 1 21 47 47 47
0579_0055_0060_0032_0032.jpg 1 55 60 32 32
0580_0016_0056_0036_0036.jpg 1 16 56 36 36
0581_0046_0019_0037_0037.jpg 1 46 19 37 37
0582_0041_0039_0037_0037.jpg 1 41 39 37 37
0583_0033_0025_0040_0040.jpg 1 33 25 40 40
0584_0037_0036_0049_0049.jpg 1 37 36 49 49
0585_0037_0046_0041_0041.jpg 1 37 46 41 41
0586_0008_0027_0063_0063.jpg 1 8 27 63 63
0587_0003_0017_0065_0065.jpg 1 3 17 65 65
0588_0034_0013_0045_0045.jpg 1 34 13 45 45
0589_0021_0004_0065_0065.jpg 1 21 4 65 65
0590_0036_0009_0033_0033.jpg 1 36 9 33 33
0591_0020_0036_0038_0038.jpg 1 20 36 38 38
0592_0005_0016_0049_0049.jpg 1 5 16 49 49
0593_0012_0015_0049_0049.jpg 1 12 15 49 49
0594_0008_0035_0038_0038.jpg 1 8 35 38 38
0595_0038_0010_0049_0049.jpg 1 38 10 49 49
0596_0014_0026_0037_0037.jpg 1 14 26 37 37
0597_0043_0058_0034_0034.jpg 1 43 58 34 34
0598_0013_0051_0042_0042.jpg 1 13 51 42 42
0599_0044_0020_0025_0025.jpg 1 44 20 25 25
0600_0014_0012_0028_0028.jpg 1 14 12 28 28
0601_0031_0051_0033_0033.jpg 1 31 51 33 33
0602_0004_0004_0058_0058.jpg 1 4 4 58 58
0603_0021_0064_0028_0028.jpg 1 21 64 28 28
0604_0042_0040_0031_0031.jpg 1 42 40 31 31
0605_0026_0010_0051_0051.jpg 1 26 10 51 51
0606_0015_0032_0029_0029.jpg 1 15 32 29 29
0607_0021_0029_0056_0056.jpg 1 21 29 56 56
0608_0067_0020_0024_0024.jpg 1 67 20 24 24
0609_0041_0045_0039_0039.jpg 1 41 45 39 39
0610_0036_0041_0026_0026.jpg 1 36 41 26 26
0611_0009_0012_0062_0062.jpg 1 9 12 62 62
0612_0040_0042_0051_0051.jpg 1 40 42 51 51
0613_0004_0024_0067_0067.jpg 1 4 24 67 67
0614_0016_0010_0063_0063.jpg 1 16 10 63 63
0615_0010_0024_0047_0047.jpg 1 10 24 47 47
0616_0016_0011_0060_0060.jpg 1 16 11 60 60
0617_0016_0036_0059_0059.jpg 1 16 36 59 59
0618_0052_0063_0026_0026.jpg 1 52 63 26 26
0619_0050_0026_0031_0031.jpg 1 50 26 31 31
0620_0024_0040_0055_0055.jpg 1 24 40 55 55
0621_0043_0048_0036_0036.jpg 1 43 48 36 36
0622_0036_0040_0036_0036.jpg 1 36 40 36 36
0623_0013_0020_0045_0045.jpg 1 13 20 45 45
0624_0013_0033_0055_0055.jpg 1 13 33 55 55
0625_0030_0042_0043_0043.jpg 1 30 42 43 43
0626_0015_0006_0065_0065.jpg 1 15 6 65 65
0627_0016_0005_0057_0057.jpg 1 16 5 57 57
0628_0026_0032_0056_0056.jpg 1 26 32 56 56
0629_0030_0033_0037_0037.jpg 1 30 33 37 37
0630_0024_0028_0058_0058.jpg 1 24 28 58 58
0631_0024_0012_0059_0059.jpg 1 24 12 59 59
0632_0027_0003_0069_0069.jpg 1 27 3 69 69
0633_0020_0014_0024_0024.jpg 1 20 14 24 24
0634_0044_0055_0026_0026.jpg 1 44 55 26 26
0635_0018_0037_0052_0052.jpg 1 18 37 52 52
0636_0032_0033_0035_0035.jpg 1 32 33 35 35
0637_0030_0041_0040_0040.jpg 1 30 41 40 40
0638_0009_0007_0032_0032.jpg 1 9 7 32 32
0639_0028_0011_0038_0038.jpg 1 28 11 38 38
0640_0011_0006_0061_0061.jpg 1 11 6 61 61
0641_0018_0045_0045_0045.jpg 1 18 45 45 45
0642_0021_0046_0030_0030.jpg 1 21 46 30 30
0643_0022_0014_0053_0053.jpg 1 22 14 53 53
0644_0012_0011_0040_0040.jpg 1 12 11 40 40
0645_0037_0049_0033_0033.jpg 1 37 49 33 33
0646_0035_0030_0045_0045.jpg 1 35 30 45 45
0647_0019_0012_0061_0061.jpg 1 19 12 61 61
0648_0020_0050_0041_0041.jpg 1 20 50 41 41
0649_0037_0049_0043_0043.jpg 1 37 49 43 43
0650_0013_0049_0034_0034.jpg 1 13 49 34 34
0651_0026_0037_0057_0057.jpg 1 26 37 57 57
0652_0048_0038_0024_0024.jpg 1 48 38 24 24
0653_0010_0027_0060_0060.jpg 1 10 27 60 60
0654_0057_0055_0030_0030.jpg 1 57 55 30 30
0655_0018_0047_0043_0043.jpg 1 18 47 43 43
0656_0015_0033_0042_0042.jpg 1 15 33 42 42
0657_0018_0044_0051_0051.jpg 1 18 44 51 51
0658_0060_0031_0027_0027.jpg 1 60 31 27 27
0659_0021_0021_0061_0061.jpg 1 21 21 61 61
0660_0029_0026_0028_0028.jpg 1 29 26 28 28
0661_0025_0006_0038_0038.jpg 1 25 6 38 38
0662_0025_0021_0045_0045.jpg 1 25 21 45 45
0663_0035_0014_0032_0032.jpg 1 35 14 32 32
0664_0029_0014_0056_0056.jpg 1 29 14 56 56
0665_0019_0050_0038_0038.jpg 1 19 50 38 38
0666_0029_0030_0052_0052.jpg 1 29 30 52 52
0667_0048_0011_0037_0037.jpg 1 48 11 37 37
0668_0038_0044_0040_0040.jpg 1 38 44 40 40
0669_0032_0035_0061_0061.jpg 1 32 35 61 61
0670_0022_0027_0067_0067.jpg 1 22 27 67 67
0671_0010_0011_0039_0039.jpg 1 10 11 39 39
0672_0028_0028_0047_0047.jpg 1 28 28 47 47
0673_0032_0012_0048_0048.jpg 1 32 12 48 48
0674_0025_0022_0053_0053.jpg 1 25 22 53 53
0675_0032_0013_0027_0027.jpg 1 32 13 27 27
0676_0007_0021_0067_0067.jpg 1 7 21 67 67
0677_0025_0022_0064_0064.jpg 1 25 22 64 64
0678_0007_0019_0037_0037.jpg 1 7 19 37 37
0679_0036_0017_0039_0039.jpg 1 36 17 39 39
0680_0015_0011_0050_0050.jpg 1 15 11 50 50
0681_0019_0033_0055_0055.jpg 1 19 33 55 55
0682_0024_0052_0030_0030.jpg 1 24 52 30 30
0683_0053_0049_0036_0036.jpg 1 53 49 36 36
0684_0052_0058_0030_0030.jpg 1 52 58 30 30
0685_0017_0026_0031_0031.jpg 1 17 26 31 31
0686_0032_0040_0039_0039.jpg 1 32 40 39 39
0687_0022_0020_0028_0028.jpg 1 22 20 28 28
0688_0060_0054_0024_0024.jpg 1 60 54 24 24
0689_0025_0014_0053_0053.jpg 1 25 14 53 53
0690_0060_0052_0031_0031.jpg 1 60 52 31 31
0691_0008_0018_0026_0026.jpg 1 8 18 26 26
0692_0021_0023_0054_0054.jpg 1 21 23 54 54
0693_0037_0052_0041_0041.jpg 1 37 52 41 41
0694_0060_0018_0029_0029.jpg 1 60 18 29 29
0695_0060_0029_0026_0026.jpg 1 60 29 26 26
0696_0024_0013_0041_0041.jpg 1 24 13 41 41
0697_0015_0041_0035_0035.jpg 1 15 41 35 35
0698_0044_0053_0040_0040.jpg 1 44 53 40 40
0699_0007_0029_0041_0041.jpg 1 7 29 41 41
0700_0030_0011_0055_0055.jpg 1 30 11 55 55
0701_0010_0013_0052_0052.jpg 1 10 13 52 52
0702_0020_0008_0050_0050.jpg 1 20 8 50 50
0703_0004_0020_0061_0061.jpg 1 4 20 61 61
0704_0037_0038_0030_0030.jpg 1 37 38 30 30
0705_0033_0018_0036_0036.jpg 1 33 18 36 36
0706_0027_0034_0042_0042.jpg 1 27 34 42 42
0707_0051_0043_0030_0030.jpg 1 51 43 30 30
0708_0013_0006_0047_0047.jpg 1 13 6 47 47
0709_0011_0009_0066_0066.jpg 1 11 9 66 66
0710_0028_0026_0062_0062.jpg 1 28 26 62 62
0711_0033_0036_0054_0054.jpg 1 33 36 54 54
0712_0009_0007_0066_0066.jpg 1 9 7 66 66
0713_0010_0011_0041_0041.jpg 1 10 11 41 41
0714_0007_0031_0060_0060.jpg 1 7 31 60 60
0715_0019_0007_0036_0036.jpg 1 19 7 36 36
0716_0007_0034_0060_0060.jpg 1 7 34 60 60
0717_0049_0026_0024_0024.jpg 1 49 26 24 24
0718_0023_0031_0056_0056.jpg 1 23 31 56 56
0719_0030_0010_0062_0062.jpg 1 30 10 62 62
0720_0036_0029_0035_0035.jpg 1 36 29 35 35
0721_0014_0039_0046_0046.jpg 1 14 39 46 46
0722_0049_0019_0030_0030.jpg 1 49 19 30 30
0723_0007_0032_0049_0049.jpg 1 7 32 49 49
0724_0032_0038_0040_0040.jpg 1 32 38 40 40
0725_0043_0025_0051_0051.jpg 1 43 25 51 51
0726_0013_0010_0055_0055.jpg 1 13 10 55 55
0727_0009_0031_0062_0062.jpg 1 9 31 62 62
0728_0011_0039_0034_0034.jpg 1 11 39 34 34
0729_0007_0044_0027_0027.jpg 1 7 44 27 27
0730_0049_0030_0026_0026.jpg 1 49 30 26 26
0731_0030_0020_0044_0044.jpg 1 30 20 44 44
0732_0056_0017_0027_0027.jpg 1 56 17 27 27
0733_0004_0026_0061_0061.jpg 1 4 26 61 61
0734_0016_0030_0035_0035.jpg 1 16 30 35 35
0735_0009_0012_0052_0052.jpg 1 9 12 52 52
0736_0040_0043_0049_0049.jpg 1 40 43 49 49
0737_0043_0046_0030_0030.jpg 1 43 46 30 30
0738_0058_0021_0027_0027.jpg 1 58 21 27 27
0739_0005_0041_0049_0049.jpg 1 5 41 49 49
0740_0047_0027_0044_0044.jpg 1 47 27 44 44
0741_0017_0034_0046_0046.jpg 1 17 34 46 46
0742_0018_0023_0066_0066.jpg 1 18 23 66 66
0743_0020_0034_0043_0043.jpg 1 20 34 43 43
0744_0011_0022_0041_0041.jpg 1 11 22 41 41
0745_0049_0051_0030_0030.jpg 1 49 51 30 30
0746_0046_0023_0037_0037.jpg 1 46 23 37 37
0747_0019_0006_0054_0054.jpg 1 19 6 54 54
0748_0018_0019_0068_0068.jpg 1 18 19 68 68
0749_0032_0029_0041_0041.jpg 1 32 29 41 41
0750_0020_0006_0062_0062.jpg 1 20 6 62 62
0751_0049_0057_0033_0033.jpg 1 49 57 33 33
0752_0016_0026_0036_0036.jpg 1 16 26 36 36
0753_0024_0025_0048_0048.jpg 1 24 25 48 48
0754_0016_0052_0032_0032.jpg 1 16 52 32 32
0755_0006_0040_0040_0040.jpg 1 6 40 40 40
0756_0022_0006_0068_0068.jpg 1 22 6 68 68
0757_0025_0034_0026_0026.jpg 1 25 34 26 26
0758_0009_0039_0049_0049.jpg 1 9 39 49 49
0759_0011_0029_0032_0032.jpg 1 11 29 32 32
0760_0006_0008_0068_0068.jpg 1 6 8 68 68
0761_0016_0042_0040_0040.jpg 1 16 42 40 40
0762_0020_0008_0062_0062.jpg 1 20 8 62 62
0763_0046_0017_0046_0046.jpg 1 46 17 46 46
0764_0061_0041_0025_0025.jpg 1 61 41 25 25
0765_0050_0019_0036_0036.jpg 1 50 19 36 36
0766_0006_0017_0069_0069.jpg 1 6 17 69 69
0767_0030_0033_0062_0062.jpg 1 30 33 62 62
0768_0005_0025_0048_0048.jpg 1 5 25 48 48
0769_0064_0029_0025_0025.jpg 1 64 29 25 25
0770_0027_0044_0050_0050.jpg 1 27 44 50 50
0771_0021_0042_0037_0037.jpg 1 21 42 37 37
0772_0020_0023_0029_0029.jpg 1 20 23 29 29
0773_0032_0010_0054_0054.jpg 1 32 10 54 54
0774_0047_0043_0038_0038.jpg 1 47 43 38 38
0775_0031_0008_0065_0065.jpg 1 31 8 65 65
0776_0034_0022_0048_0048.jpg 1 34 22 48 48
0777_0038_0028_0053_0053.jpg 1 38 28 53 53
0778_0015_0009_0051_0051.jpg 1 15 9 51 51
0779_0003_0012_0067_0067.jpg 1 3 12 67 67
0780_0029_0035_0051_0051.jpg 1 29 35 51 51
0781_0038_0051_0028_0028.jpg 1 38 51 28 28
0782_0032_0053_0031_0031.jpg 1 32 53 31 31
0783_0013_0046_0031_0031.jpg 1 13 46 31 31
0784_0031_0031_0064_0064.jpg 1 31 31 64 64
0785_0040_0049_0040_0040.jpg 1 40 49 40 40
0786_0027_0029_0051_0051.jpg 1 27 29 51 51
0787_0021_0007_0069_0069.jpg 1 21 7 69 69
0788_0019_0010_0055_0055.jpg 1 19 10 55 55
0789_0024_0007_0057_0057.jpg 1 24 7 57 57
0790_0018_0016_0069_0069.jpg 1 18 16 69 69
0791_0017_0021_0028_0028.jpg 1 17 21 28 28
0792_0036_0022_0042_0042.jpg 1 36 22 42 42
0793_0043_0009_0032_0032.jpg 1 43 9 32 32
0794_0029_0011_0042_0042.jpg 1 29 11 42 42
0795_0007_0018_0056_0056.jpg 1 7 18 56 56
0796_0009_0028_0063_0063.jpg 1 9 28 63 63
0797_0004_0016_0059_0059.jpg 1 4 16 59 59
0798_0040_0036_0038_0038.jpg 1 40 36 38 38
0799_0030_0023_0048_0048.jpg 1 30 23 48 48
0800_0051_0063_0026_0026.jpg 1 51 63 26 26
0801_0037_0033_0042_0042.jpg 1 37 33 42 42
0802_0028_0013_0052_0052.jpg 1 28 13 52 52
0803_0041_0022_0053_0053.jpg 1 41 22 53 53
0804_0007_0025_0063_0063.jpg 1 7 25 63 63
0805_0062_0056_0028_0028.jpg 1 62 56 28 28
0806_0028_0021_0061_0061.jpg 1 28 21 61 61
0807_0028_0011_0068_0068.jpg 1 28 11 68 68
0808_0024_0027_0054_0054.jpg 1 24 27 54 54
0809_0025_0009_0039_0039.jpg 1 25 9 39 39
0810_0044_0032_0049_0049.jpg 1 44 32 49 49
0811_0025_0008_0063_0063.jpg 1 25 8 63 63
0812_0033_0038_0051_0051.jpg 1 33 38 51 51
0813_0025_0017_0036_0036.jpg 1 25 17 36 36
0814_0017_0022_0041_0041.jpg 1 17 22 41 41
0815_0053_0026_0038_0038.jpg 1 53 26 38 38
0816_0049_0010_0024_0024.jpg 1 49 10 24 24
0817_0051_0020_0041_0041.jpg 1 51 20 41 41
0818_0030_0034_0043_0043.jpg 1 30 34 43 43
0819_0008_0021_0052_0052.jpg 1 8 21 52 52
0820_0018_0010_0033_0033.jpg 1 18 10 33 33
0821_0021_0011_0065_0065.jpg 1 21 11 65 65
0822_0018_0030_0047_0047.jpg 1 18 30 47 47
0823_0012_0051_0042_0042.jpg 1 12 51 42 42
0824_0038_0007_0054_0054.jpg 1 38 7 54 54
0825_0037_0033_0046_0046.jpg 1 37 33 46 46
0826_0012_0025_0062_0062.jpg 1 12 25 62 62
0827_0042_0013_0034_0034.jpg 1 42 13 34 34
0828_0015_0004_0059_0059.jpg 1 15 4 59 59
0829_0058_0018_0026_0026.jpg 1 58 18 26 26
0830_0020_0034_0059_0059.jpg 1 20 34 59 59
0831_0005_0006_0067_0067.jpg 1 5 6 67 67
0832_0015_0014_0051_0051.jpg 1 15 14 51 51
0833_0023_0027_0067_0067.jpg 1 23 27 67 67
0834_0041_0046_0037_0037.jpg 1 41 46 37 37
0835_0029_0031_0065_0065.jpg 1 29 31 65 65
0836_0029_0021_0053_0053.jpg 1 29 21 53 53
0837_0060_0009_0030_0030.jpg 1 60 9 30 30
0838_0008_0017_0041_0041.jpg 1 8 17 41 41
0839_0023_0005_0045_0045.jpg 1 23 5 45 45
0840_0012_0038_0047_0047.jpg 1 12 38 47 47
0841_0021_0010_0069_0069.jpg 1 21 10 69 69
0842_0005_0004_0060_0060.jpg 1 5 4 60 60
0843_0060_0016_0024_0024.jpg 1 60 16 24 24
0844_0046_0013_0043_0043.jpg 1 46 13 43 43
0845_0027_0013_0048_0048.jpg 1 27 13 48 48
0846_0022_0025_0053_0053.jpg 1 22 25 53 53
0847_0027_0015_0052_0052.jpg 1 27 15 52 52
0848_0021_0012_0067_0067.jpg 1 21 12 67 67
0849_0049_0007_0033_0033.jpg 1 49 7 33 33
0850_0048_0029_0032_0032.jpg 1 48 29 32 32
0851_0008_0028_0036_0036.jpg 1 8 28 36 36
0852_0028_0004_0066_0066.jpg 1 28 4 66 66
0853_0037_0021_0057_0057.jpg 1 37 21 57 57
0854_0059_0037_0030_0030.jpg 1 59 37 30 30
0855_0038_0018_0048_0048.jpg 1 38 18 48 48
0856_0016_0004_0069_0069.jpg 1 16 4 69 69
0857_0021_0020_0059_0059.jpg 1 21 20 59 59
0858_0014_0023_0066_0066.jpg 1 14 23 66 66
0859_0040_0055_0027_0027.jpg 1 40 55 27 27
0860_0008_0017_0044_0044.jpg 1 8 17 44 44
0861_0033_0024_0043_0043.jpg 1 33 24 43 43
0862_0041_0031_0053_0053.jpg 1 41 31 53 53
0863_0020_0038_0050_0050.jpg 1 20 38 50 50
0864_0028_0015_0040_0040.jpg 1 28 15 40 40
0865_0006_0033_0051_0051.jpg 1 6 33 51 51
0866_0011_0016_0064_0064.jpg 1 11 16 64 64
0867_0029_0058_0025_0025.jpg 1 29 58 25 25
0868_0041_0023_0032_0032.jpg 1 41 23 32 32
0869_0048_0049_0031_0031.jpg 1 48 49 31 31
0870_0022_0033_0050_0050.jpg 1 22 33 50 50
0871_0025_0017_0041_0041.jpg 1 25 17 41 41
0872_0024_0033_0034_0034.jpg 1 24 33 34 34
0873_0032_0025_0052_0052.jpg 1 32 25 52 52
0874_0058_0023_0028_0028.jpg 1 58 23 28 28
0875_0041_0039_0049_0049.jpg 1 41 39 49 49
0876_0009_0020_0039_0039.jpg 1 9 20 39 39
0877_0029_0015_0061_0061.jpg 1 29 15 61 61
0878_0034_0037_0053_0053.jpg 1 34 37 53 53
0879_0011_0029_0037_0037.jpg 1 11 29 37 37
0880_0049_0011_0028_0028.jpg 1 49 11 28 28
0881_0057_0033_0033_0033.jpg 1 57 33 33 33
0882_0006_0008_0067_0067.jpg 1 6 8 67 67
0883_0013_0013_0066_0066.jpg 1 13 13 66 66
0884_0030_0019_0065_0065.jpg 1 30 19 65 65
0885_0033_0022_0027_0027.jpg 1 33 22 27 27
0886_0044_0051_0034_0034.jpg 1 44 51 34 34
0887_0024_0027_0038_0038.jpg 1 24 27 38 38
0888_0018_0008_0063_0063.jpg 1 18 8 63 63
0889_0018_0020_0065_0065.jpg 1 18 20 65 65
0890_0033_0025_0042_0042.jpg 1 33 25 42 42
0891_0045_0033_0028_0028.jpg 1 45 33 28 28
0892_0014_0026_0051_0051.jpg 1 14 26 51 51
0893_0040_0025_0038_0038.jpg 1 40 25 38 38
0894_0017_0023_0066_0066.jpg 1 17 23 66 66
0895_0037_0048_0045_0045.jpg 1 37 48 45 45
0896_0008_0057_0031_0031.jpg 1 8 57 31 31
0897_0006_0024_0059_0059.jpg 1 6 24 59 59
0898_0028_0025_0066_0066.jpg 1 28 25 66 66
0899_0008_0038_0037_0037.jpg 1 8 38 37 37
0900_0035_0020_0043_0043.jpg 1 35 20 43 43
0901_0038_0036_0049_0049.jpg 1 38 36 49 49
0902_0034_0014_0050_0050.jpg 1 34 14 50 50
0903_0019_0026_0061_0061.jpg 1 19 26 61 61
0904_0013_0052_0032_0032.jpg 1 13 52 32 32
0905_0004_0034_0061_0061.jpg 1 4 34 61 61
0906_0003_0025_0069_0069.jpg 1 3 25 69 69
0907_0017_0012_0049_0049.jpg 1 17 12 49 49
0908_0035_0033_0057_0057.jpg 1 35 33 57 57
0909_0023_0014_0035_0035.jpg 1 23 14 35 35
0910_0032_0019_0052_0052.jpg 1 32 19 52 52
0911_0037_0043_0045_0045.jpg 1 37 43 45 45
0912_0053_0010_0035_0035.jpg 1 53 10 35 35
0913_0007_0025_0061_0061.jpg 1 7 25 61 61
0914_0036_0036_0055_0055.jpg 1 36 36 55 55
0915_0039_0054_0029_0029.jpg 1 39 54 29 29
0916_0011_0034_0055_0055.jpg 1 11 34 55 55
0917_0034_0014_0053_0053.jpg 1 34 14 53 53
0918_0046_0045_0035_0035.jpg 1 46 45 35 35
0919_0050_0020_0033_0033.jpg 1 50 20 33 33
0920_0024_0045_0046_0046.jpg 1 24 45 46 46
0921_0027_0063_0026_0026.jpg 1 27 63 26 26
0922_0052_0052_0034_0034.jpg 1 52 52 34 34
0923_0033_0024_0037_0037.jpg 1 33 24 37 37
0924_0007_0037_0035_0035.jpg 1 7 37 35 35
0925_0009_0011_0032_0032.jpg 1 9 11 32 32
0926_0034_0027_0032_0032.jpg 1 34 27 32 32
0927_0044_0021_0043_0043.jpg 1 44 21 43 43
0928_0058_0022_0034_0034.jpg 1 58 22 34 34
0929_0012_0012_0061_0061.jpg 1 12 12 61 61
0930_0015_0014_0069_0069.jpg 1 15 14 69 69
0931_0037_0021_0054_0054.jpg 1 37 21 54 54
0932_0011_0025_0050_0050.jpg 1 11 25 50 50
0933_0032_0011_0035_0035.jpg 1 32 11 35 35
0934_0063_0029_0029_0029.jpg 1 63 29 29 29
0935_0004_0015_0068_0068.jpg 1 4 15 68 68
0936_0012_0011_0041_0041.jpg 1 12 11 41 41
0937_0022_0014_0038_0038.jpg 1 22 14 38 38
0938_0014_0007_0048_0048.jpg 1 14 7 48 48
0939_0026_0006_0034_0034.jpg 1 26 6 34 34
0940_0041_0039_0050_0050.jpg 1 41 39 50 50
0941_0008_0053_0028_0028.jpg 1 8 53 28 28
0942_0014_0022_0061_0061.jpg 1 14 22 61 61
0943_0013_0008_0064_0064.jpg 1 13 8 64 64
0944_0052_0044_0029_0029.jpg 1 52 44 29 29
0945_0044_0028_0050_0050.jpg 1 44 28 50 50
0946_0008_0016_0056_0056.jpg 1 8 16 56 56
0947_0047_0028_0033_0033.jpg 1 47 28 33 33
0948_0052_0027_0024_0024.jpg 1 52 27 24 24
0949_0013_0050_0032_0032.jpg 1 13 50 32 32
0950_0048_0034_0033_0033.jpg 1 48 34 33 33
0951_0030_0029_0062_0062.jpg 1 30 29 62 62
0952_0012_0014_0025_0025.jpg 1 12 14 25 25
0953_0007_0008_0050_0050.jpg 1 7 8 50 50
0954_0011_0011_0054_0054.jpg 1 11 11 54 54
0955_0012_0017_0056_0056.jpg 1 12 17 56 56
0956_0055_0034_0024_0024.jpg 1 55 34 24 24
0957_0012_0016_0061_0061.jpg 1 12 16 61 61
0958_0039_0008_0053_0053.jpg 1 39 8 53 53
0959_0009_0045_0031_0031.jpg 1 9 45 31 31
0960_0050_0018_0030_0030.jpg 1 50 18 30 30
0961_0025_0044_0039_0039.jpg 1 25 44 39 39
0962_0021_0021_0049_0049.jpg 1 21 21 49 49
0963_0019_0007_0057_0057.jpg 1 19 7 57 57
0964_0025_0021_0047_0047.jpg 1 25 21 47 47
0965_0022_0009_0058_0058.jpg 1 22 9 58 58
0966_0034_0042_0049_0049.jpg 1 34 42 49 49
0967_0036_0007_0041_0041.jpg 1 36 7 41 41
0968_0017_0021_0051_0051.jpg 1 17 21 51 51
0969_0027_0015_0067_0067.jpg 1 27 15 67 67
0970_0044_0063_0029_0029.jpg 1 44 63 29 29
0971_0040_0035_0044_0044.jpg 1 40 35 44 44
0972_0027_0033_0060_0060.jpg 1 27 33 60 60
0973_0026_0030_0055_0055.jpg 1 26 30 55 55
0974_0017_0027_0045_0045.jpg 1 17 27 45 45
0975_0019_0015_0045_0045.jpg 1 19 15 45 45
0976_0015_0003_0066_0066.jpg 1 15 3 66 66
0977_0049_0023_0043_0043.jpg 1 49 23 43 43
0978_0026_0017_0050_0050.jpg 1 26 17 50 50
0979_0025_0039_0038_0038.jpg 1 25 39 38 38
0980_0036_0040_0055_0055.jpg 1 36 40 55 55
0981_0045_0010_0039_0039.jpg 1 45 10 39 39
0982_0040_0029_0034_0034.jpg 1 40 29 34 34
0983_0009_0032_0028_0028.jpg 1 9 32 28 28
0984_0038_0040_0033_0033.jpg 1 38 40 33 33
0985_0013_0013_0062_0062.jpg 1 13 13 62 62
0986_0005_0015_0068_0068.jpg 1 5 15 68 68
0987_0030_0024_0052_0052.jpg 1 30 24 52 52
0988_0039_0042_0051_0051.jpg 1 39 42 51 51
0989_0054_0046_0033_0033.jpg 1 54 46 33 33
0990_0011_0020_0067_0067.jpg 1 11 20 67 67
0991_0046_0041_0047_0047.jpg 1 46 41 47 47
0992_0033_0026_0056_0056.jpg 1 33 26 56 56
0993_0019_0007_0056_0056.jpg 1 19 7 56 56
0994_0016_0048_0036_0036.jpg 1 16 48 36 36
0995_0024_0044_0042_0042.jpg 1 24 44 42 42
0996_0012_0015_0069_0069.jpg 1 12 15 69 69
0997_0042_0029_0044_0044.jpg 1 42 29 44 44
0998_0005_0022_0058_0058.jpg 1 5 22 58 58
0999_0041_0008_0031_0031.jpg 1 41 8 31 31
1000_0034_0029_0059_0059.jpg 1 34 29 59 59
1001_0033_0037_0049_0049.jpg 1 33 37 49 49
1002_0008_0005_0050_0050.jpg 1 8 5 50 50
1003_0038_0014_0052_0052.jpg 1 38 14 52 52
1004_0021_0015_0043_0043.jpg 1 21 15 43 43
1005_0036_0014_0031_0031.jpg 1 36 14 31 31
1006_0017_0015_0053_0053.jpg 1 17 15 53 53
1007_0021_0027_0059_0059.jpg 1 21 27 59 59
1008_0024_0035_0048_0048.jpg 1 24 35 48 48
1009_0008_0058_0030_0030.jpg 1 8 58 30 30
1010_0051_0031_0039_0039.jpg 1 51 31 39 39
1011_0006_0005_0048_0048.jpg 1 6 5 48 48
1012_0034_0018_0052_0052.jpg 1 34 18 52 52
1013_0034_0013_0059_0059.jpg 1 34 13 59 59
1014_0014_0024_0065_0065.jpg 1 14 24 65 65
1015_0031_0035_0047_0047.jpg 1 31 35 47 47
1016_0014_0047_0046_0046.jpg 1 14 47 46 46
1017_0023_0037_0032_0032.jpg 1 23 37 32 32
1018_0020_0045_0027_0027.jpg 1 20 45 27 27
1019_0043_0024_0024_0024.jpg 1 43 24 24 24
1020_0020_0009_0032_0032.jpg 1 20 9 32 32
1021_0024_0020_0060_0060.jpg 1 24 20 60 60
1022_0012_0017_0065_0065.jpg 1 12 17 65 65
1023_0023_0015_0061_0061.jpg 1 23 15 61 61
1024_0029_0011_0049_0049.jpg 1 29 11 49 49
1025_0033_0009_0041_0041.jpg 1 33 9 41 41
1026_0010_0044_0033_0033.jpg 1 10 44 33 33
1027_0044_0051_0038_0038.jpg 1 44 51 38 38
1028_0017_0014_0037_0037.jpg 1 17 14 37 37
1029_0018_0035_0054_0054.jpg 1 18 35 54 54
1030_0020_0040_0040_0040.jpg 1 20 40 40 40
1031_0031_0023_0058_0058.jpg 1 31 23 58 58
1032_0026_0047_0030_0030.jpg 1 26 47 30 30
1033_0017_0052_0038_0038.jpg 1 17 52 38 38
1034_0025_0014_0060_0060.jpg 1 25 14 60 60
1035_0034_0048_0037_0037.jpg 1 34 48 37 37
1036_0050_0007_0037_0037.jpg 1 50 7 37 37
1037_0026_0022_0066_0066.jpg 1 26 22 66 66
1038_0046_0031_0024_0024.jpg 1 46 31 24 24
1039_0013_0008_0042_0042.jpg 1 13 8 42 42
1040_0021_0013_0061_0061.jpg 1 21 13 61 61
1041_0029_0034_0047_0047.jpg 1 29 34 47 47
1042_0005_0025_0065_0065.jpg 1 5 25 65 65
1043_0006_0050_0041_0041.jpg 1 6 50 41 41
1044_0037_0032_0033_0033.jpg 1 37 32 33 33
1045_0037_0021_0055_0055.jpg 1 37 21 55 55
1046_0018_0051_0033_0033.jpg 1 18 51 33 33
1047_0038_0016_0051_0051.jpg 1 38 16 51 51
1048_0030_0024_0065_0065.jpg 1 30 24 65 65
1049_0020_0036_0046_0046.jpg 1 20 36 46 46
1050_0009_0011_0056_0056.jpg 1 9 11 56 56
1051_0015_0032_0051_0051.jpg 1 15 32 51 51
1052_0012_0030_0060_0060.jpg 1 12 30 60 60
1053_0042_0019_0035_0035.jpg 1 42 19 35 35
1054_0009_0041_0046_0046.jpg 1 9 41 46 46
1055_0025_0006_0062_0062.jpg 1 25 6 62 62
1056_0025_0023_0035_0035.jpg 1 25 23 35 35
1057_0010_0017_0048_0048.jpg 1 10 17 48 48
1058_0038_0014_0038_0038.jpg 1 38 14 38 38
1059_0012_0021_0053_0053.jpg 1 12 21 53 53
1060_0026_0014_0068_0068.jpg 1 26 14 68 68
1061_0032_0027_0054_0054.jpg 1 32 27 54 54
1062_0034_0011_0056_0056.jpg 1 34 11 56 56
1063_0014_0008_0065_0065.jpg 1 14 8 65 65
1064_0024_0043_0039_0039.jpg 1 24 43 39 39
1065_0047_0047_0040_0040.jpg 1 47 47 40 40
1066_0038_0024_0041_0041.jpg 1 38 24 41 41
1067_0025_0006_0064_0064.jpg 1 25 6 64 64
1068_0021_0036_0031_0031.jpg 1 21 36 31 31
1069_0030_0014_0057_0057.jpg 1 30 14 57 57
1070_0017_0064_0026_0026.jpg 1 17 64 26 26
1071_0023_0025_0026_0026.jpg 1 23 25 26 26
1072_0010_0022_0033_0033.jpg 1 10 22 33 33
1073_0037_0036_0050_0050.jpg 1 37 36 50 50
1074_0026_0034_0035_0035.jpg 1 26 34 35 35
1075_0031_0014_0051_0051.jpg 1 31 14 51 51
1076_0009_0020_0051_0051.jpg 1 9 20 51 51
1077_0019_0022_0053_0053.jpg 1 19 22 53 53
1078_0018_0030_0046_0046.jpg 1 18 30 46 46
1079_0009_0025_0039_0039.jpg 1 9 25 39 39
1080_0052_0049_0039_0039.jpg 1 52 49 39 39
1081_0008_0016_0046_0046.jpg 1 8 16 46 46
1082_0011_0048_0046_0046.jpg 1 11 48 46 46
1083_0019_0023_0063_0063.jpg 1 19 23 63 63
1084_0009_0029_0066_0066.jpg 1 9 29 66 66
1085_0033_0020_0055_0055.jpg 1 33 20 55 55
1086_0042_0047_0038_0038.jpg 1 42 47 38 38
1087_0008_0005_0068_0068.jpg 1 8 5 68 68
1088_0060_0048_0029_0029.jpg 1 60 48 29 29
1089_0033_0011_0037_0037.jpg 1 33 11 37 37
1090_0041_0015_0052_0052.jpg 1 41 15 52 52
1091_0026_0031_0033_0033.jpg 1 26 31 33 33
1092_0045_0010_0036_0036.jpg 1 45 10 36 36
1093_0023_0017_0053_0053.jpg 1 23 17 53 53
1094_0019_0013_0056_0056.jpg 1 19 13 56 56
1095_0021_0025_0045_0045.jpg 1 21 25 45 45
1096_0008_0020_0027_0027.jpg 1 8 20 27 27
1097_0015_0031_0063_0063.jpg 1 15 31 63 63
1098_0023_0026_0039_0039.jpg 1 23 26 39 39
1099_0030_0034_0060_0060.jpg 1 30 34 60 60
1100_0014_0055_0036_0036.jpg 1 14 55 36 36
1101_0011_0037_0038_0038.jpg 1 11 37 38 38
1102_0042_0015_0047_0047.jpg 1 42 15 47 47
1103_0019_0009_0049_0049.jpg 1 19 9 49 49
1104_0020_0017_0032_0032.jpg 1 20 17 32 32
1105_0005_0033_0052_0052.jpg 1 5 33 52 52
1106_0058_0041_0034_0034.jpg 1 58 41 34 34
1107_0027_0066_0025_0025.jpg 1 27 66 25 25
1108_0039_0023_0039_0039.jpg 1 39 23 39 39
1109_0011_0036_0044_0044.jpg 1 11 36 44 44
1110_0050_0008_0035_0035.jpg 1 50 8 35 35
1111_0061_0039_0029_0029.jpg 1 61 39 29 29
1112_0045_0021_0029_0029.jpg 1 45 21 29 29
1113_0030_0010_0061_0061.jpg 1 30 10 61 61
1114_0024_0027_0054_0054.jpg 1 24 27 54 54
1115_0028_0029_0051_0051.jpg 1 28 29 51 51
1116_0024_0008_0068_0068.jpg 1 24 8 68 68
1117_0003_0009_0065_0065.jpg 1 3 9 65 65
1118_0065_0063_0026_0026.jpg 1 65 63 26 26
1119_0062_0022_0026_0026.jpg 1 62 22 26 26
1120_0045_0030_0028_0028.jpg 1 45 30 28 28
1121_0007_0005_0061_0061.jpg 1 7 5 61 61
1122_0010_0028_0067_0067.jpg 1 10 28 67 67
1123_0024_0023_0032_0032.jpg 1 24 23 32 32
1124_0008_0028_0055_0055.jpg 1 8 28 55 55
1125_0046_0048_0028_0028.jpg 1 46 48 28 28
1126_0031_0030_0064_0064.jpg 1 31 30 64 64
1127_0025_0010_0067_0067.jpg 1 25 10 67 67
1128_0015_0021_0066_0066.jpg 1 15 21 66 66
1129_0053_0011_0039_0039.jpg 1 53 11 39 39
1130_0033_0033_0024_0024.jpg 1 33 33 24 24
1131_0024_0019_0029_0029.jpg 1 24 19 29 29
1132_0035_0011_0059_0059.jpg 1 35 11 59 59
1133_0009_0019_0067_0067.jpg 1 9 19 67 67
1134_0017_0050_0034_0034.jpg 1 17 50 34 34
1135_0021_0023_0066_0066.jpg 1 21 23 66 66
1136_0027_0034_0051_0051.jpg 1 27 34 51 51
1137_0029_0010_0051_0051.jpg 1 29 10 51 51
1138_0024_0028_0063_0063.jpg 1 24 28 63 63
1139_0015_0018_0056_0056.jpg 1 15 18 56 56
1140_0043_0037_0040_0040.jpg 1 43 37 40 40
1141_0012_0011_0052_0052.jpg 1 12 11 52 52
1142_0011_0012_0056_0056.jpg 1 11 12 56 56
1143_0005_0021_0050_0050.jpg 1 5 21 50 50
1144_0013_0053_0040_0040.jpg 1 13 53 40 40
1145_0023_0017_0032_0032.jpg 1 23 17 32 32
1146_0028_0017_0067_0067.jpg 1 28 17 67 67
1147_0007_0021_0040_0040.jpg 1 7 21 40 40
1148_0055_0053_0032_0032.jpg 1 55 53 32 32
1149_0024_0018_0066_0066.jpg 1 24 18 66 66
1150_0061_0067_0024_0024.jpg 1 61 67 24 24
1151_0026_0027_0065_0065.jpg 1 26 27 65 65
1152_0010_0007_0062_0062.jpg 1 10 7 62 62
1153_0028_0004_0068_0068.jpg 1 28 4 68 68
1154_0031_0023_0065_0065.jpg 1 31 23 65 65
1155_0008_0023_0065_0065.jpg 1 8 23 65 65
1156_0015_0034_0047_0047.jpg 1 15 34 47 47
1157_0026_0063_0026_0026.jpg 1 26 63 26 26
1158_0043_0014_0044_0044.jpg 1 43 14 44 44
1159_0009_0009_0035_0035.jpg 1 9 9 35 35
1160_0056_0014_0032_0032.jpg 1 56 14 32 32
1161_0024_0010_0049_0049.jpg 1 24 10 49 49
1162_0005_0034_0050_0050.jpg 1 5 34 50 50
1163_0061_0051_0027_0027.jpg 1 61 51 27 27
1164_0037_0034_0032_0032.jpg 1 37 34 32 32
1165_0024_0022_0047_0047.jpg 1 24 22 47 47
1166_0016_0016_0051_0051.jpg 1 16 16 51 51
1167_0033_0059_0032_0032.jpg 1 33 59 32 32
1168_0023_0004_0067_0067.jpg 1 23 4 67 67
1169_0031_0015_0064_0064.jpg 1 31 15 64 64
1170_0054_0055_0032_0032.jpg 1 54 55 32 32
1171_0012_0050_0038_0038.jpg 1 12 50 38 38
1172_0003_0026_0066_0066.jpg 1 3 26 66 66
1173_0048_0041_0027_0027.jpg 1 48 41 27 27
1174_0011_0008_0044_0044.jpg 1 11 8 44 44
1175_0027_0031_0061_0061.jpg 1 27 31 61 61
1176_0014_0029_0062_0062.jpg 1 14 29 62 62
1177_0021_0024_0025_0025.jpg 1 21 24 25 25
1178_0030_0028_0040_0040.jpg 1 30 28 40 40
1179_0029_0033_0052_0052.jpg 1 29 33 52 52
1180_0025_0053_0027_0027.jpg 1 25 53 27 27
1181_0009_0036_0050_0050.jpg 1 9 36 50 50
1182_0013_0006_0056_0056.jpg 1 13 6 56 56
1183_0008_0037_0057_0057.jpg 1 8 37 57 57
1184_0050_0051_0030_0030.jpg 1 50 51 30 30
1185_0040_0030_0042_0042.jpg 1 40 30 42 42
1186_0047_0025_0043_0043.jpg 1 47 25 43 43
1187_0028_0021_0045_0045.jpg 1 28 21 45 45
1188_0017_0013_0058_0058.jpg 1 17 13 58 58
1189_0038_0013_0028_0028.jpg 1 38 13 28 28
1190_0021_0011_0066_0066.jpg 1 21 11 66 66
1191_0047_0032_0047_0047.jpg 1 47 32 47 47
1192_0012_0040_0033_0033.jpg 1 12 40 33 33
1193_0013_0032_0036_0036.jpg 1 13 32 36 36
1194_0029_0024_0046_0046.jpg 1 29 24 46 46
1195_0013_0019_0068_0068.jpg 1 13 19 68 68
1196_0007_0032_0052_0052.jpg 1 7 32 52 52
1197_0018_0012_0069_0069.jpg 1 18 12 69 69
1198_0033_0025_0050_0050.jpg 1 33 25 50 50
1199_0038_0055_0037_0037.jpg 1 38 55 37 37
1200_0030_0013_0031_0031.jpg 1 30 13 31 31
1201_0037_0020_0030_0030.jpg 1 37 20 30 30
1202_0029_0029_0056_0056.jpg 1 29 29 56 56
1203_0011_0057_0033_0033.jpg 1 11 57 33 33
1204_0021_0016_0027_0027.jpg 1 21 16 27 27
1205_0049_0036_0034_0034.jpg 1 49 36 34 34
1206_0009_0021_0062_0062.jpg 1 9 21 62 62
1207_0013_0050_0038_0038.jpg 1 13 50 38 38
1208_0042_0023_0049_0049.jpg 1 42 23 49 49
1209_0031_0026_0064_0064.jpg 1 31 26 64 64
1210_0027_0013_0043_0043.jpg 1 27 13 43 43
1211_0015_0011_0055_0055.jpg 1 15 11 55 55
1212_0044_0037_0043_0043.jpg 1 44 37 43 43
1213_0016_0007_0068_0068.jpg 1 16 7 68 68
1214_0029_0030_0049_0049.jpg 1 29 30 49 49
1215_0030_0060_0025_0025.jpg 1 30 60 25 25
1216_0028_0017_0026_0026.jpg 1 28 17 26 26
1217_0030_0012_0065_0065.jpg 1 30 12 65 65
1218_0009_0030_0040_0040.jpg 1 9 30 40 40
1219_0005_0005_0056_0056.jpg 1 5 5 56 56
1220_0015_0016_0054_0054.jpg 1 15 16 54 54
1221_0033_0035_0035_0035.jpg 1 33 35 35 35
1222_0018_0023_0031_0031.jpg 1 18 23 31 31
1223_0019_0012_0066_0066.jpg 1 19 12 66 66
1224_0047_0009_0035_0035.jpg 1 47 9 35 35
1225_0003_0009_0068_0068.jpg 1 3 9 68 68
1226_0015_0027_0066_0066.jpg 1 15 27 66 66
1227_0007_0028_0031_0031.jpg 1 7 28 31 31
1228_0020_0031_0057_0057.jpg 1 20 31 57 57
1229_0042_0036_0026_0026.jpg 1 42 36 26 26
1230_0038_0032_0057_0057.jpg 1 38 32 57 57
1231_0018_0027_0053_0053.jpg 1 18 27 53 53
1232_0005_0006_0057_0057.jpg 1 5 6 57 57
1233_0031_0059_0027_0027.jpg 1 31 59 27 27
1234_0022_0053_0029_0029.jpg 1 22 53 29 29
1235_0022_0008_0068_0068.jpg 1 22 8 68 68
1236_0040_0022_0029_0029.jpg 1 40 22 29 29
1237_0011_0040_0024_0024.jpg 1 11 40 24 24
1238_0036_0033_0032_0032.jpg 1 36 33 32 32
1239_0015_0014_0054_0054.jpg 1 15 14 54 54
1240_0059_0018_0030_0030.jpg 1 59 18 30 30
1241_0010_0028_0063_0063.jpg 1 10 28 63 63
1242_0010_0046_0036_0036.jpg 1 10 46 36 36
1243_0046_0046_0026_0026.jpg 1 46 46 26 26
1244_0007_0011_0045_0045.jpg 1 7 11 45 45
1245_0031_0019_0045_0045.jpg 1 31 19 45 45
1246_0035_0011_0054_0054.jpg 1 35 11 54 54
1247_0004_0014_0067_0067.jpg 1 4 14 67 67
1248_0038_0048_0045_0045.jpg 1 38 48 45 45
1249_0009_0004_0053_0053.jpg 1 9 4 53 53
1250_0042_0047_0030_0030.jpg 1 42 47 30 30
1251_0006_0007_0062_0062.jpg 1 6 7 62 62
1252_0015_0032_0063_0063.jpg 1 15 32 63 63
1253_0054_0018_0035_0035.jpg 1 54 18 35 35
1254_0018_0006_0066_0066.jpg 1 18 6 66 66
1255_0026_0037_0057_0057.jpg 1 26 37 57 57
1256_0033_0004_0058_0058.jpg 1 33 4 58 58
1257_0021_0018_0059_0059.jpg 1 21 18 59 59
1258_0054_0011_0035_0035.jpg 1 54 11 35 35
1259_0038_0024_0047_0047.jpg 1 38 24 47 47
1260_0034_0062_0028_0028.jpg 1 34 62 28 28
1261_0017_0019_0059_0059.jpg 1 17 19 59 59
1262_0031_0011_0041_0041.jpg 1 31 11 41 41
1263_0047_0011_0043_0043.jpg 1 47 11 43 43
1264_0028_0019_0062_0062.jpg 1 28 19 62 62
1265_0045_0046_0026_0026.jpg 1 45 46 26 26
1266_0035_0054_0026_0026.jpg 1 35 54 26 26
1267_0008_0005_0056_0056.jpg 1 8 5 56 56
1268_0019_0007_0052_0052.jpg 1 19 7 52 52
1269_0006_0013_0065_0065.jpg 1 6 13 65 65
1270_0021_0018_0063_0063.jpg 1 21 18 63 63
1271_0019_0029_0065_0065.jpg 1 19 29 65 65
1272_0016_0014_0060_0060.jpg 1 16 14 60 60
1273_0023_0021_0056_0056.jpg 1 23 21 56 56
1274_0028_0012_0068_0068.jpg 1 28 12 68 68
1275_0029_0017_0035_0035.jpg 1 29 17 35 35
1276_0012_0028_0025_0025.jpg 1 12 28 25 25
1277_0058_0010_0032_0032.jpg 1 58 10 32 32
1278_0005_0023_0056_0056.jpg 1 5 23 56 56
1279_0007_0045_0043_0043.jpg 1 7 45 43 43
1280_0023_0016_0059_0059.jpg 1 23 16 59 59
1281_0011_0009_0057_0057.jpg 1 11 9 57 57
1282_0020_0019_0066_0066.jpg 1 20 19 66 66
1283_0005_0025_0064_0064.jpg 1 5 25 64 64
1284_0025_0038_0045_0045.jpg 1 25 38 45 45
1285_0008_0024_0031_0031.jpg 1 8 24 31 31
1286_0010_0009_0054_0054.jpg 1 10 9 54 54
1287_0027_0028_0053_0053.jpg 1 27 28 53 53
1288_0037_0017_0033_0033.jpg 1 37 17 33 33
1289_0020_0006_0055_0055.jpg 1 20 6 55 55
1290_0013_0044_0039_0039.jpg 1 13 44 39 39
1291_0053_0015_0036_0036.jpg 1 53 15 36 36
1292_0013_0026_0062_0062.jpg 1 13 26 62 62
1293_0022_0016_0057_0057.jpg 1 22 16 57 57
1294_0044_0007_0031_0031.jpg 1 44 7 31 31
1295_0020_0046_0038_0038.jpg 1 20 46 38 38
1296_0009_0049_0036_0036.jpg 1 9 49 36 36
1297_0058_0045_0025_0025.jpg 1 58 45 25 25
1298_0039_0036_0038_0038.jpg 1 39 36 38 38
1299_0004_0014_0064_0064.jpg 1 4 14 64 64
1300_0025_0015_0066_0066.jpg 1 25 15 66 66
1301_0060_0052_0032_0032.jpg 1 60 52 32 32
1302_0011_0030_0051_0051.jpg 1 11 30 51 51
1303_0014_0018_0038_0038.jpg 1 14 18 38 38
1304_0036_0024_0039_0039.jpg 1 36 24 39 39
1305_0040_0013_0040_0040.jpg 1 40 13 40 40
1306_0042_0013_0025_0025.jpg 1 42 13 25 25
1307_0013_0034_0053_0053.jpg 1 13 34 53 53
1308_0018_0019_0051_0051.jpg 1 18 19 51 51
1309_0006_0052_0041_0041.jpg 1 6 52 41 41
1310_0018_0020_0025_0025.jpg 1 18 20 25 25
1311_0034_0022_0037_0037.jpg 1 34 22 37 37
1312_0035_0024_0035_0035.jpg 1 35 24 35 35
1313_0041_0009_0026_0026.jpg 1 41 9 26 26
1314_0039_0023_0035_0035.jpg 1 39 23 35 35
1315_0009_0021_0047_0047.jpg 1 9 21 47 47
1316_0040_0045_0044_0044.jpg 1 40 45 44 44
1317_0021_0023_0024_0024.jpg 1 21 23 24 24
1318_0017_0037_0033_0033.jpg 1 17 37 33 33
1319_0008_0030_0060_0060.jpg 1 8 30 60 60
1320_0049_0039_0034_0034.jpg 1 49 39 34 34
1321_0005_0011_0052_0052.jpg 1 5 11 52 52
1322_0007_0012_0069_0069.jpg 1 7 12 69 69
1323_0036_0031_0053_0053.jpg 1 36 31 53 53
1324_0025_0025_0031_0031.jpg 1 25 25 31 31
1325_0026_0024_0069_0069.jpg 1 26 24 69 69
1326_0033_0042_0052_0052.jpg 1 33 42 52 52
1327_0034_0030_0057_0057.jpg 1 34 30 57 57
1328_0057_0051_0028_0028.jpg 1 57 51 28 28
1329_0042_0007_0038_0038.jpg 1 42 7 38 38
1330_0014_0022_0068_0068.jpg 1 14 22 68 68
1331_0014_0016_0065_0065.jpg 1 14 16 65 65
1332_0040_0050_0031_0031.jpg 1 40 50 31 31
1333_0030_0033_0056_0056.jpg 1 30 33 56 56
1334_0033_0022_0059_0059.jpg 1 33 22 59 59
1335_0044_0025_0038_0038.jpg 1 44 25 38 38
1336_0027_0005_0066_0066.jpg 1 27 5 66 66
1337_0029_0029_0049_0049.jpg 1 29 29 49 49
1338_0029_0020_0054_0054.jpg 1 29 20 54 54
1339_0021_0024_0066_0066.jpg 1 21 24 66 66
1340_0028_0043_0040_0040.jpg 1 28 43 40 40
1341_0045_0042_0038_0038.jpg 1 45 42 38 38
1342_0021_0046_0045_0045.jpg 1 21 46 45 45
1343_0032_0026_0059_0059.jpg 1 32 26 59 59
1344_0041_0032_0033_0033.jpg 1 41 32 33 33
1345_0036_0020_0052_0052.jpg 1 36 20 52 52
1346_0044_0042_0034_0034.jpg 1 44 42 34 34
1347_0040_0016_0046_0046.jpg 1 40 16 46 46
1348_0053_0015_0025_0025.jpg 1 53 15 25 25
1349_0011_0018_0067_0067.jpg 1 11 18 67 67
1350_0012_0008_0046_0046.jpg 1 12 8 46 46
1351_0004_0014_0064_0064.jpg 1 4 14 64 64
1352_0029_0006_0060_0060.jpg 1 29 6 60 60
1353_0046_0034_0042_0042.jpg 1 46 34 42 42
1354_0044_0048_0044_0044.jpg 1 44 48 44 44
1355_0013_0025_0046_0046.jpg 1 13 25 46 46
1356_0036_0055_0034_0034.jpg 1 36 55 34 34
1357_0016_0035_0060_0060.jpg 1 16 35 60 60
1358_0036_0018_0054_0054.jpg 1 36 18 54 54
1359_0049_0017_0045_0045.jpg 1 49 17 45 45
1360_0034_0030_0053_0053.jpg 1 34 30 53 53
1361_0007_0032_0039_0039.jpg 1 7 32 39 39
1362_0038_0027_0054_0054.jpg 1 38 27 54 54
1363_0024_0008_0046_0046.jpg 1 24 8 46 46
1364_0035_0032_0057_0057.jpg 1 35 32 57 57
1365_0015_0029_0059_0059.jpg 1 15 29 59 59
1366_0031_0007_0056_0056.jpg 1 31 7 56 56
1367_0016_0037_0047_0047.jpg 1 16 37 47 47
1368_0011_0008_0058_0058.jpg 1 11 8 58 58
1369_0038_0005_0054_0054.jpg 1 38 5 54 54
1370_0028_0025_0044_0044.jpg 1 28 25 44 44
1371_0038_0006_0039_0039.jpg 1 38 6 39 39
1372_0009_0014_0065_0065.jpg 1 9 14 65 65
1373_0011_0032_0059_0059.jpg 1 11 32 59 59
1374_0051_0045_0038_0038.jpg 1 51 45 38 38
1375_0029_0019_0036_0036.jpg 1 29 19 36 36
1376_0060_0015_0029_0029.jpg 1 60 15 29 29
1377_0032_0024_0061_0061.jpg 1 32 24 61 61
1378_0015_0020_0067_0067.jpg 1 15 20 67 67
1379_0011_0026_0059_0059.jpg 1 11 26 59 59
1380_0013_0016_0067_0067.jpg 1 13 16 67 67
1381_0038_0020_0056_0056.jpg 1 38 20 56 56
1382_0027_0015_0067_0067.jpg 1 27 15 67 67
1383_0031_0006_0039_0039.jpg 1 31 6 39 39
1384_0017_0018_0057_0057.jpg 1 17 18 57 57
1385_0011_0040_0054_0054.jpg 1 11 40 54 54
1386_0004_0020_0060_0060.jpg 1 4 20 60 60
1387_0020_0015_0034_0034.jpg 1 20 15 34 34
1388_0040_0019_0051_0051.jpg 1 40 19 51 51
1389_0035_0029_0027_0027.jpg 1 35 29 27 27
1390_0034_0045_0040_0040.jpg 1 34 45 40 40
1391_0023_0030_0047_0047.jpg 1 23 30 47 47
1392_0040_0034_0054_0054.jpg 1 40 34 54 54
1393_0016_0013_0052_0052.jpg 1 16 13 52 52
1394_0010_0015_0069_0069.jpg 1 10 15 69 69
1395_0045_0050_0043_0043.jpg 1 45 50 43 43
1396_0009_0020_0061_0061.jpg 1 9 20 61 61
1397_0020_0032_0043_0043.jpg 1 20 32 43 43
1398_0025_0028_0057_0057.jpg 1 25 28 57 57
1399_0045_0012_0041_0041.jpg 1 45 12 41 41
1400_0032_0012_0049_0049.jpg 1 32 12 49 49
1401_0029_0016_0053_0053.jpg 1 29 16 53 53
1402_0030_0016_0065_0065.jpg 1 30 16 65 65
1403_0007_0023_0043_0043.jpg 1 7 23 43 43
1404_0008_0036_0056_0056.jpg 1 8 36 56 56
1405_0005_0014_0056_0056.jpg 1 5 14 56 56
1406_0030_0010_0040_0040.jpg 1 30 10 40 40
1407_0013_0042_0041_0041.jpg 1 13 42 41 41
1408_0016_0021_0058_0058.jpg 1 16 21 58 58
1409_0040_0038_0024_0024.jpg 1 40 38 24 24
1410_0015_0021_0053_0053.jpg 1 15 21 53 53
1411_0017_0026_0048_0048.jpg 1 17 26 48 48
1412_0026_0023_0036_0036.jpg 1 26 23 36 36
1413_0035_0021_0058_0058.jpg 1 35 21 58 58
1414_0035_0027_0053_0053.jpg 1 35 27 53 53
1415_0046_0027_0028_0028.jpg 1 46 27 28 28
1416_0045_0019_0042_0042.jpg 1 45 19 42 42
1417_0007_0020_0067_0067.jpg 1 7 20 67 67
1418_0039_0059_0025_0025.jpg 1 39 59 25 25
1419_0026_0035_0025_0025.jpg 1 26 35 25 25
1420_0027_0034_0048_0048.jpg 1 27 34 48 48
1421_0032_0005_0062_0062.jpg 1 32 5 62 62
1422_0024_0052_0026_0026.jpg 1 24 52 26 26
1423_0022_0034_0043_0043.jpg 1 22 34 43 43
1424_0030_0026_0043_0043.jpg 1 30 26 43 43
1425_0010_0042_0048_0048.jpg 1 10 42 48 48
1426_0008_0022_0067_0067.jpg 1 8 22 67 67
1427_0013_0028_0053_0053.jpg 1 13 28 53 53
1428_0023_0014_0050_0050.jpg 1 23 14 50 50
1429_0010_0046_0043_0043.jpg 1 10 46 43 43
1430_0031_0025_0037_0037.jpg 1 31 25 37 37
1431_0056_0036_0025_0025.jpg 1 56 36 25 25
1432_0023_0011_0067_0067.jpg 1 23 11 67 67
1433_0022_0044_0041_0041.jpg 1 22 44 41 41
1434_0064_0017_0028_0028.jpg 1 64 17 28 28
1435_0012_0003_0069_0069.jpg 1 12 3 69 69
1436_0026_0015_0067_0067.jpg 1 26 15 67 67
1437_0028_0040_0027_0027.jpg 1 28 40 27 27
1438_0028_0023_0049_0049.jpg 1 28 23 49 49
1439_0021_0043_0047_0047.jpg 1 21 43 47 47
1440_0014_0009_0032_0032.jpg 1 14 9 32 32
1441_0010_0047_0029_0029.jpg 1 10 47 29 29
1442_0017_0022_0069_0069.jpg 1 17 22 69 69
1443_0029_0025_0059_0059.jpg 1 29 25 59 59
1444_0043_0019_0046_0046.jpg 1 43 19 46 46
1445_0005_0032_0059_0059.jpg 1 5 32 59 59
1446_0029_0011_0056_0056.jpg 1 29 11 56 56
1447_0031_0029_0031_0031.jpg 1 31 29 31 31
1448_0012_0014_0047_0047.jpg 1 12 14 47 47
1449_0015_0038_0051_0051.jpg 1 15 38 51 51
1450_0034_0044_0041_0041.jpg 1 34 44 41 41
1451_0008_0023_0067_0067.jpg 1 8 23 67 67
1452_0016_0036_0034_0034.jpg 1 16 36 34 34
1453_0040_0025_0054_0054.jpg 1 40 25 54 54
1454_0027_0031_0042_0042.jpg 1 27 31 42 42
1455_0047_0055_0031_0031.jpg 1 47 55 31 31
1456_0028_0056_0025_0025.jpg 1 28 56 25 25
1457_0038_0040_0025_0025.jpg 1 38 40 25 25
1458_0036_0050_0037_0037.jpg 1 36 50 37 37
1459_0034_0027_0059_0059.jpg 1 34 27 59 59
1460_0022_0040_0044_0044.jpg 1 22 40 44 44
1461_0039_0018_0048_0048.jpg 1 39 18 48 48
1462_0019_0017_0049_0049.jpg 1 19 17 49 49
1463_0016_0040_0054_0054.jpg 1 16 40 54 54
1464_0031_0021_0042_0042.jpg 1 31 21 42 42
1465_0019_0009_0027_0027.jpg 1 19 9 27 27
1466_0035_0029_0043_0043.jpg 1 35 29 43 43
1467_0013_0010_0029_0029.jpg 1 13 10 29 29
1468_0029_0019_0064_0064.jpg 1 29 19 64 64
1469_0029_0006_0062_0062.jpg 1 29 6 62 62
1470_0028_0016_0067_0067.jpg 1 28 16 67 67
1471_0030_0041_0038_0038.jpg 1 30 41 38 38
1472_0043_0044_0032_0032.jpg 1 43 44 32 32
1473_0010_0039_0052_0052.jpg 1 10 39 52 52
1474_0051_0020_0040_0040.jpg 1 51 20 40 40
1475_0031_0012_0045_0045.jpg 1 31 12 45 45
1476_0022_0045_0027_0027.jpg 1 22 45 27 27
1477_0034_0006_0047_0047.jpg 1 34 6 47 47
1478_0021_0044_0048_0048.jpg 1 21 44 48 48
1479_0014_0022_0065_0065.jpg 1 14 22 65 65
1480_0008_0039_0050_0050.jpg 1 8 39 50 50
1481_0036_0034_0042_0042.jpg 1 36 34 42 42
1482_0007_0020_0069_0069.jpg 1 7 20 69 69
1483_0022_0013_0062_0062.jpg 1 22 13 62 62
1484_0029_0048_0045_0045.jpg 1 29 48 45 45
1485_0012_0011_0056_0056.jpg 1 12 11 56 56
1486_0013_0008_0054_0054.jpg 1 13 8 54 54
1487_0031_0007_0056_0056.jpg 1 31 7 56 56
1488_0009_0028_0050_0050.jpg 1 9 28 50 50
1489_0018_0026_0033_0033.jpg 1 18 26 33 33
1490_0012_0012_0056_0056.jpg 1 12 12 56 56
1491_0033_0016_0030_0030.jpg 1 33 16 30 30
1492_0034_0010_0060_0060.jpg 1 34 10 60 60
1493_0009_0031_0056_0056.jpg 1 9 31 56 56
1494_0056_0066_0025_0025.jpg 1 56 66 25 25
1495_0008_0026_0069_0069.jpg 1 8 26 69 69
1496_0028_0043_0032_0032.jpg 1 28 43 32 32
1497_0024_0016_0064_0064.jpg 1 24 16 64 64
1498_0047_0040_0045_0045.jpg 1 47 40 45 45
1499_0011_0021_0066_0066.jpg 1 11 21 66 66
1500_0012_0007_0047_0047.jpg 1 12 7 47 47
1501_0025_0031_0048_0048.jpg 1 25 31 48 48
1502_0043_0050_0040_0040.jpg 1 43 50 40 40
1503_0005_0013_0050_0050.jpg 1 5 13 50 50
1504_0020_0014_0043_0043.jpg 1 20 14 43 43
1505_0036_0023_0048_0048.jpg 1 36 23 48 48
1506_0017_0005_0069_0069.jpg 1 17 5 69 69
1507_0055_0030_0033_0033.jpg 1 55 30 33 33
1508_0022_0025_0057_0057.jpg 1 22 25 57 57
1509_0042_0046_0034_0034.jpg 1 42 46 34 34
1510_0021_0031_0044_0044.jpg 1 21 31 44 44
1511_0041_0060_0031_0031.jpg 1 41 60 31 31
1512_0009_0007_0038_0038.jpg 1 9 7 38 38
1513_0040_0023_0039_0039.jpg 1 40 23 39 39
1514_0027_0023_0043_0043.jpg 1 27 23 43 43
1515_0043_0024_0044_0044.jpg 1 43 24 44 44
1516_0033_0010_0058_0058.jpg 1 33 10 58 58
1517_0013_0042_0029_0029.jpg 1 13 42 29 29
1518_0016_0007_0040_0040.jpg 1 16 7 40 40
1519_0022_0012_0068_0068.jpg 1 22 12 68 68
1520_0030_0034_0040_0040.jpg 1 30 34 40 40
1521_0009_0023_0043_0043.jpg 1 9 23 43 43
1522_0011_0035_0060_0060.jpg 1 11 35 60 60
1523_0009_0023_0057_0057.jpg 1 9 23 57 57
1524_0021_0006_0060_0060.jpg 1 21 6 60 60
1525_0048_0026_0035_0035.jpg 1 48 26 35 35
1526_0013_0029_0037_0037.jpg 1 13 29 37 37
1527_0013_0016_0064_0064.jpg 1 13 16 64 64
1528_0037_0027_0025_0025.jpg 1 37 27 25 25
1529_0025_0015_0062_0062.jpg 1 25 15 62 62
1530_0032_0005_0048_0048.jpg 1 32 5 48 48
1531_0040_0026_0030_0030.jpg 1 40 26 30 30
1532_0025_0036_0025_0025.jpg 1 25 36 25 25
1533_0066_0010_0025_0025.jpg 1 66 10 25 25
1534_0030_0047_0041_0041.jpg 1 30 47 41 41
1535_0031_0012_0025_0025.jpg 1 31 12 25 25
1536_0013_0007_0055_0055.jpg 1 13 7 55 55
1537_0043_0008_0025_0025.jpg 1 43 8 25 25
1538_0003_0006_0068_0068.jpg 1 3 6 68 68
1539_0012_0015_0061_0061.jpg 1 12 15 61 61
1540_0054_0022_0026_0026.jpg 1 54 22 26 26
1541_0024_0024_0066_0066.jpg 1 24 24 66 66
1542_0044_0016_0039_0039.jpg 1 44 16 39 39
1543_0003_0018_0069_0069.jpg 1 3 18 69 69
1544_0034_0050_0036_0036.jpg 1 34 50 36 36
1545_0016_0011_0049_0049.jpg 1 16 11 49 49
1546_0012_0005_0063_0063.jpg 1 12 5 63 63
1547_0038_0040_0048_0048.jpg 1 38 40 48 48
1548_0008_0019_0063_0063.jpg 1 8 19 63 63
1549_0020_0022_0064_0064.jpg 1 20 22 64 64
1550_0013_0017_0048_0048.jpg 1 13 17 48 48
1551_0032_0060_0029_0029.jpg 1 32 60 29 29
1552_0024_0037_0033_0033.jpg 1 24 37 33 33
1553_0060_0046_0032_0032.jpg 1 60 46 32 32
1554_0011_0013_0054_0054.jpg 1 11 13 54 54
1555_0051_0027_0039_0039.jpg 1 51 27 39 39
1556_0039_0019_0052_0052.jpg 1 39 19 52 52
1557_0025_0009_0062_0062.jpg 1 25 9 62 62
1558_0024_0059_0034_0034.jpg 1 24 59 34 34
1559_0024_0026_0036_0036.jpg 1 24 26 36 36
1560_0023_0056_0030_0030.jpg 1 23 56 30 30
1561_0031_0029_0057_0057.jpg 1 31 29 57 57
1562_0061_0015_0029_0029.jpg 1 61 15 29 29
1563_0022_0029_0045_0045.jpg 1 22 29 45 45
1564_0019_0033_0042_0042.jpg 1 19 33 42 42
1565_0007_0007_0053_0053.jpg 1 7 7 53 53
1566_0006_0020_0057_0057.jpg 1 6 20 57 57
1567_0043_0024_0038_0038.jpg 1 43 24 38 38
1568_0026_0026_0056_0056.jpg 1 26 26 56 56
1569_0060_0063_0027_0027.jpg 1 60 63 27 27
1570_0014_0013_0026_0026.jpg 1 14 13 26 26
1571_0022_0008_0038_0038.jpg 1 22 8 38 38
1572_0031_0021_0061_0061.jpg 1 31 21 61 61
1573_0019_0009_0054_0054.jpg 1 19 9 54 54
1574_0036_0014_0047_0047.jpg 1 36 14 47 47
1575_0028_0029_0042_0042.jpg 1 28 29 42 42
1576_0033_0036_0059_0059.jpg 1 33 36 59 59
1577_0028_0035_0060_0060.jpg 1 28 35 60 60
1578_0060_0025_0027_0027.jpg 1 60 25 27 27
1579_0006_0013_0062_0062.jpg 1 6 13 62 62
1580_0023_0031_0025_0025.jpg 1 23 31 25 25
1581_0016_0036_0057_0057.jpg 1 16 36 57 57
1582_0051_0064_0025_0025.jpg 1 51 64 25 25
1583_0019_0007_0048_0048.jpg 1 19 7 48 48
1584_0025_0034_0052_0052.jpg 1 25 34 52 52
1585_0007_0030_0060_0060.jpg 1 7 30 60 60
1586_0033_0026_0054_0054.jpg 1 33 26 54 54
1587_0020_0030_0037_0037.jpg 1 20 30 37 37
1588_0031_0046_0043_0043.jpg 1 31 46 43 43
1589_0004_0030_0056_0056.jpg 1 4 30 56 56
1590_0009_0013_0033_0033.jpg 1 9 13 33 33
1591_0025_0027_0062_0062.jpg 1 25 27 62 62
1592_0012_0035_0050_0050.jpg 1 12 35 50 50
1593_0025_0033_0026_0026.jpg 1 25 33 26 26
1594_0063_0025_0025_0025.jpg 1 63 25 25 25
1595_0040_0006_0044_0044.jpg 1 40 6 44 44
1596_0009_0022_0029_0029.jpg 1 9 22 29 29
1597_0031_0030_0028_0028.jpg 1 31 30 28 28
1598_0027_0040_0035_0035.jpg 1 27 40 35 35
1599_0031_0006_0041_0041.jpg 1 31 6 41 41
1600_0017_0038_0055_0055.jpg 1 17 38 55 55
1601_0035_0011_0043_0043.jpg 1 35 11 43 43
1602_0041_0011_0040_0040.jpg 1 41 11 40 40
1603_0013_0012_0052_0052.jpg 1 13 12 52 52
1604_0022_0004_0069_0069.jpg 1 22 4 69 69
1605_0014_0025_0046_0046.jpg 1 14 25 46 46
1606_0051_0048_0027_0027.jpg 1 51 48 27 27
1607_0021_0017_0055_0055.jpg 1 21 17 55 55
1608_0032_0035_0043_0043.jpg 1 32 35 43 43
1609_0018_0013_0042_0042.jpg 1 18 13 42 42
1610_0006_0008_0042_0042.jpg 1 6 8 42 42
1611_0030_0006_0064_0064.jpg 1 30 6 64 64
1612_0022_0046_0041_0041.jpg 1 22 46 41 41
1613_0044_0012_0045_0045.jpg 1 44 12 45 45
1614_0010_0015_0028_0028.jpg 1 10 15 28 28
1615_0028_0005_0060_0060.jpg 1 28 5 60 60
1616_0008_0029_0066_0066.jpg 1 8 29 66 66
1617_0042_0039_0039_0039.jpg 1 42 39 39 39
1618_0019_0025_0028_0028.jpg 1 19 25 28 28
1619_0008_0040_0042_0042.jpg 1 8 40 42 42
1620_0046_0018_0028_0028.jpg 1 46 18 28 28
1621_0007_0020_0051_0051.jpg 1 7 20 51 51
1622_0028_0030_0027_0027.jpg 1 28 30 27 27
1623_0024_0025_0055_0055.jpg 1 24 25 55 55
1624_0013_0014_0063_0063.jpg 1 13 14 63 63
1625_0033_0024_0028_0028.jpg 1 33 24 28 28
1626_0055_0061_0031_0031.jpg 1 55 61 31 31
1627_0022_0031_0048_0048.jpg 1 22 31 48 48
1628_0023_0029_0055_0055.jpg 1 23 29 55 55
1629_0025_0004_0057_0057.jpg 1 25 4 57 57
1630_0011_0020_0059_0059.jpg 1 11 20 59 59
1631_0009_0006_0041_0041.jpg 1 9 6 41 41
1632_0025_0008_0065_0065.jpg 1 25 8 65 65
1633_0026_0005_0068_0068.jpg 1 26 5 68 68
1634_0021_0023_0033_0033.jpg 1 21 23 33 33
1635_0026_0020_0069_0069.jpg 1 26 20 69 69
1636_0029_0030_0028_0028.jpg 1 29 30 28 28
1637_0031_0036_0051_0051.jpg 1 31 36 51 51
1638_0045_0006_0048_0048.jpg 1 45 6 48 48
1639_0036_0039_0048_0048.jpg 1 36 39 48 48
1640_0046_0051_0042_0042.jpg 1 46 51 42 42
1641_0007_0007_0069_0069.jpg 1 7 7 69 69
1642_0035_0052_0031_0031.jpg 1 35 52 31 31
1643_0022_0054_0030_0030.jpg 1 22 54 30 30
1644_0025_0034_0052_0052.jpg 1 25 34 52 52
1645_0042_0015_0052_0052.jpg 1 42 15 52 52
1646_0010_0004_0066_0066.jpg 1 10 4 66 66
1647_0020_0031_0062_0062.jpg 1 20 31 62 62
1648_0010_0016_0050_0050.jpg 1 10 16 50 50
1649_0017_0014_0052_0052.jpg 1 17 14 52 52
1650_0026_0015_0061_0061.jpg 1 26 15 61 61
1651_0042_0030_0033_0033.jpg 1 42 30 33 33
1652_0016_0016_0059_0059.jpg 1 16 16 59 59
1653_0008_0047_0035_0035.jpg 1 8 47 35 35
1654_0012_0005_0061_0061.jpg 1 12 5 61 61
1655_0026_0036_0028_0028.jpg 1 26 36 28 28
1656_0006_0027_0058_0058.jpg 1 6 27 58 58
1657_0023_0016_0067_0067.jpg 1 23 16 67 67
1658_0015_0009_0041_0041.jpg 1 15 9 41 41
1659_0025_0023_0067_0067.jpg 1 25 23 67 67
1660_0023_0023_0061_0061.jpg 1 23 23 61 61
1661_0032_0016_0032_0032.jpg 1 32 16 32 32
1662_0013_0015_0052_0052.jpg 1 13 15 52 52
1663_0043_0041_0041_0041.jpg 1 43 41 41 41
1664_0033_0032_0044_0044.jpg 1 33 32 44 44
1665_0021_0031_0064_0064.jpg 1 21 31 64 64
1666_0035_0010_0060_0060.jpg 1 35 10 60 60
1667_0024_0011_0045_0045.jpg 1 24 11 45 45
1668_0010_0030_0053_0053.jpg 1 10 30 53 53
1669_0030_0018_0055_0055.jpg 1 30 18 55 55
1670_0057_0048_0036_0036.jpg 1 57 48 36 36
1671_0036_0017_0038_0038.jpg 1 36 17 38 38
1672_0006_0020_0056_0056.jpg 1 6 20 56 56
1673_0015_0022_0067_0067.jpg 1 15 22 67 67
1674_0013_0017_0031_0031.jpg 1 13 17 31 31
1675_0017_0040_0041_0041.jpg 1 17 40 41 41
1676_0033_0009_0059_0059.jpg 1 33 9 59 59
1677_0016_0053_0036_0036.jpg 1 16 53 36 36
1678_0053_0009_0038_0038.jpg 1 53 9 38 38
1679_0025_0042_0048_0048.jpg 1 25 42 48 48
1680_0031_0010_0051_0051.jpg 1 31 10 51 51
1681_0055_0046_0033_0033.jpg 1 55 46 33 33
1682_0048_0056_0032_0032.jpg 1 48 56 32 32
1683_0020_0023_0067_0067.jpg 1 20 23 67 67
1684_0025_0012_0044_0044.jpg 1 25 12 44 44
1685_0038_0049_0029_0029.jpg 1 38 49 29 29
1686_0024_0029_0044_0044.jpg 1 24 29 44 44
1687_0008_0022_0063_0063.jpg 1 8 22 63 63
1688_0010_0032_0025_0025.jpg 1 10 32 25 25
1689_0019_0014_0033_0033.jpg 1 19 14 33 33
1690_0016_0032_0052_0052.jpg 1 16 32 52 52
1691_0042_0032_0053_0053.jpg 1 42 32 53 53
1692_0009_0028_0059_0059.jpg 1 9 28 59 59
1693_0007_0012_0050_0050.jpg 1 7 12 50 50
1694_0019_0013_0069_0069.jpg 1 19 13 69 69
1695_0005_0005_0066_0066.jpg 1 5 5 66 66
1696_0010_0019_0037_0037.jpg 1 10 19 37 37
1697_0018_0018_0026_0026.jpg 1 18 18 26 26
1698_0007_0014_0067_0067.jpg 1 7 14 67 67
1699_0016_0028_0035_0035.jpg 1 16 28 35 35
1700_0035_0024_0046_0046.jpg 1 35 24 46 46
1701_0032_0024_0062_0062.jpg 1 32 24 62 62
1702_0013_0021_0059_0059.jpg 1 13 21 59 59
1703_0043_0032_0049_0049.jpg 1 43 32 49 49
1704_0006_0016_0068_0068.jpg 1 6 16 68 68
1705_0007_0031_0031_0031.jpg 1 7 31 31 31
1706_0021_0006_0053_0053.jpg 1 21 6 53 53
1707_0006_0023_0067_0067.jpg 1 6 23 67 67
1708_0051_0036_0041_0041.jpg 1 51 36 41 41
1709_0012_0012_0069_0069.jpg 1 12 12 69 69
1710_0009_0026_0054_0054.jpg 1 9 26 54 54
1711_0032_0010_0044_0044.jpg 1 32 10 44 44
1712_0018_0015_0039_0039.jpg 1 18 15 39 39
1713_0039_0042_0027_0027.jpg 1 39 42 27 27
1714_0029_0033_0028_0028.jpg 1 29 33 28 28
1715_0012_0019_0025_0025.jpg 1 12 19 25 25
1716_0024_0025_0037_0037.jpg 1 24 25 37 37
1717_0010_0005_0058_0058.jpg 1 10 5 58 58
1718_0013_0012_0060_0060.jpg 1 13 12 60 60
1719_0047_0010_0041_0041.jpg 1 47 10 41 41
1720_0016_0014_0066_0066.jpg 1 16 14 66 66
1721_0042_0006_0036_0036.jpg 1 42 6 36 36
1722_0019_0012_0062_0062.jpg 1 19 12 62 62
1723_0047_0031_0037_0037.jpg 1 47 31 37 37
1724_0039_0046_0032_0032.jpg 1 39 46 32 32
1725_0015_0008_0060_0060.jpg 1 15 8 60 60
1726_0059_0045_0032_0032.jpg 1 59 45 32 32
1727_0017_0039_0044_0044.jpg 1 17 39 44 44
1728_0028_0012_0065_0065.jpg 1 28 12 65 65
1729_0044_0039_0048_0048.jpg 1 44 39 48 48
1730_0007_0014_0037_0037.jpg 1 7 14 37 37
1731_0043_0048_0031_0031.jpg 1 43 48 31 31
1732_0022_0017_0038_0038.jpg 1 22 17 38 38
1733_0034_0047_0030_0030.jpg 1 34 47 30 30
1734_0018_0026_0041_0041.jpg 1 18 26 41 41
1735_0010_0035_0060_0060.jpg 1 10 35 60 60
1736_0016_0045_0033_0033.jpg 1 16 45 33 33
1737_0047_0009_0037_0037.jpg 1 47 9 37 37
1738_0023_0044_0050_0050.jpg 1 23 44 50 50
1739_0012_0013_0062_0062.jpg 1 12 13 62 62
1740_0021_0016_0061_0061.jpg 1 21 16 61 61
1741_0009_0008_0062_0062.jpg 1 9 8 62 62
1742_0009_0005_0054_0054.jpg 1 9 5 54 54
1743_0015_0057_0027_0027.jpg 1 15 57 27 27
1744_0024_0011_0059_0059.jpg 1 24 11 59 59
1745_0016_0027_0067_0067.jpg 1 16 27 67 67
1746_0057_0045_0030_0030.jpg 1 57 45 30 30
1747_0046_0018_0045_0045.jpg 1 46 18 45 45
1748_0061_0018_0029_0029.jpg 1 61 18 29 29
1749_0030_0028_0048_0048.jpg 1 30 28 48 48
1750_0027_0033_0050_0050.jpg 1 27 33 50 50
1751_0021_0006_0051_0051.jpg 1 21 6 51 51
1752_0014_0021_0048_0048.jpg 1 14 21 48 48
1753_0020_0009_0054_0054.jpg 1 20 9 54 54
1754_0005_0008_0057_0057.jpg 1 5 8 57 57
1755_0017_0025_0062_0062.jpg 1 17 25 62 62
1756_0030_0028_0039_0039.jpg 1 30 28 39 39
1757_0019_0019_0024_0024.jpg 1 19 19 24 24
1758_0010_0029_0066_0066.jpg 1 10 29 66 66
1759_0031_0033_0058_0058.jpg 1 31 33 58 58
1760_0010_0016_0044_0044.jpg 1 10 16 44 44
1761_0010_0051_0035_0035.jpg 1 10 51 35 35
1762_0038_0021_0052_0052.jpg 1 38 21 52 52
1763_0027_0014_0052_0052.jpg 1 27 14 52 52
1764_0034_0063_0024_0024.jpg 1 34 63 24 24
1765_0015_0032_0054_0054.jpg 1 15 32 54 54
1766_0046_0014_0047_0047.jpg 1 46 14 47 47
1767_0033_0053_0037_0037.jpg 1 33 53 37 37
1768_0018_0009_0044_0044.jpg 1 18 9 44 44
1769_0053_0019_0035_0035.jpg 1 53 19 35 35
1770_0042_0033_0047_0047.jpg 1 42 33 47 47
1771_0023_0015_0066_0066.jpg 1 23 15 66 66
1772_0007_0015_0047_0047.jpg 1 7 15 47 47
1773_0021_0057_0035_0035.jpg 1 21 57 35 35
1774_0019_0037_0037_0037.jpg 1 19 37 37 37
1775_0027_0018_0057_0057.jpg 1 27 18 57 57
1776_0010_0004_0064_0064.jpg 1 10 4 64 64
1777_0018_0011_0069_0069.jpg 1 18 11 69 69
1778_0055_0060_0027_0027.jpg 1 55 60 27 27
1779_0010_0042_0029_0029.jpg 1 10 42 29 29
1780_0021_0041_0048_0048.jpg 1 21 41 48 48
1781_0050_0012_0041_0041.jpg 1 50 12 41 41
1782_0010_0020_0052_0052.jpg 1 10 20 52 52
1783_0021_0022_0024_0024.jpg 1 21 22 24 24
1784_0057_0019_0033_0033.jpg 1 57 19 33 33
1785_0006_0031_0043_0043.jpg 1 6 31 43 43
1786_0025_0023_0056_0056.jpg 1 25 23 56 56
1787_0022_0017_0069_0069.jpg 1 22 17 69 69
1788_0037_0046_0048_0048.jpg 1 37 46 48 48
1789_0034_0025_0051_0051.jpg 1 34 25 51 51
1790_0049_0023_0036_0036.jpg 1 49 23 36 36
1791_0027_0038_0055_0055.jpg 1 27 38 55 55
1792_0010_0022_0039_0039.jpg 1 10 22 39 39
1793_0047_0027_0032_0032.jpg 1 47 27 32 32
1794_0025_0029_0039_0039.jpg 1 25 29 39 39
1795_0009_0031_0064_0064.jpg 1 9 31 64 64
1796_0008_0018_0060_0060.jpg 1 8 18 60 60
1797_0015_0021_0052_0052.jpg 1 15 21 52 52
1798_0007_0013_0059_0059.jpg 1 7 13 59 59
1799_0013_0023_0064_0064.jpg 1 13 23 64 64
1800_0016_0041_0037_0037.jpg 1 16 41 37 37
1801_0037_0039_0054_0054.jpg 1 37 39 54 54
1802_0012_0011_0054_0054.jpg 1 12 11 54 54
1803_0038_0029_0049_0049.jpg 1 38 29 49 49
1804_0019_0031_0042_0042.jpg 1 19 31 42 42
1805_0030_0026_0065_0065.jpg 1 30 26 65 65
1806_0008_0031_0061_0061.jpg 1 8 31 61 61
1807_0051_0027_0039_0039.jpg 1 51 27 39 39
1808_0012_0029_0050_0050.jpg 1 12 29 50 50
1809_0028_0034_0061_0061.jpg 1 28 34 61 61
1810_0023_0009_0062_0062.jpg 1 23 9 62 62
1811_0014_0015_0056_0056.jpg 1 14 15 56 56
1812_0015_0008_0065_0065.jpg 1 15 8 65 65
1813_0026_0025_0055_0055.jpg 1 26 25 55 55
1814_0010_0023_0041_0041.jpg 1 10 23 41 41
1815_0014_0010_0050_0050.jpg 1 14 10 50 50
1816_0032_0015_0052_0052.jpg 1 32 15 52 52
1817_0033_0030_0059_0059.jpg 1 33 30 59 59
1818_0023_0014_0058_0058.jpg 1 23 14 58 58
1819_0040_0024_0041_0041.jpg 1 40 24 41 41
1820_0007_0013_0051_0051.jpg 1 7 13 51 51
1821_0053_0038_0033_0033.jpg 1 53 38 33 33
1822_0013_0005_0066_0066.jpg 1 13 5 66 66
1823_0017_0030_0066_0066.jpg 1 17 30 66 66
1824_0021_0022_0045_0045.jpg 1 21 22 45 45
1825_0016_0021_0038_0038.jpg 1 16 21 38 38
1826_0010_0024_0033_0033.jpg 1 10 24 33 33
1827_0033_0033_0061_0061.jpg 1 33 33 61 61
1828_0020_0023_0026_0026.jpg 1 20 23 26 26
1829_0045_0052_0025_0025.jpg 1 45 52 25 25
1830_0028_0042_0037_0037.jpg 1 28 42 37 37
1831_0035_0010_0038_0038.jpg 1 35 10 38 38
1832_0031_0015_0024_0024.jpg 1 31 15 24 24
1833_0021_0018_0068_0068.jpg 1 21 18 68 68
1834_0008_0012_0031_0031.jpg 1 8 12 31 31
1835_0026_0014_0055_0055.jpg 1 26 14 55 55
1836_0004_0012_0059_0059.jpg 1 4 12 59 59
1837_0005_0007_0068_0068.jpg 1 5 7 68 68
1838_0005_0024_0059_0059.jpg 1 5 24 59 59
1839_0043_0021_0032_0032.jpg 1 43 21 32 32
1840_0031_0025_0055_0055.jpg 1 31 25 55 55
1841_0043_0016_0035_0035.jpg 1 43 16 35 35
1842_0044_0055_0026_0026.jpg 1 44 55 26 26
1843_0015_0024_0068_0068.jpg 1 15 24 68 68
1844_0024_0013_0060_0060.jpg 1 24 13 60 60
1845_0011_0011_0047_0047.jpg 1 11 11 47 47
1846_0023_0031_0058_0058.jpg 1 23 31 58 58
1847_0036_0027_0030_0030.jpg 1 36 27 30 30
1848_0011_0023_0036_0036.jpg 1 11 23 36 36
1849_0020_0021_0036_0036.jpg 1 20 21 36 36
1850_0007_0020_0050_0050.jpg 1 7 20 50 50
1851_0047_0030_0034_0034.jpg 1 47 30 34 34
1852_0009_0022_0057_0057.jpg 1 9 22 57 57
1853_0028_0006_0041_0041.jpg 1 28 6 41 41
1854_0021_0033_0026_0026.jpg 1 21 33 26 26
1855_0029_0012_0059_0059.jpg 1 29 12 59 59
1856_0006_0017_0066_0066.jpg 1 6 17 66 66
1857_0048_0019_0040_0040.jpg 1 48 19 40 40
1858_0022_0014_0068_0068.jpg 1 22 14 68 68
1859_0029_0045_0048_0048.jpg 1 29 45 48 48
1860_0020_0050_0026_0026.jpg 1 20 50 26 26
1861_0012_0010_0067_0067.jpg 1 12 10 67 67
1862_0044_0010_0034_0034.jpg 1 44 10 34 34
1863_0036_0041_0046_0046.jpg 1 36 41 46 46
1864_0032_0039_0028_0028.jpg 1 32 39 28 28
1865_0036_0025_0052_0052.jpg 1 36 25 52 52
1866_0011_0010_0069_0069.jpg 1 11 10 69 69
1867_0042_0006_0044_0044.jpg 1 42 6 44 44
1868_0031_0008_0051_0051.jpg 1 31 8 51 51
1869_0008_0011_0064_0064.jpg 1 8 11 64 64
1870_0005_0003_0069_0069.jpg 1 5 3 69 69
1871_0014_0013_0039_0039.jpg 1 14 13 39 39
1872_0010_0019_0063_0063.jpg 1 10 19 63 63
1873_0006_0016_0067_0067.jpg 1 6 16 67 67
1874_0025_0013_0060_0060.jpg 1 25 13 60 60
1875_0005_0010_0052_0052.jpg 1 5 10 52 52
1876_0050_0019_0044_0044.jpg 1 50 19 44 44
1877_0028_0020_0063_0063.jpg 1 28 20 63 63
1878_0019_0017_0069_0069.jpg 1 19 17 69 69
1879_0017_0014_0028_0028.jpg 1 17 14 28 28
1880_0036_0028_0040_0040.jpg 1 36 28 40 40
1881_0039_0027_0041_0041.jpg 1 39 27 41 41
1882_0024_0019_0068_0068.jpg 1 24 19 68 68
1883_0034_0013_0040_0040.jpg 1 34 13 40 40
1884_0048_0040_0041_0041.jpg 1 48 40 41 41
1885_0011_0025_0061_0061.jpg 1 11 25 61 61
1886_0010_0011_0066_0066.jpg 1 10 11 66 66
1887_0010_0021_0038_0038.jpg 1 10 21 38 38
1888_0005_0012_0054_0054.jpg 1 5 12 54 54
1889_0044_0049_0033_0033.jpg 1 44 49 33 33
1890_0042_0039_0045_0045.jpg 1 42 39 45 45
1891_0020_0041_0051_0051.jpg 1 20 41 51 51
1892_0010_0032_0053_0053.jpg 1 10 32 53 53
1893_0005_0026_0048_0048.jpg 1 5 26 48 48
1894_0017_0027_0064_0064.jpg 1 17 27 64 64
1895_0012_0024_0062_0062.jpg 1 12 24 62 62
1896_0026_0050_0040_0040.jpg 1 26 50 40 40
1897_0039_0032_0035_0035.jpg 1 39 32 35 35
1898_0028_0019_0065_0065.jpg 1 28 19 65 65
1899_0007_0034_0034_0034.jpg 1 7 34 34 34
1900_0040_0020_0035_0035.jpg 1 40 20 35 35
1901_0028_0006_0056_0056.jpg 1 28 6 56 56
1902_0038_0045_0035_0035.jpg 1 38 45 35 35
1903_0010_0012_0067_0067.jpg 1 10 12 67 67
1904_0009_0016_0069_0069.jpg 1 9 16 69 69
1905_0005_0004_0061_0061.jpg 1 5 4 61 61
1906_0015_0027_0051_0051.jpg 1 15 27 51 51
1907_0040_0019_0037_0037.jpg 1 40 19 37 37
1908_0014_0013_0060_0060.jpg 1 14 13 60 60
1909_0016_0010_0026_0026.jpg 1 16 10 26 26
1910_0032_0021_0056_0056.jpg 1 32 21 56 56
1911_0024_0024_0055_0055.jpg 1 24 24 55 55
1912_0023_0041_0052_0052.jpg 1 23 41 52 52
1913_0057_0013_0033_0033.jpg 1 57 13 33 33
1914_0025_0031_0044_0044.jpg 1 25 31 44 44
1915_0033_0021_0029_0029.jpg 1 33 21 29 29
1916_0042_0029_0052_0052.jpg 1 42 29 52 52
1917_0007_0028_0033_0033.jpg 1 7 28 33 33
1918_0007_0040_0052_0052.jpg 1 7 40 52 52
1919_0032_0049_0042_0042.jpg 1 32 49 42 42
1920_0009_0028_0052_0052.jpg 1 9 28 52 52
1921_0052_0052_0024_0024.jpg 1 52 52 24 24
1922_0022_0031_0029_0029.jpg 1 22 31 29 29
1923_0011_0015_0068_0068.jpg 1 11 15 68 68
1924_0006_0005_0059_0059.jpg 1 6 5 59 59
1925_0008_0028_0027_0027.jpg 1 8 28 27 27
1926_0052_0018_0032_0032.jpg 1 52 18 32 32
1927_0023_0018_0032_0032.jpg 1 23 18 32 32
1928_0047_0009_0044_0044.jpg 1 47 9 44 44
1929_0039_0022_0054_0054.jpg 1 39 22 54 54
1930_0044_0016_0045_0045.jpg 1 44 16 45 45
1931_0030_0030_0036_0036.jpg 1 30 30 36 36
1932_0012_0017_0033_0033.jpg 1 12 17 33 33
1933_0026_0007_0056_0056.jpg 1 26 7 56 56
1934_0044_0007_0037_0037.jpg 1 44 7 37 37
1935_0015_0044_0045_0045.jpg 1 15 44 45 45
1936_0026_0054_0037_0037.jpg 1 26 54 37 37
1937_0022_0028_0055_0055.jpg 1 22 28 55 55
1938_0026_0026_0033_0033.jpg 1 26 26 33 33
1939_0047_0023_0039_0039.jpg 1 47 23 39 39
1940_0062_0036_0025_0025.jpg 1 62 36 25 25
1941_0021_0056_0037_0037.jpg 1 21 56 37 37
1942_0010_0017_0040_0040.jpg 1 10 17 40 40
1943_0042_0048_0033_0033.jpg 1 42 48 33 33
1944_0026_0028_0033_0033.jpg 1 26 28 33 33
1945_0016_0009_0062_0062.jpg 1 16 9 62 62
1946_0039_0009_0052_0052.jpg 1 39 9 52 52
1947_0036_0011_0042_0042.jpg 1 36 11 42 42
1948_0062_0033_0028_0028.jpg 1 62 33 28 28
1949_0043_0046_0030_0030.jpg 1 43 46 30 30
1950_0017_0050_0041_0041.jpg 1 17 50 41 41
